[0.142s] Invoking command in '/home/luna/robomaster/2025-vision-training/Wenxiang Shi/homework4/ros_ws/build/divide_package': AMENT_PREFIX_PATH=/home/luna/robomaster/2025-vision-training/Wenxiang Shi/homework4/ros_ws/install/divide_interface:${AMENT_PREFIX_PATH} CMAKE_PREFIX_PATH=/home/luna/robomaster/2025-vision-training/Wenxiang Shi/homework4/ros_ws/install/divide_interface:/opt/ros/humble LD_LIBRARY_PATH=/home/luna/robomaster/2025-vision-training/Wenxiang Shi/homework4/ros_ws/install/divide_interface/lib:${LD_LIBRARY_PATH} PYTHONPATH=/home/luna/robomaster/2025-vision-training/Wenxiang Shi/homework4/ros_ws/install/divide_interface/local/lib/python3.10/dist-packages:${PYTHONPATH} /usr/bin/cmake --build /home/luna/robomaster/2025-vision-training/Wenxiang Shi/homework4/ros_ws/build/divide_package -- -j32 -l32
[0.206s] [ 25%] [32mBuilding CXX object CMakeFiles/server.dir/src/server.cpp.o[0m
[0.207s] [ 50%] [32mBuilding CXX object CMakeFiles/client.dir/src/client.cpp.o[0m
[3.256s] [ 75%] [32m[1mLinking CXX executable server[0m
[3.258s] [100%] [32m[1mLinking CXX executable client[0m
[3.406s] [100%] Built target server
[3.406s] [100%] Built target client
[3.415s] Invoked command in '/home/luna/robomaster/2025-vision-training/Wenxiang Shi/homework4/ros_ws/build/divide_package' returned '0': AMENT_PREFIX_PATH=/home/luna/robomaster/2025-vision-training/Wenxiang Shi/homework4/ros_ws/install/divide_interface:${AMENT_PREFIX_PATH} CMAKE_PREFIX_PATH=/home/luna/robomaster/2025-vision-training/Wenxiang Shi/homework4/ros_ws/install/divide_interface:/opt/ros/humble LD_LIBRARY_PATH=/home/luna/robomaster/2025-vision-training/Wenxiang Shi/homework4/ros_ws/install/divide_interface/lib:${LD_LIBRARY_PATH} PYTHONPATH=/home/luna/robomaster/2025-vision-training/Wenxiang Shi/homework4/ros_ws/install/divide_interface/local/lib/python3.10/dist-packages:${PYTHONPATH} /usr/bin/cmake --build /home/luna/robomaster/2025-vision-training/Wenxiang Shi/homework4/ros_ws/build/divide_package -- -j32 -l32
[3.437s] Invoking command in '/home/luna/robomaster/2025-vision-training/Wenxiang Shi/homework4/ros_ws/build/divide_package': AMENT_PREFIX_PATH=/home/luna/robomaster/2025-vision-training/Wenxiang Shi/homework4/ros_ws/install/divide_interface:${AMENT_PREFIX_PATH} CMAKE_PREFIX_PATH=/home/luna/robomaster/2025-vision-training/Wenxiang Shi/homework4/ros_ws/install/divide_interface:/opt/ros/humble LD_LIBRARY_PATH=/home/luna/robomaster/2025-vision-training/Wenxiang Shi/homework4/ros_ws/install/divide_interface/lib:${LD_LIBRARY_PATH} PYTHONPATH=/home/luna/robomaster/2025-vision-training/Wenxiang Shi/homework4/ros_ws/install/divide_interface/local/lib/python3.10/dist-packages:${PYTHONPATH} /usr/bin/cmake --install /home/luna/robomaster/2025-vision-training/Wenxiang Shi/homework4/ros_ws/build/divide_package
[3.442s] -- Install configuration: ""
[3.442s] -- Installing: /home/luna/robomaster/2025-vision-training/Wenxiang Shi/homework4/ros_ws/install/divide_package/lib/divide_package/server
[3.443s] -- Set runtime path of "/home/luna/robomaster/2025-vision-training/Wenxiang Shi/homework4/ros_ws/install/divide_package/lib/divide_package/server" to ""
[3.443s] -- Installing: /home/luna/robomaster/2025-vision-training/Wenxiang Shi/homework4/ros_ws/install/divide_package/lib/divide_package/client
[3.444s] -- Set runtime path of "/home/luna/robomaster/2025-vision-training/Wenxiang Shi/homework4/ros_ws/install/divide_package/lib/divide_package/client" to ""
[3.444s] -- Up-to-date: /home/luna/robomaster/2025-vision-training/Wenxiang Shi/homework4/ros_ws/install/divide_package/share/ament_index/resource_index/package_run_dependencies/divide_package
[3.444s] -- Up-to-date: /home/luna/robomaster/2025-vision-training/Wenxiang Shi/homework4/ros_ws/install/divide_package/share/ament_index/resource_index/parent_prefix_path/divide_package
[3.444s] -- Up-to-date: /home/luna/robomaster/2025-vision-training/Wenxiang Shi/homework4/ros_ws/install/divide_package/share/divide_package/environment/ament_prefix_path.sh
[3.445s] -- Up-to-date: /home/luna/robomaster/2025-vision-training/Wenxiang Shi/homework4/ros_ws/install/divide_package/share/divide_package/environment/ament_prefix_path.dsv
[3.445s] -- Up-to-date: /home/luna/robomaster/2025-vision-training/Wenxiang Shi/homework4/ros_ws/install/divide_package/share/divide_package/environment/path.sh
[3.445s] -- Up-to-date: /home/luna/robomaster/2025-vision-training/Wenxiang Shi/homework4/ros_ws/install/divide_package/share/divide_package/environment/path.dsv
[3.445s] -- Up-to-date: /home/luna/robomaster/2025-vision-training/Wenxiang Shi/homework4/ros_ws/install/divide_package/share/divide_package/local_setup.bash
[3.445s] -- Up-to-date: /home/luna/robomaster/2025-vision-training/Wenxiang Shi/homework4/ros_ws/install/divide_package/share/divide_package/local_setup.sh
[3.445s] -- Up-to-date: /home/luna/robomaster/2025-vision-training/Wenxiang Shi/homework4/ros_ws/install/divide_package/share/divide_package/local_setup.zsh
[3.445s] -- Up-to-date: /home/luna/robomaster/2025-vision-training/Wenxiang Shi/homework4/ros_ws/install/divide_package/share/divide_package/local_setup.dsv
[3.445s] -- Installing: /home/luna/robomaster/2025-vision-training/Wenxiang Shi/homework4/ros_ws/install/divide_package/share/divide_package/package.dsv
[3.445s] -- Up-to-date: /home/luna/robomaster/2025-vision-training/Wenxiang Shi/homework4/ros_ws/install/divide_package/share/ament_index/resource_index/packages/divide_package
[3.445s] -- Up-to-date: /home/luna/robomaster/2025-vision-training/Wenxiang Shi/homework4/ros_ws/install/divide_package/share/divide_package/cmake/divide_packageConfig.cmake
[3.445s] -- Up-to-date: /home/luna/robomaster/2025-vision-training/Wenxiang Shi/homework4/ros_ws/install/divide_package/share/divide_package/cmake/divide_packageConfig-version.cmake
[3.445s] -- Up-to-date: /home/luna/robomaster/2025-vision-training/Wenxiang Shi/homework4/ros_ws/install/divide_package/share/divide_package/package.xml
[3.447s] Invoked command in '/home/luna/robomaster/2025-vision-training/Wenxiang Shi/homework4/ros_ws/build/divide_package' returned '0': AMENT_PREFIX_PATH=/home/luna/robomaster/2025-vision-training/Wenxiang Shi/homework4/ros_ws/install/divide_interface:${AMENT_PREFIX_PATH} CMAKE_PREFIX_PATH=/home/luna/robomaster/2025-vision-training/Wenxiang Shi/homework4/ros_ws/install/divide_interface:/opt/ros/humble LD_LIBRARY_PATH=/home/luna/robomaster/2025-vision-training/Wenxiang Shi/homework4/ros_ws/install/divide_interface/lib:${LD_LIBRARY_PATH} PYTHONPATH=/home/luna/robomaster/2025-vision-training/Wenxiang Shi/homework4/ros_ws/install/divide_interface/local/lib/python3.10/dist-packages:${PYTHONPATH} /usr/bin/cmake --install /home/luna/robomaster/2025-vision-training/Wenxiang Shi/homework4/ros_ws/build/divide_package
