[0.412s] DEBUG:colcon:Command line arguments: ['/usr/bin/colcon', 'build', '--symlink-install', '--packages-select', 'robot_action']
[0.412s] DEBUG:colcon:Parsed command line arguments: Namespace(log_base=None, log_level=None, verb_name='build', build_base='build', install_base='install', merge_install=False, symlink_install=True, test_result_base=None, continue_on_error=False, executor='parallel', parallel_workers=20, event_handlers=None, ignore_user_meta=False, metas=['./colcon.meta'], base_paths=['.'], packages_ignore=None, packages_ignore_regex=None, paths=None, packages_up_to=None, packages_up_to_regex=None, packages_above=None, packages_above_and_dependencies=None, packages_above_depth=None, packages_select_by_dep=None, packages_skip_by_dep=None, packages_skip_up_to=None, packages_select_build_failed=False, packages_skip_build_finished=False, packages_select_test_failures=False, packages_skip_test_passed=False, packages_select=['robot_action'], packages_skip=None, packages_select_regex=None, packages_skip_regex=None, packages_start=None, packages_end=None, allow_overriding=[], cmake_args=None, cmake_target=None, cmake_target_skip_unavailable=False, cmake_clean_cache=False, cmake_clean_first=False, cmake_force_configure=False, ament_cmake_args=None, catkin_cmake_args=None, catkin_skip_building_tests=False, verb_parser=<colcon_defaults.argument_parser.defaults.DefaultArgumentsDecorator object at 0x7f2b24e37790>, verb_extension=<colcon_core.verb.build.BuildVerb object at 0x7f2b24e36950>, main=<bound method BuildVerb.main of <colcon_core.verb.build.BuildVerb object at 0x7f2b24e36950>>)
[0.564s] Level 1:colcon.colcon_core.package_discovery:discover_packages(colcon_meta) check parameters
[0.564s] Level 1:colcon.colcon_core.package_discovery:discover_packages(recursive) check parameters
[0.564s] Level 1:colcon.colcon_core.package_discovery:discover_packages(ignore) check parameters
[0.564s] Level 1:colcon.colcon_core.package_discovery:discover_packages(path) check parameters
[0.564s] Level 1:colcon.colcon_core.package_discovery:discover_packages(colcon_meta) discover
[0.564s] Level 1:colcon.colcon_core.package_discovery:discover_packages(recursive) discover
[0.564s] INFO:colcon.colcon_core.package_discovery:Crawling recursively for packages in '/home/zmyyy/ZhuMinyi/homework4/robot_action'
[0.565s] Level 1:colcon.colcon_core.package_identification:_identify(.) by extensions ['ignore', 'ignore_ament_install']
[0.565s] Level 1:colcon.colcon_core.package_identification:_identify(.) by extension 'ignore'
[0.565s] Level 1:colcon.colcon_core.package_identification:_identify(.) by extension 'ignore_ament_install'
[0.565s] Level 1:colcon.colcon_core.package_identification:_identify(.) by extensions ['colcon_pkg']
[0.565s] Level 1:colcon.colcon_core.package_identification:_identify(.) by extension 'colcon_pkg'
[0.565s] Level 1:colcon.colcon_core.package_identification:_identify(.) by extensions ['colcon_meta']
[0.565s] Level 1:colcon.colcon_core.package_identification:_identify(.) by extension 'colcon_meta'
[0.565s] Level 1:colcon.colcon_core.package_identification:_identify(.) by extensions ['ros']
[0.565s] Level 1:colcon.colcon_core.package_identification:_identify(.) by extension 'ros'
[0.582s] DEBUG:colcon.colcon_core.package_identification:Package '.' with type 'ros.ament_cmake' and name 'robot_action'
[0.582s] Level 1:colcon.colcon_core.package_discovery:discover_packages(recursive) using defaults
[0.582s] Level 1:colcon.colcon_core.package_discovery:discover_packages(ignore) discover
[0.582s] Level 1:colcon.colcon_core.package_discovery:discover_packages(ignore) using defaults
[0.582s] Level 1:colcon.colcon_core.package_discovery:discover_packages(path) discover
[0.582s] Level 1:colcon.colcon_core.package_discovery:discover_packages(path) using defaults
[0.603s] Level 1:colcon.colcon_core.package_discovery:discover_packages(prefix_path) check parameters
[0.604s] Level 1:colcon.colcon_core.package_discovery:discover_packages(prefix_path) discover
[0.606s] DEBUG:colcon.colcon_installed_package_information.package_discovery:Found 1 installed packages in /home/zmyyy/ZhuMinyi/homework4/robot_action/install
[0.607s] DEBUG:colcon.colcon_installed_package_information.package_discovery:Found 270 installed packages in /opt/ros/humble
[0.609s] Level 1:colcon.colcon_core.package_discovery:discover_packages(prefix_path) using defaults
[0.660s] Level 5:colcon.colcon_core.verb:set package 'robot_action' build argument 'cmake_args' from command line to 'None'
[0.660s] Level 5:colcon.colcon_core.verb:set package 'robot_action' build argument 'cmake_target' from command line to 'None'
[0.660s] Level 5:colcon.colcon_core.verb:set package 'robot_action' build argument 'cmake_target_skip_unavailable' from command line to 'False'
[0.660s] Level 5:colcon.colcon_core.verb:set package 'robot_action' build argument 'cmake_clean_cache' from command line to 'False'
[0.660s] Level 5:colcon.colcon_core.verb:set package 'robot_action' build argument 'cmake_clean_first' from command line to 'False'
[0.660s] Level 5:colcon.colcon_core.verb:set package 'robot_action' build argument 'cmake_force_configure' from command line to 'False'
[0.660s] Level 5:colcon.colcon_core.verb:set package 'robot_action' build argument 'ament_cmake_args' from command line to 'None'
[0.660s] Level 5:colcon.colcon_core.verb:set package 'robot_action' build argument 'catkin_cmake_args' from command line to 'None'
[0.660s] Level 5:colcon.colcon_core.verb:set package 'robot_action' build argument 'catkin_skip_building_tests' from command line to 'False'
[0.660s] DEBUG:colcon.colcon_core.verb:Building package 'robot_action' with the following arguments: {'ament_cmake_args': None, 'build_base': '/home/zmyyy/ZhuMinyi/homework4/robot_action/build/robot_action', 'catkin_cmake_args': None, 'catkin_skip_building_tests': False, 'cmake_args': None, 'cmake_clean_cache': False, 'cmake_clean_first': False, 'cmake_force_configure': False, 'cmake_target': None, 'cmake_target_skip_unavailable': False, 'install_base': '/home/zmyyy/ZhuMinyi/homework4/robot_action/install/robot_action', 'merge_install': False, 'path': '/home/zmyyy/ZhuMinyi/homework4/robot_action', 'symlink_install': True, 'test_result_base': None}
[0.660s] INFO:colcon.colcon_core.executor:Executing jobs using 'parallel' executor
[0.662s] DEBUG:colcon.colcon_parallel_executor.executor.parallel:run_until_complete
[0.662s] INFO:colcon.colcon_ros.task.ament_cmake.build:Building ROS package in '/home/zmyyy/ZhuMinyi/homework4/robot_action' with build type 'ament_cmake'
[0.662s] INFO:colcon.colcon_cmake.task.cmake.build:Building CMake package in '/home/zmyyy/ZhuMinyi/homework4/robot_action'
[0.667s] INFO:colcon.colcon_core.plugin_system:Skipping extension 'colcon_core.shell.bat': Not used on non-Windows systems
[0.668s] INFO:colcon.colcon_core.shell:Skip shell extension 'powershell' for command environment: Not usable outside of PowerShell
[0.668s] DEBUG:colcon.colcon_core.shell:Skip shell extension 'dsv' for command environment
[0.696s] DEBUG:colcon.colcon_core.event_handler.log_command:Invoking command in '/home/zmyyy/ZhuMinyi/homework4/robot_action/build/robot_action': CMAKE_PREFIX_PATH=${CMAKE_PREFIX_PATH}:/opt/ros/humble WSLENV=ELECTRON_RUN_AS_NODE/w: /usr/bin/cmake --build /home/zmyyy/ZhuMinyi/homework4/robot_action/build/robot_action -- -j20 -l20
[1.093s] DEBUG:colcon.colcon_core.event_handler.log_command:Invoked command in '/home/zmyyy/ZhuMinyi/homework4/robot_action/build/robot_action' returned '0': CMAKE_PREFIX_PATH=${CMAKE_PREFIX_PATH}:/opt/ros/humble WSLENV=ELECTRON_RUN_AS_NODE/w: /usr/bin/cmake --build /home/zmyyy/ZhuMinyi/homework4/robot_action/build/robot_action -- -j20 -l20
[1.158s] DEBUG:colcon.colcon_core.event_handler.log_command:Invoking command in '/home/zmyyy/ZhuMinyi/homework4/robot_action/build/robot_action': CMAKE_PREFIX_PATH=${CMAKE_PREFIX_PATH}:/opt/ros/humble WSLENV=ELECTRON_RUN_AS_NODE/w: /usr/bin/cmake --install /home/zmyyy/ZhuMinyi/homework4/robot_action/build/robot_action
[1.241s] Level 1:colcon.colcon_core.environment:create_environment_scripts_only(robot_action)
[1.242s] DEBUG:colcon.colcon_core.event_handler.log_command:Invoked command in '/home/zmyyy/ZhuMinyi/homework4/robot_action/build/robot_action' returned '0': CMAKE_PREFIX_PATH=${CMAKE_PREFIX_PATH}:/opt/ros/humble WSLENV=ELECTRON_RUN_AS_NODE/w: /usr/bin/cmake --install /home/zmyyy/ZhuMinyi/homework4/robot_action/build/robot_action
[1.244s] Level 1:colcon.colcon_core.environment:checking '/home/zmyyy/ZhuMinyi/homework4/robot_action/install/robot_action' for CMake module files
[1.245s] Level 1:colcon.colcon_core.environment:checking '/home/zmyyy/ZhuMinyi/homework4/robot_action/install/robot_action' for CMake config files
[1.245s] Level 1:colcon.colcon_core.shell:create_environment_hook('robot_action', 'cmake_prefix_path')
[1.246s] INFO:colcon.colcon_core.shell:Creating environment hook '/home/zmyyy/ZhuMinyi/homework4/robot_action/install/robot_action/share/robot_action/hook/cmake_prefix_path.ps1'
[1.247s] INFO:colcon.colcon_core.shell:Creating environment descriptor '/home/zmyyy/ZhuMinyi/homework4/robot_action/install/robot_action/share/robot_action/hook/cmake_prefix_path.dsv'
[1.247s] INFO:colcon.colcon_core.shell:Creating environment hook '/home/zmyyy/ZhuMinyi/homework4/robot_action/install/robot_action/share/robot_action/hook/cmake_prefix_path.sh'
[1.248s] Level 1:colcon.colcon_core.environment:checking '/home/zmyyy/ZhuMinyi/homework4/robot_action/install/robot_action/lib'
[1.249s] Level 1:colcon.colcon_core.shell:create_environment_hook('robot_action', 'ld_library_path_lib')
[1.249s] INFO:colcon.colcon_core.shell:Creating environment hook '/home/zmyyy/ZhuMinyi/homework4/robot_action/install/robot_action/share/robot_action/hook/ld_library_path_lib.ps1'
[1.250s] INFO:colcon.colcon_core.shell:Creating environment descriptor '/home/zmyyy/ZhuMinyi/homework4/robot_action/install/robot_action/share/robot_action/hook/ld_library_path_lib.dsv'
[1.250s] INFO:colcon.colcon_core.shell:Creating environment hook '/home/zmyyy/ZhuMinyi/homework4/robot_action/install/robot_action/share/robot_action/hook/ld_library_path_lib.sh'
[1.251s] Level 1:colcon.colcon_core.environment:checking '/home/zmyyy/ZhuMinyi/homework4/robot_action/install/robot_action/bin'
[1.251s] Level 1:colcon.colcon_core.environment:checking '/home/zmyyy/ZhuMinyi/homework4/robot_action/install/robot_action/lib/pkgconfig/robot_action.pc'
[1.251s] Level 1:colcon.colcon_core.environment:checking '/home/zmyyy/ZhuMinyi/homework4/robot_action/install/robot_action/lib/python3.10/site-packages'
[1.252s] Level 1:colcon.colcon_core.environment:checking '/home/zmyyy/ZhuMinyi/homework4/robot_action/install/robot_action/bin'
[1.252s] INFO:colcon.colcon_core.shell:Creating package script '/home/zmyyy/ZhuMinyi/homework4/robot_action/install/robot_action/share/robot_action/package.ps1'
[1.253s] INFO:colcon.colcon_core.shell:Creating package descriptor '/home/zmyyy/ZhuMinyi/homework4/robot_action/install/robot_action/share/robot_action/package.dsv'
[1.253s] INFO:colcon.colcon_core.shell:Creating package script '/home/zmyyy/ZhuMinyi/homework4/robot_action/install/robot_action/share/robot_action/package.sh'
[1.254s] INFO:colcon.colcon_core.shell:Creating package script '/home/zmyyy/ZhuMinyi/homework4/robot_action/install/robot_action/share/robot_action/package.bash'
[1.255s] INFO:colcon.colcon_core.shell:Creating package script '/home/zmyyy/ZhuMinyi/homework4/robot_action/install/robot_action/share/robot_action/package.zsh'
[1.256s] Level 1:colcon.colcon_core.environment:create_file_with_runtime_dependencies(/home/zmyyy/ZhuMinyi/homework4/robot_action/install/robot_action/share/colcon-core/packages/robot_action)
[1.316s] Level 1:colcon.colcon_core.environment:create_environment_scripts_only(robot_action)
[1.316s] Level 1:colcon.colcon_core.environment:checking '/home/zmyyy/ZhuMinyi/homework4/robot_action/install/robot_action' for CMake module files
[1.317s] Level 1:colcon.colcon_core.environment:checking '/home/zmyyy/ZhuMinyi/homework4/robot_action/install/robot_action' for CMake config files
[1.317s] Level 1:colcon.colcon_core.shell:create_environment_hook('robot_action', 'cmake_prefix_path')
[1.318s] INFO:colcon.colcon_core.shell:Creating environment hook '/home/zmyyy/ZhuMinyi/homework4/robot_action/install/robot_action/share/robot_action/hook/cmake_prefix_path.ps1'
[1.318s] INFO:colcon.colcon_core.shell:Creating environment descriptor '/home/zmyyy/ZhuMinyi/homework4/robot_action/install/robot_action/share/robot_action/hook/cmake_prefix_path.dsv'
[1.319s] INFO:colcon.colcon_core.shell:Creating environment hook '/home/zmyyy/ZhuMinyi/homework4/robot_action/install/robot_action/share/robot_action/hook/cmake_prefix_path.sh'
[1.319s] Level 1:colcon.colcon_core.environment:checking '/home/zmyyy/ZhuMinyi/homework4/robot_action/install/robot_action/lib'
[1.320s] Level 1:colcon.colcon_core.shell:create_environment_hook('robot_action', 'ld_library_path_lib')
[1.320s] INFO:colcon.colcon_core.shell:Creating environment hook '/home/zmyyy/ZhuMinyi/homework4/robot_action/install/robot_action/share/robot_action/hook/ld_library_path_lib.ps1'
[1.320s] INFO:colcon.colcon_core.shell:Creating environment descriptor '/home/zmyyy/ZhuMinyi/homework4/robot_action/install/robot_action/share/robot_action/hook/ld_library_path_lib.dsv'
[1.321s] INFO:colcon.colcon_core.shell:Creating environment hook '/home/zmyyy/ZhuMinyi/homework4/robot_action/install/robot_action/share/robot_action/hook/ld_library_path_lib.sh'
[1.321s] Level 1:colcon.colcon_core.environment:checking '/home/zmyyy/ZhuMinyi/homework4/robot_action/install/robot_action/bin'
[1.321s] Level 1:colcon.colcon_core.environment:checking '/home/zmyyy/ZhuMinyi/homework4/robot_action/install/robot_action/lib/pkgconfig/robot_action.pc'
[1.322s] Level 1:colcon.colcon_core.environment:checking '/home/zmyyy/ZhuMinyi/homework4/robot_action/install/robot_action/lib/python3.10/site-packages'
[1.322s] Level 1:colcon.colcon_core.environment:checking '/home/zmyyy/ZhuMinyi/homework4/robot_action/install/robot_action/bin'
[1.322s] INFO:colcon.colcon_core.shell:Creating package script '/home/zmyyy/ZhuMinyi/homework4/robot_action/install/robot_action/share/robot_action/package.ps1'
[1.323s] INFO:colcon.colcon_core.shell:Creating package descriptor '/home/zmyyy/ZhuMinyi/homework4/robot_action/install/robot_action/share/robot_action/package.dsv'
[1.324s] INFO:colcon.colcon_core.shell:Creating package script '/home/zmyyy/ZhuMinyi/homework4/robot_action/install/robot_action/share/robot_action/package.sh'
[1.324s] INFO:colcon.colcon_core.shell:Creating package script '/home/zmyyy/ZhuMinyi/homework4/robot_action/install/robot_action/share/robot_action/package.bash'
[1.324s] INFO:colcon.colcon_core.shell:Creating package script '/home/zmyyy/ZhuMinyi/homework4/robot_action/install/robot_action/share/robot_action/package.zsh'
[1.325s] Level 1:colcon.colcon_core.environment:create_file_with_runtime_dependencies(/home/zmyyy/ZhuMinyi/homework4/robot_action/install/robot_action/share/colcon-core/packages/robot_action)
[1.325s] DEBUG:colcon.colcon_parallel_executor.executor.parallel:closing loop
[1.326s] DEBUG:colcon.colcon_parallel_executor.executor.parallel:loop closed
[1.326s] DEBUG:colcon.colcon_parallel_executor.executor.parallel:run_until_complete finished with '0'
[1.327s] DEBUG:colcon.colcon_core.event_reactor:joining thread
[1.427s] INFO:colcon.colcon_core.plugin_system:Skipping extension 'colcon_notification.desktop_notification.notify_send': Could not find 'notify-send'
[1.427s] INFO:colcon.colcon_core.plugin_system:Skipping extension 'colcon_notification.desktop_notification.terminal_notifier': Not used on non-Darwin systems
[1.428s] INFO:colcon.colcon_core.plugin_system:Skipping extension 'colcon_notification.desktop_notification.win32': Not used on non-Windows systems
[1.428s] INFO:colcon.colcon_notification.desktop_notification:Sending desktop notification using 'notify2'
[1.428s] DEBUG:colcon.colcon_notification.desktop_notification.notify2:Failed to initialize notify2: org.freedesktop.DBus.Error.FileNotFound: Failed to connect to socket /run/user/1000/bus: No such file or directory
[1.428s] DEBUG:colcon.colcon_core.event_reactor:joined thread
[1.429s] INFO:colcon.colcon_core.shell:Creating prefix script '/home/zmyyy/ZhuMinyi/homework4/robot_action/install/local_setup.ps1'
[1.430s] INFO:colcon.colcon_core.shell:Creating prefix util module '/home/zmyyy/ZhuMinyi/homework4/robot_action/install/_local_setup_util_ps1.py'
[1.432s] INFO:colcon.colcon_core.shell:Creating prefix chain script '/home/zmyyy/ZhuMinyi/homework4/robot_action/install/setup.ps1'
[1.433s] INFO:colcon.colcon_core.shell:Creating prefix script '/home/zmyyy/ZhuMinyi/homework4/robot_action/install/local_setup.sh'
[1.434s] INFO:colcon.colcon_core.shell:Creating prefix util module '/home/zmyyy/ZhuMinyi/homework4/robot_action/install/_local_setup_util_sh.py'
[1.435s] INFO:colcon.colcon_core.shell:Creating prefix chain script '/home/zmyyy/ZhuMinyi/homework4/robot_action/install/setup.sh'
[1.436s] INFO:colcon.colcon_core.shell:Creating prefix script '/home/zmyyy/ZhuMinyi/homework4/robot_action/install/local_setup.bash'
[1.437s] INFO:colcon.colcon_core.shell:Creating prefix chain script '/home/zmyyy/ZhuMinyi/homework4/robot_action/install/setup.bash'
[1.438s] INFO:colcon.colcon_core.shell:Creating prefix script '/home/zmyyy/ZhuMinyi/homework4/robot_action/install/local_setup.zsh'
[1.438s] INFO:colcon.colcon_core.shell:Creating prefix chain script '/home/zmyyy/ZhuMinyi/homework4/robot_action/install/setup.zsh'
