[0.434s] DEBUG:colcon:Command line arguments: ['/usr/bin/colcon', 'build', '--symlink-install', '--packages-select', 'division']
[0.434s] DEBUG:colcon:Parsed command line arguments: Namespace(log_base=None, log_level=None, verb_name='build', build_base='build', install_base='install', merge_install=False, symlink_install=True, test_result_base=None, continue_on_error=False, executor='parallel', parallel_workers=20, event_handlers=None, ignore_user_meta=False, metas=['./colcon.meta'], base_paths=['.'], packages_ignore=None, packages_ignore_regex=None, paths=None, packages_up_to=None, packages_up_to_regex=None, packages_above=None, packages_above_and_dependencies=None, packages_above_depth=None, packages_select_by_dep=None, packages_skip_by_dep=None, packages_skip_up_to=None, packages_select_build_failed=False, packages_skip_build_finished=False, packages_select_test_failures=False, packages_skip_test_passed=False, packages_select=['division'], packages_skip=None, packages_select_regex=None, packages_skip_regex=None, packages_start=None, packages_end=None, allow_overriding=[], cmake_args=None, cmake_target=None, cmake_target_skip_unavailable=False, cmake_clean_cache=False, cmake_clean_first=False, cmake_force_configure=False, ament_cmake_args=None, catkin_cmake_args=None, catkin_skip_building_tests=False, verb_parser=<colcon_defaults.argument_parser.defaults.DefaultArgumentsDecorator object at 0x7f43f0d5b550>, verb_extension=<colcon_core.verb.build.BuildVerb object at 0x7f43f0d5a710>, main=<bound method BuildVerb.main of <colcon_core.verb.build.BuildVerb object at 0x7f43f0d5a710>>)
[0.631s] Level 1:colcon.colcon_core.package_discovery:discover_packages(colcon_meta) check parameters
[0.631s] Level 1:colcon.colcon_core.package_discovery:discover_packages(recursive) check parameters
[0.631s] Level 1:colcon.colcon_core.package_discovery:discover_packages(ignore) check parameters
[0.631s] Level 1:colcon.colcon_core.package_discovery:discover_packages(path) check parameters
[0.631s] Level 1:colcon.colcon_core.package_discovery:discover_packages(colcon_meta) discover
[0.631s] Level 1:colcon.colcon_core.package_discovery:discover_packages(recursive) discover
[0.631s] INFO:colcon.colcon_core.package_discovery:Crawling recursively for packages in '/home/zmyyy/ZhuMinyi/homework4/division'
[0.631s] Level 1:colcon.colcon_core.package_identification:_identify(.) by extensions ['ignore', 'ignore_ament_install']
[0.631s] Level 1:colcon.colcon_core.package_identification:_identify(.) by extension 'ignore'
[0.631s] Level 1:colcon.colcon_core.package_identification:_identify(.) by extension 'ignore_ament_install'
[0.631s] Level 1:colcon.colcon_core.package_identification:_identify(.) by extensions ['colcon_pkg']
[0.631s] Level 1:colcon.colcon_core.package_identification:_identify(.) by extension 'colcon_pkg'
[0.631s] Level 1:colcon.colcon_core.package_identification:_identify(.) by extensions ['colcon_meta']
[0.631s] Level 1:colcon.colcon_core.package_identification:_identify(.) by extension 'colcon_meta'
[0.631s] Level 1:colcon.colcon_core.package_identification:_identify(.) by extensions ['ros']
[0.631s] Level 1:colcon.colcon_core.package_identification:_identify(.) by extension 'ros'
[0.644s] DEBUG:colcon.colcon_core.package_identification:Package '.' with type 'ros.ament_cmake' and name 'division'
[0.644s] Level 1:colcon.colcon_core.package_discovery:discover_packages(recursive) using defaults
[0.644s] Level 1:colcon.colcon_core.package_discovery:discover_packages(ignore) discover
[0.644s] Level 1:colcon.colcon_core.package_discovery:discover_packages(ignore) using defaults
[0.644s] Level 1:colcon.colcon_core.package_discovery:discover_packages(path) discover
[0.644s] Level 1:colcon.colcon_core.package_discovery:discover_packages(path) using defaults
[0.665s] Level 1:colcon.colcon_core.package_discovery:discover_packages(prefix_path) check parameters
[0.665s] Level 1:colcon.colcon_core.package_discovery:discover_packages(prefix_path) discover
[0.667s] DEBUG:colcon.colcon_installed_package_information.package_discovery:Found 270 installed packages in /opt/ros/humble
[0.668s] Level 1:colcon.colcon_core.package_discovery:discover_packages(prefix_path) using defaults
[0.727s] Level 5:colcon.colcon_core.verb:set package 'division' build argument 'cmake_args' from command line to 'None'
[0.727s] Level 5:colcon.colcon_core.verb:set package 'division' build argument 'cmake_target' from command line to 'None'
[0.727s] Level 5:colcon.colcon_core.verb:set package 'division' build argument 'cmake_target_skip_unavailable' from command line to 'False'
[0.727s] Level 5:colcon.colcon_core.verb:set package 'division' build argument 'cmake_clean_cache' from command line to 'False'
[0.727s] Level 5:colcon.colcon_core.verb:set package 'division' build argument 'cmake_clean_first' from command line to 'False'
[0.727s] Level 5:colcon.colcon_core.verb:set package 'division' build argument 'cmake_force_configure' from command line to 'False'
[0.727s] Level 5:colcon.colcon_core.verb:set package 'division' build argument 'ament_cmake_args' from command line to 'None'
[0.727s] Level 5:colcon.colcon_core.verb:set package 'division' build argument 'catkin_cmake_args' from command line to 'None'
[0.727s] Level 5:colcon.colcon_core.verb:set package 'division' build argument 'catkin_skip_building_tests' from command line to 'False'
[0.727s] DEBUG:colcon.colcon_core.verb:Building package 'division' with the following arguments: {'ament_cmake_args': None, 'build_base': '/home/zmyyy/ZhuMinyi/homework4/division/build/division', 'catkin_cmake_args': None, 'catkin_skip_building_tests': False, 'cmake_args': None, 'cmake_clean_cache': False, 'cmake_clean_first': False, 'cmake_force_configure': False, 'cmake_target': None, 'cmake_target_skip_unavailable': False, 'install_base': '/home/zmyyy/ZhuMinyi/homework4/division/install/division', 'merge_install': False, 'path': '/home/zmyyy/ZhuMinyi/homework4/division', 'symlink_install': True, 'test_result_base': None}
[0.727s] INFO:colcon.colcon_core.executor:Executing jobs using 'parallel' executor
[0.728s] DEBUG:colcon.colcon_parallel_executor.executor.parallel:run_until_complete
[0.728s] INFO:colcon.colcon_ros.task.ament_cmake.build:Building ROS package in '/home/zmyyy/ZhuMinyi/homework4/division' with build type 'ament_cmake'
[0.728s] INFO:colcon.colcon_cmake.task.cmake.build:Building CMake package in '/home/zmyyy/ZhuMinyi/homework4/division'
[0.732s] INFO:colcon.colcon_core.plugin_system:Skipping extension 'colcon_core.shell.bat': Not used on non-Windows systems
[0.732s] INFO:colcon.colcon_core.shell:Skip shell extension 'powershell' for command environment: Not usable outside of PowerShell
[0.732s] DEBUG:colcon.colcon_core.shell:Skip shell extension 'dsv' for command environment
[0.737s] DEBUG:colcon.colcon_core.event_handler.log_command:Invoking command in '/home/zmyyy/ZhuMinyi/homework4/division/build/division': CMAKE_PREFIX_PATH=/opt/ros/humble WSLENV=ELECTRON_RUN_AS_NODE/w: /usr/bin/cmake /home/zmyyy/ZhuMinyi/homework4/division -DAMENT_CMAKE_SYMLINK_INSTALL=1 -DCMAKE_INSTALL_PREFIX=/home/zmyyy/ZhuMinyi/homework4/division/install/division
[18.398s] DEBUG:colcon.colcon_core.event_handler.log_command:Invoked command in '/home/zmyyy/ZhuMinyi/homework4/division/build/division' returned '0': CMAKE_PREFIX_PATH=/opt/ros/humble WSLENV=ELECTRON_RUN_AS_NODE/w: /usr/bin/cmake /home/zmyyy/ZhuMinyi/homework4/division -DAMENT_CMAKE_SYMLINK_INSTALL=1 -DCMAKE_INSTALL_PREFIX=/home/zmyyy/ZhuMinyi/homework4/division/install/division
[18.400s] DEBUG:colcon.colcon_core.event_handler.log_command:Invoking command in '/home/zmyyy/ZhuMinyi/homework4/division/build/division': CMAKE_PREFIX_PATH=/opt/ros/humble WSLENV=ELECTRON_RUN_AS_NODE/w: /usr/bin/cmake --build /home/zmyyy/ZhuMinyi/homework4/division/build/division -- -j20 -l20
[21.747s] DEBUG:colcon.colcon_core.event_handler.log_command:Invoked command in '/home/zmyyy/ZhuMinyi/homework4/division/build/division' returned '0': CMAKE_PREFIX_PATH=/opt/ros/humble WSLENV=ELECTRON_RUN_AS_NODE/w: /usr/bin/cmake --build /home/zmyyy/ZhuMinyi/homework4/division/build/division -- -j20 -l20
[21.779s] DEBUG:colcon.colcon_core.event_handler.log_command:Invoking command in '/home/zmyyy/ZhuMinyi/homework4/division/build/division': CMAKE_PREFIX_PATH=/opt/ros/humble WSLENV=ELECTRON_RUN_AS_NODE/w: /usr/bin/cmake --install /home/zmyyy/ZhuMinyi/homework4/division/build/division
[22.060s] Level 1:colcon.colcon_core.environment:create_environment_scripts_only(division)
[22.060s] DEBUG:colcon.colcon_core.event_handler.log_command:Invoked command in '/home/zmyyy/ZhuMinyi/homework4/division/build/division' returned '0': CMAKE_PREFIX_PATH=/opt/ros/humble WSLENV=ELECTRON_RUN_AS_NODE/w: /usr/bin/cmake --install /home/zmyyy/ZhuMinyi/homework4/division/build/division
[22.065s] Level 1:colcon.colcon_core.environment:checking '/home/zmyyy/ZhuMinyi/homework4/division/install/division' for CMake module files
[22.066s] Level 1:colcon.colcon_core.environment:checking '/home/zmyyy/ZhuMinyi/homework4/division/install/division' for CMake config files
[22.066s] Level 1:colcon.colcon_core.shell:create_environment_hook('division', 'cmake_prefix_path')
[22.066s] INFO:colcon.colcon_core.shell:Creating environment hook '/home/zmyyy/ZhuMinyi/homework4/division/install/division/share/division/hook/cmake_prefix_path.ps1'
[22.067s] INFO:colcon.colcon_core.shell:Creating environment descriptor '/home/zmyyy/ZhuMinyi/homework4/division/install/division/share/division/hook/cmake_prefix_path.dsv'
[22.067s] INFO:colcon.colcon_core.shell:Creating environment hook '/home/zmyyy/ZhuMinyi/homework4/division/install/division/share/division/hook/cmake_prefix_path.sh'
[22.068s] Level 1:colcon.colcon_core.environment:checking '/home/zmyyy/ZhuMinyi/homework4/division/install/division/lib'
[22.068s] Level 1:colcon.colcon_core.shell:create_environment_hook('division', 'ld_library_path_lib')
[22.068s] INFO:colcon.colcon_core.shell:Creating environment hook '/home/zmyyy/ZhuMinyi/homework4/division/install/division/share/division/hook/ld_library_path_lib.ps1'
[22.068s] INFO:colcon.colcon_core.shell:Creating environment descriptor '/home/zmyyy/ZhuMinyi/homework4/division/install/division/share/division/hook/ld_library_path_lib.dsv'
[22.069s] INFO:colcon.colcon_core.shell:Creating environment hook '/home/zmyyy/ZhuMinyi/homework4/division/install/division/share/division/hook/ld_library_path_lib.sh'
[22.069s] Level 1:colcon.colcon_core.environment:checking '/home/zmyyy/ZhuMinyi/homework4/division/install/division/bin'
[22.069s] Level 1:colcon.colcon_core.environment:checking '/home/zmyyy/ZhuMinyi/homework4/division/install/division/lib/pkgconfig/division.pc'
[22.069s] Level 1:colcon.colcon_core.environment:checking '/home/zmyyy/ZhuMinyi/homework4/division/install/division/lib/python3.10/site-packages'
[22.069s] Level 1:colcon.colcon_core.environment:checking '/home/zmyyy/ZhuMinyi/homework4/division/install/division/bin'
[22.069s] INFO:colcon.colcon_core.shell:Creating package script '/home/zmyyy/ZhuMinyi/homework4/division/install/division/share/division/package.ps1'
[22.070s] INFO:colcon.colcon_core.shell:Creating package descriptor '/home/zmyyy/ZhuMinyi/homework4/division/install/division/share/division/package.dsv'
[22.070s] INFO:colcon.colcon_core.shell:Creating package script '/home/zmyyy/ZhuMinyi/homework4/division/install/division/share/division/package.sh'
[22.071s] INFO:colcon.colcon_core.shell:Creating package script '/home/zmyyy/ZhuMinyi/homework4/division/install/division/share/division/package.bash'
[22.071s] INFO:colcon.colcon_core.shell:Creating package script '/home/zmyyy/ZhuMinyi/homework4/division/install/division/share/division/package.zsh'
[22.072s] Level 1:colcon.colcon_core.environment:create_file_with_runtime_dependencies(/home/zmyyy/ZhuMinyi/homework4/division/install/division/share/colcon-core/packages/division)
[22.100s] Level 1:colcon.colcon_core.environment:create_environment_scripts_only(division)
[22.100s] Level 1:colcon.colcon_core.environment:checking '/home/zmyyy/ZhuMinyi/homework4/division/install/division' for CMake module files
[22.101s] Level 1:colcon.colcon_core.environment:checking '/home/zmyyy/ZhuMinyi/homework4/division/install/division' for CMake config files
[22.101s] Level 1:colcon.colcon_core.shell:create_environment_hook('division', 'cmake_prefix_path')
[22.101s] INFO:colcon.colcon_core.shell:Creating environment hook '/home/zmyyy/ZhuMinyi/homework4/division/install/division/share/division/hook/cmake_prefix_path.ps1'
[22.101s] INFO:colcon.colcon_core.shell:Creating environment descriptor '/home/zmyyy/ZhuMinyi/homework4/division/install/division/share/division/hook/cmake_prefix_path.dsv'
[22.101s] INFO:colcon.colcon_core.shell:Creating environment hook '/home/zmyyy/ZhuMinyi/homework4/division/install/division/share/division/hook/cmake_prefix_path.sh'
[22.102s] Level 1:colcon.colcon_core.environment:checking '/home/zmyyy/ZhuMinyi/homework4/division/install/division/lib'
[22.102s] Level 1:colcon.colcon_core.shell:create_environment_hook('division', 'ld_library_path_lib')
[22.102s] INFO:colcon.colcon_core.shell:Creating environment hook '/home/zmyyy/ZhuMinyi/homework4/division/install/division/share/division/hook/ld_library_path_lib.ps1'
[22.102s] INFO:colcon.colcon_core.shell:Creating environment descriptor '/home/zmyyy/ZhuMinyi/homework4/division/install/division/share/division/hook/ld_library_path_lib.dsv'
[22.102s] INFO:colcon.colcon_core.shell:Creating environment hook '/home/zmyyy/ZhuMinyi/homework4/division/install/division/share/division/hook/ld_library_path_lib.sh'
[22.102s] Level 1:colcon.colcon_core.environment:checking '/home/zmyyy/ZhuMinyi/homework4/division/install/division/bin'
[22.103s] Level 1:colcon.colcon_core.environment:checking '/home/zmyyy/ZhuMinyi/homework4/division/install/division/lib/pkgconfig/division.pc'
[22.103s] Level 1:colcon.colcon_core.environment:checking '/home/zmyyy/ZhuMinyi/homework4/division/install/division/lib/python3.10/site-packages'
[22.103s] Level 1:colcon.colcon_core.environment:checking '/home/zmyyy/ZhuMinyi/homework4/division/install/division/bin'
[22.103s] INFO:colcon.colcon_core.shell:Creating package script '/home/zmyyy/ZhuMinyi/homework4/division/install/division/share/division/package.ps1'
[22.103s] INFO:colcon.colcon_core.shell:Creating package descriptor '/home/zmyyy/ZhuMinyi/homework4/division/install/division/share/division/package.dsv'
[22.103s] INFO:colcon.colcon_core.shell:Creating package script '/home/zmyyy/ZhuMinyi/homework4/division/install/division/share/division/package.sh'
[22.104s] INFO:colcon.colcon_core.shell:Creating package script '/home/zmyyy/ZhuMinyi/homework4/division/install/division/share/division/package.bash'
[22.104s] INFO:colcon.colcon_core.shell:Creating package script '/home/zmyyy/ZhuMinyi/homework4/division/install/division/share/division/package.zsh'
[22.104s] Level 1:colcon.colcon_core.environment:create_file_with_runtime_dependencies(/home/zmyyy/ZhuMinyi/homework4/division/install/division/share/colcon-core/packages/division)
[22.104s] DEBUG:colcon.colcon_parallel_executor.executor.parallel:closing loop
[22.105s] DEBUG:colcon.colcon_parallel_executor.executor.parallel:loop closed
[22.105s] DEBUG:colcon.colcon_parallel_executor.executor.parallel:run_until_complete finished with '0'
[22.105s] DEBUG:colcon.colcon_core.event_reactor:joining thread
[22.159s] INFO:colcon.colcon_core.plugin_system:Skipping extension 'colcon_notification.desktop_notification.notify_send': Could not find 'notify-send'
[22.159s] INFO:colcon.colcon_core.plugin_system:Skipping extension 'colcon_notification.desktop_notification.terminal_notifier': Not used on non-Darwin systems
[22.160s] INFO:colcon.colcon_core.plugin_system:Skipping extension 'colcon_notification.desktop_notification.win32': Not used on non-Windows systems
[22.160s] INFO:colcon.colcon_notification.desktop_notification:Sending desktop notification using 'notify2'
[22.160s] DEBUG:colcon.colcon_notification.desktop_notification.notify2:Failed to initialize notify2: org.freedesktop.DBus.Error.FileNotFound: Failed to connect to socket /run/user/1000/bus: No such file or directory
[22.160s] DEBUG:colcon.colcon_core.event_reactor:joined thread
[22.160s] INFO:colcon.colcon_core.shell:Creating prefix script '/home/zmyyy/ZhuMinyi/homework4/division/install/local_setup.ps1'
[22.162s] INFO:colcon.colcon_core.shell:Creating prefix util module '/home/zmyyy/ZhuMinyi/homework4/division/install/_local_setup_util_ps1.py'
[22.163s] INFO:colcon.colcon_core.shell:Creating prefix chain script '/home/zmyyy/ZhuMinyi/homework4/division/install/setup.ps1'
[22.164s] INFO:colcon.colcon_core.shell:Creating prefix script '/home/zmyyy/ZhuMinyi/homework4/division/install/local_setup.sh'
[22.165s] INFO:colcon.colcon_core.shell:Creating prefix util module '/home/zmyyy/ZhuMinyi/homework4/division/install/_local_setup_util_sh.py'
[22.166s] INFO:colcon.colcon_core.shell:Creating prefix chain script '/home/zmyyy/ZhuMinyi/homework4/division/install/setup.sh'
[22.167s] INFO:colcon.colcon_core.shell:Creating prefix script '/home/zmyyy/ZhuMinyi/homework4/division/install/local_setup.bash'
[22.168s] INFO:colcon.colcon_core.shell:Creating prefix chain script '/home/zmyyy/ZhuMinyi/homework4/division/install/setup.bash'
[22.168s] INFO:colcon.colcon_core.shell:Creating prefix script '/home/zmyyy/ZhuMinyi/homework4/division/install/local_setup.zsh'
[22.169s] INFO:colcon.colcon_core.shell:Creating prefix chain script '/home/zmyyy/ZhuMinyi/homework4/division/install/setup.zsh'
