[0.025s] Invoking command in '/home/luna/robomaster/2025-vision-training/Wenxiang Shi/homework4/ros_ws/build/action_demo': CMAKE_PREFIX_PATH=${CMAKE_PREFIX_PATH}:/opt/ros/humble /usr/bin/cmake --build /home/luna/robomaster/2025-vision-training/Wenxiang Shi/homework4/ros_ws/build/action_demo -- -j32 -l32
[0.135s] -- Found ament_cmake: 1.3.10 (/opt/ros/humble/share/ament_cmake/cmake)
[0.370s] -- Found rclcpp: 16.0.10 (/opt/ros/humble/share/rclcpp/cmake)
[0.553s] -- Found rosidl_generator_c: 3.1.5 (/opt/ros/humble/share/rosidl_generator_c/cmake)
[0.559s] -- Found rosidl_adapter: 3.1.5 (/opt/ros/humble/share/rosidl_adapter/cmake)
[0.575s] -- Found rosidl_generator_cpp: 3.1.5 (/opt/ros/humble/share/rosidl_generator_cpp/cmake)
[0.599s] -- Using all available rosidl_typesupport_c: rosidl_typesupport_fastrtps_c;rosidl_typesupport_introspection_c
[0.625s] -- Using all available rosidl_typesupport_cpp: rosidl_typesupport_fastrtps_cpp;rosidl_typesupport_introspection_cpp
[0.703s] -- Found rmw_implementation_cmake: 6.1.2 (/opt/ros/humble/share/rmw_implementation_cmake/cmake)
[0.708s] -- Found rmw_fastrtps_cpp: 6.2.7 (/opt/ros/humble/share/rmw_fastrtps_cpp/cmake)
[5.822s] -- Using RMW implementation 'rmw_fastrtps_cpp' as default
[5.932s] -- Found rosidl_default_generators: 1.2.0 (/opt/ros/humble/share/rosidl_default_generators/cmake)
[6.329s] -- Found ament_cmake_ros: 0.10.0 (/opt/ros/humble/share/ament_cmake_ros/cmake)
[6.776s] -- Using all available rosidl_typesupport_c: rosidl_typesupport_fastrtps_c;rosidl_typesupport_introspection_c
[6.951s] -- Using all available rosidl_typesupport_cpp: rosidl_typesupport_fastrtps_cpp;rosidl_typesupport_introspection_cpp
[6.984s] -- Found python_cmake_module: 0.10.0 (/opt/ros/humble/share/python_cmake_module/cmake)
[7.018s] -- Using PYTHON_EXECUTABLE: /usr/bin/python3
[7.018s] -- Using PYTHON_INCLUDE_DIRS: /usr/include/python3.10
[7.018s] -- Using PYTHON_LIBRARIES: /usr/lib/x86_64-linux-gnu/libpython3.10.so
[7.035s] [0mCMake Deprecation Warning at /opt/ros/humble/share/rosidl_cmake/cmake/rosidl_target_interfaces.cmake:32 (message):
[7.036s]   Use rosidl_get_typesupport_target() and target_link_libraries() instead of
[7.036s]   rosidl_target_interfaces()
[7.036s] Call Stack (most recent call first):
[7.036s]   CMakeLists.txt:31 (rosidl_target_interfaces)
[7.036s] 
[7.037s] [0m
[7.037s] [0mCMake Deprecation Warning at /opt/ros/humble/share/rosidl_cmake/cmake/rosidl_target_interfaces.cmake:32 (message):
[7.037s]   Use rosidl_get_typesupport_target() and target_link_libraries() instead of
[7.037s]   rosidl_target_interfaces()
[7.037s] Call Stack (most recent call first):
[7.037s]   CMakeLists.txt:34 (rosidl_target_interfaces)
[7.037s] 
[7.038s] [0m
[7.056s] -- Configuring done
[7.172s] -- Generating done
[7.177s] -- Build files have been written to: /home/luna/robomaster/2025-vision-training/Wenxiang Shi/homework4/ros_ws/build/action_demo
[7.213s] [35m[1mConsolidate compiler generated dependencies of target action_demo__rosidl_generator_c[0m
[7.222s] [  2%] Built target action_demo__cpp
[7.229s] [ 11%] Built target action_demo__rosidl_generator_c
[7.234s] [35m[1mConsolidate compiler generated dependencies of target action_demo__rosidl_typesupport_cpp[0m
[7.235s] [35m[1mConsolidate compiler generated dependencies of target action_demo__rosidl_typesupport_introspection_cpp[0m
[7.235s] [35m[1mConsolidate compiler generated dependencies of target action_demo__rosidl_typesupport_fastrtps_cpp[0m
[7.242s] [35m[1mConsolidate compiler generated dependencies of target action_demo__rosidl_typesupport_fastrtps_c[0m
[7.242s] [ 11%] Built target ament_cmake_python_copy_action_demo
[7.243s] [35m[1mConsolidate compiler generated dependencies of target action_demo__rosidl_typesupport_c[0m
[7.243s] [35m[1mConsolidate compiler generated dependencies of target action_demo__rosidl_typesupport_introspection_c[0m
[7.257s] [ 20%] Built target action_demo__rosidl_typesupport_c
[7.257s] [ 28%] Built target action_demo__rosidl_typesupport_introspection_c
[7.260s] [ 37%] Built target action_demo__rosidl_typesupport_cpp
[7.262s] [ 45%] Built target action_demo__rosidl_typesupport_introspection_cpp
[7.263s] [ 54%] Built target action_demo__rosidl_typesupport_fastrtps_c
[7.264s] [ 62%] Built target action_demo__rosidl_typesupport_fastrtps_cpp
[7.285s] [ 62%] Built target action_demo
[7.299s] [35m[1mConsolidate compiler generated dependencies of target server[0m
[7.299s] [35m[1mConsolidate compiler generated dependencies of target client[0m
[7.308s] [ 65%] Built target action_demo__py
[7.320s] [35m[1mConsolidate compiler generated dependencies of target action_demo__rosidl_generator_py[0m
[7.339s] [ 71%] Built target client
[7.339s] [ 77%] Built target server
[7.340s] [ 82%] Built target action_demo__rosidl_generator_py
[7.352s] [35m[1mConsolidate compiler generated dependencies of target action_demo__rosidl_typesupport_introspection_c__pyext[0m
[7.353s] [35m[1mConsolidate compiler generated dependencies of target action_demo__rosidl_typesupport_fastrtps_c__pyext[0m
[7.353s] [35m[1mConsolidate compiler generated dependencies of target action_demo__rosidl_typesupport_c__pyext[0m
[7.367s] [ 94%] Built target action_demo__rosidl_typesupport_introspection_c__pyext
[7.367s] [ 94%] Built target action_demo__rosidl_typesupport_fastrtps_c__pyext
[7.369s] [100%] Built target action_demo__rosidl_typesupport_c__pyext
[7.579s] running egg_info
[7.580s] writing action_demo.egg-info/PKG-INFO
[7.580s] writing dependency_links to action_demo.egg-info/dependency_links.txt
[7.580s] writing top-level names to action_demo.egg-info/top_level.txt
[7.586s] reading manifest file 'action_demo.egg-info/SOURCES.txt'
[7.587s] writing manifest file 'action_demo.egg-info/SOURCES.txt'
[7.620s] [100%] Built target ament_cmake_python_build_action_demo_egg
[7.636s] Invoked command in '/home/luna/robomaster/2025-vision-training/Wenxiang Shi/homework4/ros_ws/build/action_demo' returned '0': CMAKE_PREFIX_PATH=${CMAKE_PREFIX_PATH}:/opt/ros/humble /usr/bin/cmake --build /home/luna/robomaster/2025-vision-training/Wenxiang Shi/homework4/ros_ws/build/action_demo -- -j32 -l32
[7.721s] Invoking command in '/home/luna/robomaster/2025-vision-training/Wenxiang Shi/homework4/ros_ws/build/action_demo': CMAKE_PREFIX_PATH=${CMAKE_PREFIX_PATH}:/opt/ros/humble /usr/bin/cmake --install /home/luna/robomaster/2025-vision-training/Wenxiang Shi/homework4/ros_ws/build/action_demo
[7.729s] -- Install configuration: ""
[7.730s] -- Up-to-date: /home/luna/robomaster/2025-vision-training/Wenxiang Shi/homework4/ros_ws/install/action_demo/share/ament_index/resource_index/rosidl_interfaces/action_demo
[7.731s] -- Up-to-date: /home/luna/robomaster/2025-vision-training/Wenxiang Shi/homework4/ros_ws/install/action_demo/include/action_demo/action_demo
[7.731s] -- Up-to-date: /home/luna/robomaster/2025-vision-training/Wenxiang Shi/homework4/ros_ws/install/action_demo/include/action_demo/action_demo/srv
[7.732s] -- Up-to-date: /home/luna/robomaster/2025-vision-training/Wenxiang Shi/homework4/ros_ws/install/action_demo/include/action_demo/action_demo/srv/action.h
[7.733s] -- Up-to-date: /home/luna/robomaster/2025-vision-training/Wenxiang Shi/homework4/ros_ws/install/action_demo/include/action_demo/action_demo/srv/detail
[7.733s] -- Up-to-date: /home/luna/robomaster/2025-vision-training/Wenxiang Shi/homework4/ros_ws/install/action_demo/include/action_demo/action_demo/srv/detail/action__functions.c
[7.733s] -- Up-to-date: /home/luna/robomaster/2025-vision-training/Wenxiang Shi/homework4/ros_ws/install/action_demo/include/action_demo/action_demo/srv/detail/action__functions.h
[7.733s] -- Up-to-date: /home/luna/robomaster/2025-vision-training/Wenxiang Shi/homework4/ros_ws/install/action_demo/include/action_demo/action_demo/srv/detail/action__struct.h
[7.734s] -- Up-to-date: /home/luna/robomaster/2025-vision-training/Wenxiang Shi/homework4/ros_ws/install/action_demo/include/action_demo/action_demo/srv/detail/action__type_support.h
[7.734s] -- Up-to-date: /home/luna/robomaster/2025-vision-training/Wenxiang Shi/homework4/ros_ws/install/action_demo/include/action_demo/action_demo/msg
[7.734s] -- Up-to-date: /home/luna/robomaster/2025-vision-training/Wenxiang Shi/homework4/ros_ws/install/action_demo/include/action_demo/action_demo/msg/rosidl_generator_c__visibility_control.h
[7.734s] -- Up-to-date: /home/luna/robomaster/2025-vision-training/Wenxiang Shi/homework4/ros_ws/install/action_demo/share/action_demo/environment/library_path.sh
[7.735s] -- Installing: /home/luna/robomaster/2025-vision-training/Wenxiang Shi/homework4/ros_ws/install/action_demo/share/action_demo/environment/library_path.dsv
[7.736s] -- Up-to-date: /home/luna/robomaster/2025-vision-training/Wenxiang Shi/homework4/ros_ws/install/action_demo/lib/libaction_demo__rosidl_generator_c.so
[7.736s] -- Up-to-date: /home/luna/robomaster/2025-vision-training/Wenxiang Shi/homework4/ros_ws/install/action_demo/include/action_demo/action_demo
[7.736s] -- Up-to-date: /home/luna/robomaster/2025-vision-training/Wenxiang Shi/homework4/ros_ws/install/action_demo/include/action_demo/action_demo/srv
[7.736s] -- Up-to-date: /home/luna/robomaster/2025-vision-training/Wenxiang Shi/homework4/ros_ws/install/action_demo/include/action_demo/action_demo/srv/detail
[7.736s] -- Up-to-date: /home/luna/robomaster/2025-vision-training/Wenxiang Shi/homework4/ros_ws/install/action_demo/include/action_demo/action_demo/srv/detail/action__rosidl_typesupport_fastrtps_c.h
[7.737s] -- Up-to-date: /home/luna/robomaster/2025-vision-training/Wenxiang Shi/homework4/ros_ws/install/action_demo/include/action_demo/action_demo/msg
[7.737s] -- Up-to-date: /home/luna/robomaster/2025-vision-training/Wenxiang Shi/homework4/ros_ws/install/action_demo/include/action_demo/action_demo/msg/rosidl_typesupport_fastrtps_c__visibility_control.h
[7.738s] -- Up-to-date: /home/luna/robomaster/2025-vision-training/Wenxiang Shi/homework4/ros_ws/install/action_demo/lib/libaction_demo__rosidl_typesupport_fastrtps_c.so
[7.738s] -- Up-to-date: /home/luna/robomaster/2025-vision-training/Wenxiang Shi/homework4/ros_ws/install/action_demo/include/action_demo/action_demo
[7.738s] -- Up-to-date: /home/luna/robomaster/2025-vision-training/Wenxiang Shi/homework4/ros_ws/install/action_demo/include/action_demo/action_demo/srv
[7.738s] -- Up-to-date: /home/luna/robomaster/2025-vision-training/Wenxiang Shi/homework4/ros_ws/install/action_demo/include/action_demo/action_demo/srv/action.hpp
[7.739s] -- Up-to-date: /home/luna/robomaster/2025-vision-training/Wenxiang Shi/homework4/ros_ws/install/action_demo/include/action_demo/action_demo/srv/detail
[7.739s] -- Up-to-date: /home/luna/robomaster/2025-vision-training/Wenxiang Shi/homework4/ros_ws/install/action_demo/include/action_demo/action_demo/srv/detail/action__struct.hpp
[7.739s] -- Up-to-date: /home/luna/robomaster/2025-vision-training/Wenxiang Shi/homework4/ros_ws/install/action_demo/include/action_demo/action_demo/srv/detail/action__traits.hpp
[7.739s] -- Up-to-date: /home/luna/robomaster/2025-vision-training/Wenxiang Shi/homework4/ros_ws/install/action_demo/include/action_demo/action_demo/srv/detail/action__builder.hpp
[7.739s] -- Up-to-date: /home/luna/robomaster/2025-vision-training/Wenxiang Shi/homework4/ros_ws/install/action_demo/include/action_demo/action_demo
[7.739s] -- Up-to-date: /home/luna/robomaster/2025-vision-training/Wenxiang Shi/homework4/ros_ws/install/action_demo/include/action_demo/action_demo/srv
[7.739s] -- Up-to-date: /home/luna/robomaster/2025-vision-training/Wenxiang Shi/homework4/ros_ws/install/action_demo/include/action_demo/action_demo/srv/detail
[7.739s] -- Up-to-date: /home/luna/robomaster/2025-vision-training/Wenxiang Shi/homework4/ros_ws/install/action_demo/include/action_demo/action_demo/srv/detail/action__rosidl_typesupport_fastrtps_cpp.hpp
[7.739s] -- Up-to-date: /home/luna/robomaster/2025-vision-training/Wenxiang Shi/homework4/ros_ws/install/action_demo/include/action_demo/action_demo/srv/detail/dds_fastrtps
[7.739s] -- Up-to-date: /home/luna/robomaster/2025-vision-training/Wenxiang Shi/homework4/ros_ws/install/action_demo/include/action_demo/action_demo/msg
[7.739s] -- Up-to-date: /home/luna/robomaster/2025-vision-training/Wenxiang Shi/homework4/ros_ws/install/action_demo/include/action_demo/action_demo/msg/rosidl_typesupport_fastrtps_cpp__visibility_control.h
[7.740s] -- Up-to-date: /home/luna/robomaster/2025-vision-training/Wenxiang Shi/homework4/ros_ws/install/action_demo/lib/libaction_demo__rosidl_typesupport_fastrtps_cpp.so
[7.741s] -- Up-to-date: /home/luna/robomaster/2025-vision-training/Wenxiang Shi/homework4/ros_ws/install/action_demo/include/action_demo/action_demo
[7.741s] -- Up-to-date: /home/luna/robomaster/2025-vision-training/Wenxiang Shi/homework4/ros_ws/install/action_demo/include/action_demo/action_demo/srv
[7.741s] -- Up-to-date: /home/luna/robomaster/2025-vision-training/Wenxiang Shi/homework4/ros_ws/install/action_demo/include/action_demo/action_demo/srv/detail
[7.741s] -- Up-to-date: /home/luna/robomaster/2025-vision-training/Wenxiang Shi/homework4/ros_ws/install/action_demo/include/action_demo/action_demo/srv/detail/action__rosidl_typesupport_introspection_c.h
[7.741s] -- Up-to-date: /home/luna/robomaster/2025-vision-training/Wenxiang Shi/homework4/ros_ws/install/action_demo/include/action_demo/action_demo/srv/detail/action__type_support.c
[7.741s] -- Up-to-date: /home/luna/robomaster/2025-vision-training/Wenxiang Shi/homework4/ros_ws/install/action_demo/include/action_demo/action_demo/msg
[7.741s] -- Up-to-date: /home/luna/robomaster/2025-vision-training/Wenxiang Shi/homework4/ros_ws/install/action_demo/include/action_demo/action_demo/msg/rosidl_typesupport_introspection_c__visibility_control.h
[7.741s] -- Up-to-date: /home/luna/robomaster/2025-vision-training/Wenxiang Shi/homework4/ros_ws/install/action_demo/lib/libaction_demo__rosidl_typesupport_introspection_c.so
[7.742s] -- Up-to-date: /home/luna/robomaster/2025-vision-training/Wenxiang Shi/homework4/ros_ws/install/action_demo/lib/libaction_demo__rosidl_typesupport_c.so
[7.742s] -- Up-to-date: /home/luna/robomaster/2025-vision-training/Wenxiang Shi/homework4/ros_ws/install/action_demo/include/action_demo/action_demo
[7.743s] -- Up-to-date: /home/luna/robomaster/2025-vision-training/Wenxiang Shi/homework4/ros_ws/install/action_demo/include/action_demo/action_demo/srv
[7.743s] -- Up-to-date: /home/luna/robomaster/2025-vision-training/Wenxiang Shi/homework4/ros_ws/install/action_demo/include/action_demo/action_demo/srv/detail
[7.743s] -- Up-to-date: /home/luna/robomaster/2025-vision-training/Wenxiang Shi/homework4/ros_ws/install/action_demo/include/action_demo/action_demo/srv/detail/action__type_support.cpp
[7.743s] -- Up-to-date: /home/luna/robomaster/2025-vision-training/Wenxiang Shi/homework4/ros_ws/install/action_demo/include/action_demo/action_demo/srv/detail/action__rosidl_typesupport_introspection_cpp.hpp
[7.744s] -- Up-to-date: /home/luna/robomaster/2025-vision-training/Wenxiang Shi/homework4/ros_ws/install/action_demo/lib/libaction_demo__rosidl_typesupport_introspection_cpp.so
[7.745s] -- Up-to-date: /home/luna/robomaster/2025-vision-training/Wenxiang Shi/homework4/ros_ws/install/action_demo/lib/libaction_demo__rosidl_typesupport_cpp.so
[7.745s] -- Up-to-date: /home/luna/robomaster/2025-vision-training/Wenxiang Shi/homework4/ros_ws/install/action_demo/share/action_demo/environment/pythonpath.sh
[7.746s] -- Installing: /home/luna/robomaster/2025-vision-training/Wenxiang Shi/homework4/ros_ws/install/action_demo/share/action_demo/environment/pythonpath.dsv
[7.747s] -- Up-to-date: /home/luna/robomaster/2025-vision-training/Wenxiang Shi/homework4/ros_ws/install/action_demo/local/lib/python3.10/dist-packages/action_demo-0.0.0-py3.10.egg-info
[7.748s] -- Installing: /home/luna/robomaster/2025-vision-training/Wenxiang Shi/homework4/ros_ws/install/action_demo/local/lib/python3.10/dist-packages/action_demo-0.0.0-py3.10.egg-info/top_level.txt
[7.748s] -- Installing: /home/luna/robomaster/2025-vision-training/Wenxiang Shi/homework4/ros_ws/install/action_demo/local/lib/python3.10/dist-packages/action_demo-0.0.0-py3.10.egg-info/SOURCES.txt
[7.748s] -- Installing: /home/luna/robomaster/2025-vision-training/Wenxiang Shi/homework4/ros_ws/install/action_demo/local/lib/python3.10/dist-packages/action_demo-0.0.0-py3.10.egg-info/dependency_links.txt
[7.748s] -- Installing: /home/luna/robomaster/2025-vision-training/Wenxiang Shi/homework4/ros_ws/install/action_demo/local/lib/python3.10/dist-packages/action_demo-0.0.0-py3.10.egg-info/PKG-INFO
[7.749s] -- Up-to-date: /home/luna/robomaster/2025-vision-training/Wenxiang Shi/homework4/ros_ws/install/action_demo/local/lib/python3.10/dist-packages/action_demo
[7.749s] -- Up-to-date: /home/luna/robomaster/2025-vision-training/Wenxiang Shi/homework4/ros_ws/install/action_demo/local/lib/python3.10/dist-packages/action_demo/srv
[7.750s] -- Up-to-date: /home/luna/robomaster/2025-vision-training/Wenxiang Shi/homework4/ros_ws/install/action_demo/local/lib/python3.10/dist-packages/action_demo/srv/_action_s.c
[7.750s] -- Up-to-date: /home/luna/robomaster/2025-vision-training/Wenxiang Shi/homework4/ros_ws/install/action_demo/local/lib/python3.10/dist-packages/action_demo/srv/__init__.py
[7.750s] -- Up-to-date: /home/luna/robomaster/2025-vision-training/Wenxiang Shi/homework4/ros_ws/install/action_demo/local/lib/python3.10/dist-packages/action_demo/srv/_action.py
[7.750s] -- Up-to-date: /home/luna/robomaster/2025-vision-training/Wenxiang Shi/homework4/ros_ws/install/action_demo/local/lib/python3.10/dist-packages/action_demo/_action_demo_s.ep.rosidl_typesupport_fastrtps_c.c
[7.750s] -- Up-to-date: /home/luna/robomaster/2025-vision-training/Wenxiang Shi/homework4/ros_ws/install/action_demo/local/lib/python3.10/dist-packages/action_demo/action_demo_s__rosidl_typesupport_c.cpython-310-x86_64-linux-gnu.so
[7.751s] -- Up-to-date: /home/luna/robomaster/2025-vision-training/Wenxiang Shi/homework4/ros_ws/install/action_demo/local/lib/python3.10/dist-packages/action_demo/_action_demo_s.ep.rosidl_typesupport_introspection_c.c
[7.751s] -- Up-to-date: /home/luna/robomaster/2025-vision-training/Wenxiang Shi/homework4/ros_ws/install/action_demo/local/lib/python3.10/dist-packages/action_demo/libaction_demo__rosidl_generator_py.so
[7.751s] -- Up-to-date: /home/luna/robomaster/2025-vision-training/Wenxiang Shi/homework4/ros_ws/install/action_demo/local/lib/python3.10/dist-packages/action_demo/action_demo_s__rosidl_typesupport_introspection_c.cpython-310-x86_64-linux-gnu.so
[7.751s] -- Installing: /home/luna/robomaster/2025-vision-training/Wenxiang Shi/homework4/ros_ws/install/action_demo/local/lib/python3.10/dist-packages/action_demo/__init__.py
[7.752s] -- Up-to-date: /home/luna/robomaster/2025-vision-training/Wenxiang Shi/homework4/ros_ws/install/action_demo/local/lib/python3.10/dist-packages/action_demo/_action_demo_s.ep.rosidl_typesupport_c.c
[7.752s] -- Up-to-date: /home/luna/robomaster/2025-vision-training/Wenxiang Shi/homework4/ros_ws/install/action_demo/local/lib/python3.10/dist-packages/action_demo/action_demo_s__rosidl_typesupport_fastrtps_c.cpython-310-x86_64-linux-gnu.so
[7.799s] Listing '/home/luna/robomaster/2025-vision-training/Wenxiang Shi/homework4/ros_ws/install/action_demo/local/lib/python3.10/dist-packages/action_demo'...
[7.799s] Compiling '/home/luna/robomaster/2025-vision-training/Wenxiang Shi/homework4/ros_ws/install/action_demo/local/lib/python3.10/dist-packages/action_demo/__init__.py'...
[7.799s] Listing '/home/luna/robomaster/2025-vision-training/Wenxiang Shi/homework4/ros_ws/install/action_demo/local/lib/python3.10/dist-packages/action_demo/srv'...
[7.806s] -- Up-to-date: /home/luna/robomaster/2025-vision-training/Wenxiang Shi/homework4/ros_ws/install/action_demo/local/lib/python3.10/dist-packages/action_demo/action_demo_s__rosidl_typesupport_fastrtps_c.cpython-310-x86_64-linux-gnu.so
[7.807s] -- Up-to-date: /home/luna/robomaster/2025-vision-training/Wenxiang Shi/homework4/ros_ws/install/action_demo/local/lib/python3.10/dist-packages/action_demo/action_demo_s__rosidl_typesupport_introspection_c.cpython-310-x86_64-linux-gnu.so
[7.808s] -- Up-to-date: /home/luna/robomaster/2025-vision-training/Wenxiang Shi/homework4/ros_ws/install/action_demo/local/lib/python3.10/dist-packages/action_demo/action_demo_s__rosidl_typesupport_c.cpython-310-x86_64-linux-gnu.so
[7.809s] -- Up-to-date: /home/luna/robomaster/2025-vision-training/Wenxiang Shi/homework4/ros_ws/install/action_demo/lib/libaction_demo__rosidl_generator_py.so
[7.810s] -- Up-to-date: /home/luna/robomaster/2025-vision-training/Wenxiang Shi/homework4/ros_ws/install/action_demo/share/action_demo/srv/Action.idl
[7.810s] -- Up-to-date: /home/luna/robomaster/2025-vision-training/Wenxiang Shi/homework4/ros_ws/install/action_demo/share/action_demo/srv/Action.srv
[7.810s] -- Up-to-date: /home/luna/robomaster/2025-vision-training/Wenxiang Shi/homework4/ros_ws/install/action_demo/share/action_demo/srv/Action_Request.msg
[7.810s] -- Up-to-date: /home/luna/robomaster/2025-vision-training/Wenxiang Shi/homework4/ros_ws/install/action_demo/share/action_demo/srv/Action_Response.msg
[7.811s] -- Up-to-date: /home/luna/robomaster/2025-vision-training/Wenxiang Shi/homework4/ros_ws/install/action_demo/lib/action_demo/server
[7.812s] -- Up-to-date: /home/luna/robomaster/2025-vision-training/Wenxiang Shi/homework4/ros_ws/install/action_demo/lib/action_demo/client
[7.813s] -- Up-to-date: /home/luna/robomaster/2025-vision-training/Wenxiang Shi/homework4/ros_ws/install/action_demo/share/action_demo/launch
[7.813s] -- Up-to-date: /home/luna/robomaster/2025-vision-training/Wenxiang Shi/homework4/ros_ws/install/action_demo/share/action_demo/launch/action_demo_launch.py
[7.813s] -- Up-to-date: /home/luna/robomaster/2025-vision-training/Wenxiang Shi/homework4/ros_ws/install/action_demo/share/ament_index/resource_index/package_run_dependencies/action_demo
[7.814s] -- Up-to-date: /home/luna/robomaster/2025-vision-training/Wenxiang Shi/homework4/ros_ws/install/action_demo/share/ament_index/resource_index/parent_prefix_path/action_demo
[7.814s] -- Up-to-date: /home/luna/robomaster/2025-vision-training/Wenxiang Shi/homework4/ros_ws/install/action_demo/share/action_demo/environment/ament_prefix_path.sh
[7.814s] -- Installing: /home/luna/robomaster/2025-vision-training/Wenxiang Shi/homework4/ros_ws/install/action_demo/share/action_demo/environment/ament_prefix_path.dsv
[7.814s] -- Up-to-date: /home/luna/robomaster/2025-vision-training/Wenxiang Shi/homework4/ros_ws/install/action_demo/share/action_demo/environment/path.sh
[7.815s] -- Installing: /home/luna/robomaster/2025-vision-training/Wenxiang Shi/homework4/ros_ws/install/action_demo/share/action_demo/environment/path.dsv
[7.815s] -- Up-to-date: /home/luna/robomaster/2025-vision-training/Wenxiang Shi/homework4/ros_ws/install/action_demo/share/action_demo/local_setup.bash
[7.815s] -- Up-to-date: /home/luna/robomaster/2025-vision-training/Wenxiang Shi/homework4/ros_ws/install/action_demo/share/action_demo/local_setup.sh
[7.815s] -- Up-to-date: /home/luna/robomaster/2025-vision-training/Wenxiang Shi/homework4/ros_ws/install/action_demo/share/action_demo/local_setup.zsh
[7.815s] -- Installing: /home/luna/robomaster/2025-vision-training/Wenxiang Shi/homework4/ros_ws/install/action_demo/share/action_demo/local_setup.dsv
[7.815s] -- Installing: /home/luna/robomaster/2025-vision-training/Wenxiang Shi/homework4/ros_ws/install/action_demo/share/action_demo/package.dsv
[7.815s] -- Up-to-date: /home/luna/robomaster/2025-vision-training/Wenxiang Shi/homework4/ros_ws/install/action_demo/share/ament_index/resource_index/packages/action_demo
[7.816s] -- Up-to-date: /home/luna/robomaster/2025-vision-training/Wenxiang Shi/homework4/ros_ws/install/action_demo/share/action_demo/cmake/export_action_demo__rosidl_generator_cExport.cmake
[7.816s] -- Up-to-date: /home/luna/robomaster/2025-vision-training/Wenxiang Shi/homework4/ros_ws/install/action_demo/share/action_demo/cmake/export_action_demo__rosidl_generator_cExport-noconfig.cmake
[7.817s] -- Up-to-date: /home/luna/robomaster/2025-vision-training/Wenxiang Shi/homework4/ros_ws/install/action_demo/share/action_demo/cmake/export_action_demo__rosidl_typesupport_fastrtps_cExport.cmake
[7.817s] -- Up-to-date: /home/luna/robomaster/2025-vision-training/Wenxiang Shi/homework4/ros_ws/install/action_demo/share/action_demo/cmake/export_action_demo__rosidl_typesupport_fastrtps_cExport-noconfig.cmake
[7.818s] -- Up-to-date: /home/luna/robomaster/2025-vision-training/Wenxiang Shi/homework4/ros_ws/install/action_demo/share/action_demo/cmake/export_action_demo__rosidl_generator_cppExport.cmake
[7.818s] -- Up-to-date: /home/luna/robomaster/2025-vision-training/Wenxiang Shi/homework4/ros_ws/install/action_demo/share/action_demo/cmake/export_action_demo__rosidl_typesupport_fastrtps_cppExport.cmake
[7.819s] -- Up-to-date: /home/luna/robomaster/2025-vision-training/Wenxiang Shi/homework4/ros_ws/install/action_demo/share/action_demo/cmake/export_action_demo__rosidl_typesupport_fastrtps_cppExport-noconfig.cmake
[7.819s] -- Up-to-date: /home/luna/robomaster/2025-vision-training/Wenxiang Shi/homework4/ros_ws/install/action_demo/share/action_demo/cmake/action_demo__rosidl_typesupport_introspection_cExport.cmake
[7.819s] -- Up-to-date: /home/luna/robomaster/2025-vision-training/Wenxiang Shi/homework4/ros_ws/install/action_demo/share/action_demo/cmake/action_demo__rosidl_typesupport_introspection_cExport-noconfig.cmake
[7.820s] -- Up-to-date: /home/luna/robomaster/2025-vision-training/Wenxiang Shi/homework4/ros_ws/install/action_demo/share/action_demo/cmake/action_demo__rosidl_typesupport_cExport.cmake
[7.820s] -- Up-to-date: /home/luna/robomaster/2025-vision-training/Wenxiang Shi/homework4/ros_ws/install/action_demo/share/action_demo/cmake/action_demo__rosidl_typesupport_cExport-noconfig.cmake
[7.821s] -- Up-to-date: /home/luna/robomaster/2025-vision-training/Wenxiang Shi/homework4/ros_ws/install/action_demo/share/action_demo/cmake/action_demo__rosidl_typesupport_introspection_cppExport.cmake
[7.821s] -- Up-to-date: /home/luna/robomaster/2025-vision-training/Wenxiang Shi/homework4/ros_ws/install/action_demo/share/action_demo/cmake/action_demo__rosidl_typesupport_introspection_cppExport-noconfig.cmake
[7.823s] -- Up-to-date: /home/luna/robomaster/2025-vision-training/Wenxiang Shi/homework4/ros_ws/install/action_demo/share/action_demo/cmake/action_demo__rosidl_typesupport_cppExport.cmake
[7.823s] -- Up-to-date: /home/luna/robomaster/2025-vision-training/Wenxiang Shi/homework4/ros_ws/install/action_demo/share/action_demo/cmake/action_demo__rosidl_typesupport_cppExport-noconfig.cmake
[7.823s] -- Up-to-date: /home/luna/robomaster/2025-vision-training/Wenxiang Shi/homework4/ros_ws/install/action_demo/share/action_demo/cmake/export_action_demo__rosidl_generator_pyExport.cmake
[7.823s] -- Up-to-date: /home/luna/robomaster/2025-vision-training/Wenxiang Shi/homework4/ros_ws/install/action_demo/share/action_demo/cmake/export_action_demo__rosidl_generator_pyExport-noconfig.cmake
[7.824s] -- Up-to-date: /home/luna/robomaster/2025-vision-training/Wenxiang Shi/homework4/ros_ws/install/action_demo/share/action_demo/cmake/rosidl_cmake-extras.cmake
[7.824s] -- Up-to-date: /home/luna/robomaster/2025-vision-training/Wenxiang Shi/homework4/ros_ws/install/action_demo/share/action_demo/cmake/ament_cmake_export_include_directories-extras.cmake
[7.824s] -- Up-to-date: /home/luna/robomaster/2025-vision-training/Wenxiang Shi/homework4/ros_ws/install/action_demo/share/action_demo/cmake/ament_cmake_export_libraries-extras.cmake
[7.824s] -- Up-to-date: /home/luna/robomaster/2025-vision-training/Wenxiang Shi/homework4/ros_ws/install/action_demo/share/action_demo/cmake/ament_cmake_export_targets-extras.cmake
[7.824s] -- Up-to-date: /home/luna/robomaster/2025-vision-training/Wenxiang Shi/homework4/ros_ws/install/action_demo/share/action_demo/cmake/rosidl_cmake_export_typesupport_targets-extras.cmake
[7.825s] -- Up-to-date: /home/luna/robomaster/2025-vision-training/Wenxiang Shi/homework4/ros_ws/install/action_demo/share/action_demo/cmake/ament_cmake_export_dependencies-extras.cmake
[7.825s] -- Up-to-date: /home/luna/robomaster/2025-vision-training/Wenxiang Shi/homework4/ros_ws/install/action_demo/share/action_demo/cmake/rosidl_cmake_export_typesupport_libraries-extras.cmake
[7.825s] -- Up-to-date: /home/luna/robomaster/2025-vision-training/Wenxiang Shi/homework4/ros_ws/install/action_demo/share/action_demo/cmake/action_demoConfig.cmake
[7.825s] -- Up-to-date: /home/luna/robomaster/2025-vision-training/Wenxiang Shi/homework4/ros_ws/install/action_demo/share/action_demo/cmake/action_demoConfig-version.cmake
[7.825s] -- Up-to-date: /home/luna/robomaster/2025-vision-training/Wenxiang Shi/homework4/ros_ws/install/action_demo/share/action_demo/package.xml
[7.828s] Invoked command in '/home/luna/robomaster/2025-vision-training/Wenxiang Shi/homework4/ros_ws/build/action_demo' returned '0': CMAKE_PREFIX_PATH=${CMAKE_PREFIX_PATH}:/opt/ros/humble /usr/bin/cmake --install /home/luna/robomaster/2025-vision-training/Wenxiang Shi/homework4/ros_ws/build/action_demo
