[0.197s] DEBUG:colcon:Command line arguments: ['/usr/bin/colcon', 'build']
[0.197s] DEBUG:colcon:Parsed command line arguments: Namespace(log_base=None, log_level=None, verb_name='build', build_base='build', install_base='install', merge_install=False, symlink_install=False, test_result_base=None, continue_on_error=False, executor='parallel', parallel_workers=4, event_handlers=None, ignore_user_meta=False, metas=['./colcon.meta'], base_paths=['.'], packages_ignore=None, packages_ignore_regex=None, paths=None, packages_up_to=None, packages_up_to_regex=None, packages_above=None, packages_above_and_dependencies=None, packages_above_depth=None, packages_select_by_dep=None, packages_skip_by_dep=None, packages_skip_up_to=None, packages_select_build_failed=False, packages_skip_build_finished=False, packages_select_test_failures=False, packages_skip_test_passed=False, packages_select=None, packages_skip=None, packages_select_regex=None, packages_skip_regex=None, packages_start=None, packages_end=None, allow_overriding=[], cmake_args=None, cmake_target=None, cmake_target_skip_unavailable=False, cmake_clean_cache=False, cmake_clean_first=False, cmake_force_configure=False, ament_cmake_args=None, catkin_cmake_args=None, catkin_skip_building_tests=False, verb_parser=<colcon_defaults.argument_parser.defaults.DefaultArgumentsDecorator object at 0x753e9e854190>, verb_extension=<colcon_core.verb.build.BuildVerb object at 0x753e9e817bb0>, main=<bound method BuildVerb.main of <colcon_core.verb.build.BuildVerb object at 0x753e9e817bb0>>)
[0.526s] Level 1:colcon.colcon_core.package_discovery:discover_packages(colcon_meta) check parameters
[0.526s] Level 1:colcon.colcon_core.package_discovery:discover_packages(recursive) check parameters
[0.526s] Level 1:colcon.colcon_core.package_discovery:discover_packages(ignore) check parameters
[0.526s] Level 1:colcon.colcon_core.package_discovery:discover_packages(path) check parameters
[0.526s] Level 1:colcon.colcon_core.package_discovery:discover_packages(colcon_meta) discover
[0.527s] Level 1:colcon.colcon_core.package_discovery:discover_packages(recursive) discover
[0.527s] INFO:colcon.colcon_core.package_discovery:Crawling recursively for packages in '/home/rm-jiaolong/Workspace/homework4/task2'
[0.527s] Level 1:colcon.colcon_core.package_identification:_identify(.) by extensions ['ignore', 'ignore_ament_install']
[0.527s] Level 1:colcon.colcon_core.package_identification:_identify(.) by extension 'ignore'
[0.527s] Level 1:colcon.colcon_core.package_identification:_identify(.) by extension 'ignore_ament_install'
[0.528s] Level 1:colcon.colcon_core.package_identification:_identify(.) by extensions ['colcon_pkg']
[0.528s] Level 1:colcon.colcon_core.package_identification:_identify(.) by extension 'colcon_pkg'
[0.528s] Level 1:colcon.colcon_core.package_identification:_identify(.) by extensions ['colcon_meta']
[0.528s] Level 1:colcon.colcon_core.package_identification:_identify(.) by extension 'colcon_meta'
[0.528s] Level 1:colcon.colcon_core.package_identification:_identify(.) by extensions ['ros']
[0.528s] Level 1:colcon.colcon_core.package_identification:_identify(.) by extension 'ros'
[0.555s] Level 1:colcon.colcon_core.package_identification:_identify(.) by extensions ['cmake', 'python']
[0.556s] Level 1:colcon.colcon_core.package_identification:_identify(.) by extension 'cmake'
[0.556s] Level 1:colcon.colcon_core.package_identification:_identify(.) by extension 'python'
[0.556s] Level 1:colcon.colcon_core.package_identification:_identify(.) by extensions ['python_setup_py']
[0.556s] Level 1:colcon.colcon_core.package_identification:_identify(.) by extension 'python_setup_py'
[0.556s] Level 1:colcon.colcon_core.package_identification:_identify(build) by extensions ['ignore', 'ignore_ament_install']
[0.556s] Level 1:colcon.colcon_core.package_identification:_identify(build) by extension 'ignore'
[0.556s] Level 1:colcon.colcon_core.package_identification:_identify(build) ignored
[0.557s] Level 1:colcon.colcon_core.package_identification:_identify(install) by extensions ['ignore', 'ignore_ament_install']
[0.557s] Level 1:colcon.colcon_core.package_identification:_identify(install) by extension 'ignore'
[0.557s] Level 1:colcon.colcon_core.package_identification:_identify(install) ignored
[0.557s] Level 1:colcon.colcon_core.package_identification:_identify(log) by extensions ['ignore', 'ignore_ament_install']
[0.557s] Level 1:colcon.colcon_core.package_identification:_identify(log) by extension 'ignore'
[0.557s] Level 1:colcon.colcon_core.package_identification:_identify(log) ignored
[0.557s] Level 1:colcon.colcon_core.package_identification:_identify(src) by extensions ['ignore', 'ignore_ament_install']
[0.558s] Level 1:colcon.colcon_core.package_identification:_identify(src) by extension 'ignore'
[0.558s] Level 1:colcon.colcon_core.package_identification:_identify(src) by extension 'ignore_ament_install'
[0.558s] Level 1:colcon.colcon_core.package_identification:_identify(src) by extensions ['colcon_pkg']
[0.558s] Level 1:colcon.colcon_core.package_identification:_identify(src) by extension 'colcon_pkg'
[0.558s] Level 1:colcon.colcon_core.package_identification:_identify(src) by extensions ['colcon_meta']
[0.558s] Level 1:colcon.colcon_core.package_identification:_identify(src) by extension 'colcon_meta'
[0.558s] Level 1:colcon.colcon_core.package_identification:_identify(src) by extensions ['ros']
[0.558s] Level 1:colcon.colcon_core.package_identification:_identify(src) by extension 'ros'
[0.558s] Level 1:colcon.colcon_core.package_identification:_identify(src) by extensions ['cmake', 'python']
[0.558s] Level 1:colcon.colcon_core.package_identification:_identify(src) by extension 'cmake'
[0.558s] Level 1:colcon.colcon_core.package_identification:_identify(src) by extension 'python'
[0.558s] Level 1:colcon.colcon_core.package_identification:_identify(src) by extensions ['python_setup_py']
[0.559s] Level 1:colcon.colcon_core.package_identification:_identify(src) by extension 'python_setup_py'
[0.559s] Level 1:colcon.colcon_core.package_identification:_identify(src/action_demo) by extensions ['ignore', 'ignore_ament_install']
[0.559s] Level 1:colcon.colcon_core.package_identification:_identify(src/action_demo) by extension 'ignore'
[0.559s] Level 1:colcon.colcon_core.package_identification:_identify(src/action_demo) by extension 'ignore_ament_install'
[0.559s] Level 1:colcon.colcon_core.package_identification:_identify(src/action_demo) by extensions ['colcon_pkg']
[0.559s] Level 1:colcon.colcon_core.package_identification:_identify(src/action_demo) by extension 'colcon_pkg'
[0.559s] Level 1:colcon.colcon_core.package_identification:_identify(src/action_demo) by extensions ['colcon_meta']
[0.559s] Level 1:colcon.colcon_core.package_identification:_identify(src/action_demo) by extension 'colcon_meta'
[0.560s] Level 1:colcon.colcon_core.package_identification:_identify(src/action_demo) by extensions ['ros']
[0.560s] Level 1:colcon.colcon_core.package_identification:_identify(src/action_demo) by extension 'ros'
[0.565s] DEBUG:colcon.colcon_core.package_identification:Package 'src/action_demo' with type 'ros.ament_cmake' and name 'action_demo'
[0.566s] Level 1:colcon.colcon_core.package_identification:_identify(src/action_interfaces) by extensions ['ignore', 'ignore_ament_install']
[0.566s] Level 1:colcon.colcon_core.package_identification:_identify(src/action_interfaces) by extension 'ignore'
[0.566s] Level 1:colcon.colcon_core.package_identification:_identify(src/action_interfaces) by extension 'ignore_ament_install'
[0.566s] Level 1:colcon.colcon_core.package_identification:_identify(src/action_interfaces) by extensions ['colcon_pkg']
[0.566s] Level 1:colcon.colcon_core.package_identification:_identify(src/action_interfaces) by extension 'colcon_pkg'
[0.566s] Level 1:colcon.colcon_core.package_identification:_identify(src/action_interfaces) by extensions ['colcon_meta']
[0.566s] Level 1:colcon.colcon_core.package_identification:_identify(src/action_interfaces) by extension 'colcon_meta'
[0.567s] Level 1:colcon.colcon_core.package_identification:_identify(src/action_interfaces) by extensions ['ros']
[0.567s] Level 1:colcon.colcon_core.package_identification:_identify(src/action_interfaces) by extension 'ros'
[0.568s] DEBUG:colcon.colcon_core.package_identification:Package 'src/action_interfaces' with type 'ros.ament_cmake' and name 'action_interfaces'
[0.568s] Level 1:colcon.colcon_core.package_identification:_identify(src/build) by extensions ['ignore', 'ignore_ament_install']
[0.568s] Level 1:colcon.colcon_core.package_identification:_identify(src/build) by extension 'ignore'
[0.568s] Level 1:colcon.colcon_core.package_identification:_identify(src/build) ignored
[0.569s] Level 1:colcon.colcon_core.package_identification:_identify(src/install) by extensions ['ignore', 'ignore_ament_install']
[0.569s] Level 1:colcon.colcon_core.package_identification:_identify(src/install) by extension 'ignore'
[0.569s] Level 1:colcon.colcon_core.package_identification:_identify(src/install) ignored
[0.569s] Level 1:colcon.colcon_core.package_identification:_identify(src/log) by extensions ['ignore', 'ignore_ament_install']
[0.569s] Level 1:colcon.colcon_core.package_identification:_identify(src/log) by extension 'ignore'
[0.569s] Level 1:colcon.colcon_core.package_identification:_identify(src/log) ignored
[0.569s] Level 1:colcon.colcon_core.package_discovery:discover_packages(recursive) using defaults
[0.570s] Level 1:colcon.colcon_core.package_discovery:discover_packages(ignore) discover
[0.570s] Level 1:colcon.colcon_core.package_discovery:discover_packages(ignore) using defaults
[0.570s] Level 1:colcon.colcon_core.package_discovery:discover_packages(path) discover
[0.570s] Level 1:colcon.colcon_core.package_discovery:discover_packages(path) using defaults
[0.614s] Level 1:colcon.colcon_core.package_discovery:discover_packages(prefix_path) check parameters
[0.615s] Level 1:colcon.colcon_core.package_discovery:discover_packages(prefix_path) discover
[0.616s] WARNING:colcon.colcon_ros.prefix_path.ament:The path '/home/rm-jiaolong/Workspace/homework4/task2/install/action_demo' in the environment variable AMENT_PREFIX_PATH doesn't exist
[0.617s] WARNING:colcon.colcon_ros.prefix_path.ament:The path '/home/rm-jiaolong/Workspace/homework4/task2/install/action_interfaces' in the environment variable AMENT_PREFIX_PATH doesn't exist
[0.617s] WARNING:colcon.colcon_ros.prefix_path.catkin:The path '/home/rm-jiaolong/Workspace/homework4/task2/install/action_demo' in the environment variable CMAKE_PREFIX_PATH doesn't exist
[0.618s] WARNING:colcon.colcon_ros.prefix_path.catkin:The path '/home/rm-jiaolong/Workspace/homework4/task2/install/action_interfaces' in the environment variable CMAKE_PREFIX_PATH doesn't exist
[0.619s] DEBUG:colcon.colcon_installed_package_information.package_discovery:Found 0 installed packages in /home/rm-jiaolong/Workspace/homework4/task2/install
[0.621s] DEBUG:colcon.colcon_installed_package_information.package_discovery:Found 270 installed packages in /opt/ros/humble
[0.624s] Level 1:colcon.colcon_core.package_discovery:discover_packages(prefix_path) using defaults
[0.680s] Level 5:colcon.colcon_core.verb:set package 'action_interfaces' build argument 'cmake_args' from command line to 'None'
[0.680s] Level 5:colcon.colcon_core.verb:set package 'action_interfaces' build argument 'cmake_target' from command line to 'None'
[0.680s] Level 5:colcon.colcon_core.verb:set package 'action_interfaces' build argument 'cmake_target_skip_unavailable' from command line to 'False'
[0.680s] Level 5:colcon.colcon_core.verb:set package 'action_interfaces' build argument 'cmake_clean_cache' from command line to 'False'
[0.680s] Level 5:colcon.colcon_core.verb:set package 'action_interfaces' build argument 'cmake_clean_first' from command line to 'False'
[0.680s] Level 5:colcon.colcon_core.verb:set package 'action_interfaces' build argument 'cmake_force_configure' from command line to 'False'
[0.680s] Level 5:colcon.colcon_core.verb:set package 'action_interfaces' build argument 'ament_cmake_args' from command line to 'None'
[0.680s] Level 5:colcon.colcon_core.verb:set package 'action_interfaces' build argument 'catkin_cmake_args' from command line to 'None'
[0.680s] Level 5:colcon.colcon_core.verb:set package 'action_interfaces' build argument 'catkin_skip_building_tests' from command line to 'False'
[0.680s] DEBUG:colcon.colcon_core.verb:Building package 'action_interfaces' with the following arguments: {'ament_cmake_args': None, 'build_base': '/home/rm-jiaolong/Workspace/homework4/task2/build/action_interfaces', 'catkin_cmake_args': None, 'catkin_skip_building_tests': False, 'cmake_args': None, 'cmake_clean_cache': False, 'cmake_clean_first': False, 'cmake_force_configure': False, 'cmake_target': None, 'cmake_target_skip_unavailable': False, 'install_base': '/home/rm-jiaolong/Workspace/homework4/task2/install/action_interfaces', 'merge_install': False, 'path': '/home/rm-jiaolong/Workspace/homework4/task2/src/action_interfaces', 'symlink_install': False, 'test_result_base': None}
[0.681s] Level 5:colcon.colcon_core.verb:set package 'action_demo' build argument 'cmake_args' from command line to 'None'
[0.681s] Level 5:colcon.colcon_core.verb:set package 'action_demo' build argument 'cmake_target' from command line to 'None'
[0.681s] Level 5:colcon.colcon_core.verb:set package 'action_demo' build argument 'cmake_target_skip_unavailable' from command line to 'False'
[0.681s] Level 5:colcon.colcon_core.verb:set package 'action_demo' build argument 'cmake_clean_cache' from command line to 'False'
[0.681s] Level 5:colcon.colcon_core.verb:set package 'action_demo' build argument 'cmake_clean_first' from command line to 'False'
[0.681s] Level 5:colcon.colcon_core.verb:set package 'action_demo' build argument 'cmake_force_configure' from command line to 'False'
[0.681s] Level 5:colcon.colcon_core.verb:set package 'action_demo' build argument 'ament_cmake_args' from command line to 'None'
[0.681s] Level 5:colcon.colcon_core.verb:set package 'action_demo' build argument 'catkin_cmake_args' from command line to 'None'
[0.681s] Level 5:colcon.colcon_core.verb:set package 'action_demo' build argument 'catkin_skip_building_tests' from command line to 'False'
[0.681s] DEBUG:colcon.colcon_core.verb:Building package 'action_demo' with the following arguments: {'ament_cmake_args': None, 'build_base': '/home/rm-jiaolong/Workspace/homework4/task2/build/action_demo', 'catkin_cmake_args': None, 'catkin_skip_building_tests': False, 'cmake_args': None, 'cmake_clean_cache': False, 'cmake_clean_first': False, 'cmake_force_configure': False, 'cmake_target': None, 'cmake_target_skip_unavailable': False, 'install_base': '/home/rm-jiaolong/Workspace/homework4/task2/install/action_demo', 'merge_install': False, 'path': '/home/rm-jiaolong/Workspace/homework4/task2/src/action_demo', 'symlink_install': False, 'test_result_base': None}
[0.681s] INFO:colcon.colcon_core.executor:Executing jobs using 'parallel' executor
[0.682s] DEBUG:colcon.colcon_parallel_executor.executor.parallel:run_until_complete
[0.682s] INFO:colcon.colcon_ros.task.ament_cmake.build:Building ROS package in '/home/rm-jiaolong/Workspace/homework4/task2/src/action_interfaces' with build type 'ament_cmake'
[0.683s] INFO:colcon.colcon_cmake.task.cmake.build:Building CMake package in '/home/rm-jiaolong/Workspace/homework4/task2/src/action_interfaces'
[0.685s] INFO:colcon.colcon_core.plugin_system:Skipping extension 'colcon_core.shell.bat': Not used on non-Windows systems
[0.685s] INFO:colcon.colcon_core.shell:Skip shell extension 'powershell' for command environment: Not usable outside of PowerShell
[0.685s] DEBUG:colcon.colcon_core.shell:Skip shell extension 'dsv' for command environment
[0.694s] DEBUG:colcon.colcon_core.event_handler.log_command:Invoking command in '/home/rm-jiaolong/Workspace/homework4/task2/build/action_interfaces': CMAKE_PREFIX_PATH=${CMAKE_PREFIX_PATH}:/opt/ros/humble /usr/bin/cmake /home/rm-jiaolong/Workspace/homework4/task2/src/action_interfaces -DCMAKE_INSTALL_PREFIX=/home/rm-jiaolong/Workspace/homework4/task2/install/action_interfaces
[3.690s] DEBUG:colcon.colcon_core.event_handler.log_command:Invoked command in '/home/rm-jiaolong/Workspace/homework4/task2/build/action_interfaces' returned '0': CMAKE_PREFIX_PATH=${CMAKE_PREFIX_PATH}:/opt/ros/humble /usr/bin/cmake /home/rm-jiaolong/Workspace/homework4/task2/src/action_interfaces -DCMAKE_INSTALL_PREFIX=/home/rm-jiaolong/Workspace/homework4/task2/install/action_interfaces
[3.691s] DEBUG:colcon.colcon_core.event_handler.log_command:Invoking command in '/home/rm-jiaolong/Workspace/homework4/task2/build/action_interfaces': CMAKE_PREFIX_PATH=${CMAKE_PREFIX_PATH}:/opt/ros/humble /usr/bin/cmake --build /home/rm-jiaolong/Workspace/homework4/task2/build/action_interfaces -- -j4 -l4
[10.069s] DEBUG:colcon.colcon_core.event_handler.log_command:Invoked command in '/home/rm-jiaolong/Workspace/homework4/task2/build/action_interfaces' returned '0': CMAKE_PREFIX_PATH=${CMAKE_PREFIX_PATH}:/opt/ros/humble /usr/bin/cmake --build /home/rm-jiaolong/Workspace/homework4/task2/build/action_interfaces -- -j4 -l4
[10.202s] DEBUG:colcon.colcon_core.event_handler.log_command:Invoking command in '/home/rm-jiaolong/Workspace/homework4/task2/build/action_interfaces': CMAKE_PREFIX_PATH=${CMAKE_PREFIX_PATH}:/opt/ros/humble /usr/bin/cmake --install /home/rm-jiaolong/Workspace/homework4/task2/build/action_interfaces
[10.349s] Level 1:colcon.colcon_core.environment:create_environment_scripts_only(action_interfaces)
[10.350s] DEBUG:colcon.colcon_core.event_handler.log_command:Invoked command in '/home/rm-jiaolong/Workspace/homework4/task2/build/action_interfaces' returned '0': CMAKE_PREFIX_PATH=${CMAKE_PREFIX_PATH}:/opt/ros/humble /usr/bin/cmake --install /home/rm-jiaolong/Workspace/homework4/task2/build/action_interfaces
[10.355s] Level 1:colcon.colcon_core.environment:checking '/home/rm-jiaolong/Workspace/homework4/task2/install/action_interfaces' for CMake module files
[10.356s] Level 1:colcon.colcon_core.environment:checking '/home/rm-jiaolong/Workspace/homework4/task2/install/action_interfaces' for CMake config files
[10.356s] Level 1:colcon.colcon_core.shell:create_environment_hook('action_interfaces', 'cmake_prefix_path')
[10.357s] INFO:colcon.colcon_core.shell:Creating environment hook '/home/rm-jiaolong/Workspace/homework4/task2/install/action_interfaces/share/action_interfaces/hook/cmake_prefix_path.ps1'
[10.358s] INFO:colcon.colcon_core.shell:Creating environment descriptor '/home/rm-jiaolong/Workspace/homework4/task2/install/action_interfaces/share/action_interfaces/hook/cmake_prefix_path.dsv'
[10.360s] INFO:colcon.colcon_core.shell:Creating environment hook '/home/rm-jiaolong/Workspace/homework4/task2/install/action_interfaces/share/action_interfaces/hook/cmake_prefix_path.sh'
[10.362s] Level 1:colcon.colcon_core.environment:checking '/home/rm-jiaolong/Workspace/homework4/task2/install/action_interfaces/lib'
[10.363s] Level 1:colcon.colcon_core.shell:create_environment_hook('action_interfaces', 'ld_library_path_lib')
[10.363s] INFO:colcon.colcon_core.shell:Creating environment hook '/home/rm-jiaolong/Workspace/homework4/task2/install/action_interfaces/share/action_interfaces/hook/ld_library_path_lib.ps1'
[10.364s] INFO:colcon.colcon_core.shell:Creating environment descriptor '/home/rm-jiaolong/Workspace/homework4/task2/install/action_interfaces/share/action_interfaces/hook/ld_library_path_lib.dsv'
[10.365s] INFO:colcon.colcon_core.shell:Creating environment hook '/home/rm-jiaolong/Workspace/homework4/task2/install/action_interfaces/share/action_interfaces/hook/ld_library_path_lib.sh'
[10.366s] Level 1:colcon.colcon_core.environment:checking '/home/rm-jiaolong/Workspace/homework4/task2/install/action_interfaces/bin'
[10.366s] Level 1:colcon.colcon_core.environment:checking '/home/rm-jiaolong/Workspace/homework4/task2/install/action_interfaces/lib/pkgconfig/action_interfaces.pc'
[10.367s] Level 1:colcon.colcon_core.environment:checking '/home/rm-jiaolong/Workspace/homework4/task2/install/action_interfaces/lib/python3.10/site-packages'
[10.367s] Level 1:colcon.colcon_core.environment:checking '/home/rm-jiaolong/Workspace/homework4/task2/install/action_interfaces/bin'
[10.368s] INFO:colcon.colcon_core.shell:Creating package script '/home/rm-jiaolong/Workspace/homework4/task2/install/action_interfaces/share/action_interfaces/package.ps1'
[10.370s] INFO:colcon.colcon_core.shell:Creating package descriptor '/home/rm-jiaolong/Workspace/homework4/task2/install/action_interfaces/share/action_interfaces/package.dsv'
[10.373s] INFO:colcon.colcon_core.shell:Creating package script '/home/rm-jiaolong/Workspace/homework4/task2/install/action_interfaces/share/action_interfaces/package.sh'
[10.375s] INFO:colcon.colcon_core.shell:Creating package script '/home/rm-jiaolong/Workspace/homework4/task2/install/action_interfaces/share/action_interfaces/package.bash'
[10.376s] INFO:colcon.colcon_core.shell:Creating package script '/home/rm-jiaolong/Workspace/homework4/task2/install/action_interfaces/share/action_interfaces/package.zsh'
[10.378s] Level 1:colcon.colcon_core.environment:create_file_with_runtime_dependencies(/home/rm-jiaolong/Workspace/homework4/task2/install/action_interfaces/share/colcon-core/packages/action_interfaces)
[10.505s] Level 1:colcon.colcon_core.environment:create_environment_scripts_only(action_interfaces)
[10.506s] Level 1:colcon.colcon_core.environment:checking '/home/rm-jiaolong/Workspace/homework4/task2/install/action_interfaces' for CMake module files
[10.507s] Level 1:colcon.colcon_core.environment:checking '/home/rm-jiaolong/Workspace/homework4/task2/install/action_interfaces' for CMake config files
[10.507s] Level 1:colcon.colcon_core.shell:create_environment_hook('action_interfaces', 'cmake_prefix_path')
[10.508s] INFO:colcon.colcon_core.shell:Creating environment hook '/home/rm-jiaolong/Workspace/homework4/task2/install/action_interfaces/share/action_interfaces/hook/cmake_prefix_path.ps1'
[10.509s] INFO:colcon.colcon_core.shell:Creating environment descriptor '/home/rm-jiaolong/Workspace/homework4/task2/install/action_interfaces/share/action_interfaces/hook/cmake_prefix_path.dsv'
[10.510s] INFO:colcon.colcon_core.shell:Creating environment hook '/home/rm-jiaolong/Workspace/homework4/task2/install/action_interfaces/share/action_interfaces/hook/cmake_prefix_path.sh'
[10.511s] Level 1:colcon.colcon_core.environment:checking '/home/rm-jiaolong/Workspace/homework4/task2/install/action_interfaces/lib'
[10.511s] Level 1:colcon.colcon_core.shell:create_environment_hook('action_interfaces', 'ld_library_path_lib')
[10.512s] INFO:colcon.colcon_core.shell:Creating environment hook '/home/rm-jiaolong/Workspace/homework4/task2/install/action_interfaces/share/action_interfaces/hook/ld_library_path_lib.ps1'
[10.513s] INFO:colcon.colcon_core.shell:Creating environment descriptor '/home/rm-jiaolong/Workspace/homework4/task2/install/action_interfaces/share/action_interfaces/hook/ld_library_path_lib.dsv'
[10.514s] INFO:colcon.colcon_core.shell:Creating environment hook '/home/rm-jiaolong/Workspace/homework4/task2/install/action_interfaces/share/action_interfaces/hook/ld_library_path_lib.sh'
[10.515s] Level 1:colcon.colcon_core.environment:checking '/home/rm-jiaolong/Workspace/homework4/task2/install/action_interfaces/bin'
[10.515s] Level 1:colcon.colcon_core.environment:checking '/home/rm-jiaolong/Workspace/homework4/task2/install/action_interfaces/lib/pkgconfig/action_interfaces.pc'
[10.515s] Level 1:colcon.colcon_core.environment:checking '/home/rm-jiaolong/Workspace/homework4/task2/install/action_interfaces/lib/python3.10/site-packages'
[10.516s] Level 1:colcon.colcon_core.environment:checking '/home/rm-jiaolong/Workspace/homework4/task2/install/action_interfaces/bin'
[10.516s] INFO:colcon.colcon_core.shell:Creating package script '/home/rm-jiaolong/Workspace/homework4/task2/install/action_interfaces/share/action_interfaces/package.ps1'
[10.518s] INFO:colcon.colcon_core.shell:Creating package descriptor '/home/rm-jiaolong/Workspace/homework4/task2/install/action_interfaces/share/action_interfaces/package.dsv'
[10.520s] INFO:colcon.colcon_core.shell:Creating package script '/home/rm-jiaolong/Workspace/homework4/task2/install/action_interfaces/share/action_interfaces/package.sh'
[10.522s] INFO:colcon.colcon_core.shell:Creating package script '/home/rm-jiaolong/Workspace/homework4/task2/install/action_interfaces/share/action_interfaces/package.bash'
[10.524s] INFO:colcon.colcon_core.shell:Creating package script '/home/rm-jiaolong/Workspace/homework4/task2/install/action_interfaces/share/action_interfaces/package.zsh'
[10.525s] Level 1:colcon.colcon_core.environment:create_file_with_runtime_dependencies(/home/rm-jiaolong/Workspace/homework4/task2/install/action_interfaces/share/colcon-core/packages/action_interfaces)
[10.535s] INFO:colcon.colcon_ros.task.ament_cmake.build:Building ROS package in '/home/rm-jiaolong/Workspace/homework4/task2/src/action_demo' with build type 'ament_cmake'
[10.537s] INFO:colcon.colcon_cmake.task.cmake.build:Building CMake package in '/home/rm-jiaolong/Workspace/homework4/task2/src/action_demo'
[10.537s] INFO:colcon.colcon_core.shell:Skip shell extension 'powershell' for command environment: Not usable outside of PowerShell
[10.537s] DEBUG:colcon.colcon_core.shell:Skip shell extension 'dsv' for command environment
[10.557s] DEBUG:colcon.colcon_core.event_handler.log_command:Invoking command in '/home/rm-jiaolong/Workspace/homework4/task2/build/action_demo': CMAKE_PREFIX_PATH=/home/rm-jiaolong/Workspace/homework4/task2/install/action_interfaces:/home/rm-jiaolong/Workspace/homework4/task2/install/action_demo:/opt/ros/humble LD_LIBRARY_PATH=/home/rm-jiaolong/Workspace/homework4/task2/install/action_interfaces/lib:/opt/ros/humble/opt/rviz_ogre_vendor/lib:/opt/ros/humble/lib/x86_64-linux-gnu:/opt/ros/humble/lib:/opt/MVS/lib/64:/opt/MVS/lib/32:/opt/MVS/lib/64:/opt/MVS/lib/32:/opt/MVS/lib/64:/opt/MVS/lib/32 /usr/bin/cmake /home/rm-jiaolong/Workspace/homework4/task2/src/action_demo -DCMAKE_INSTALL_PREFIX=/home/rm-jiaolong/Workspace/homework4/task2/install/action_demo
[12.871s] DEBUG:colcon.colcon_core.event_handler.log_command:Invoked command in '/home/rm-jiaolong/Workspace/homework4/task2/build/action_demo' returned '0': CMAKE_PREFIX_PATH=/home/rm-jiaolong/Workspace/homework4/task2/install/action_interfaces:/home/rm-jiaolong/Workspace/homework4/task2/install/action_demo:/opt/ros/humble LD_LIBRARY_PATH=/home/rm-jiaolong/Workspace/homework4/task2/install/action_interfaces/lib:/opt/ros/humble/opt/rviz_ogre_vendor/lib:/opt/ros/humble/lib/x86_64-linux-gnu:/opt/ros/humble/lib:/opt/MVS/lib/64:/opt/MVS/lib/32:/opt/MVS/lib/64:/opt/MVS/lib/32:/opt/MVS/lib/64:/opt/MVS/lib/32 /usr/bin/cmake /home/rm-jiaolong/Workspace/homework4/task2/src/action_demo -DCMAKE_INSTALL_PREFIX=/home/rm-jiaolong/Workspace/homework4/task2/install/action_demo
[12.873s] DEBUG:colcon.colcon_core.event_handler.log_command:Invoking command in '/home/rm-jiaolong/Workspace/homework4/task2/build/action_demo': CMAKE_PREFIX_PATH=/home/rm-jiaolong/Workspace/homework4/task2/install/action_interfaces:/home/rm-jiaolong/Workspace/homework4/task2/install/action_demo:/opt/ros/humble LD_LIBRARY_PATH=/home/rm-jiaolong/Workspace/homework4/task2/install/action_interfaces/lib:/opt/ros/humble/opt/rviz_ogre_vendor/lib:/opt/ros/humble/lib/x86_64-linux-gnu:/opt/ros/humble/lib:/opt/MVS/lib/64:/opt/MVS/lib/32:/opt/MVS/lib/64:/opt/MVS/lib/32:/opt/MVS/lib/64:/opt/MVS/lib/32 /usr/bin/cmake --build /home/rm-jiaolong/Workspace/homework4/task2/build/action_demo -- -j4 -l4
[23.475s] DEBUG:colcon.colcon_core.event_handler.log_command:Invoked command in '/home/rm-jiaolong/Workspace/homework4/task2/build/action_demo' returned '0': CMAKE_PREFIX_PATH=/home/rm-jiaolong/Workspace/homework4/task2/install/action_interfaces:/home/rm-jiaolong/Workspace/homework4/task2/install/action_demo:/opt/ros/humble LD_LIBRARY_PATH=/home/rm-jiaolong/Workspace/homework4/task2/install/action_interfaces/lib:/opt/ros/humble/opt/rviz_ogre_vendor/lib:/opt/ros/humble/lib/x86_64-linux-gnu:/opt/ros/humble/lib:/opt/MVS/lib/64:/opt/MVS/lib/32:/opt/MVS/lib/64:/opt/MVS/lib/32:/opt/MVS/lib/64:/opt/MVS/lib/32 /usr/bin/cmake --build /home/rm-jiaolong/Workspace/homework4/task2/build/action_demo -- -j4 -l4
[23.525s] DEBUG:colcon.colcon_core.event_handler.log_command:Invoking command in '/home/rm-jiaolong/Workspace/homework4/task2/build/action_demo': CMAKE_PREFIX_PATH=/home/rm-jiaolong/Workspace/homework4/task2/install/action_interfaces:/home/rm-jiaolong/Workspace/homework4/task2/install/action_demo:/opt/ros/humble LD_LIBRARY_PATH=/home/rm-jiaolong/Workspace/homework4/task2/install/action_interfaces/lib:/opt/ros/humble/opt/rviz_ogre_vendor/lib:/opt/ros/humble/lib/x86_64-linux-gnu:/opt/ros/humble/lib:/opt/MVS/lib/64:/opt/MVS/lib/32:/opt/MVS/lib/64:/opt/MVS/lib/32:/opt/MVS/lib/64:/opt/MVS/lib/32 /usr/bin/cmake --install /home/rm-jiaolong/Workspace/homework4/task2/build/action_demo
[23.539s] Level 1:colcon.colcon_core.environment:create_environment_scripts_only(action_demo)
[23.539s] Level 1:colcon.colcon_core.environment:checking '/home/rm-jiaolong/Workspace/homework4/task2/install/action_demo' for CMake module files
[23.540s] DEBUG:colcon.colcon_core.event_handler.log_command:Invoked command in '/home/rm-jiaolong/Workspace/homework4/task2/build/action_demo' returned '0': CMAKE_PREFIX_PATH=/home/rm-jiaolong/Workspace/homework4/task2/install/action_interfaces:/home/rm-jiaolong/Workspace/homework4/task2/install/action_demo:/opt/ros/humble LD_LIBRARY_PATH=/home/rm-jiaolong/Workspace/homework4/task2/install/action_interfaces/lib:/opt/ros/humble/opt/rviz_ogre_vendor/lib:/opt/ros/humble/lib/x86_64-linux-gnu:/opt/ros/humble/lib:/opt/MVS/lib/64:/opt/MVS/lib/32:/opt/MVS/lib/64:/opt/MVS/lib/32:/opt/MVS/lib/64:/opt/MVS/lib/32 /usr/bin/cmake --install /home/rm-jiaolong/Workspace/homework4/task2/build/action_demo
[23.540s] Level 1:colcon.colcon_core.environment:checking '/home/rm-jiaolong/Workspace/homework4/task2/install/action_demo' for CMake config files
[23.541s] Level 1:colcon.colcon_core.shell:create_environment_hook('action_demo', 'cmake_prefix_path')
[23.541s] INFO:colcon.colcon_core.shell:Creating environment hook '/home/rm-jiaolong/Workspace/homework4/task2/install/action_demo/share/action_demo/hook/cmake_prefix_path.ps1'
[23.542s] INFO:colcon.colcon_core.shell:Creating environment descriptor '/home/rm-jiaolong/Workspace/homework4/task2/install/action_demo/share/action_demo/hook/cmake_prefix_path.dsv'
[23.542s] INFO:colcon.colcon_core.shell:Creating environment hook '/home/rm-jiaolong/Workspace/homework4/task2/install/action_demo/share/action_demo/hook/cmake_prefix_path.sh'
[23.543s] Level 1:colcon.colcon_core.environment:checking '/home/rm-jiaolong/Workspace/homework4/task2/install/action_demo/lib'
[23.543s] Level 1:colcon.colcon_core.environment:checking '/home/rm-jiaolong/Workspace/homework4/task2/install/action_demo/bin'
[23.543s] Level 1:colcon.colcon_core.environment:checking '/home/rm-jiaolong/Workspace/homework4/task2/install/action_demo/lib/pkgconfig/action_demo.pc'
[23.543s] Level 1:colcon.colcon_core.environment:checking '/home/rm-jiaolong/Workspace/homework4/task2/install/action_demo/lib/python3.10/site-packages'
[23.544s] Level 1:colcon.colcon_core.environment:checking '/home/rm-jiaolong/Workspace/homework4/task2/install/action_demo/bin'
[23.544s] INFO:colcon.colcon_core.shell:Creating package script '/home/rm-jiaolong/Workspace/homework4/task2/install/action_demo/share/action_demo/package.ps1'
[23.545s] INFO:colcon.colcon_core.shell:Creating package descriptor '/home/rm-jiaolong/Workspace/homework4/task2/install/action_demo/share/action_demo/package.dsv'
[23.546s] INFO:colcon.colcon_core.shell:Creating package script '/home/rm-jiaolong/Workspace/homework4/task2/install/action_demo/share/action_demo/package.sh'
[23.546s] INFO:colcon.colcon_core.shell:Creating package script '/home/rm-jiaolong/Workspace/homework4/task2/install/action_demo/share/action_demo/package.bash'
[23.547s] INFO:colcon.colcon_core.shell:Creating package script '/home/rm-jiaolong/Workspace/homework4/task2/install/action_demo/share/action_demo/package.zsh'
[23.548s] Level 1:colcon.colcon_core.environment:create_file_with_runtime_dependencies(/home/rm-jiaolong/Workspace/homework4/task2/install/action_demo/share/colcon-core/packages/action_demo)
[23.589s] Level 1:colcon.colcon_core.environment:create_environment_scripts_only(action_demo)
[23.590s] Level 1:colcon.colcon_core.environment:checking '/home/rm-jiaolong/Workspace/homework4/task2/install/action_demo' for CMake module files
[23.591s] Level 1:colcon.colcon_core.environment:checking '/home/rm-jiaolong/Workspace/homework4/task2/install/action_demo' for CMake config files
[23.591s] Level 1:colcon.colcon_core.shell:create_environment_hook('action_demo', 'cmake_prefix_path')
[23.591s] INFO:colcon.colcon_core.shell:Creating environment hook '/home/rm-jiaolong/Workspace/homework4/task2/install/action_demo/share/action_demo/hook/cmake_prefix_path.ps1'
[23.592s] INFO:colcon.colcon_core.shell:Creating environment descriptor '/home/rm-jiaolong/Workspace/homework4/task2/install/action_demo/share/action_demo/hook/cmake_prefix_path.dsv'
[23.593s] INFO:colcon.colcon_core.shell:Creating environment hook '/home/rm-jiaolong/Workspace/homework4/task2/install/action_demo/share/action_demo/hook/cmake_prefix_path.sh'
[23.594s] Level 1:colcon.colcon_core.environment:checking '/home/rm-jiaolong/Workspace/homework4/task2/install/action_demo/lib'
[23.594s] Level 1:colcon.colcon_core.environment:checking '/home/rm-jiaolong/Workspace/homework4/task2/install/action_demo/bin'
[23.594s] Level 1:colcon.colcon_core.environment:checking '/home/rm-jiaolong/Workspace/homework4/task2/install/action_demo/lib/pkgconfig/action_demo.pc'
[23.594s] Level 1:colcon.colcon_core.environment:checking '/home/rm-jiaolong/Workspace/homework4/task2/install/action_demo/lib/python3.10/site-packages'
[23.595s] Level 1:colcon.colcon_core.environment:checking '/home/rm-jiaolong/Workspace/homework4/task2/install/action_demo/bin'
[23.595s] INFO:colcon.colcon_core.shell:Creating package script '/home/rm-jiaolong/Workspace/homework4/task2/install/action_demo/share/action_demo/package.ps1'
[23.597s] INFO:colcon.colcon_core.shell:Creating package descriptor '/home/rm-jiaolong/Workspace/homework4/task2/install/action_demo/share/action_demo/package.dsv'
[23.598s] INFO:colcon.colcon_core.shell:Creating package script '/home/rm-jiaolong/Workspace/homework4/task2/install/action_demo/share/action_demo/package.sh'
[23.599s] INFO:colcon.colcon_core.shell:Creating package script '/home/rm-jiaolong/Workspace/homework4/task2/install/action_demo/share/action_demo/package.bash'
[23.600s] INFO:colcon.colcon_core.shell:Creating package script '/home/rm-jiaolong/Workspace/homework4/task2/install/action_demo/share/action_demo/package.zsh'
[23.602s] Level 1:colcon.colcon_core.environment:create_file_with_runtime_dependencies(/home/rm-jiaolong/Workspace/homework4/task2/install/action_demo/share/colcon-core/packages/action_demo)
[23.604s] DEBUG:colcon.colcon_parallel_executor.executor.parallel:closing loop
[23.604s] DEBUG:colcon.colcon_parallel_executor.executor.parallel:loop closed
[23.604s] DEBUG:colcon.colcon_parallel_executor.executor.parallel:run_until_complete finished with '0'
[23.604s] DEBUG:colcon.colcon_core.event_reactor:joining thread
[23.621s] INFO:colcon.colcon_core.plugin_system:Skipping extension 'colcon_notification.desktop_notification.terminal_notifier': Not used on non-Darwin systems
[23.621s] INFO:colcon.colcon_core.plugin_system:Skipping extension 'colcon_notification.desktop_notification.win32': Not used on non-Windows systems
[23.621s] INFO:colcon.colcon_notification.desktop_notification:Sending desktop notification using 'notify2'
[23.643s] DEBUG:colcon.colcon_core.event_reactor:joined thread
[23.643s] INFO:colcon.colcon_core.shell:Creating prefix script '/home/rm-jiaolong/Workspace/homework4/task2/install/local_setup.ps1'
[23.645s] INFO:colcon.colcon_core.shell:Creating prefix util module '/home/rm-jiaolong/Workspace/homework4/task2/install/_local_setup_util_ps1.py'
[23.646s] INFO:colcon.colcon_core.shell:Creating prefix chain script '/home/rm-jiaolong/Workspace/homework4/task2/install/setup.ps1'
[23.648s] INFO:colcon.colcon_core.shell:Creating prefix script '/home/rm-jiaolong/Workspace/homework4/task2/install/local_setup.sh'
[23.649s] INFO:colcon.colcon_core.shell:Creating prefix util module '/home/rm-jiaolong/Workspace/homework4/task2/install/_local_setup_util_sh.py'
[23.650s] INFO:colcon.colcon_core.shell:Creating prefix chain script '/home/rm-jiaolong/Workspace/homework4/task2/install/setup.sh'
[23.652s] INFO:colcon.colcon_core.shell:Creating prefix script '/home/rm-jiaolong/Workspace/homework4/task2/install/local_setup.bash'
[23.654s] INFO:colcon.colcon_core.shell:Creating prefix chain script '/home/rm-jiaolong/Workspace/homework4/task2/install/setup.bash'
[23.656s] INFO:colcon.colcon_core.shell:Creating prefix script '/home/rm-jiaolong/Workspace/homework4/task2/install/local_setup.zsh'
[23.658s] INFO:colcon.colcon_core.shell:Creating prefix chain script '/home/rm-jiaolong/Workspace/homework4/task2/install/setup.zsh'
