[0.029s] Invoking command in '/home/rm-jiaolong/Workspace/homework4/task1/build/service_demo': CMAKE_PREFIX_PATH=/opt/ros/humble /usr/bin/cmake --build /home/rm-jiaolong/Workspace/homework4/task1/build/service_demo -- -j4 -l4
[0.117s] [35m[1mConsolidate compiler generated dependencies of target service_server[0m
[0.143s] [ 50%] Built target service_client
[0.147s] [ 75%] [32mBuilding CXX object CMakeFiles/service_server.dir/src/service_server.cpp.o[0m
[8.835s] [100%] [32m[1mLinking CXX executable service_server[0m
[9.168s] [100%] Built target service_server
[9.185s] Invoked command in '/home/rm-jiaolong/Workspace/homework4/task1/build/service_demo' returned '0': CMAKE_PREFIX_PATH=/opt/ros/humble /usr/bin/cmake --build /home/rm-jiaolong/Workspace/homework4/task1/build/service_demo -- -j4 -l4
[9.257s] Invoking command in '/home/rm-jiaolong/Workspace/homework4/task1/build/service_demo': CMAKE_PREFIX_PATH=/opt/ros/humble /usr/bin/cmake --install /home/rm-jiaolong/Workspace/homework4/task1/build/service_demo
[9.265s] -- Install configuration: ""
[9.266s] -- Installing: /home/rm-jiaolong/Workspace/homework4/task1/install/service_demo/share/ament_index/resource_index/package_run_dependencies/service_demo
[9.267s] -- Installing: /home/rm-jiaolong/Workspace/homework4/task1/install/service_demo/share/ament_index/resource_index/parent_prefix_path/service_demo
[9.267s] -- Installing: /home/rm-jiaolong/Workspace/homework4/task1/install/service_demo/share/service_demo/environment/ament_prefix_path.sh
[9.268s] -- Installing: /home/rm-jiaolong/Workspace/homework4/task1/install/service_demo/share/service_demo/environment/ament_prefix_path.dsv
[9.268s] -- Installing: /home/rm-jiaolong/Workspace/homework4/task1/install/service_demo/share/service_demo/environment/path.sh
[9.268s] -- Installing: /home/rm-jiaolong/Workspace/homework4/task1/install/service_demo/share/service_demo/environment/path.dsv
[9.268s] -- Installing: /home/rm-jiaolong/Workspace/homework4/task1/install/service_demo/share/service_demo/local_setup.bash
[9.269s] -- Installing: /home/rm-jiaolong/Workspace/homework4/task1/install/service_demo/share/service_demo/local_setup.sh
[9.270s] -- Installing: /home/rm-jiaolong/Workspace/homework4/task1/install/service_demo/share/service_demo/local_setup.zsh
[9.270s] -- Installing: /home/rm-jiaolong/Workspace/homework4/task1/install/service_demo/share/service_demo/local_setup.dsv
[9.270s] -- Installing: /home/rm-jiaolong/Workspace/homework4/task1/install/service_demo/share/service_demo/package.dsv
[9.270s] -- Installing: /home/rm-jiaolong/Workspace/homework4/task1/install/service_demo/share/ament_index/resource_index/packages/service_demo
[9.270s] -- Installing: /home/rm-jiaolong/Workspace/homework4/task1/install/service_demo/share/service_demo/cmake/service_demoConfig.cmake
[9.271s] -- Installing: /home/rm-jiaolong/Workspace/homework4/task1/install/service_demo/share/service_demo/cmake/service_demoConfig-version.cmake
[9.271s] -- Installing: /home/rm-jiaolong/Workspace/homework4/task1/install/service_demo/share/service_demo/package.xml
[9.271s] -- Installing: /home/rm-jiaolong/Workspace/homework4/task1/install/service_demo/lib/service_demo/service_server
[9.271s] -- Set runtime path of "/home/rm-jiaolong/Workspace/homework4/task1/install/service_demo/lib/service_demo/service_server" to ""
[9.272s] -- Installing: /home/rm-jiaolong/Workspace/homework4/task1/install/service_demo/lib/service_demo/service_client
[9.273s] -- Set runtime path of "/home/rm-jiaolong/Workspace/homework4/task1/install/service_demo/lib/service_demo/service_client" to ""
[9.277s] Invoked command in '/home/rm-jiaolong/Workspace/homework4/task1/build/service_demo' returned '0': CMAKE_PREFIX_PATH=/opt/ros/humble /usr/bin/cmake --install /home/rm-jiaolong/Workspace/homework4/task1/build/service_demo
