[0.029s] Invoking command in '/home/rm-jiaolong/Workspace/homework4/task2/build/action_interfaces': CMAKE_PREFIX_PATH=${CMAKE_PREFIX_PATH}:/opt/ros/humble /usr/bin/cmake --build /home/rm-jiaolong/Workspace/homework4/task2/build/action_interfaces -- -j4 -l4
[0.138s] [  9%] Built target action_interfaces__rosidl_generator_c
[0.140s] [ 12%] Built target action_interfaces__cpp
[0.159s] [ 12%] Built target ament_cmake_python_copy_action_interfaces
[0.182s] [ 22%] Built target action_interfaces__rosidl_typesupport_c
[0.183s] [ 32%] Built target action_interfaces__rosidl_typesupport_introspection_c
[0.193s] [ 41%] Built target action_interfaces__rosidl_typesupport_fastrtps_c
[0.213s] [ 51%] Built target action_interfaces__rosidl_typesupport_fastrtps_cpp
[0.229s] [ 61%] Built target action_interfaces__rosidl_typesupport_introspection_cpp
[0.243s] [ 70%] Built target action_interfaces__rosidl_typesupport_cpp
[0.284s] [ 70%] Built target action_interfaces
[0.328s] [ 74%] Built target action_interfaces__py
[0.380s] [ 80%] Built target action_interfaces__rosidl_generator_py
[0.427s] [ 87%] Built target action_interfaces__rosidl_typesupport_fastrtps_c__pyext
[0.427s] [ 93%] Built target action_interfaces__rosidl_typesupport_introspection_c__pyext
[0.434s] [100%] Built target action_interfaces__rosidl_typesupport_c__pyext
[0.704s] running egg_info
[0.706s] writing action_interfaces.egg-info/PKG-INFO
[0.708s] writing dependency_links to action_interfaces.egg-info/dependency_links.txt
[0.709s] writing top-level names to action_interfaces.egg-info/top_level.txt
[0.714s] reading manifest file 'action_interfaces.egg-info/SOURCES.txt'
[0.715s] writing manifest file 'action_interfaces.egg-info/SOURCES.txt'
[0.772s] [100%] Built target ament_cmake_python_build_action_interfaces_egg
[0.795s] Invoked command in '/home/rm-jiaolong/Workspace/homework4/task2/build/action_interfaces' returned '0': CMAKE_PREFIX_PATH=${CMAKE_PREFIX_PATH}:/opt/ros/humble /usr/bin/cmake --build /home/rm-jiaolong/Workspace/homework4/task2/build/action_interfaces -- -j4 -l4
[0.934s] Invoking command in '/home/rm-jiaolong/Workspace/homework4/task2/build/action_interfaces': CMAKE_PREFIX_PATH=${CMAKE_PREFIX_PATH}:/opt/ros/humble /usr/bin/cmake --install /home/rm-jiaolong/Workspace/homework4/task2/build/action_interfaces
[0.951s] -- Install configuration: ""
[0.951s] -- Up-to-date: /home/rm-jiaolong/Workspace/homework4/task2/install/action_interfaces/share/ament_index/resource_index/rosidl_interfaces/action_interfaces
[0.952s] -- Up-to-date: /home/rm-jiaolong/Workspace/homework4/task2/install/action_interfaces/include/action_interfaces/action_interfaces
[0.952s] -- Up-to-date: /home/rm-jiaolong/Workspace/homework4/task2/install/action_interfaces/include/action_interfaces/action_interfaces/action
[0.953s] -- Up-to-date: /home/rm-jiaolong/Workspace/homework4/task2/install/action_interfaces/include/action_interfaces/action_interfaces/action/move_robot.h
[0.953s] -- Up-to-date: /home/rm-jiaolong/Workspace/homework4/task2/install/action_interfaces/include/action_interfaces/action_interfaces/action/detail
[0.953s] -- Up-to-date: /home/rm-jiaolong/Workspace/homework4/task2/install/action_interfaces/include/action_interfaces/action_interfaces/action/detail/move_robot__functions.c
[0.955s] -- Up-to-date: /home/rm-jiaolong/Workspace/homework4/task2/install/action_interfaces/include/action_interfaces/action_interfaces/action/detail/move_robot__struct.h
[0.956s] -- Up-to-date: /home/rm-jiaolong/Workspace/homework4/task2/install/action_interfaces/include/action_interfaces/action_interfaces/action/detail/move_robot__type_support.h
[0.956s] -- Up-to-date: /home/rm-jiaolong/Workspace/homework4/task2/install/action_interfaces/include/action_interfaces/action_interfaces/action/detail/move_robot__functions.h
[0.958s] -- Up-to-date: /home/rm-jiaolong/Workspace/homework4/task2/install/action_interfaces/include/action_interfaces/action_interfaces/msg
[0.958s] -- Up-to-date: /home/rm-jiaolong/Workspace/homework4/task2/install/action_interfaces/include/action_interfaces/action_interfaces/msg/rosidl_generator_c__visibility_control.h
[0.958s] -- Up-to-date: /home/rm-jiaolong/Workspace/homework4/task2/install/action_interfaces/share/action_interfaces/environment/library_path.sh
[0.958s] -- Up-to-date: /home/rm-jiaolong/Workspace/homework4/task2/install/action_interfaces/share/action_interfaces/environment/library_path.dsv
[0.959s] -- Up-to-date: /home/rm-jiaolong/Workspace/homework4/task2/install/action_interfaces/lib/libaction_interfaces__rosidl_generator_c.so
[0.960s] -- Up-to-date: /home/rm-jiaolong/Workspace/homework4/task2/install/action_interfaces/include/action_interfaces/action_interfaces
[0.960s] -- Up-to-date: /home/rm-jiaolong/Workspace/homework4/task2/install/action_interfaces/include/action_interfaces/action_interfaces/action
[0.961s] -- Up-to-date: /home/rm-jiaolong/Workspace/homework4/task2/install/action_interfaces/include/action_interfaces/action_interfaces/action/detail
[0.961s] -- Up-to-date: /home/rm-jiaolong/Workspace/homework4/task2/install/action_interfaces/include/action_interfaces/action_interfaces/action/detail/move_robot__rosidl_typesupport_fastrtps_c.h
[0.961s] -- Up-to-date: /home/rm-jiaolong/Workspace/homework4/task2/install/action_interfaces/include/action_interfaces/action_interfaces/msg
[0.962s] -- Up-to-date: /home/rm-jiaolong/Workspace/homework4/task2/install/action_interfaces/include/action_interfaces/action_interfaces/msg/rosidl_typesupport_fastrtps_c__visibility_control.h
[0.962s] -- Up-to-date: /home/rm-jiaolong/Workspace/homework4/task2/install/action_interfaces/lib/libaction_interfaces__rosidl_typesupport_fastrtps_c.so
[0.962s] -- Up-to-date: /home/rm-jiaolong/Workspace/homework4/task2/install/action_interfaces/include/action_interfaces/action_interfaces
[0.962s] -- Up-to-date: /home/rm-jiaolong/Workspace/homework4/task2/install/action_interfaces/include/action_interfaces/action_interfaces/action
[0.962s] -- Up-to-date: /home/rm-jiaolong/Workspace/homework4/task2/install/action_interfaces/include/action_interfaces/action_interfaces/action/detail
[0.963s] -- Up-to-date: /home/rm-jiaolong/Workspace/homework4/task2/install/action_interfaces/include/action_interfaces/action_interfaces/action/detail/move_robot__type_support.c
[0.963s] -- Up-to-date: /home/rm-jiaolong/Workspace/homework4/task2/install/action_interfaces/include/action_interfaces/action_interfaces/action/detail/move_robot__rosidl_typesupport_introspection_c.h
[0.963s] -- Up-to-date: /home/rm-jiaolong/Workspace/homework4/task2/install/action_interfaces/include/action_interfaces/action_interfaces/msg
[0.963s] -- Up-to-date: /home/rm-jiaolong/Workspace/homework4/task2/install/action_interfaces/include/action_interfaces/action_interfaces/msg/rosidl_typesupport_introspection_c__visibility_control.h
[0.963s] -- Up-to-date: /home/rm-jiaolong/Workspace/homework4/task2/install/action_interfaces/lib/libaction_interfaces__rosidl_typesupport_introspection_c.so
[0.963s] -- Up-to-date: /home/rm-jiaolong/Workspace/homework4/task2/install/action_interfaces/lib/libaction_interfaces__rosidl_typesupport_c.so
[0.964s] -- Up-to-date: /home/rm-jiaolong/Workspace/homework4/task2/install/action_interfaces/include/action_interfaces/action_interfaces
[0.964s] -- Up-to-date: /home/rm-jiaolong/Workspace/homework4/task2/install/action_interfaces/include/action_interfaces/action_interfaces/action
[0.964s] -- Up-to-date: /home/rm-jiaolong/Workspace/homework4/task2/install/action_interfaces/include/action_interfaces/action_interfaces/action/move_robot.hpp
[0.964s] -- Up-to-date: /home/rm-jiaolong/Workspace/homework4/task2/install/action_interfaces/include/action_interfaces/action_interfaces/action/detail
[0.964s] -- Up-to-date: /home/rm-jiaolong/Workspace/homework4/task2/install/action_interfaces/include/action_interfaces/action_interfaces/action/detail/move_robot__traits.hpp
[0.964s] -- Up-to-date: /home/rm-jiaolong/Workspace/homework4/task2/install/action_interfaces/include/action_interfaces/action_interfaces/action/detail/move_robot__struct.hpp
[0.964s] -- Up-to-date: /home/rm-jiaolong/Workspace/homework4/task2/install/action_interfaces/include/action_interfaces/action_interfaces/action/detail/move_robot__builder.hpp
[0.965s] -- Up-to-date: /home/rm-jiaolong/Workspace/homework4/task2/install/action_interfaces/include/action_interfaces/action_interfaces
[0.965s] -- Up-to-date: /home/rm-jiaolong/Workspace/homework4/task2/install/action_interfaces/include/action_interfaces/action_interfaces/action
[0.965s] -- Up-to-date: /home/rm-jiaolong/Workspace/homework4/task2/install/action_interfaces/include/action_interfaces/action_interfaces/action/detail
[0.965s] -- Up-to-date: /home/rm-jiaolong/Workspace/homework4/task2/install/action_interfaces/include/action_interfaces/action_interfaces/action/detail/move_robot__rosidl_typesupport_fastrtps_cpp.hpp
[0.965s] -- Up-to-date: /home/rm-jiaolong/Workspace/homework4/task2/install/action_interfaces/include/action_interfaces/action_interfaces/action/detail/dds_fastrtps
[0.965s] -- Up-to-date: /home/rm-jiaolong/Workspace/homework4/task2/install/action_interfaces/include/action_interfaces/action_interfaces/msg
[0.965s] -- Up-to-date: /home/rm-jiaolong/Workspace/homework4/task2/install/action_interfaces/include/action_interfaces/action_interfaces/msg/rosidl_typesupport_fastrtps_cpp__visibility_control.h
[0.965s] -- Up-to-date: /home/rm-jiaolong/Workspace/homework4/task2/install/action_interfaces/lib/libaction_interfaces__rosidl_typesupport_fastrtps_cpp.so
[0.966s] -- Up-to-date: /home/rm-jiaolong/Workspace/homework4/task2/install/action_interfaces/include/action_interfaces/action_interfaces
[0.966s] -- Up-to-date: /home/rm-jiaolong/Workspace/homework4/task2/install/action_interfaces/include/action_interfaces/action_interfaces/action
[0.966s] -- Up-to-date: /home/rm-jiaolong/Workspace/homework4/task2/install/action_interfaces/include/action_interfaces/action_interfaces/action/detail
[0.966s] -- Up-to-date: /home/rm-jiaolong/Workspace/homework4/task2/install/action_interfaces/include/action_interfaces/action_interfaces/action/detail/move_robot__rosidl_typesupport_introspection_cpp.hpp
[0.966s] -- Up-to-date: /home/rm-jiaolong/Workspace/homework4/task2/install/action_interfaces/include/action_interfaces/action_interfaces/action/detail/move_robot__type_support.cpp
[0.966s] -- Up-to-date: /home/rm-jiaolong/Workspace/homework4/task2/install/action_interfaces/lib/libaction_interfaces__rosidl_typesupport_introspection_cpp.so
[0.966s] -- Up-to-date: /home/rm-jiaolong/Workspace/homework4/task2/install/action_interfaces/lib/libaction_interfaces__rosidl_typesupport_cpp.so
[0.966s] -- Up-to-date: /home/rm-jiaolong/Workspace/homework4/task2/install/action_interfaces/share/action_interfaces/environment/pythonpath.sh
[0.966s] -- Up-to-date: /home/rm-jiaolong/Workspace/homework4/task2/install/action_interfaces/share/action_interfaces/environment/pythonpath.dsv
[0.967s] -- Up-to-date: /home/rm-jiaolong/Workspace/homework4/task2/install/action_interfaces/local/lib/python3.10/dist-packages/action_interfaces-0.0.0-py3.10.egg-info
[0.967s] -- Installing: /home/rm-jiaolong/Workspace/homework4/task2/install/action_interfaces/local/lib/python3.10/dist-packages/action_interfaces-0.0.0-py3.10.egg-info/PKG-INFO
[0.967s] -- Installing: /home/rm-jiaolong/Workspace/homework4/task2/install/action_interfaces/local/lib/python3.10/dist-packages/action_interfaces-0.0.0-py3.10.egg-info/dependency_links.txt
[0.967s] -- Installing: /home/rm-jiaolong/Workspace/homework4/task2/install/action_interfaces/local/lib/python3.10/dist-packages/action_interfaces-0.0.0-py3.10.egg-info/top_level.txt
[0.967s] -- Installing: /home/rm-jiaolong/Workspace/homework4/task2/install/action_interfaces/local/lib/python3.10/dist-packages/action_interfaces-0.0.0-py3.10.egg-info/SOURCES.txt
[0.967s] -- Up-to-date: /home/rm-jiaolong/Workspace/homework4/task2/install/action_interfaces/local/lib/python3.10/dist-packages/action_interfaces
[0.967s] -- Up-to-date: /home/rm-jiaolong/Workspace/homework4/task2/install/action_interfaces/local/lib/python3.10/dist-packages/action_interfaces/action_interfaces_s__rosidl_typesupport_introspection_c.cpython-310-x86_64-linux-gnu.so
[0.967s] -- Up-to-date: /home/rm-jiaolong/Workspace/homework4/task2/install/action_interfaces/local/lib/python3.10/dist-packages/action_interfaces/action_interfaces_s__rosidl_typesupport_fastrtps_c.cpython-310-x86_64-linux-gnu.so
[0.968s] -- Up-to-date: /home/rm-jiaolong/Workspace/homework4/task2/install/action_interfaces/local/lib/python3.10/dist-packages/action_interfaces/action
[0.968s] -- Up-to-date: /home/rm-jiaolong/Workspace/homework4/task2/install/action_interfaces/local/lib/python3.10/dist-packages/action_interfaces/action/_move_robot.py
[0.968s] -- Up-to-date: /home/rm-jiaolong/Workspace/homework4/task2/install/action_interfaces/local/lib/python3.10/dist-packages/action_interfaces/action/_move_robot_s.c
[0.968s] -- Up-to-date: /home/rm-jiaolong/Workspace/homework4/task2/install/action_interfaces/local/lib/python3.10/dist-packages/action_interfaces/action/__init__.py
[0.968s] -- Up-to-date: /home/rm-jiaolong/Workspace/homework4/task2/install/action_interfaces/local/lib/python3.10/dist-packages/action_interfaces/_action_interfaces_s.ep.rosidl_typesupport_introspection_c.c
[0.968s] -- Up-to-date: /home/rm-jiaolong/Workspace/homework4/task2/install/action_interfaces/local/lib/python3.10/dist-packages/action_interfaces/libaction_interfaces__rosidl_generator_py.so
[0.968s] -- Up-to-date: /home/rm-jiaolong/Workspace/homework4/task2/install/action_interfaces/local/lib/python3.10/dist-packages/action_interfaces/_action_interfaces_s.ep.rosidl_typesupport_fastrtps_c.c
[0.968s] -- Up-to-date: /home/rm-jiaolong/Workspace/homework4/task2/install/action_interfaces/local/lib/python3.10/dist-packages/action_interfaces/_action_interfaces_s.ep.rosidl_typesupport_c.c
[0.968s] -- Up-to-date: /home/rm-jiaolong/Workspace/homework4/task2/install/action_interfaces/local/lib/python3.10/dist-packages/action_interfaces/__init__.py
[0.969s] -- Up-to-date: /home/rm-jiaolong/Workspace/homework4/task2/install/action_interfaces/local/lib/python3.10/dist-packages/action_interfaces/action_interfaces_s__rosidl_typesupport_c.cpython-310-x86_64-linux-gnu.so
[1.033s] Listing '/home/rm-jiaolong/Workspace/homework4/task2/install/action_interfaces/local/lib/python3.10/dist-packages/action_interfaces'...
[1.033s] Listing '/home/rm-jiaolong/Workspace/homework4/task2/install/action_interfaces/local/lib/python3.10/dist-packages/action_interfaces/action'...
[1.048s] -- Up-to-date: /home/rm-jiaolong/Workspace/homework4/task2/install/action_interfaces/local/lib/python3.10/dist-packages/action_interfaces/action_interfaces_s__rosidl_typesupport_fastrtps_c.cpython-310-x86_64-linux-gnu.so
[1.048s] -- Up-to-date: /home/rm-jiaolong/Workspace/homework4/task2/install/action_interfaces/local/lib/python3.10/dist-packages/action_interfaces/action_interfaces_s__rosidl_typesupport_introspection_c.cpython-310-x86_64-linux-gnu.so
[1.049s] -- Up-to-date: /home/rm-jiaolong/Workspace/homework4/task2/install/action_interfaces/local/lib/python3.10/dist-packages/action_interfaces/action_interfaces_s__rosidl_typesupport_c.cpython-310-x86_64-linux-gnu.so
[1.049s] -- Up-to-date: /home/rm-jiaolong/Workspace/homework4/task2/install/action_interfaces/lib/libaction_interfaces__rosidl_generator_py.so
[1.049s] -- Up-to-date: /home/rm-jiaolong/Workspace/homework4/task2/install/action_interfaces/share/action_interfaces/action/MoveRobot.idl
[1.049s] -- Up-to-date: /home/rm-jiaolong/Workspace/homework4/task2/install/action_interfaces/share/action_interfaces/action/MoveRobot.action
[1.050s] -- Up-to-date: /home/rm-jiaolong/Workspace/homework4/task2/install/action_interfaces/share/ament_index/resource_index/package_run_dependencies/action_interfaces
[1.050s] -- Up-to-date: /home/rm-jiaolong/Workspace/homework4/task2/install/action_interfaces/share/ament_index/resource_index/parent_prefix_path/action_interfaces
[1.050s] -- Up-to-date: /home/rm-jiaolong/Workspace/homework4/task2/install/action_interfaces/share/action_interfaces/environment/ament_prefix_path.sh
[1.050s] -- Up-to-date: /home/rm-jiaolong/Workspace/homework4/task2/install/action_interfaces/share/action_interfaces/environment/ament_prefix_path.dsv
[1.050s] -- Up-to-date: /home/rm-jiaolong/Workspace/homework4/task2/install/action_interfaces/share/action_interfaces/environment/path.sh
[1.051s] -- Up-to-date: /home/rm-jiaolong/Workspace/homework4/task2/install/action_interfaces/share/action_interfaces/environment/path.dsv
[1.052s] -- Up-to-date: /home/rm-jiaolong/Workspace/homework4/task2/install/action_interfaces/share/action_interfaces/local_setup.bash
[1.052s] -- Up-to-date: /home/rm-jiaolong/Workspace/homework4/task2/install/action_interfaces/share/action_interfaces/local_setup.sh
[1.052s] -- Up-to-date: /home/rm-jiaolong/Workspace/homework4/task2/install/action_interfaces/share/action_interfaces/local_setup.zsh
[1.053s] -- Up-to-date: /home/rm-jiaolong/Workspace/homework4/task2/install/action_interfaces/share/action_interfaces/local_setup.dsv
[1.053s] -- Installing: /home/rm-jiaolong/Workspace/homework4/task2/install/action_interfaces/share/action_interfaces/package.dsv
[1.053s] -- Up-to-date: /home/rm-jiaolong/Workspace/homework4/task2/install/action_interfaces/share/ament_index/resource_index/packages/action_interfaces
[1.053s] -- Up-to-date: /home/rm-jiaolong/Workspace/homework4/task2/install/action_interfaces/share/action_interfaces/cmake/export_action_interfaces__rosidl_generator_cExport.cmake
[1.054s] -- Up-to-date: /home/rm-jiaolong/Workspace/homework4/task2/install/action_interfaces/share/action_interfaces/cmake/export_action_interfaces__rosidl_generator_cExport-noconfig.cmake
[1.054s] -- Up-to-date: /home/rm-jiaolong/Workspace/homework4/task2/install/action_interfaces/share/action_interfaces/cmake/export_action_interfaces__rosidl_typesupport_fastrtps_cExport.cmake
[1.054s] -- Up-to-date: /home/rm-jiaolong/Workspace/homework4/task2/install/action_interfaces/share/action_interfaces/cmake/export_action_interfaces__rosidl_typesupport_fastrtps_cExport-noconfig.cmake
[1.054s] -- Up-to-date: /home/rm-jiaolong/Workspace/homework4/task2/install/action_interfaces/share/action_interfaces/cmake/action_interfaces__rosidl_typesupport_introspection_cExport.cmake
[1.054s] -- Up-to-date: /home/rm-jiaolong/Workspace/homework4/task2/install/action_interfaces/share/action_interfaces/cmake/action_interfaces__rosidl_typesupport_introspection_cExport-noconfig.cmake
[1.055s] -- Up-to-date: /home/rm-jiaolong/Workspace/homework4/task2/install/action_interfaces/share/action_interfaces/cmake/action_interfaces__rosidl_typesupport_cExport.cmake
[1.055s] -- Up-to-date: /home/rm-jiaolong/Workspace/homework4/task2/install/action_interfaces/share/action_interfaces/cmake/action_interfaces__rosidl_typesupport_cExport-noconfig.cmake
[1.055s] -- Up-to-date: /home/rm-jiaolong/Workspace/homework4/task2/install/action_interfaces/share/action_interfaces/cmake/export_action_interfaces__rosidl_generator_cppExport.cmake
[1.055s] -- Up-to-date: /home/rm-jiaolong/Workspace/homework4/task2/install/action_interfaces/share/action_interfaces/cmake/export_action_interfaces__rosidl_typesupport_fastrtps_cppExport.cmake
[1.055s] -- Up-to-date: /home/rm-jiaolong/Workspace/homework4/task2/install/action_interfaces/share/action_interfaces/cmake/export_action_interfaces__rosidl_typesupport_fastrtps_cppExport-noconfig.cmake
[1.055s] -- Up-to-date: /home/rm-jiaolong/Workspace/homework4/task2/install/action_interfaces/share/action_interfaces/cmake/action_interfaces__rosidl_typesupport_introspection_cppExport.cmake
[1.056s] -- Up-to-date: /home/rm-jiaolong/Workspace/homework4/task2/install/action_interfaces/share/action_interfaces/cmake/action_interfaces__rosidl_typesupport_introspection_cppExport-noconfig.cmake
[1.056s] -- Up-to-date: /home/rm-jiaolong/Workspace/homework4/task2/install/action_interfaces/share/action_interfaces/cmake/action_interfaces__rosidl_typesupport_cppExport.cmake
[1.056s] -- Up-to-date: /home/rm-jiaolong/Workspace/homework4/task2/install/action_interfaces/share/action_interfaces/cmake/action_interfaces__rosidl_typesupport_cppExport-noconfig.cmake
[1.056s] -- Up-to-date: /home/rm-jiaolong/Workspace/homework4/task2/install/action_interfaces/share/action_interfaces/cmake/export_action_interfaces__rosidl_generator_pyExport.cmake
[1.057s] -- Up-to-date: /home/rm-jiaolong/Workspace/homework4/task2/install/action_interfaces/share/action_interfaces/cmake/export_action_interfaces__rosidl_generator_pyExport-noconfig.cmake
[1.057s] -- Up-to-date: /home/rm-jiaolong/Workspace/homework4/task2/install/action_interfaces/share/action_interfaces/cmake/rosidl_cmake-extras.cmake
[1.057s] -- Up-to-date: /home/rm-jiaolong/Workspace/homework4/task2/install/action_interfaces/share/action_interfaces/cmake/ament_cmake_export_dependencies-extras.cmake
[1.057s] -- Up-to-date: /home/rm-jiaolong/Workspace/homework4/task2/install/action_interfaces/share/action_interfaces/cmake/ament_cmake_export_include_directories-extras.cmake
[1.057s] -- Up-to-date: /home/rm-jiaolong/Workspace/homework4/task2/install/action_interfaces/share/action_interfaces/cmake/ament_cmake_export_libraries-extras.cmake
[1.057s] -- Up-to-date: /home/rm-jiaolong/Workspace/homework4/task2/install/action_interfaces/share/action_interfaces/cmake/ament_cmake_export_targets-extras.cmake
[1.057s] -- Up-to-date: /home/rm-jiaolong/Workspace/homework4/task2/install/action_interfaces/share/action_interfaces/cmake/rosidl_cmake_export_typesupport_targets-extras.cmake
[1.058s] -- Up-to-date: /home/rm-jiaolong/Workspace/homework4/task2/install/action_interfaces/share/action_interfaces/cmake/rosidl_cmake_export_typesupport_libraries-extras.cmake
[1.058s] -- Up-to-date: /home/rm-jiaolong/Workspace/homework4/task2/install/action_interfaces/share/action_interfaces/cmake/action_interfacesConfig.cmake
[1.058s] -- Up-to-date: /home/rm-jiaolong/Workspace/homework4/task2/install/action_interfaces/share/action_interfaces/cmake/action_interfacesConfig-version.cmake
[1.058s] -- Up-to-date: /home/rm-jiaolong/Workspace/homework4/task2/install/action_interfaces/share/action_interfaces/package.xml
[1.063s] Invoked command in '/home/rm-jiaolong/Workspace/homework4/task2/build/action_interfaces' returned '0': CMAKE_PREFIX_PATH=${CMAKE_PREFIX_PATH}:/opt/ros/humble /usr/bin/cmake --install /home/rm-jiaolong/Workspace/homework4/task2/build/action_interfaces
