[0.144s] DEBUG:colcon:Command line arguments: ['/usr/bin/colcon', 'build', '--packages-select', 'service_demo']
[0.144s] DEBUG:colcon:Parsed command line arguments: Namespace(log_base=None, log_level=None, verb_name='build', build_base='build', install_base='install', merge_install=False, symlink_install=False, test_result_base=None, continue_on_error=False, executor='parallel', parallel_workers=4, event_handlers=None, ignore_user_meta=False, metas=['./colcon.meta'], base_paths=['.'], packages_ignore=None, packages_ignore_regex=None, paths=None, packages_up_to=None, packages_up_to_regex=None, packages_above=None, packages_above_and_dependencies=None, packages_above_depth=None, packages_select_by_dep=None, packages_skip_by_dep=None, packages_skip_up_to=None, packages_select_build_failed=False, packages_skip_build_finished=False, packages_select_test_failures=False, packages_skip_test_passed=False, packages_select=['service_demo'], packages_skip=None, packages_select_regex=None, packages_skip_regex=None, packages_start=None, packages_end=None, allow_overriding=[], cmake_args=None, cmake_target=None, cmake_target_skip_unavailable=False, cmake_clean_cache=False, cmake_clean_first=False, cmake_force_configure=False, ament_cmake_args=None, catkin_cmake_args=None, catkin_skip_building_tests=False, verb_parser=<colcon_defaults.argument_parser.defaults.DefaultArgumentsDecorator object at 0x7ba2e0ed3e80>, verb_extension=<colcon_core.verb.build.BuildVerb object at 0x7ba2e0ed38e0>, main=<bound method BuildVerb.main of <colcon_core.verb.build.BuildVerb object at 0x7ba2e0ed38e0>>)
[0.373s] Level 1:colcon.colcon_core.package_discovery:discover_packages(colcon_meta) check parameters
[0.373s] Level 1:colcon.colcon_core.package_discovery:discover_packages(recursive) check parameters
[0.373s] Level 1:colcon.colcon_core.package_discovery:discover_packages(ignore) check parameters
[0.373s] Level 1:colcon.colcon_core.package_discovery:discover_packages(path) check parameters
[0.373s] Level 1:colcon.colcon_core.package_discovery:discover_packages(colcon_meta) discover
[0.373s] Level 1:colcon.colcon_core.package_discovery:discover_packages(recursive) discover
[0.374s] INFO:colcon.colcon_core.package_discovery:Crawling recursively for packages in '/home/rm-jiaolong/Workspace/homework4/task1'
[0.374s] Level 1:colcon.colcon_core.package_identification:_identify(.) by extensions ['ignore', 'ignore_ament_install']
[0.374s] Level 1:colcon.colcon_core.package_identification:_identify(.) by extension 'ignore'
[0.374s] Level 1:colcon.colcon_core.package_identification:_identify(.) by extension 'ignore_ament_install'
[0.374s] Level 1:colcon.colcon_core.package_identification:_identify(.) by extensions ['colcon_pkg']
[0.374s] Level 1:colcon.colcon_core.package_identification:_identify(.) by extension 'colcon_pkg'
[0.374s] Level 1:colcon.colcon_core.package_identification:_identify(.) by extensions ['colcon_meta']
[0.374s] Level 1:colcon.colcon_core.package_identification:_identify(.) by extension 'colcon_meta'
[0.374s] Level 1:colcon.colcon_core.package_identification:_identify(.) by extensions ['ros']
[0.374s] Level 1:colcon.colcon_core.package_identification:_identify(.) by extension 'ros'
[0.404s] Level 1:colcon.colcon_core.package_identification:_identify(.) by extensions ['cmake', 'python']
[0.404s] Level 1:colcon.colcon_core.package_identification:_identify(.) by extension 'cmake'
[0.404s] Level 1:colcon.colcon_core.package_identification:_identify(.) by extension 'python'
[0.404s] Level 1:colcon.colcon_core.package_identification:_identify(.) by extensions ['python_setup_py']
[0.404s] Level 1:colcon.colcon_core.package_identification:_identify(.) by extension 'python_setup_py'
[0.404s] Level 1:colcon.colcon_core.package_identification:_identify(build) by extensions ['ignore', 'ignore_ament_install']
[0.405s] Level 1:colcon.colcon_core.package_identification:_identify(build) by extension 'ignore'
[0.405s] Level 1:colcon.colcon_core.package_identification:_identify(build) ignored
[0.405s] Level 1:colcon.colcon_core.package_identification:_identify(install) by extensions ['ignore', 'ignore_ament_install']
[0.405s] Level 1:colcon.colcon_core.package_identification:_identify(install) by extension 'ignore'
[0.405s] Level 1:colcon.colcon_core.package_identification:_identify(install) ignored
[0.405s] Level 1:colcon.colcon_core.package_identification:_identify(log) by extensions ['ignore', 'ignore_ament_install']
[0.405s] Level 1:colcon.colcon_core.package_identification:_identify(log) by extension 'ignore'
[0.406s] Level 1:colcon.colcon_core.package_identification:_identify(log) ignored
[0.406s] Level 1:colcon.colcon_core.package_identification:_identify(src) by extensions ['ignore', 'ignore_ament_install']
[0.406s] Level 1:colcon.colcon_core.package_identification:_identify(src) by extension 'ignore'
[0.406s] Level 1:colcon.colcon_core.package_identification:_identify(src) by extension 'ignore_ament_install'
[0.407s] Level 1:colcon.colcon_core.package_identification:_identify(src) by extensions ['colcon_pkg']
[0.407s] Level 1:colcon.colcon_core.package_identification:_identify(src) by extension 'colcon_pkg'
[0.407s] Level 1:colcon.colcon_core.package_identification:_identify(src) by extensions ['colcon_meta']
[0.407s] Level 1:colcon.colcon_core.package_identification:_identify(src) by extension 'colcon_meta'
[0.407s] Level 1:colcon.colcon_core.package_identification:_identify(src) by extensions ['ros']
[0.407s] Level 1:colcon.colcon_core.package_identification:_identify(src) by extension 'ros'
[0.407s] Level 1:colcon.colcon_core.package_identification:_identify(src) by extensions ['cmake', 'python']
[0.407s] Level 1:colcon.colcon_core.package_identification:_identify(src) by extension 'cmake'
[0.407s] Level 1:colcon.colcon_core.package_identification:_identify(src) by extension 'python'
[0.407s] Level 1:colcon.colcon_core.package_identification:_identify(src) by extensions ['python_setup_py']
[0.407s] Level 1:colcon.colcon_core.package_identification:_identify(src) by extension 'python_setup_py'
[0.408s] Level 1:colcon.colcon_core.package_identification:_identify(src/service_demo) by extensions ['ignore', 'ignore_ament_install']
[0.408s] Level 1:colcon.colcon_core.package_identification:_identify(src/service_demo) by extension 'ignore'
[0.408s] Level 1:colcon.colcon_core.package_identification:_identify(src/service_demo) by extension 'ignore_ament_install'
[0.408s] Level 1:colcon.colcon_core.package_identification:_identify(src/service_demo) by extensions ['colcon_pkg']
[0.408s] Level 1:colcon.colcon_core.package_identification:_identify(src/service_demo) by extension 'colcon_pkg'
[0.408s] Level 1:colcon.colcon_core.package_identification:_identify(src/service_demo) by extensions ['colcon_meta']
[0.408s] Level 1:colcon.colcon_core.package_identification:_identify(src/service_demo) by extension 'colcon_meta'
[0.408s] Level 1:colcon.colcon_core.package_identification:_identify(src/service_demo) by extensions ['ros']
[0.408s] Level 1:colcon.colcon_core.package_identification:_identify(src/service_demo) by extension 'ros'
[0.414s] DEBUG:colcon.colcon_core.package_identification:Package 'src/service_demo' with type 'ros.ament_cmake' and name 'service_demo'
[0.414s] Level 1:colcon.colcon_core.package_discovery:discover_packages(recursive) using defaults
[0.414s] Level 1:colcon.colcon_core.package_discovery:discover_packages(ignore) discover
[0.414s] Level 1:colcon.colcon_core.package_discovery:discover_packages(ignore) using defaults
[0.414s] Level 1:colcon.colcon_core.package_discovery:discover_packages(path) discover
[0.414s] Level 1:colcon.colcon_core.package_discovery:discover_packages(path) using defaults
[0.437s] Level 1:colcon.colcon_core.package_discovery:discover_packages(prefix_path) check parameters
[0.437s] Level 1:colcon.colcon_core.package_discovery:discover_packages(prefix_path) discover
[0.439s] DEBUG:colcon.colcon_installed_package_information.package_discovery:Found 270 installed packages in /opt/ros/humble
[0.441s] Level 1:colcon.colcon_core.package_discovery:discover_packages(prefix_path) using defaults
[0.521s] Level 5:colcon.colcon_core.verb:set package 'service_demo' build argument 'cmake_args' from command line to 'None'
[0.522s] Level 5:colcon.colcon_core.verb:set package 'service_demo' build argument 'cmake_target' from command line to 'None'
[0.522s] Level 5:colcon.colcon_core.verb:set package 'service_demo' build argument 'cmake_target_skip_unavailable' from command line to 'False'
[0.522s] Level 5:colcon.colcon_core.verb:set package 'service_demo' build argument 'cmake_clean_cache' from command line to 'False'
[0.522s] Level 5:colcon.colcon_core.verb:set package 'service_demo' build argument 'cmake_clean_first' from command line to 'False'
[0.522s] Level 5:colcon.colcon_core.verb:set package 'service_demo' build argument 'cmake_force_configure' from command line to 'False'
[0.522s] Level 5:colcon.colcon_core.verb:set package 'service_demo' build argument 'ament_cmake_args' from command line to 'None'
[0.522s] Level 5:colcon.colcon_core.verb:set package 'service_demo' build argument 'catkin_cmake_args' from command line to 'None'
[0.522s] Level 5:colcon.colcon_core.verb:set package 'service_demo' build argument 'catkin_skip_building_tests' from command line to 'False'
[0.522s] DEBUG:colcon.colcon_core.verb:Building package 'service_demo' with the following arguments: {'ament_cmake_args': None, 'build_base': '/home/rm-jiaolong/Workspace/homework4/task1/build/service_demo', 'catkin_cmake_args': None, 'catkin_skip_building_tests': False, 'cmake_args': None, 'cmake_clean_cache': False, 'cmake_clean_first': False, 'cmake_force_configure': False, 'cmake_target': None, 'cmake_target_skip_unavailable': False, 'install_base': '/home/rm-jiaolong/Workspace/homework4/task1/install/service_demo', 'merge_install': False, 'path': '/home/rm-jiaolong/Workspace/homework4/task1/src/service_demo', 'symlink_install': False, 'test_result_base': None}
[0.522s] INFO:colcon.colcon_core.executor:Executing jobs using 'parallel' executor
[0.525s] DEBUG:colcon.colcon_parallel_executor.executor.parallel:run_until_complete
[0.526s] INFO:colcon.colcon_ros.task.ament_cmake.build:Building ROS package in '/home/rm-jiaolong/Workspace/homework4/task1/src/service_demo' with build type 'ament_cmake'
[0.526s] INFO:colcon.colcon_cmake.task.cmake.build:Building CMake package in '/home/rm-jiaolong/Workspace/homework4/task1/src/service_demo'
[0.530s] INFO:colcon.colcon_core.plugin_system:Skipping extension 'colcon_core.shell.bat': Not used on non-Windows systems
[0.530s] INFO:colcon.colcon_core.shell:Skip shell extension 'powershell' for command environment: Not usable outside of PowerShell
[0.530s] DEBUG:colcon.colcon_core.shell:Skip shell extension 'dsv' for command environment
[0.549s] DEBUG:colcon.colcon_core.event_handler.log_command:Invoking command in '/home/rm-jiaolong/Workspace/homework4/task1/build/service_demo': CMAKE_PREFIX_PATH=/opt/ros/humble /usr/bin/cmake /home/rm-jiaolong/Workspace/homework4/task1/src/service_demo -DCMAKE_INSTALL_PREFIX=/home/rm-jiaolong/Workspace/homework4/task1/install/service_demo
[1.643s] DEBUG:colcon.colcon_core.event_handler.log_command:Invoked command in '/home/rm-jiaolong/Workspace/homework4/task1/build/service_demo' returned '0': CMAKE_PREFIX_PATH=/opt/ros/humble /usr/bin/cmake /home/rm-jiaolong/Workspace/homework4/task1/src/service_demo -DCMAKE_INSTALL_PREFIX=/home/rm-jiaolong/Workspace/homework4/task1/install/service_demo
[1.646s] DEBUG:colcon.colcon_core.event_handler.log_command:Invoking command in '/home/rm-jiaolong/Workspace/homework4/task1/build/service_demo': CMAKE_PREFIX_PATH=/opt/ros/humble /usr/bin/cmake --build /home/rm-jiaolong/Workspace/homework4/task1/build/service_demo -- -j4 -l4
[10.900s] DEBUG:colcon.colcon_core.event_handler.log_command:Invoked command in '/home/rm-jiaolong/Workspace/homework4/task1/build/service_demo' returned '2': CMAKE_PREFIX_PATH=/opt/ros/humble /usr/bin/cmake --build /home/rm-jiaolong/Workspace/homework4/task1/build/service_demo -- -j4 -l4
[10.969s] Level 1:colcon.colcon_core.environment:create_environment_scripts_only(service_demo)
[10.974s] Level 1:colcon.colcon_core.environment:checking '/home/rm-jiaolong/Workspace/homework4/task1/install/service_demo' for CMake module files
[10.975s] Level 1:colcon.colcon_core.environment:checking '/home/rm-jiaolong/Workspace/homework4/task1/install/service_demo' for CMake config files
[10.976s] Level 1:colcon.colcon_core.environment:checking '/home/rm-jiaolong/Workspace/homework4/task1/install/service_demo/bin'
[10.977s] Level 1:colcon.colcon_core.environment:checking '/home/rm-jiaolong/Workspace/homework4/task1/install/service_demo/lib/pkgconfig/service_demo.pc'
[10.977s] Level 1:colcon.colcon_core.environment:checking '/home/rm-jiaolong/Workspace/homework4/task1/install/service_demo/lib/python3.10/site-packages'
[10.978s] Level 1:colcon.colcon_core.environment:checking '/home/rm-jiaolong/Workspace/homework4/task1/install/service_demo/bin'
[10.978s] INFO:colcon.colcon_core.shell:Creating package script '/home/rm-jiaolong/Workspace/homework4/task1/install/service_demo/share/service_demo/package.ps1'
[10.981s] INFO:colcon.colcon_core.shell:Creating package descriptor '/home/rm-jiaolong/Workspace/homework4/task1/install/service_demo/share/service_demo/package.dsv'
[10.982s] INFO:colcon.colcon_core.shell:Creating package script '/home/rm-jiaolong/Workspace/homework4/task1/install/service_demo/share/service_demo/package.sh'
[10.984s] INFO:colcon.colcon_core.shell:Creating package script '/home/rm-jiaolong/Workspace/homework4/task1/install/service_demo/share/service_demo/package.bash'
[10.986s] INFO:colcon.colcon_core.shell:Creating package script '/home/rm-jiaolong/Workspace/homework4/task1/install/service_demo/share/service_demo/package.zsh'
[10.988s] Level 1:colcon.colcon_core.environment:create_file_with_runtime_dependencies(/home/rm-jiaolong/Workspace/homework4/task1/install/service_demo/share/colcon-core/packages/service_demo)
[10.999s] DEBUG:colcon.colcon_parallel_executor.executor.parallel:closing loop
[11.000s] DEBUG:colcon.colcon_parallel_executor.executor.parallel:loop closed
[11.000s] DEBUG:colcon.colcon_parallel_executor.executor.parallel:run_until_complete finished with '2'
[11.000s] DEBUG:colcon.colcon_core.event_reactor:joining thread
[11.018s] INFO:colcon.colcon_core.plugin_system:Skipping extension 'colcon_notification.desktop_notification.terminal_notifier': Not used on non-Darwin systems
[11.018s] INFO:colcon.colcon_core.plugin_system:Skipping extension 'colcon_notification.desktop_notification.win32': Not used on non-Windows systems
[11.018s] INFO:colcon.colcon_notification.desktop_notification:Sending desktop notification using 'notify2'
[11.050s] DEBUG:colcon.colcon_core.event_reactor:joined thread
[11.051s] INFO:colcon.colcon_core.shell:Creating prefix script '/home/rm-jiaolong/Workspace/homework4/task1/install/local_setup.ps1'
[11.053s] INFO:colcon.colcon_core.shell:Creating prefix util module '/home/rm-jiaolong/Workspace/homework4/task1/install/_local_setup_util_ps1.py'
[11.055s] INFO:colcon.colcon_core.shell:Creating prefix chain script '/home/rm-jiaolong/Workspace/homework4/task1/install/setup.ps1'
[11.057s] INFO:colcon.colcon_core.shell:Creating prefix script '/home/rm-jiaolong/Workspace/homework4/task1/install/local_setup.sh'
[11.059s] INFO:colcon.colcon_core.shell:Creating prefix util module '/home/rm-jiaolong/Workspace/homework4/task1/install/_local_setup_util_sh.py'
[11.060s] INFO:colcon.colcon_core.shell:Creating prefix chain script '/home/rm-jiaolong/Workspace/homework4/task1/install/setup.sh'
[11.062s] INFO:colcon.colcon_core.shell:Creating prefix script '/home/rm-jiaolong/Workspace/homework4/task1/install/local_setup.bash'
[11.063s] INFO:colcon.colcon_core.shell:Creating prefix chain script '/home/rm-jiaolong/Workspace/homework4/task1/install/setup.bash'
[11.065s] INFO:colcon.colcon_core.shell:Creating prefix script '/home/rm-jiaolong/Workspace/homework4/task1/install/local_setup.zsh'
[11.066s] INFO:colcon.colcon_core.shell:Creating prefix chain script '/home/rm-jiaolong/Workspace/homework4/task1/install/setup.zsh'
