[0.008s] Invoking command in '/home/luna/2025-vision-training-master (1)/2025-vision-training-master/homework4/ros_ws/build/serviceLearn': CMAKE_PREFIX_PATH=/opt/ros/humble /usr/bin/cmake --build /home/luna/2025-vision-training-master (1)/2025-vision-training-master/homework4/ros_ws/build/serviceLearn -- -j32 -l32
[0.021s] -- Found ament_cmake: 1.3.10 (/opt/ros/humble/share/ament_cmake/cmake)
[0.179s] -- Found rclcpp: 16.0.10 (/opt/ros/humble/share/rclcpp/cmake)
[0.201s] -- Found rosidl_generator_c: 3.1.5 (/opt/ros/humble/share/rosidl_generator_c/cmake)
[0.203s] -- Found rosidl_adapter: 3.1.5 (/opt/ros/humble/share/rosidl_adapter/cmake)
[0.208s] -- Found rosidl_generator_cpp: 3.1.5 (/opt/ros/humble/share/rosidl_generator_cpp/cmake)
[0.218s] -- Using all available rosidl_typesupport_c: rosidl_typesupport_fastrtps_c;rosidl_typesupport_introspection_c
[0.229s] -- Using all available rosidl_typesupport_cpp: rosidl_typesupport_fastrtps_cpp;rosidl_typesupport_introspection_cpp
[0.257s] -- Found rmw_implementation_cmake: 6.1.2 (/opt/ros/humble/share/rmw_implementation_cmake/cmake)
[0.259s] -- Found rmw_fastrtps_cpp: 6.2.7 (/opt/ros/humble/share/rmw_fastrtps_cpp/cmake)
[0.334s] -- Using RMW implementation 'rmw_fastrtps_cpp' as default
[0.378s] -- Found ament_lint_auto: 0.12.11 (/opt/ros/humble/share/ament_lint_auto/cmake)
[0.412s] WARNING: Package name "serviceLearn" does not follow the naming conventions. It should start with a lower case letter and only contain lower case letters, digits, underscores, and dashes.
[0.424s] -- Added test 'cppcheck' to perform static code analysis on C / C++ code
[0.424s] -- Configured cppcheck include dirs: 
[0.424s] -- Configured cppcheck exclude dirs and/or files: 
[0.424s] -- Added test 'lint_cmake' to check CMake code style
[0.424s] -- Added test 'uncrustify' to check C / C++ code style
[0.424s] -- Configured uncrustify additional arguments: 
[0.424s] -- Added test 'xmllint' to check XML markup files
[0.425s] -- Configuring done (0.4s)
[0.432s] -- Generating done (0.0s)
[0.433s] -- Build files have been written to: /home/luna/2025-vision-training-master (1)/2025-vision-training-master/homework4/ros_ws/build/serviceLearn
[0.459s] [ 50%] Built target client
[0.459s] [100%] Built target server
[0.467s] Invoked command in '/home/luna/2025-vision-training-master (1)/2025-vision-training-master/homework4/ros_ws/build/serviceLearn' returned '0': CMAKE_PREFIX_PATH=/opt/ros/humble /usr/bin/cmake --build /home/luna/2025-vision-training-master (1)/2025-vision-training-master/homework4/ros_ws/build/serviceLearn -- -j32 -l32
[0.500s] Invoking command in '/home/luna/2025-vision-training-master (1)/2025-vision-training-master/homework4/ros_ws/build/serviceLearn': CMAKE_PREFIX_PATH=/opt/ros/humble /usr/bin/cmake --install /home/luna/2025-vision-training-master (1)/2025-vision-training-master/homework4/ros_ws/build/serviceLearn
[0.502s] -- Install configuration: ""
[0.502s] -- Up-to-date: /home/luna/2025-vision-training-master (1)/2025-vision-training-master/homework4/ros_ws/install/serviceLearn/lib/serviceLearn/server
[0.502s] -- Up-to-date: /home/luna/2025-vision-training-master (1)/2025-vision-training-master/homework4/ros_ws/install/serviceLearn/lib/serviceLearn/client
[0.502s] -- Up-to-date: /home/luna/2025-vision-training-master (1)/2025-vision-training-master/homework4/ros_ws/install/serviceLearn/share/ament_index/resource_index/package_run_dependencies/serviceLearn
[0.502s] -- Up-to-date: /home/luna/2025-vision-training-master (1)/2025-vision-training-master/homework4/ros_ws/install/serviceLearn/share/ament_index/resource_index/parent_prefix_path/serviceLearn
[0.502s] -- Up-to-date: /home/luna/2025-vision-training-master (1)/2025-vision-training-master/homework4/ros_ws/install/serviceLearn/share/serviceLearn/environment/ament_prefix_path.sh
[0.502s] -- Installing: /home/luna/2025-vision-training-master (1)/2025-vision-training-master/homework4/ros_ws/install/serviceLearn/share/serviceLearn/environment/ament_prefix_path.dsv
[0.503s] -- Up-to-date: /home/luna/2025-vision-training-master (1)/2025-vision-training-master/homework4/ros_ws/install/serviceLearn/share/serviceLearn/environment/path.sh
[0.503s] -- Installing: /home/luna/2025-vision-training-master (1)/2025-vision-training-master/homework4/ros_ws/install/serviceLearn/share/serviceLearn/environment/path.dsv
[0.503s] -- Up-to-date: /home/luna/2025-vision-training-master (1)/2025-vision-training-master/homework4/ros_ws/install/serviceLearn/share/serviceLearn/local_setup.bash
[0.503s] -- Up-to-date: /home/luna/2025-vision-training-master (1)/2025-vision-training-master/homework4/ros_ws/install/serviceLearn/share/serviceLearn/local_setup.sh
[0.503s] -- Up-to-date: /home/luna/2025-vision-training-master (1)/2025-vision-training-master/homework4/ros_ws/install/serviceLearn/share/serviceLearn/local_setup.zsh
[0.503s] -- Installing: /home/luna/2025-vision-training-master (1)/2025-vision-training-master/homework4/ros_ws/install/serviceLearn/share/serviceLearn/local_setup.dsv
[0.503s] -- Installing: /home/luna/2025-vision-training-master (1)/2025-vision-training-master/homework4/ros_ws/install/serviceLearn/share/serviceLearn/package.dsv
[0.503s] -- Up-to-date: /home/luna/2025-vision-training-master (1)/2025-vision-training-master/homework4/ros_ws/install/serviceLearn/share/ament_index/resource_index/packages/serviceLearn
[0.503s] -- Up-to-date: /home/luna/2025-vision-training-master (1)/2025-vision-training-master/homework4/ros_ws/install/serviceLearn/share/serviceLearn/cmake/serviceLearnConfig.cmake
[0.503s] -- Up-to-date: /home/luna/2025-vision-training-master (1)/2025-vision-training-master/homework4/ros_ws/install/serviceLearn/share/serviceLearn/cmake/serviceLearnConfig-version.cmake
[0.503s] -- Up-to-date: /home/luna/2025-vision-training-master (1)/2025-vision-training-master/homework4/ros_ws/install/serviceLearn/share/serviceLearn/package.xml
[0.504s] Invoked command in '/home/luna/2025-vision-training-master (1)/2025-vision-training-master/homework4/ros_ws/build/serviceLearn' returned '0': CMAKE_PREFIX_PATH=/opt/ros/humble /usr/bin/cmake --install /home/luna/2025-vision-training-master (1)/2025-vision-training-master/homework4/ros_ws/build/serviceLearn
