[0.293s] DEBUG:colcon:Command line arguments: ['/usr/bin/colcon', 'build', '--packages-above']
[0.293s] DEBUG:colcon:Parsed command line arguments: Namespace(log_base=None, log_level=None, verb_name='build', build_base='build', install_base='install', merge_install=False, symlink_install=False, test_result_base=None, continue_on_error=False, executor='parallel', parallel_workers=4, event_handlers=None, ignore_user_meta=False, metas=['./colcon.meta'], base_paths=['.'], packages_ignore=None, packages_ignore_regex=None, paths=None, packages_up_to=None, packages_up_to_regex=None, packages_above=[], packages_above_and_dependencies=None, packages_above_depth=None, packages_select_by_dep=None, packages_skip_by_dep=None, packages_skip_up_to=None, packages_select_build_failed=False, packages_skip_build_finished=False, packages_select_test_failures=False, packages_skip_test_passed=False, packages_select=None, packages_skip=None, packages_select_regex=None, packages_skip_regex=None, packages_start=None, packages_end=None, allow_overriding=[], cmake_args=None, cmake_target=None, cmake_target_skip_unavailable=False, cmake_clean_cache=False, cmake_clean_first=False, cmake_force_configure=False, ament_cmake_args=None, catkin_cmake_args=None, catkin_skip_building_tests=False, verb_parser=<colcon_defaults.argument_parser.defaults.DefaultArgumentsDecorator object at 0x7b275ac0be50>, verb_extension=<colcon_core.verb.build.BuildVerb object at 0x7b275ac0b8b0>, main=<bound method BuildVerb.main of <colcon_core.verb.build.BuildVerb object at 0x7b275ac0b8b0>>)
[0.850s] Level 1:colcon.colcon_core.package_discovery:discover_packages(colcon_meta) check parameters
[0.851s] Level 1:colcon.colcon_core.package_discovery:discover_packages(recursive) check parameters
[0.852s] Level 1:colcon.colcon_core.package_discovery:discover_packages(ignore) check parameters
[0.852s] Level 1:colcon.colcon_core.package_discovery:discover_packages(path) check parameters
[0.852s] Level 1:colcon.colcon_core.package_discovery:discover_packages(colcon_meta) discover
[0.852s] Level 1:colcon.colcon_core.package_discovery:discover_packages(recursive) discover
[0.852s] INFO:colcon.colcon_core.package_discovery:Crawling recursively for packages in '/home/rm-jiaolong/Workspace/homework4/task2'
[0.852s] Level 1:colcon.colcon_core.package_identification:_identify(.) by extensions ['ignore', 'ignore_ament_install']
[0.853s] Level 1:colcon.colcon_core.package_identification:_identify(.) by extension 'ignore'
[0.854s] Level 1:colcon.colcon_core.package_identification:_identify(.) by extension 'ignore_ament_install'
[0.854s] Level 1:colcon.colcon_core.package_identification:_identify(.) by extensions ['colcon_pkg']
[0.854s] Level 1:colcon.colcon_core.package_identification:_identify(.) by extension 'colcon_pkg'
[0.854s] Level 1:colcon.colcon_core.package_identification:_identify(.) by extensions ['colcon_meta']
[0.854s] Level 1:colcon.colcon_core.package_identification:_identify(.) by extension 'colcon_meta'
[0.854s] Level 1:colcon.colcon_core.package_identification:_identify(.) by extensions ['ros']
[0.854s] Level 1:colcon.colcon_core.package_identification:_identify(.) by extension 'ros'
[0.887s] Level 1:colcon.colcon_core.package_identification:_identify(.) by extensions ['cmake', 'python']
[0.887s] Level 1:colcon.colcon_core.package_identification:_identify(.) by extension 'cmake'
[0.887s] Level 1:colcon.colcon_core.package_identification:_identify(.) by extension 'python'
[0.887s] Level 1:colcon.colcon_core.package_identification:_identify(.) by extensions ['python_setup_py']
[0.887s] Level 1:colcon.colcon_core.package_identification:_identify(.) by extension 'python_setup_py'
[0.887s] Level 1:colcon.colcon_core.package_identification:_identify(build) by extensions ['ignore', 'ignore_ament_install']
[0.887s] Level 1:colcon.colcon_core.package_identification:_identify(build) by extension 'ignore'
[0.888s] Level 1:colcon.colcon_core.package_identification:_identify(build) ignored
[0.888s] Level 1:colcon.colcon_core.package_identification:_identify(install) by extensions ['ignore', 'ignore_ament_install']
[0.888s] Level 1:colcon.colcon_core.package_identification:_identify(install) by extension 'ignore'
[0.888s] Level 1:colcon.colcon_core.package_identification:_identify(install) ignored
[0.888s] Level 1:colcon.colcon_core.package_identification:_identify(log) by extensions ['ignore', 'ignore_ament_install']
[0.888s] Level 1:colcon.colcon_core.package_identification:_identify(log) by extension 'ignore'
[0.889s] Level 1:colcon.colcon_core.package_identification:_identify(log) ignored
[0.889s] Level 1:colcon.colcon_core.package_identification:_identify(src) by extensions ['ignore', 'ignore_ament_install']
[0.889s] Level 1:colcon.colcon_core.package_identification:_identify(src) by extension 'ignore'
[0.889s] Level 1:colcon.colcon_core.package_identification:_identify(src) by extension 'ignore_ament_install'
[0.889s] Level 1:colcon.colcon_core.package_identification:_identify(src) by extensions ['colcon_pkg']
[0.889s] Level 1:colcon.colcon_core.package_identification:_identify(src) by extension 'colcon_pkg'
[0.889s] Level 1:colcon.colcon_core.package_identification:_identify(src) by extensions ['colcon_meta']
[0.889s] Level 1:colcon.colcon_core.package_identification:_identify(src) by extension 'colcon_meta'
[0.889s] Level 1:colcon.colcon_core.package_identification:_identify(src) by extensions ['ros']
[0.889s] Level 1:colcon.colcon_core.package_identification:_identify(src) by extension 'ros'
[0.890s] Level 1:colcon.colcon_core.package_identification:_identify(src) by extensions ['cmake', 'python']
[0.890s] Level 1:colcon.colcon_core.package_identification:_identify(src) by extension 'cmake'
[0.890s] Level 1:colcon.colcon_core.package_identification:_identify(src) by extension 'python'
[0.890s] Level 1:colcon.colcon_core.package_identification:_identify(src) by extensions ['python_setup_py']
[0.890s] Level 1:colcon.colcon_core.package_identification:_identify(src) by extension 'python_setup_py'
[0.890s] Level 1:colcon.colcon_core.package_identification:_identify(src/action_demo) by extensions ['ignore', 'ignore_ament_install']
[0.890s] Level 1:colcon.colcon_core.package_identification:_identify(src/action_demo) by extension 'ignore'
[0.890s] Level 1:colcon.colcon_core.package_identification:_identify(src/action_demo) by extension 'ignore_ament_install'
[0.890s] Level 1:colcon.colcon_core.package_identification:_identify(src/action_demo) by extensions ['colcon_pkg']
[0.891s] Level 1:colcon.colcon_core.package_identification:_identify(src/action_demo) by extension 'colcon_pkg'
[0.891s] Level 1:colcon.colcon_core.package_identification:_identify(src/action_demo) by extensions ['colcon_meta']
[0.891s] Level 1:colcon.colcon_core.package_identification:_identify(src/action_demo) by extension 'colcon_meta'
[0.891s] Level 1:colcon.colcon_core.package_identification:_identify(src/action_demo) by extensions ['ros']
[0.891s] Level 1:colcon.colcon_core.package_identification:_identify(src/action_demo) by extension 'ros'
[0.898s] DEBUG:colcon.colcon_core.package_identification:Package 'src/action_demo' with type 'ros.ament_cmake' and name 'action_demo'
[0.899s] Level 1:colcon.colcon_core.package_identification:_identify(src/action_interfaces) by extensions ['ignore', 'ignore_ament_install']
[0.899s] Level 1:colcon.colcon_core.package_identification:_identify(src/action_interfaces) by extension 'ignore'
[0.899s] Level 1:colcon.colcon_core.package_identification:_identify(src/action_interfaces) by extension 'ignore_ament_install'
[0.899s] Level 1:colcon.colcon_core.package_identification:_identify(src/action_interfaces) by extensions ['colcon_pkg']
[0.899s] Level 1:colcon.colcon_core.package_identification:_identify(src/action_interfaces) by extension 'colcon_pkg'
[0.899s] Level 1:colcon.colcon_core.package_identification:_identify(src/action_interfaces) by extensions ['colcon_meta']
[0.899s] Level 1:colcon.colcon_core.package_identification:_identify(src/action_interfaces) by extension 'colcon_meta'
[0.900s] Level 1:colcon.colcon_core.package_identification:_identify(src/action_interfaces) by extensions ['ros']
[0.900s] Level 1:colcon.colcon_core.package_identification:_identify(src/action_interfaces) by extension 'ros'
[0.902s] DEBUG:colcon.colcon_core.package_identification:Package 'src/action_interfaces' with type 'ros.ament_cmake' and name 'action_interfaces'
[0.902s] Level 1:colcon.colcon_core.package_identification:_identify(src/build) by extensions ['ignore', 'ignore_ament_install']
[0.902s] Level 1:colcon.colcon_core.package_identification:_identify(src/build) by extension 'ignore'
[0.902s] Level 1:colcon.colcon_core.package_identification:_identify(src/build) ignored
[0.903s] Level 1:colcon.colcon_core.package_identification:_identify(src/install) by extensions ['ignore', 'ignore_ament_install']
[0.903s] Level 1:colcon.colcon_core.package_identification:_identify(src/install) by extension 'ignore'
[0.904s] Level 1:colcon.colcon_core.package_identification:_identify(src/install) ignored
[0.904s] Level 1:colcon.colcon_core.package_identification:_identify(src/log) by extensions ['ignore', 'ignore_ament_install']
[0.904s] Level 1:colcon.colcon_core.package_identification:_identify(src/log) by extension 'ignore'
[0.904s] Level 1:colcon.colcon_core.package_identification:_identify(src/log) ignored
[0.905s] Level 1:colcon.colcon_core.package_discovery:discover_packages(recursive) using defaults
[0.905s] Level 1:colcon.colcon_core.package_discovery:discover_packages(ignore) discover
[0.905s] Level 1:colcon.colcon_core.package_discovery:discover_packages(ignore) using defaults
[0.905s] Level 1:colcon.colcon_core.package_discovery:discover_packages(path) discover
[0.905s] Level 1:colcon.colcon_core.package_discovery:discover_packages(path) using defaults
[0.952s] Level 1:colcon.colcon_core.package_discovery:discover_packages(prefix_path) check parameters
[0.952s] Level 1:colcon.colcon_core.package_discovery:discover_packages(prefix_path) discover
[0.958s] DEBUG:colcon.colcon_installed_package_information.package_discovery:Found 270 installed packages in /opt/ros/humble
[0.959s] Level 1:colcon.colcon_core.package_discovery:discover_packages(prefix_path) using defaults
[1.059s] Level 5:colcon.colcon_core.verb:set package 'action_interfaces' build argument 'cmake_args' from command line to 'None'
[1.059s] Level 5:colcon.colcon_core.verb:set package 'action_interfaces' build argument 'cmake_target' from command line to 'None'
[1.059s] Level 5:colcon.colcon_core.verb:set package 'action_interfaces' build argument 'cmake_target_skip_unavailable' from command line to 'False'
[1.060s] Level 5:colcon.colcon_core.verb:set package 'action_interfaces' build argument 'cmake_clean_cache' from command line to 'False'
[1.060s] Level 5:colcon.colcon_core.verb:set package 'action_interfaces' build argument 'cmake_clean_first' from command line to 'False'
[1.060s] Level 5:colcon.colcon_core.verb:set package 'action_interfaces' build argument 'cmake_force_configure' from command line to 'False'
[1.060s] Level 5:colcon.colcon_core.verb:set package 'action_interfaces' build argument 'ament_cmake_args' from command line to 'None'
[1.060s] Level 5:colcon.colcon_core.verb:set package 'action_interfaces' build argument 'catkin_cmake_args' from command line to 'None'
[1.060s] Level 5:colcon.colcon_core.verb:set package 'action_interfaces' build argument 'catkin_skip_building_tests' from command line to 'False'
[1.060s] DEBUG:colcon.colcon_core.verb:Building package 'action_interfaces' with the following arguments: {'ament_cmake_args': None, 'build_base': '/home/rm-jiaolong/Workspace/homework4/task2/build/action_interfaces', 'catkin_cmake_args': None, 'catkin_skip_building_tests': False, 'cmake_args': None, 'cmake_clean_cache': False, 'cmake_clean_first': False, 'cmake_force_configure': False, 'cmake_target': None, 'cmake_target_skip_unavailable': False, 'install_base': '/home/rm-jiaolong/Workspace/homework4/task2/install/action_interfaces', 'merge_install': False, 'path': '/home/rm-jiaolong/Workspace/homework4/task2/src/action_interfaces', 'symlink_install': False, 'test_result_base': None}
[1.061s] Level 5:colcon.colcon_core.verb:set package 'action_demo' build argument 'cmake_args' from command line to 'None'
[1.061s] Level 5:colcon.colcon_core.verb:set package 'action_demo' build argument 'cmake_target' from command line to 'None'
[1.061s] Level 5:colcon.colcon_core.verb:set package 'action_demo' build argument 'cmake_target_skip_unavailable' from command line to 'False'
[1.061s] Level 5:colcon.colcon_core.verb:set package 'action_demo' build argument 'cmake_clean_cache' from command line to 'False'
[1.061s] Level 5:colcon.colcon_core.verb:set package 'action_demo' build argument 'cmake_clean_first' from command line to 'False'
[1.061s] Level 5:colcon.colcon_core.verb:set package 'action_demo' build argument 'cmake_force_configure' from command line to 'False'
[1.061s] Level 5:colcon.colcon_core.verb:set package 'action_demo' build argument 'ament_cmake_args' from command line to 'None'
[1.061s] Level 5:colcon.colcon_core.verb:set package 'action_demo' build argument 'catkin_cmake_args' from command line to 'None'
[1.061s] Level 5:colcon.colcon_core.verb:set package 'action_demo' build argument 'catkin_skip_building_tests' from command line to 'False'
[1.061s] DEBUG:colcon.colcon_core.verb:Building package 'action_demo' with the following arguments: {'ament_cmake_args': None, 'build_base': '/home/rm-jiaolong/Workspace/homework4/task2/build/action_demo', 'catkin_cmake_args': None, 'catkin_skip_building_tests': False, 'cmake_args': None, 'cmake_clean_cache': False, 'cmake_clean_first': False, 'cmake_force_configure': False, 'cmake_target': None, 'cmake_target_skip_unavailable': False, 'install_base': '/home/rm-jiaolong/Workspace/homework4/task2/install/action_demo', 'merge_install': False, 'path': '/home/rm-jiaolong/Workspace/homework4/task2/src/action_demo', 'symlink_install': False, 'test_result_base': None}
[1.061s] INFO:colcon.colcon_core.executor:Executing jobs using 'parallel' executor
[1.063s] DEBUG:colcon.colcon_parallel_executor.executor.parallel:run_until_complete
[1.064s] INFO:colcon.colcon_ros.task.ament_cmake.build:Building ROS package in '/home/rm-jiaolong/Workspace/homework4/task2/src/action_interfaces' with build type 'ament_cmake'
[1.064s] INFO:colcon.colcon_cmake.task.cmake.build:Building CMake package in '/home/rm-jiaolong/Workspace/homework4/task2/src/action_interfaces'
[1.073s] INFO:colcon.colcon_core.plugin_system:Skipping extension 'colcon_core.shell.bat': Not used on non-Windows systems
[1.073s] INFO:colcon.colcon_core.shell:Skip shell extension 'powershell' for command environment: Not usable outside of PowerShell
[1.073s] DEBUG:colcon.colcon_core.shell:Skip shell extension 'dsv' for command environment
[1.085s] DEBUG:colcon.colcon_core.event_handler.log_command:Invoking command in '/home/rm-jiaolong/Workspace/homework4/task2/build/action_interfaces': CMAKE_PREFIX_PATH=/opt/ros/humble /usr/bin/cmake --build /home/rm-jiaolong/Workspace/homework4/task2/build/action_interfaces -- -j4 -l4
[1.863s] DEBUG:colcon.colcon_core.event_handler.log_command:Invoked command in '/home/rm-jiaolong/Workspace/homework4/task2/build/action_interfaces' returned '0': CMAKE_PREFIX_PATH=/opt/ros/humble /usr/bin/cmake --build /home/rm-jiaolong/Workspace/homework4/task2/build/action_interfaces -- -j4 -l4
[1.968s] DEBUG:colcon.colcon_core.event_handler.log_command:Invoking command in '/home/rm-jiaolong/Workspace/homework4/task2/build/action_interfaces': CMAKE_PREFIX_PATH=/opt/ros/humble /usr/bin/cmake --install /home/rm-jiaolong/Workspace/homework4/task2/build/action_interfaces
[2.116s] Level 1:colcon.colcon_core.environment:create_environment_scripts_only(action_interfaces)
[2.117s] DEBUG:colcon.colcon_core.event_handler.log_command:Invoked command in '/home/rm-jiaolong/Workspace/homework4/task2/build/action_interfaces' returned '0': CMAKE_PREFIX_PATH=/opt/ros/humble /usr/bin/cmake --install /home/rm-jiaolong/Workspace/homework4/task2/build/action_interfaces
[2.127s] Level 1:colcon.colcon_core.environment:checking '/home/rm-jiaolong/Workspace/homework4/task2/install/action_interfaces' for CMake module files
[2.127s] Level 1:colcon.colcon_core.environment:checking '/home/rm-jiaolong/Workspace/homework4/task2/install/action_interfaces' for CMake config files
[2.128s] Level 1:colcon.colcon_core.shell:create_environment_hook('action_interfaces', 'cmake_prefix_path')
[2.128s] INFO:colcon.colcon_core.shell:Creating environment hook '/home/rm-jiaolong/Workspace/homework4/task2/install/action_interfaces/share/action_interfaces/hook/cmake_prefix_path.ps1'
[2.130s] INFO:colcon.colcon_core.shell:Creating environment descriptor '/home/rm-jiaolong/Workspace/homework4/task2/install/action_interfaces/share/action_interfaces/hook/cmake_prefix_path.dsv'
[2.131s] INFO:colcon.colcon_core.shell:Creating environment hook '/home/rm-jiaolong/Workspace/homework4/task2/install/action_interfaces/share/action_interfaces/hook/cmake_prefix_path.sh'
[2.133s] Level 1:colcon.colcon_core.environment:checking '/home/rm-jiaolong/Workspace/homework4/task2/install/action_interfaces/lib'
[2.133s] Level 1:colcon.colcon_core.shell:create_environment_hook('action_interfaces', 'ld_library_path_lib')
[2.134s] INFO:colcon.colcon_core.shell:Creating environment hook '/home/rm-jiaolong/Workspace/homework4/task2/install/action_interfaces/share/action_interfaces/hook/ld_library_path_lib.ps1'
[2.135s] INFO:colcon.colcon_core.shell:Creating environment descriptor '/home/rm-jiaolong/Workspace/homework4/task2/install/action_interfaces/share/action_interfaces/hook/ld_library_path_lib.dsv'
[2.136s] INFO:colcon.colcon_core.shell:Creating environment hook '/home/rm-jiaolong/Workspace/homework4/task2/install/action_interfaces/share/action_interfaces/hook/ld_library_path_lib.sh'
[2.136s] Level 1:colcon.colcon_core.environment:checking '/home/rm-jiaolong/Workspace/homework4/task2/install/action_interfaces/bin'
[2.137s] Level 1:colcon.colcon_core.environment:checking '/home/rm-jiaolong/Workspace/homework4/task2/install/action_interfaces/lib/pkgconfig/action_interfaces.pc'
[2.137s] Level 1:colcon.colcon_core.environment:checking '/home/rm-jiaolong/Workspace/homework4/task2/install/action_interfaces/lib/python3.10/site-packages'
[2.137s] Level 1:colcon.colcon_core.environment:checking '/home/rm-jiaolong/Workspace/homework4/task2/install/action_interfaces/bin'
[2.138s] INFO:colcon.colcon_core.shell:Creating package script '/home/rm-jiaolong/Workspace/homework4/task2/install/action_interfaces/share/action_interfaces/package.ps1'
[2.140s] INFO:colcon.colcon_core.shell:Creating package descriptor '/home/rm-jiaolong/Workspace/homework4/task2/install/action_interfaces/share/action_interfaces/package.dsv'
[2.141s] INFO:colcon.colcon_core.shell:Creating package script '/home/rm-jiaolong/Workspace/homework4/task2/install/action_interfaces/share/action_interfaces/package.sh'
[2.142s] INFO:colcon.colcon_core.shell:Creating package script '/home/rm-jiaolong/Workspace/homework4/task2/install/action_interfaces/share/action_interfaces/package.bash'
[2.144s] INFO:colcon.colcon_core.shell:Creating package script '/home/rm-jiaolong/Workspace/homework4/task2/install/action_interfaces/share/action_interfaces/package.zsh'
[2.145s] Level 1:colcon.colcon_core.environment:create_file_with_runtime_dependencies(/home/rm-jiaolong/Workspace/homework4/task2/install/action_interfaces/share/colcon-core/packages/action_interfaces)
[2.235s] Level 1:colcon.colcon_core.environment:create_environment_scripts_only(action_interfaces)
[2.235s] Level 1:colcon.colcon_core.environment:checking '/home/rm-jiaolong/Workspace/homework4/task2/install/action_interfaces' for CMake module files
[2.236s] Level 1:colcon.colcon_core.environment:checking '/home/rm-jiaolong/Workspace/homework4/task2/install/action_interfaces' for CMake config files
[2.237s] Level 1:colcon.colcon_core.shell:create_environment_hook('action_interfaces', 'cmake_prefix_path')
[2.237s] INFO:colcon.colcon_core.shell:Creating environment hook '/home/rm-jiaolong/Workspace/homework4/task2/install/action_interfaces/share/action_interfaces/hook/cmake_prefix_path.ps1'
[2.239s] INFO:colcon.colcon_core.shell:Creating environment descriptor '/home/rm-jiaolong/Workspace/homework4/task2/install/action_interfaces/share/action_interfaces/hook/cmake_prefix_path.dsv'
[2.240s] INFO:colcon.colcon_core.shell:Creating environment hook '/home/rm-jiaolong/Workspace/homework4/task2/install/action_interfaces/share/action_interfaces/hook/cmake_prefix_path.sh'
[2.241s] Level 1:colcon.colcon_core.environment:checking '/home/rm-jiaolong/Workspace/homework4/task2/install/action_interfaces/lib'
[2.242s] Level 1:colcon.colcon_core.shell:create_environment_hook('action_interfaces', 'ld_library_path_lib')
[2.242s] INFO:colcon.colcon_core.shell:Creating environment hook '/home/rm-jiaolong/Workspace/homework4/task2/install/action_interfaces/share/action_interfaces/hook/ld_library_path_lib.ps1'
[2.243s] INFO:colcon.colcon_core.shell:Creating environment descriptor '/home/rm-jiaolong/Workspace/homework4/task2/install/action_interfaces/share/action_interfaces/hook/ld_library_path_lib.dsv'
[2.244s] INFO:colcon.colcon_core.shell:Creating environment hook '/home/rm-jiaolong/Workspace/homework4/task2/install/action_interfaces/share/action_interfaces/hook/ld_library_path_lib.sh'
[2.245s] Level 1:colcon.colcon_core.environment:checking '/home/rm-jiaolong/Workspace/homework4/task2/install/action_interfaces/bin'
[2.246s] Level 1:colcon.colcon_core.environment:checking '/home/rm-jiaolong/Workspace/homework4/task2/install/action_interfaces/lib/pkgconfig/action_interfaces.pc'
[2.246s] Level 1:colcon.colcon_core.environment:checking '/home/rm-jiaolong/Workspace/homework4/task2/install/action_interfaces/lib/python3.10/site-packages'
[2.247s] Level 1:colcon.colcon_core.environment:checking '/home/rm-jiaolong/Workspace/homework4/task2/install/action_interfaces/bin'
[2.248s] INFO:colcon.colcon_core.shell:Creating package script '/home/rm-jiaolong/Workspace/homework4/task2/install/action_interfaces/share/action_interfaces/package.ps1'
[2.249s] INFO:colcon.colcon_core.shell:Creating package descriptor '/home/rm-jiaolong/Workspace/homework4/task2/install/action_interfaces/share/action_interfaces/package.dsv'
[2.250s] INFO:colcon.colcon_core.shell:Creating package script '/home/rm-jiaolong/Workspace/homework4/task2/install/action_interfaces/share/action_interfaces/package.sh'
[2.252s] INFO:colcon.colcon_core.shell:Creating package script '/home/rm-jiaolong/Workspace/homework4/task2/install/action_interfaces/share/action_interfaces/package.bash'
[2.253s] INFO:colcon.colcon_core.shell:Creating package script '/home/rm-jiaolong/Workspace/homework4/task2/install/action_interfaces/share/action_interfaces/package.zsh'
[2.254s] Level 1:colcon.colcon_core.environment:create_file_with_runtime_dependencies(/home/rm-jiaolong/Workspace/homework4/task2/install/action_interfaces/share/colcon-core/packages/action_interfaces)
[2.257s] INFO:colcon.colcon_ros.task.ament_cmake.build:Building ROS package in '/home/rm-jiaolong/Workspace/homework4/task2/src/action_demo' with build type 'ament_cmake'
[2.257s] INFO:colcon.colcon_cmake.task.cmake.build:Building CMake package in '/home/rm-jiaolong/Workspace/homework4/task2/src/action_demo'
[2.257s] INFO:colcon.colcon_core.shell:Skip shell extension 'powershell' for command environment: Not usable outside of PowerShell
[2.257s] DEBUG:colcon.colcon_core.shell:Skip shell extension 'dsv' for command environment
[2.279s] DEBUG:colcon.colcon_core.event_handler.log_command:Invoking command in '/home/rm-jiaolong/Workspace/homework4/task2/build/action_demo': AMENT_PREFIX_PATH=/home/rm-jiaolong/Workspace/homework4/task2/install/action_interfaces:${AMENT_PREFIX_PATH} CMAKE_PREFIX_PATH=/home/rm-jiaolong/Workspace/homework4/task2/install/action_interfaces:/opt/ros/humble LD_LIBRARY_PATH=/home/rm-jiaolong/Workspace/homework4/task2/install/action_interfaces/lib:/opt/ros/humble/opt/rviz_ogre_vendor/lib:/opt/ros/humble/lib/x86_64-linux-gnu:/opt/ros/humble/lib:/opt/MVS/lib/64:/opt/MVS/lib/32:/opt/MVS/lib/64:/opt/MVS/lib/32:/opt/MVS/lib/64:/opt/MVS/lib/32 PYTHONPATH=/home/rm-jiaolong/Workspace/homework4/task2/install/action_interfaces/local/lib/python3.10/dist-packages:${PYTHONPATH} /usr/bin/cmake --build /home/rm-jiaolong/Workspace/homework4/task2/build/action_demo -- -j4 -l4
[3.393s] DEBUG:colcon.colcon_core.event_handler.log_command:Invoked command in '/home/rm-jiaolong/Workspace/homework4/task2/build/action_demo' returned '0': AMENT_PREFIX_PATH=/home/rm-jiaolong/Workspace/homework4/task2/install/action_interfaces:${AMENT_PREFIX_PATH} CMAKE_PREFIX_PATH=/home/rm-jiaolong/Workspace/homework4/task2/install/action_interfaces:/opt/ros/humble LD_LIBRARY_PATH=/home/rm-jiaolong/Workspace/homework4/task2/install/action_interfaces/lib:/opt/ros/humble/opt/rviz_ogre_vendor/lib:/opt/ros/humble/lib/x86_64-linux-gnu:/opt/ros/humble/lib:/opt/MVS/lib/64:/opt/MVS/lib/32:/opt/MVS/lib/64:/opt/MVS/lib/32:/opt/MVS/lib/64:/opt/MVS/lib/32 PYTHONPATH=/home/rm-jiaolong/Workspace/homework4/task2/install/action_interfaces/local/lib/python3.10/dist-packages:${PYTHONPATH} /usr/bin/cmake --build /home/rm-jiaolong/Workspace/homework4/task2/build/action_demo -- -j4 -l4
[3.431s] DEBUG:colcon.colcon_core.event_handler.log_command:Invoking command in '/home/rm-jiaolong/Workspace/homework4/task2/build/action_demo': AMENT_PREFIX_PATH=/home/rm-jiaolong/Workspace/homework4/task2/install/action_interfaces:${AMENT_PREFIX_PATH} CMAKE_PREFIX_PATH=/home/rm-jiaolong/Workspace/homework4/task2/install/action_interfaces:/opt/ros/humble LD_LIBRARY_PATH=/home/rm-jiaolong/Workspace/homework4/task2/install/action_interfaces/lib:/opt/ros/humble/opt/rviz_ogre_vendor/lib:/opt/ros/humble/lib/x86_64-linux-gnu:/opt/ros/humble/lib:/opt/MVS/lib/64:/opt/MVS/lib/32:/opt/MVS/lib/64:/opt/MVS/lib/32:/opt/MVS/lib/64:/opt/MVS/lib/32 PYTHONPATH=/home/rm-jiaolong/Workspace/homework4/task2/install/action_interfaces/local/lib/python3.10/dist-packages:${PYTHONPATH} /usr/bin/cmake --install /home/rm-jiaolong/Workspace/homework4/task2/build/action_demo
[3.451s] Level 1:colcon.colcon_core.environment:create_environment_scripts_only(action_demo)
[3.451s] Level 1:colcon.colcon_core.environment:checking '/home/rm-jiaolong/Workspace/homework4/task2/install/action_demo' for CMake module files
[3.453s] DEBUG:colcon.colcon_core.event_handler.log_command:Invoked command in '/home/rm-jiaolong/Workspace/homework4/task2/build/action_demo' returned '0': AMENT_PREFIX_PATH=/home/rm-jiaolong/Workspace/homework4/task2/install/action_interfaces:${AMENT_PREFIX_PATH} CMAKE_PREFIX_PATH=/home/rm-jiaolong/Workspace/homework4/task2/install/action_interfaces:/opt/ros/humble LD_LIBRARY_PATH=/home/rm-jiaolong/Workspace/homework4/task2/install/action_interfaces/lib:/opt/ros/humble/opt/rviz_ogre_vendor/lib:/opt/ros/humble/lib/x86_64-linux-gnu:/opt/ros/humble/lib:/opt/MVS/lib/64:/opt/MVS/lib/32:/opt/MVS/lib/64:/opt/MVS/lib/32:/opt/MVS/lib/64:/opt/MVS/lib/32 PYTHONPATH=/home/rm-jiaolong/Workspace/homework4/task2/install/action_interfaces/local/lib/python3.10/dist-packages:${PYTHONPATH} /usr/bin/cmake --install /home/rm-jiaolong/Workspace/homework4/task2/build/action_demo
[3.454s] Level 1:colcon.colcon_core.environment:checking '/home/rm-jiaolong/Workspace/homework4/task2/install/action_demo' for CMake config files
[3.455s] Level 1:colcon.colcon_core.shell:create_environment_hook('action_demo', 'cmake_prefix_path')
[3.455s] INFO:colcon.colcon_core.shell:Creating environment hook '/home/rm-jiaolong/Workspace/homework4/task2/install/action_demo/share/action_demo/hook/cmake_prefix_path.ps1'
[3.456s] INFO:colcon.colcon_core.shell:Creating environment descriptor '/home/rm-jiaolong/Workspace/homework4/task2/install/action_demo/share/action_demo/hook/cmake_prefix_path.dsv'
[3.457s] INFO:colcon.colcon_core.shell:Creating environment hook '/home/rm-jiaolong/Workspace/homework4/task2/install/action_demo/share/action_demo/hook/cmake_prefix_path.sh'
[3.457s] Level 1:colcon.colcon_core.environment:checking '/home/rm-jiaolong/Workspace/homework4/task2/install/action_demo/lib'
[3.457s] Level 1:colcon.colcon_core.environment:checking '/home/rm-jiaolong/Workspace/homework4/task2/install/action_demo/bin'
[3.457s] Level 1:colcon.colcon_core.environment:checking '/home/rm-jiaolong/Workspace/homework4/task2/install/action_demo/lib/pkgconfig/action_demo.pc'
[3.458s] Level 1:colcon.colcon_core.environment:checking '/home/rm-jiaolong/Workspace/homework4/task2/install/action_demo/lib/python3.10/site-packages'
[3.458s] Level 1:colcon.colcon_core.environment:checking '/home/rm-jiaolong/Workspace/homework4/task2/install/action_demo/bin'
[3.458s] INFO:colcon.colcon_core.shell:Creating package script '/home/rm-jiaolong/Workspace/homework4/task2/install/action_demo/share/action_demo/package.ps1'
[3.459s] INFO:colcon.colcon_core.shell:Creating package descriptor '/home/rm-jiaolong/Workspace/homework4/task2/install/action_demo/share/action_demo/package.dsv'
[3.459s] INFO:colcon.colcon_core.shell:Creating package script '/home/rm-jiaolong/Workspace/homework4/task2/install/action_demo/share/action_demo/package.sh'
[3.460s] INFO:colcon.colcon_core.shell:Creating package script '/home/rm-jiaolong/Workspace/homework4/task2/install/action_demo/share/action_demo/package.bash'
[3.460s] INFO:colcon.colcon_core.shell:Creating package script '/home/rm-jiaolong/Workspace/homework4/task2/install/action_demo/share/action_demo/package.zsh'
[3.461s] Level 1:colcon.colcon_core.environment:create_file_with_runtime_dependencies(/home/rm-jiaolong/Workspace/homework4/task2/install/action_demo/share/colcon-core/packages/action_demo)
[3.524s] Level 1:colcon.colcon_core.environment:create_environment_scripts_only(action_demo)
[3.524s] Level 1:colcon.colcon_core.environment:checking '/home/rm-jiaolong/Workspace/homework4/task2/install/action_demo' for CMake module files
[3.525s] Level 1:colcon.colcon_core.environment:checking '/home/rm-jiaolong/Workspace/homework4/task2/install/action_demo' for CMake config files
[3.525s] Level 1:colcon.colcon_core.shell:create_environment_hook('action_demo', 'cmake_prefix_path')
[3.525s] INFO:colcon.colcon_core.shell:Creating environment hook '/home/rm-jiaolong/Workspace/homework4/task2/install/action_demo/share/action_demo/hook/cmake_prefix_path.ps1'
[3.526s] INFO:colcon.colcon_core.shell:Creating environment descriptor '/home/rm-jiaolong/Workspace/homework4/task2/install/action_demo/share/action_demo/hook/cmake_prefix_path.dsv'
[3.527s] INFO:colcon.colcon_core.shell:Creating environment hook '/home/rm-jiaolong/Workspace/homework4/task2/install/action_demo/share/action_demo/hook/cmake_prefix_path.sh'
[3.527s] Level 1:colcon.colcon_core.environment:checking '/home/rm-jiaolong/Workspace/homework4/task2/install/action_demo/lib'
[3.527s] Level 1:colcon.colcon_core.environment:checking '/home/rm-jiaolong/Workspace/homework4/task2/install/action_demo/bin'
[3.527s] Level 1:colcon.colcon_core.environment:checking '/home/rm-jiaolong/Workspace/homework4/task2/install/action_demo/lib/pkgconfig/action_demo.pc'
[3.528s] Level 1:colcon.colcon_core.environment:checking '/home/rm-jiaolong/Workspace/homework4/task2/install/action_demo/lib/python3.10/site-packages'
[3.528s] Level 1:colcon.colcon_core.environment:checking '/home/rm-jiaolong/Workspace/homework4/task2/install/action_demo/bin'
[3.528s] INFO:colcon.colcon_core.shell:Creating package script '/home/rm-jiaolong/Workspace/homework4/task2/install/action_demo/share/action_demo/package.ps1'
[3.529s] INFO:colcon.colcon_core.shell:Creating package descriptor '/home/rm-jiaolong/Workspace/homework4/task2/install/action_demo/share/action_demo/package.dsv'
[3.530s] INFO:colcon.colcon_core.shell:Creating package script '/home/rm-jiaolong/Workspace/homework4/task2/install/action_demo/share/action_demo/package.sh'
[3.530s] INFO:colcon.colcon_core.shell:Creating package script '/home/rm-jiaolong/Workspace/homework4/task2/install/action_demo/share/action_demo/package.bash'
[3.531s] INFO:colcon.colcon_core.shell:Creating package script '/home/rm-jiaolong/Workspace/homework4/task2/install/action_demo/share/action_demo/package.zsh'
[3.531s] Level 1:colcon.colcon_core.environment:create_file_with_runtime_dependencies(/home/rm-jiaolong/Workspace/homework4/task2/install/action_demo/share/colcon-core/packages/action_demo)
[3.532s] DEBUG:colcon.colcon_parallel_executor.executor.parallel:closing loop
[3.532s] DEBUG:colcon.colcon_parallel_executor.executor.parallel:loop closed
[3.532s] DEBUG:colcon.colcon_parallel_executor.executor.parallel:run_until_complete finished with '0'
[3.532s] DEBUG:colcon.colcon_core.event_reactor:joining thread
[3.548s] INFO:colcon.colcon_core.plugin_system:Skipping extension 'colcon_notification.desktop_notification.terminal_notifier': Not used on non-Darwin systems
[3.548s] INFO:colcon.colcon_core.plugin_system:Skipping extension 'colcon_notification.desktop_notification.win32': Not used on non-Windows systems
[3.548s] INFO:colcon.colcon_notification.desktop_notification:Sending desktop notification using 'notify2'
[3.598s] DEBUG:colcon.colcon_core.event_reactor:joined thread
[3.599s] INFO:colcon.colcon_core.shell:Creating prefix script '/home/rm-jiaolong/Workspace/homework4/task2/install/local_setup.ps1'
[3.602s] INFO:colcon.colcon_core.shell:Creating prefix util module '/home/rm-jiaolong/Workspace/homework4/task2/install/_local_setup_util_ps1.py'
[3.606s] INFO:colcon.colcon_core.shell:Creating prefix chain script '/home/rm-jiaolong/Workspace/homework4/task2/install/setup.ps1'
[3.608s] INFO:colcon.colcon_core.shell:Creating prefix script '/home/rm-jiaolong/Workspace/homework4/task2/install/local_setup.sh'
[3.610s] INFO:colcon.colcon_core.shell:Creating prefix util module '/home/rm-jiaolong/Workspace/homework4/task2/install/_local_setup_util_sh.py'
[3.611s] INFO:colcon.colcon_core.shell:Creating prefix chain script '/home/rm-jiaolong/Workspace/homework4/task2/install/setup.sh'
[3.614s] INFO:colcon.colcon_core.shell:Creating prefix script '/home/rm-jiaolong/Workspace/homework4/task2/install/local_setup.bash'
[3.616s] INFO:colcon.colcon_core.shell:Creating prefix chain script '/home/rm-jiaolong/Workspace/homework4/task2/install/setup.bash'
[3.619s] INFO:colcon.colcon_core.shell:Creating prefix script '/home/rm-jiaolong/Workspace/homework4/task2/install/local_setup.zsh'
[3.622s] INFO:colcon.colcon_core.shell:Creating prefix chain script '/home/rm-jiaolong/Workspace/homework4/task2/install/setup.zsh'
