[0.190s] DEBUG:colcon:Command line arguments: ['/usr/bin/colcon', 'build', '--symlink-install', '--packages-select', 'division']
[0.190s] DEBUG:colcon:Parsed command line arguments: Namespace(log_base=None, log_level=None, verb_name='build', build_base='build', install_base='install', merge_install=False, symlink_install=True, test_result_base=None, continue_on_error=False, executor='parallel', parallel_workers=20, event_handlers=None, ignore_user_meta=False, metas=['./colcon.meta'], base_paths=['.'], packages_ignore=None, packages_ignore_regex=None, paths=None, packages_up_to=None, packages_up_to_regex=None, packages_above=None, packages_above_and_dependencies=None, packages_above_depth=None, packages_select_by_dep=None, packages_skip_by_dep=None, packages_skip_up_to=None, packages_select_build_failed=False, packages_skip_build_finished=False, packages_select_test_failures=False, packages_skip_test_passed=False, packages_select=['division'], packages_skip=None, packages_select_regex=None, packages_skip_regex=None, packages_start=None, packages_end=None, allow_overriding=[], cmake_args=None, cmake_target=None, cmake_target_skip_unavailable=False, cmake_clean_cache=False, cmake_clean_first=False, cmake_force_configure=False, ament_cmake_args=None, catkin_cmake_args=None, catkin_skip_building_tests=False, verb_parser=<colcon_defaults.argument_parser.defaults.DefaultArgumentsDecorator object at 0x7ff1e3ac7790>, verb_extension=<colcon_core.verb.build.BuildVerb object at 0x7ff1e3ac6950>, main=<bound method BuildVerb.main of <colcon_core.verb.build.BuildVerb object at 0x7ff1e3ac6950>>)
[0.263s] Level 1:colcon.colcon_core.package_discovery:discover_packages(colcon_meta) check parameters
[0.263s] Level 1:colcon.colcon_core.package_discovery:discover_packages(recursive) check parameters
[0.263s] Level 1:colcon.colcon_core.package_discovery:discover_packages(ignore) check parameters
[0.263s] Level 1:colcon.colcon_core.package_discovery:discover_packages(path) check parameters
[0.263s] Level 1:colcon.colcon_core.package_discovery:discover_packages(colcon_meta) discover
[0.263s] Level 1:colcon.colcon_core.package_discovery:discover_packages(recursive) discover
[0.263s] INFO:colcon.colcon_core.package_discovery:Crawling recursively for packages in '/home/zmyyy/ZhuMinyi/homework4/division'
[0.263s] Level 1:colcon.colcon_core.package_identification:_identify(.) by extensions ['ignore', 'ignore_ament_install']
[0.263s] Level 1:colcon.colcon_core.package_identification:_identify(.) by extension 'ignore'
[0.263s] Level 1:colcon.colcon_core.package_identification:_identify(.) by extension 'ignore_ament_install'
[0.264s] Level 1:colcon.colcon_core.package_identification:_identify(.) by extensions ['colcon_pkg']
[0.264s] Level 1:colcon.colcon_core.package_identification:_identify(.) by extension 'colcon_pkg'
[0.264s] Level 1:colcon.colcon_core.package_identification:_identify(.) by extensions ['colcon_meta']
[0.264s] Level 1:colcon.colcon_core.package_identification:_identify(.) by extension 'colcon_meta'
[0.264s] Level 1:colcon.colcon_core.package_identification:_identify(.) by extensions ['ros']
[0.264s] Level 1:colcon.colcon_core.package_identification:_identify(.) by extension 'ros'
[0.272s] DEBUG:colcon.colcon_core.package_identification:Package '.' with type 'ros.ament_cmake' and name 'division'
[0.272s] Level 1:colcon.colcon_core.package_discovery:discover_packages(recursive) using defaults
[0.272s] Level 1:colcon.colcon_core.package_discovery:discover_packages(ignore) discover
[0.272s] Level 1:colcon.colcon_core.package_discovery:discover_packages(ignore) using defaults
[0.272s] Level 1:colcon.colcon_core.package_discovery:discover_packages(path) discover
[0.272s] Level 1:colcon.colcon_core.package_discovery:discover_packages(path) using defaults
[0.284s] Level 1:colcon.colcon_core.package_discovery:discover_packages(prefix_path) check parameters
[0.284s] Level 1:colcon.colcon_core.package_discovery:discover_packages(prefix_path) discover
[0.285s] DEBUG:colcon.colcon_installed_package_information.package_discovery:Found 1 installed packages in /home/zmyyy/ZhuMinyi/homework4/division/install
[0.285s] DEBUG:colcon.colcon_installed_package_information.package_discovery:Found 270 installed packages in /opt/ros/humble
[0.286s] Level 1:colcon.colcon_core.package_discovery:discover_packages(prefix_path) using defaults
[0.310s] Level 5:colcon.colcon_core.verb:set package 'division' build argument 'cmake_args' from command line to 'None'
[0.310s] Level 5:colcon.colcon_core.verb:set package 'division' build argument 'cmake_target' from command line to 'None'
[0.310s] Level 5:colcon.colcon_core.verb:set package 'division' build argument 'cmake_target_skip_unavailable' from command line to 'False'
[0.310s] Level 5:colcon.colcon_core.verb:set package 'division' build argument 'cmake_clean_cache' from command line to 'False'
[0.310s] Level 5:colcon.colcon_core.verb:set package 'division' build argument 'cmake_clean_first' from command line to 'False'
[0.310s] Level 5:colcon.colcon_core.verb:set package 'division' build argument 'cmake_force_configure' from command line to 'False'
[0.310s] Level 5:colcon.colcon_core.verb:set package 'division' build argument 'ament_cmake_args' from command line to 'None'
[0.310s] Level 5:colcon.colcon_core.verb:set package 'division' build argument 'catkin_cmake_args' from command line to 'None'
[0.310s] Level 5:colcon.colcon_core.verb:set package 'division' build argument 'catkin_skip_building_tests' from command line to 'False'
[0.310s] DEBUG:colcon.colcon_core.verb:Building package 'division' with the following arguments: {'ament_cmake_args': None, 'build_base': '/home/zmyyy/ZhuMinyi/homework4/division/build/division', 'catkin_cmake_args': None, 'catkin_skip_building_tests': False, 'cmake_args': None, 'cmake_clean_cache': False, 'cmake_clean_first': False, 'cmake_force_configure': False, 'cmake_target': None, 'cmake_target_skip_unavailable': False, 'install_base': '/home/zmyyy/ZhuMinyi/homework4/division/install/division', 'merge_install': False, 'path': '/home/zmyyy/ZhuMinyi/homework4/division', 'symlink_install': True, 'test_result_base': None}
[0.310s] INFO:colcon.colcon_core.executor:Executing jobs using 'parallel' executor
[0.311s] DEBUG:colcon.colcon_parallel_executor.executor.parallel:run_until_complete
[0.311s] INFO:colcon.colcon_ros.task.ament_cmake.build:Building ROS package in '/home/zmyyy/ZhuMinyi/homework4/division' with build type 'ament_cmake'
[0.312s] INFO:colcon.colcon_cmake.task.cmake.build:Building CMake package in '/home/zmyyy/ZhuMinyi/homework4/division'
[0.312s] INFO:colcon.colcon_core.plugin_system:Skipping extension 'colcon_core.shell.bat': Not used on non-Windows systems
[0.313s] INFO:colcon.colcon_core.shell:Skip shell extension 'powershell' for command environment: Not usable outside of PowerShell
[0.313s] DEBUG:colcon.colcon_core.shell:Skip shell extension 'dsv' for command environment
[0.319s] DEBUG:colcon.colcon_core.event_handler.log_command:Invoking command in '/home/zmyyy/ZhuMinyi/homework4/division/build/division': CMAKE_PREFIX_PATH=${CMAKE_PREFIX_PATH}:/opt/ros/humble WSLENV=ELECTRON_RUN_AS_NODE/w: /usr/bin/cmake --build /home/zmyyy/ZhuMinyi/homework4/division/build/division -- -j20 -l20
[11.474s] DEBUG:colcon.colcon_core.event_handler.log_command:Invoked command in '/home/zmyyy/ZhuMinyi/homework4/division/build/division' returned '0': CMAKE_PREFIX_PATH=${CMAKE_PREFIX_PATH}:/opt/ros/humble WSLENV=ELECTRON_RUN_AS_NODE/w: /usr/bin/cmake --build /home/zmyyy/ZhuMinyi/homework4/division/build/division -- -j20 -l20
[11.509s] DEBUG:colcon.colcon_core.event_handler.log_command:Invoking command in '/home/zmyyy/ZhuMinyi/homework4/division/build/division': CMAKE_PREFIX_PATH=${CMAKE_PREFIX_PATH}:/opt/ros/humble WSLENV=ELECTRON_RUN_AS_NODE/w: /usr/bin/cmake --install /home/zmyyy/ZhuMinyi/homework4/division/build/division
[11.555s] Level 1:colcon.colcon_core.environment:create_environment_scripts_only(division)
[11.555s] DEBUG:colcon.colcon_core.event_handler.log_command:Invoked command in '/home/zmyyy/ZhuMinyi/homework4/division/build/division' returned '0': CMAKE_PREFIX_PATH=${CMAKE_PREFIX_PATH}:/opt/ros/humble WSLENV=ELECTRON_RUN_AS_NODE/w: /usr/bin/cmake --install /home/zmyyy/ZhuMinyi/homework4/division/build/division
[11.557s] Level 1:colcon.colcon_core.environment:checking '/home/zmyyy/ZhuMinyi/homework4/division/install/division' for CMake module files
[11.557s] Level 1:colcon.colcon_core.environment:checking '/home/zmyyy/ZhuMinyi/homework4/division/install/division' for CMake config files
[11.557s] Level 1:colcon.colcon_core.shell:create_environment_hook('division', 'cmake_prefix_path')
[11.557s] INFO:colcon.colcon_core.shell:Creating environment hook '/home/zmyyy/ZhuMinyi/homework4/division/install/division/share/division/hook/cmake_prefix_path.ps1'
[11.558s] INFO:colcon.colcon_core.shell:Creating environment descriptor '/home/zmyyy/ZhuMinyi/homework4/division/install/division/share/division/hook/cmake_prefix_path.dsv'
[11.558s] INFO:colcon.colcon_core.shell:Creating environment hook '/home/zmyyy/ZhuMinyi/homework4/division/install/division/share/division/hook/cmake_prefix_path.sh'
[11.558s] Level 1:colcon.colcon_core.environment:checking '/home/zmyyy/ZhuMinyi/homework4/division/install/division/lib'
[11.559s] Level 1:colcon.colcon_core.shell:create_environment_hook('division', 'ld_library_path_lib')
[11.559s] INFO:colcon.colcon_core.shell:Creating environment hook '/home/zmyyy/ZhuMinyi/homework4/division/install/division/share/division/hook/ld_library_path_lib.ps1'
[11.559s] INFO:colcon.colcon_core.shell:Creating environment descriptor '/home/zmyyy/ZhuMinyi/homework4/division/install/division/share/division/hook/ld_library_path_lib.dsv'
[11.559s] INFO:colcon.colcon_core.shell:Creating environment hook '/home/zmyyy/ZhuMinyi/homework4/division/install/division/share/division/hook/ld_library_path_lib.sh'
[11.559s] Level 1:colcon.colcon_core.environment:checking '/home/zmyyy/ZhuMinyi/homework4/division/install/division/bin'
[11.559s] Level 1:colcon.colcon_core.environment:checking '/home/zmyyy/ZhuMinyi/homework4/division/install/division/lib/pkgconfig/division.pc'
[11.559s] Level 1:colcon.colcon_core.environment:checking '/home/zmyyy/ZhuMinyi/homework4/division/install/division/lib/python3.10/site-packages'
[11.560s] Level 1:colcon.colcon_core.environment:checking '/home/zmyyy/ZhuMinyi/homework4/division/install/division/bin'
[11.560s] INFO:colcon.colcon_core.shell:Creating package script '/home/zmyyy/ZhuMinyi/homework4/division/install/division/share/division/package.ps1'
[11.560s] INFO:colcon.colcon_core.shell:Creating package descriptor '/home/zmyyy/ZhuMinyi/homework4/division/install/division/share/division/package.dsv'
[11.561s] INFO:colcon.colcon_core.shell:Creating package script '/home/zmyyy/ZhuMinyi/homework4/division/install/division/share/division/package.sh'
[11.561s] INFO:colcon.colcon_core.shell:Creating package script '/home/zmyyy/ZhuMinyi/homework4/division/install/division/share/division/package.bash'
[11.562s] INFO:colcon.colcon_core.shell:Creating package script '/home/zmyyy/ZhuMinyi/homework4/division/install/division/share/division/package.zsh'
[11.562s] Level 1:colcon.colcon_core.environment:create_file_with_runtime_dependencies(/home/zmyyy/ZhuMinyi/homework4/division/install/division/share/colcon-core/packages/division)
[11.592s] Level 1:colcon.colcon_core.environment:create_environment_scripts_only(division)
[11.592s] Level 1:colcon.colcon_core.environment:checking '/home/zmyyy/ZhuMinyi/homework4/division/install/division' for CMake module files
[11.593s] Level 1:colcon.colcon_core.environment:checking '/home/zmyyy/ZhuMinyi/homework4/division/install/division' for CMake config files
[11.593s] Level 1:colcon.colcon_core.shell:create_environment_hook('division', 'cmake_prefix_path')
[11.593s] INFO:colcon.colcon_core.shell:Creating environment hook '/home/zmyyy/ZhuMinyi/homework4/division/install/division/share/division/hook/cmake_prefix_path.ps1'
[11.593s] INFO:colcon.colcon_core.shell:Creating environment descriptor '/home/zmyyy/ZhuMinyi/homework4/division/install/division/share/division/hook/cmake_prefix_path.dsv'
[11.594s] INFO:colcon.colcon_core.shell:Creating environment hook '/home/zmyyy/ZhuMinyi/homework4/division/install/division/share/division/hook/cmake_prefix_path.sh'
[11.594s] Level 1:colcon.colcon_core.environment:checking '/home/zmyyy/ZhuMinyi/homework4/division/install/division/lib'
[11.594s] Level 1:colcon.colcon_core.shell:create_environment_hook('division', 'ld_library_path_lib')
[11.594s] INFO:colcon.colcon_core.shell:Creating environment hook '/home/zmyyy/ZhuMinyi/homework4/division/install/division/share/division/hook/ld_library_path_lib.ps1'
[11.594s] INFO:colcon.colcon_core.shell:Creating environment descriptor '/home/zmyyy/ZhuMinyi/homework4/division/install/division/share/division/hook/ld_library_path_lib.dsv'
[11.595s] INFO:colcon.colcon_core.shell:Creating environment hook '/home/zmyyy/ZhuMinyi/homework4/division/install/division/share/division/hook/ld_library_path_lib.sh'
[11.595s] Level 1:colcon.colcon_core.environment:checking '/home/zmyyy/ZhuMinyi/homework4/division/install/division/bin'
[11.595s] Level 1:colcon.colcon_core.environment:checking '/home/zmyyy/ZhuMinyi/homework4/division/install/division/lib/pkgconfig/division.pc'
[11.595s] Level 1:colcon.colcon_core.environment:checking '/home/zmyyy/ZhuMinyi/homework4/division/install/division/lib/python3.10/site-packages'
[11.595s] Level 1:colcon.colcon_core.environment:checking '/home/zmyyy/ZhuMinyi/homework4/division/install/division/bin'
[11.595s] INFO:colcon.colcon_core.shell:Creating package script '/home/zmyyy/ZhuMinyi/homework4/division/install/division/share/division/package.ps1'
[11.596s] INFO:colcon.colcon_core.shell:Creating package descriptor '/home/zmyyy/ZhuMinyi/homework4/division/install/division/share/division/package.dsv'
[11.596s] INFO:colcon.colcon_core.shell:Creating package script '/home/zmyyy/ZhuMinyi/homework4/division/install/division/share/division/package.sh'
[11.596s] INFO:colcon.colcon_core.shell:Creating package script '/home/zmyyy/ZhuMinyi/homework4/division/install/division/share/division/package.bash'
[11.596s] INFO:colcon.colcon_core.shell:Creating package script '/home/zmyyy/ZhuMinyi/homework4/division/install/division/share/division/package.zsh'
[11.596s] Level 1:colcon.colcon_core.environment:create_file_with_runtime_dependencies(/home/zmyyy/ZhuMinyi/homework4/division/install/division/share/colcon-core/packages/division)
[11.597s] DEBUG:colcon.colcon_parallel_executor.executor.parallel:closing loop
[11.597s] DEBUG:colcon.colcon_parallel_executor.executor.parallel:loop closed
[11.597s] DEBUG:colcon.colcon_parallel_executor.executor.parallel:run_until_complete finished with '0'
[11.597s] DEBUG:colcon.colcon_core.event_reactor:joining thread
[11.655s] INFO:colcon.colcon_core.plugin_system:Skipping extension 'colcon_notification.desktop_notification.notify_send': Could not find 'notify-send'
[11.655s] INFO:colcon.colcon_core.plugin_system:Skipping extension 'colcon_notification.desktop_notification.terminal_notifier': Not used on non-Darwin systems
[11.655s] INFO:colcon.colcon_core.plugin_system:Skipping extension 'colcon_notification.desktop_notification.win32': Not used on non-Windows systems
[11.655s] INFO:colcon.colcon_notification.desktop_notification:Sending desktop notification using 'notify2'
[11.655s] DEBUG:colcon.colcon_notification.desktop_notification.notify2:Failed to initialize notify2: org.freedesktop.DBus.Error.FileNotFound: Failed to connect to socket /run/user/1000/bus: No such file or directory
[11.655s] DEBUG:colcon.colcon_core.event_reactor:joined thread
[11.656s] INFO:colcon.colcon_core.shell:Creating prefix script '/home/zmyyy/ZhuMinyi/homework4/division/install/local_setup.ps1'
[11.656s] INFO:colcon.colcon_core.shell:Creating prefix util module '/home/zmyyy/ZhuMinyi/homework4/division/install/_local_setup_util_ps1.py'
[11.657s] INFO:colcon.colcon_core.shell:Creating prefix chain script '/home/zmyyy/ZhuMinyi/homework4/division/install/setup.ps1'
[11.658s] INFO:colcon.colcon_core.shell:Creating prefix script '/home/zmyyy/ZhuMinyi/homework4/division/install/local_setup.sh'
[11.658s] INFO:colcon.colcon_core.shell:Creating prefix util module '/home/zmyyy/ZhuMinyi/homework4/division/install/_local_setup_util_sh.py'
[11.658s] INFO:colcon.colcon_core.shell:Creating prefix chain script '/home/zmyyy/ZhuMinyi/homework4/division/install/setup.sh'
[11.659s] INFO:colcon.colcon_core.shell:Creating prefix script '/home/zmyyy/ZhuMinyi/homework4/division/install/local_setup.bash'
[11.659s] INFO:colcon.colcon_core.shell:Creating prefix chain script '/home/zmyyy/ZhuMinyi/homework4/division/install/setup.bash'
[11.659s] INFO:colcon.colcon_core.shell:Creating prefix script '/home/zmyyy/ZhuMinyi/homework4/division/install/local_setup.zsh'
[11.660s] INFO:colcon.colcon_core.shell:Creating prefix chain script '/home/zmyyy/ZhuMinyi/homework4/division/install/setup.zsh'
