[0.012s] Invoking command in '/home/luna/robomaster/2025-vision-training/Wenxiang Shi/homework4/ros_ws/build/divide_interface': CMAKE_PREFIX_PATH=/opt/ros/humble /usr/bin/cmake --build /home/luna/robomaster/2025-vision-training/Wenxiang Shi/homework4/ros_ws/build/divide_interface -- -j32 -l32
[0.031s] -- Found ament_cmake: 1.3.10 (/opt/ros/humble/share/ament_cmake/cmake)
[0.159s] -- Found rosidl_default_generators: 1.2.0 (/opt/ros/humble/share/rosidl_default_generators/cmake)
[0.160s] -- Using all available rosidl_typesupport_c: rosidl_typesupport_fastrtps_c;rosidl_typesupport_introspection_c
[0.162s] -- Found rosidl_adapter: 3.1.5 (/opt/ros/humble/share/rosidl_adapter/cmake)
[0.546s] -- Using all available rosidl_typesupport_cpp: rosidl_typesupport_fastrtps_cpp;rosidl_typesupport_introspection_cpp
[0.857s] -- Found ament_cmake_ros: 0.10.0 (/opt/ros/humble/share/ament_cmake_ros/cmake)
[1.066s] -- Using all available rosidl_typesupport_c: rosidl_typesupport_fastrtps_c;rosidl_typesupport_introspection_c
[1.330s] -- Using all available rosidl_typesupport_cpp: rosidl_typesupport_fastrtps_cpp;rosidl_typesupport_introspection_cpp
[1.364s] -- Found python_cmake_module: 0.10.0 (/opt/ros/humble/share/python_cmake_module/cmake)
[1.395s] -- Using PYTHON_EXECUTABLE: /usr/bin/python3
[1.395s] -- Using PYTHON_INCLUDE_DIRS: /usr/include/python3.10
[1.396s] -- Using PYTHON_LIBRARIES: /usr/lib/x86_64-linux-gnu/libpython3.10.so
[1.408s] -- Configuring done
[1.432s] -- Generating done
[1.435s] -- Build files have been written to: /home/luna/robomaster/2025-vision-training/Wenxiang Shi/homework4/ros_ws/build/divide_interface
[1.455s] [  3%] [34m[1mGenerating C code for ROS interfaces[0m
[1.461s] [  6%] [34m[1mGenerating C++ code for ROS interfaces[0m
[1.468s] [  6%] Built target ament_cmake_python_copy_divide_interface
[1.698s] running egg_info
[1.699s] writing divide_interface.egg-info/PKG-INFO
[1.699s] writing dependency_links to divide_interface.egg-info/dependency_links.txt
[1.699s] writing top-level names to divide_interface.egg-info/top_level.txt
[1.702s] reading manifest file 'divide_interface.egg-info/SOURCES.txt'
[1.703s] writing manifest file 'divide_interface.egg-info/SOURCES.txt'
[1.725s] [  6%] Built target ament_cmake_python_build_divide_interface_egg
[1.768s] [35m[1mConsolidate compiler generated dependencies of target divide_interface__rosidl_generator_c[0m
[1.769s] [  6%] Built target divide_interface__cpp
[1.777s] [ 19%] [34m[1mGenerating C++ type support for eProsima Fast-RTPS[0m
[1.777s] [ 19%] [34m[1mGenerating C++ introspection for ROS interfaces[0m
[1.777s] [ 19%] [34m[1mGenerating C++ type support dispatch for ROS interfaces[0m
[1.777s] [ 19%] [32mBuilding C object CMakeFiles/divide_interface__rosidl_generator_c.dir/rosidl_generator_c/divide_interface/srv/detail/divide__functions.c.o[0m
[1.826s] [ 22%] [32m[1mLinking C shared library libdivide_interface__rosidl_generator_c.so[0m
[1.908s] [ 22%] Built target divide_interface__rosidl_generator_c
[1.915s] [ 32%] [34m[1mGenerating C type support for eProsima Fast-RTPS[0m
[1.915s] [ 32%] [34m[1mGenerating C introspection for ROS interfaces[0m
[1.915s] [ 32%] [34m[1mGenerating C type support dispatch for ROS interfaces[0m
[2.030s] [35m[1mConsolidate compiler generated dependencies of target divide_interface__rosidl_typesupport_cpp[0m
[2.039s] [ 35%] [32mBuilding CXX object CMakeFiles/divide_interface__rosidl_typesupport_cpp.dir/rosidl_typesupport_cpp/divide_interface/srv/divide__type_support.cpp.o[0m
[2.057s] [35m[1mConsolidate compiler generated dependencies of target divide_interface__rosidl_typesupport_introspection_cpp[0m
[2.066s] [ 38%] [32mBuilding CXX object CMakeFiles/divide_interface__rosidl_typesupport_introspection_cpp.dir/rosidl_typesupport_introspection_cpp/divide_interface/srv/detail/divide__type_support.cpp.o[0m
[2.069s] [35m[1mConsolidate compiler generated dependencies of target divide_interface__rosidl_typesupport_fastrtps_cpp[0m
[2.079s] [ 41%] [32mBuilding CXX object CMakeFiles/divide_interface__rosidl_typesupport_fastrtps_cpp.dir/rosidl_typesupport_fastrtps_cpp/divide_interface/srv/detail/dds_fastrtps/divide__type_support.cpp.o[0m
[2.162s] [35m[1mConsolidate compiler generated dependencies of target divide_interface__rosidl_typesupport_c[0m
[2.170s] [ 45%] [32mBuilding CXX object CMakeFiles/divide_interface__rosidl_typesupport_c.dir/rosidl_typesupport_c/divide_interface/srv/divide__type_support.cpp.o[0m
[2.195s] [ 48%] [32m[1mLinking CXX shared library libdivide_interface__rosidl_typesupport_c.so[0m
[2.198s] [35m[1mConsolidate compiler generated dependencies of target divide_interface__rosidl_typesupport_introspection_c[0m
[2.205s] [35m[1mConsolidate compiler generated dependencies of target divide_interface__rosidl_typesupport_fastrtps_c[0m
[2.206s] [ 51%] [32mBuilding C object CMakeFiles/divide_interface__rosidl_typesupport_introspection_c.dir/rosidl_typesupport_introspection_c/divide_interface/srv/detail/divide__type_support.c.o[0m
[2.215s] [ 54%] [32mBuilding CXX object CMakeFiles/divide_interface__rosidl_typesupport_fastrtps_c.dir/rosidl_typesupport_fastrtps_c/divide_interface/srv/detail/divide__type_support_c.cpp.o[0m
[2.233s] [ 58%] [32m[1mLinking C shared library libdivide_interface__rosidl_typesupport_introspection_c.so[0m
[2.253s] [ 61%] [32m[1mLinking CXX shared library libdivide_interface__rosidl_typesupport_cpp.so[0m
[2.281s] [ 61%] Built target divide_interface__rosidl_typesupport_c
[2.327s] [ 61%] Built target divide_interface__rosidl_typesupport_introspection_c
[2.365s] [ 61%] Built target divide_interface__rosidl_typesupport_cpp
[2.382s] [ 64%] [32m[1mLinking CXX shared library libdivide_interface__rosidl_typesupport_introspection_cpp.so[0m
[2.394s] [ 67%] [32m[1mLinking CXX shared library libdivide_interface__rosidl_typesupport_fastrtps_cpp.so[0m
[2.487s] [ 70%] [32m[1mLinking CXX shared library libdivide_interface__rosidl_typesupport_fastrtps_c.so[0m
[2.488s] [ 70%] Built target divide_interface__rosidl_typesupport_introspection_cpp
[2.520s] [ 70%] Built target divide_interface__rosidl_typesupport_fastrtps_cpp
[2.612s] [ 70%] Built target divide_interface__rosidl_typesupport_fastrtps_c
[2.633s] [ 70%] Built target divide_interface
[2.647s] [ 74%] Built target divide_interface__py
[2.654s] [35m[1mConsolidate compiler generated dependencies of target divide_interface__rosidl_generator_py[0m
[2.663s] [ 77%] [32mBuilding C object CMakeFiles/divide_interface__rosidl_generator_py.dir/rosidl_generator_py/divide_interface/srv/_divide_s.c.o[0m
[2.782s] [ 80%] [32m[1mLinking C shared library rosidl_generator_py/divide_interface/libdivide_interface__rosidl_generator_py.so[0m
[2.926s] [ 80%] Built target divide_interface__rosidl_generator_py
[2.940s] [35m[1mConsolidate compiler generated dependencies of target divide_interface__rosidl_typesupport_fastrtps_c__pyext[0m
[2.940s] [35m[1mConsolidate compiler generated dependencies of target divide_interface__rosidl_typesupport_introspection_c__pyext[0m
[2.941s] [35m[1mConsolidate compiler generated dependencies of target divide_interface__rosidl_typesupport_c__pyext[0m
[2.952s] [ 83%] [32mBuilding C object CMakeFiles/divide_interface__rosidl_typesupport_fastrtps_c__pyext.dir/rosidl_generator_py/divide_interface/_divide_interface_s.ep.rosidl_typesupport_fastrtps_c.c.o[0m
[2.954s] [ 87%] [32mBuilding C object CMakeFiles/divide_interface__rosidl_typesupport_c__pyext.dir/rosidl_generator_py/divide_interface/_divide_interface_s.ep.rosidl_typesupport_c.c.o[0m
[2.954s] [ 90%] [32mBuilding C object CMakeFiles/divide_interface__rosidl_typesupport_introspection_c__pyext.dir/rosidl_generator_py/divide_interface/_divide_interface_s.ep.rosidl_typesupport_introspection_c.c.o[0m
[3.031s] [ 96%] [32m[1mLinking C shared library rosidl_generator_py/divide_interface/divide_interface_s__rosidl_typesupport_introspection_c.cpython-310-x86_64-linux-gnu.so[0m
[3.031s] [ 96%] [32m[1mLinking C shared library rosidl_generator_py/divide_interface/divide_interface_s__rosidl_typesupport_c.cpython-310-x86_64-linux-gnu.so[0m
[3.032s] [100%] [32m[1mLinking C shared library rosidl_generator_py/divide_interface/divide_interface_s__rosidl_typesupport_fastrtps_c.cpython-310-x86_64-linux-gnu.so[0m
[3.093s] [100%] Built target divide_interface__rosidl_typesupport_introspection_c__pyext
[3.093s] [100%] Built target divide_interface__rosidl_typesupport_c__pyext
[3.097s] [100%] Built target divide_interface__rosidl_typesupport_fastrtps_c__pyext
[3.107s] Invoked command in '/home/luna/robomaster/2025-vision-training/Wenxiang Shi/homework4/ros_ws/build/divide_interface' returned '0': CMAKE_PREFIX_PATH=/opt/ros/humble /usr/bin/cmake --build /home/luna/robomaster/2025-vision-training/Wenxiang Shi/homework4/ros_ws/build/divide_interface -- -j32 -l32
[3.155s] Invoking command in '/home/luna/robomaster/2025-vision-training/Wenxiang Shi/homework4/ros_ws/build/divide_interface': CMAKE_PREFIX_PATH=/opt/ros/humble /usr/bin/cmake --install /home/luna/robomaster/2025-vision-training/Wenxiang Shi/homework4/ros_ws/build/divide_interface
[3.161s] -- Install configuration: ""
[3.161s] -- Up-to-date: /home/luna/robomaster/2025-vision-training/Wenxiang Shi/homework4/ros_ws/install/divide_interface/share/ament_index/resource_index/rosidl_interfaces/divide_interface
[3.161s] -- Up-to-date: /home/luna/robomaster/2025-vision-training/Wenxiang Shi/homework4/ros_ws/install/divide_interface/include/divide_interface/divide_interface
[3.161s] -- Up-to-date: /home/luna/robomaster/2025-vision-training/Wenxiang Shi/homework4/ros_ws/install/divide_interface/include/divide_interface/divide_interface/srv
[3.162s] -- Installing: /home/luna/robomaster/2025-vision-training/Wenxiang Shi/homework4/ros_ws/install/divide_interface/include/divide_interface/divide_interface/srv/divide.h
[3.162s] -- Up-to-date: /home/luna/robomaster/2025-vision-training/Wenxiang Shi/homework4/ros_ws/install/divide_interface/include/divide_interface/divide_interface/srv/detail
[3.162s] -- Installing: /home/luna/robomaster/2025-vision-training/Wenxiang Shi/homework4/ros_ws/install/divide_interface/include/divide_interface/divide_interface/srv/detail/divide__functions.h
[3.162s] -- Installing: /home/luna/robomaster/2025-vision-training/Wenxiang Shi/homework4/ros_ws/install/divide_interface/include/divide_interface/divide_interface/srv/detail/divide__type_support.h
[3.162s] -- Installing: /home/luna/robomaster/2025-vision-training/Wenxiang Shi/homework4/ros_ws/install/divide_interface/include/divide_interface/divide_interface/srv/detail/divide__functions.c
[3.163s] -- Installing: /home/luna/robomaster/2025-vision-training/Wenxiang Shi/homework4/ros_ws/install/divide_interface/include/divide_interface/divide_interface/srv/detail/divide__struct.h
[3.163s] -- Up-to-date: /home/luna/robomaster/2025-vision-training/Wenxiang Shi/homework4/ros_ws/install/divide_interface/include/divide_interface/divide_interface/msg
[3.163s] -- Up-to-date: /home/luna/robomaster/2025-vision-training/Wenxiang Shi/homework4/ros_ws/install/divide_interface/include/divide_interface/divide_interface/msg/rosidl_generator_c__visibility_control.h
[3.163s] -- Up-to-date: /home/luna/robomaster/2025-vision-training/Wenxiang Shi/homework4/ros_ws/install/divide_interface/share/divide_interface/environment/library_path.sh
[3.163s] -- Installing: /home/luna/robomaster/2025-vision-training/Wenxiang Shi/homework4/ros_ws/install/divide_interface/share/divide_interface/environment/library_path.dsv
[3.163s] -- Installing: /home/luna/robomaster/2025-vision-training/Wenxiang Shi/homework4/ros_ws/install/divide_interface/lib/libdivide_interface__rosidl_generator_c.so
[3.164s] -- Set runtime path of "/home/luna/robomaster/2025-vision-training/Wenxiang Shi/homework4/ros_ws/install/divide_interface/lib/libdivide_interface__rosidl_generator_c.so" to ""
[3.164s] -- Up-to-date: /home/luna/robomaster/2025-vision-training/Wenxiang Shi/homework4/ros_ws/install/divide_interface/include/divide_interface/divide_interface
[3.164s] -- Up-to-date: /home/luna/robomaster/2025-vision-training/Wenxiang Shi/homework4/ros_ws/install/divide_interface/include/divide_interface/divide_interface/srv
[3.164s] -- Up-to-date: /home/luna/robomaster/2025-vision-training/Wenxiang Shi/homework4/ros_ws/install/divide_interface/include/divide_interface/divide_interface/srv/detail
[3.165s] -- Installing: /home/luna/robomaster/2025-vision-training/Wenxiang Shi/homework4/ros_ws/install/divide_interface/include/divide_interface/divide_interface/srv/detail/divide__rosidl_typesupport_fastrtps_c.h
[3.165s] -- Up-to-date: /home/luna/robomaster/2025-vision-training/Wenxiang Shi/homework4/ros_ws/install/divide_interface/include/divide_interface/divide_interface/msg
[3.165s] -- Up-to-date: /home/luna/robomaster/2025-vision-training/Wenxiang Shi/homework4/ros_ws/install/divide_interface/include/divide_interface/divide_interface/msg/rosidl_typesupport_fastrtps_c__visibility_control.h
[3.165s] -- Installing: /home/luna/robomaster/2025-vision-training/Wenxiang Shi/homework4/ros_ws/install/divide_interface/lib/libdivide_interface__rosidl_typesupport_fastrtps_c.so
[3.165s] -- Set runtime path of "/home/luna/robomaster/2025-vision-training/Wenxiang Shi/homework4/ros_ws/install/divide_interface/lib/libdivide_interface__rosidl_typesupport_fastrtps_c.so" to ""
[3.165s] -- Up-to-date: /home/luna/robomaster/2025-vision-training/Wenxiang Shi/homework4/ros_ws/install/divide_interface/include/divide_interface/divide_interface
[3.166s] -- Up-to-date: /home/luna/robomaster/2025-vision-training/Wenxiang Shi/homework4/ros_ws/install/divide_interface/include/divide_interface/divide_interface/srv
[3.166s] -- Up-to-date: /home/luna/robomaster/2025-vision-training/Wenxiang Shi/homework4/ros_ws/install/divide_interface/include/divide_interface/divide_interface/srv/detail
[3.166s] -- Installing: /home/luna/robomaster/2025-vision-training/Wenxiang Shi/homework4/ros_ws/install/divide_interface/include/divide_interface/divide_interface/srv/detail/divide__type_support.c
[3.166s] -- Installing: /home/luna/robomaster/2025-vision-training/Wenxiang Shi/homework4/ros_ws/install/divide_interface/include/divide_interface/divide_interface/srv/detail/divide__rosidl_typesupport_introspection_c.h
[3.166s] -- Up-to-date: /home/luna/robomaster/2025-vision-training/Wenxiang Shi/homework4/ros_ws/install/divide_interface/include/divide_interface/divide_interface/msg
[3.166s] -- Up-to-date: /home/luna/robomaster/2025-vision-training/Wenxiang Shi/homework4/ros_ws/install/divide_interface/include/divide_interface/divide_interface/msg/rosidl_typesupport_introspection_c__visibility_control.h
[3.167s] -- Installing: /home/luna/robomaster/2025-vision-training/Wenxiang Shi/homework4/ros_ws/install/divide_interface/lib/libdivide_interface__rosidl_typesupport_introspection_c.so
[3.167s] -- Set runtime path of "/home/luna/robomaster/2025-vision-training/Wenxiang Shi/homework4/ros_ws/install/divide_interface/lib/libdivide_interface__rosidl_typesupport_introspection_c.so" to ""
[3.167s] -- Installing: /home/luna/robomaster/2025-vision-training/Wenxiang Shi/homework4/ros_ws/install/divide_interface/lib/libdivide_interface__rosidl_typesupport_c.so
[3.167s] -- Set runtime path of "/home/luna/robomaster/2025-vision-training/Wenxiang Shi/homework4/ros_ws/install/divide_interface/lib/libdivide_interface__rosidl_typesupport_c.so" to ""
[3.167s] -- Up-to-date: /home/luna/robomaster/2025-vision-training/Wenxiang Shi/homework4/ros_ws/install/divide_interface/include/divide_interface/divide_interface
[3.167s] -- Up-to-date: /home/luna/robomaster/2025-vision-training/Wenxiang Shi/homework4/ros_ws/install/divide_interface/include/divide_interface/divide_interface/srv
[3.168s] -- Installing: /home/luna/robomaster/2025-vision-training/Wenxiang Shi/homework4/ros_ws/install/divide_interface/include/divide_interface/divide_interface/srv/divide.hpp
[3.168s] -- Up-to-date: /home/luna/robomaster/2025-vision-training/Wenxiang Shi/homework4/ros_ws/install/divide_interface/include/divide_interface/divide_interface/srv/detail
[3.168s] -- Installing: /home/luna/robomaster/2025-vision-training/Wenxiang Shi/homework4/ros_ws/install/divide_interface/include/divide_interface/divide_interface/srv/detail/divide__struct.hpp
[3.168s] -- Installing: /home/luna/robomaster/2025-vision-training/Wenxiang Shi/homework4/ros_ws/install/divide_interface/include/divide_interface/divide_interface/srv/detail/divide__builder.hpp
[3.168s] -- Installing: /home/luna/robomaster/2025-vision-training/Wenxiang Shi/homework4/ros_ws/install/divide_interface/include/divide_interface/divide_interface/srv/detail/divide__traits.hpp
[3.168s] -- Up-to-date: /home/luna/robomaster/2025-vision-training/Wenxiang Shi/homework4/ros_ws/install/divide_interface/include/divide_interface/divide_interface
[3.168s] -- Up-to-date: /home/luna/robomaster/2025-vision-training/Wenxiang Shi/homework4/ros_ws/install/divide_interface/include/divide_interface/divide_interface/srv
[3.168s] -- Up-to-date: /home/luna/robomaster/2025-vision-training/Wenxiang Shi/homework4/ros_ws/install/divide_interface/include/divide_interface/divide_interface/srv/detail
[3.168s] -- Installing: /home/luna/robomaster/2025-vision-training/Wenxiang Shi/homework4/ros_ws/install/divide_interface/include/divide_interface/divide_interface/srv/detail/divide__rosidl_typesupport_fastrtps_cpp.hpp
[3.168s] -- Up-to-date: /home/luna/robomaster/2025-vision-training/Wenxiang Shi/homework4/ros_ws/install/divide_interface/include/divide_interface/divide_interface/srv/detail/dds_fastrtps
[3.169s] -- Up-to-date: /home/luna/robomaster/2025-vision-training/Wenxiang Shi/homework4/ros_ws/install/divide_interface/include/divide_interface/divide_interface/msg
[3.169s] -- Up-to-date: /home/luna/robomaster/2025-vision-training/Wenxiang Shi/homework4/ros_ws/install/divide_interface/include/divide_interface/divide_interface/msg/rosidl_typesupport_fastrtps_cpp__visibility_control.h
[3.169s] -- Installing: /home/luna/robomaster/2025-vision-training/Wenxiang Shi/homework4/ros_ws/install/divide_interface/lib/libdivide_interface__rosidl_typesupport_fastrtps_cpp.so
[3.169s] -- Set runtime path of "/home/luna/robomaster/2025-vision-training/Wenxiang Shi/homework4/ros_ws/install/divide_interface/lib/libdivide_interface__rosidl_typesupport_fastrtps_cpp.so" to ""
[3.169s] -- Up-to-date: /home/luna/robomaster/2025-vision-training/Wenxiang Shi/homework4/ros_ws/install/divide_interface/include/divide_interface/divide_interface
[3.169s] -- Up-to-date: /home/luna/robomaster/2025-vision-training/Wenxiang Shi/homework4/ros_ws/install/divide_interface/include/divide_interface/divide_interface/srv
[3.169s] -- Up-to-date: /home/luna/robomaster/2025-vision-training/Wenxiang Shi/homework4/ros_ws/install/divide_interface/include/divide_interface/divide_interface/srv/detail
[3.169s] -- Installing: /home/luna/robomaster/2025-vision-training/Wenxiang Shi/homework4/ros_ws/install/divide_interface/include/divide_interface/divide_interface/srv/detail/divide__rosidl_typesupport_introspection_cpp.hpp
[3.169s] -- Installing: /home/luna/robomaster/2025-vision-training/Wenxiang Shi/homework4/ros_ws/install/divide_interface/include/divide_interface/divide_interface/srv/detail/divide__type_support.cpp
[3.169s] -- Installing: /home/luna/robomaster/2025-vision-training/Wenxiang Shi/homework4/ros_ws/install/divide_interface/lib/libdivide_interface__rosidl_typesupport_introspection_cpp.so
[3.169s] -- Set runtime path of "/home/luna/robomaster/2025-vision-training/Wenxiang Shi/homework4/ros_ws/install/divide_interface/lib/libdivide_interface__rosidl_typesupport_introspection_cpp.so" to ""
[3.169s] -- Installing: /home/luna/robomaster/2025-vision-training/Wenxiang Shi/homework4/ros_ws/install/divide_interface/lib/libdivide_interface__rosidl_typesupport_cpp.so
[3.169s] -- Set runtime path of "/home/luna/robomaster/2025-vision-training/Wenxiang Shi/homework4/ros_ws/install/divide_interface/lib/libdivide_interface__rosidl_typesupport_cpp.so" to ""
[3.169s] -- Up-to-date: /home/luna/robomaster/2025-vision-training/Wenxiang Shi/homework4/ros_ws/install/divide_interface/share/divide_interface/environment/pythonpath.sh
[3.169s] -- Installing: /home/luna/robomaster/2025-vision-training/Wenxiang Shi/homework4/ros_ws/install/divide_interface/share/divide_interface/environment/pythonpath.dsv
[3.169s] -- Up-to-date: /home/luna/robomaster/2025-vision-training/Wenxiang Shi/homework4/ros_ws/install/divide_interface/local/lib/python3.10/dist-packages/divide_interface-0.0.0-py3.10.egg-info
[3.170s] -- Installing: /home/luna/robomaster/2025-vision-training/Wenxiang Shi/homework4/ros_ws/install/divide_interface/local/lib/python3.10/dist-packages/divide_interface-0.0.0-py3.10.egg-info/top_level.txt
[3.170s] -- Installing: /home/luna/robomaster/2025-vision-training/Wenxiang Shi/homework4/ros_ws/install/divide_interface/local/lib/python3.10/dist-packages/divide_interface-0.0.0-py3.10.egg-info/SOURCES.txt
[3.170s] -- Installing: /home/luna/robomaster/2025-vision-training/Wenxiang Shi/homework4/ros_ws/install/divide_interface/local/lib/python3.10/dist-packages/divide_interface-0.0.0-py3.10.egg-info/dependency_links.txt
[3.170s] -- Installing: /home/luna/robomaster/2025-vision-training/Wenxiang Shi/homework4/ros_ws/install/divide_interface/local/lib/python3.10/dist-packages/divide_interface-0.0.0-py3.10.egg-info/PKG-INFO
[3.170s] -- Up-to-date: /home/luna/robomaster/2025-vision-training/Wenxiang Shi/homework4/ros_ws/install/divide_interface/local/lib/python3.10/dist-packages/divide_interface
[3.170s] -- Up-to-date: /home/luna/robomaster/2025-vision-training/Wenxiang Shi/homework4/ros_ws/install/divide_interface/local/lib/python3.10/dist-packages/divide_interface/srv
[3.170s] -- Up-to-date: /home/luna/robomaster/2025-vision-training/Wenxiang Shi/homework4/ros_ws/install/divide_interface/local/lib/python3.10/dist-packages/divide_interface/srv/_divide.py
[3.170s] -- Up-to-date: /home/luna/robomaster/2025-vision-training/Wenxiang Shi/homework4/ros_ws/install/divide_interface/local/lib/python3.10/dist-packages/divide_interface/srv/__init__.py
[3.170s] -- Up-to-date: /home/luna/robomaster/2025-vision-training/Wenxiang Shi/homework4/ros_ws/install/divide_interface/local/lib/python3.10/dist-packages/divide_interface/srv/_divide_s.c
[3.170s] -- Up-to-date: /home/luna/robomaster/2025-vision-training/Wenxiang Shi/homework4/ros_ws/install/divide_interface/local/lib/python3.10/dist-packages/divide_interface/_divide_interface_s.ep.rosidl_typesupport_c.c
[3.170s] -- Up-to-date: /home/luna/robomaster/2025-vision-training/Wenxiang Shi/homework4/ros_ws/install/divide_interface/local/lib/python3.10/dist-packages/divide_interface/_divide_interface_s.ep.rosidl_typesupport_fastrtps_c.c
[3.170s] -- Installing: /home/luna/robomaster/2025-vision-training/Wenxiang Shi/homework4/ros_ws/install/divide_interface/local/lib/python3.10/dist-packages/divide_interface/__init__.py
[3.170s] -- Installing: /home/luna/robomaster/2025-vision-training/Wenxiang Shi/homework4/ros_ws/install/divide_interface/local/lib/python3.10/dist-packages/divide_interface/divide_interface_s__rosidl_typesupport_introspection_c.cpython-310-x86_64-linux-gnu.so
[3.170s] -- Installing: /home/luna/robomaster/2025-vision-training/Wenxiang Shi/homework4/ros_ws/install/divide_interface/local/lib/python3.10/dist-packages/divide_interface/libdivide_interface__rosidl_generator_py.so
[3.170s] -- Up-to-date: /home/luna/robomaster/2025-vision-training/Wenxiang Shi/homework4/ros_ws/install/divide_interface/local/lib/python3.10/dist-packages/divide_interface/_divide_interface_s.ep.rosidl_typesupport_introspection_c.c
[3.170s] -- Installing: /home/luna/robomaster/2025-vision-training/Wenxiang Shi/homework4/ros_ws/install/divide_interface/local/lib/python3.10/dist-packages/divide_interface/divide_interface_s__rosidl_typesupport_fastrtps_c.cpython-310-x86_64-linux-gnu.so
[3.170s] -- Installing: /home/luna/robomaster/2025-vision-training/Wenxiang Shi/homework4/ros_ws/install/divide_interface/local/lib/python3.10/dist-packages/divide_interface/divide_interface_s__rosidl_typesupport_c.cpython-310-x86_64-linux-gnu.so
[3.199s] Listing '/home/luna/robomaster/2025-vision-training/Wenxiang Shi/homework4/ros_ws/install/divide_interface/local/lib/python3.10/dist-packages/divide_interface'...
[3.199s] Compiling '/home/luna/robomaster/2025-vision-training/Wenxiang Shi/homework4/ros_ws/install/divide_interface/local/lib/python3.10/dist-packages/divide_interface/__init__.py'...
[3.199s] Listing '/home/luna/robomaster/2025-vision-training/Wenxiang Shi/homework4/ros_ws/install/divide_interface/local/lib/python3.10/dist-packages/divide_interface/srv'...
[3.203s] -- Installing: /home/luna/robomaster/2025-vision-training/Wenxiang Shi/homework4/ros_ws/install/divide_interface/local/lib/python3.10/dist-packages/divide_interface/divide_interface_s__rosidl_typesupport_fastrtps_c.cpython-310-x86_64-linux-gnu.so
[3.204s] -- Set runtime path of "/home/luna/robomaster/2025-vision-training/Wenxiang Shi/homework4/ros_ws/install/divide_interface/local/lib/python3.10/dist-packages/divide_interface/divide_interface_s__rosidl_typesupport_fastrtps_c.cpython-310-x86_64-linux-gnu.so" to ""
[3.204s] -- Installing: /home/luna/robomaster/2025-vision-training/Wenxiang Shi/homework4/ros_ws/install/divide_interface/local/lib/python3.10/dist-packages/divide_interface/divide_interface_s__rosidl_typesupport_introspection_c.cpython-310-x86_64-linux-gnu.so
[3.204s] -- Set runtime path of "/home/luna/robomaster/2025-vision-training/Wenxiang Shi/homework4/ros_ws/install/divide_interface/local/lib/python3.10/dist-packages/divide_interface/divide_interface_s__rosidl_typesupport_introspection_c.cpython-310-x86_64-linux-gnu.so" to ""
[3.204s] -- Installing: /home/luna/robomaster/2025-vision-training/Wenxiang Shi/homework4/ros_ws/install/divide_interface/local/lib/python3.10/dist-packages/divide_interface/divide_interface_s__rosidl_typesupport_c.cpython-310-x86_64-linux-gnu.so
[3.205s] -- Set runtime path of "/home/luna/robomaster/2025-vision-training/Wenxiang Shi/homework4/ros_ws/install/divide_interface/local/lib/python3.10/dist-packages/divide_interface/divide_interface_s__rosidl_typesupport_c.cpython-310-x86_64-linux-gnu.so" to ""
[3.205s] -- Installing: /home/luna/robomaster/2025-vision-training/Wenxiang Shi/homework4/ros_ws/install/divide_interface/lib/libdivide_interface__rosidl_generator_py.so
[3.205s] -- Set runtime path of "/home/luna/robomaster/2025-vision-training/Wenxiang Shi/homework4/ros_ws/install/divide_interface/lib/libdivide_interface__rosidl_generator_py.so" to ""
[3.205s] -- Up-to-date: /home/luna/robomaster/2025-vision-training/Wenxiang Shi/homework4/ros_ws/install/divide_interface/share/divide_interface/srv/Divide.idl
[3.205s] -- Up-to-date: /home/luna/robomaster/2025-vision-training/Wenxiang Shi/homework4/ros_ws/install/divide_interface/share/divide_interface/srv/Divide.srv
[3.205s] -- Up-to-date: /home/luna/robomaster/2025-vision-training/Wenxiang Shi/homework4/ros_ws/install/divide_interface/share/divide_interface/srv/Divide_Request.msg
[3.205s] -- Up-to-date: /home/luna/robomaster/2025-vision-training/Wenxiang Shi/homework4/ros_ws/install/divide_interface/share/divide_interface/srv/Divide_Response.msg
[3.205s] -- Up-to-date: /home/luna/robomaster/2025-vision-training/Wenxiang Shi/homework4/ros_ws/install/divide_interface/share/ament_index/resource_index/package_run_dependencies/divide_interface
[3.206s] -- Up-to-date: /home/luna/robomaster/2025-vision-training/Wenxiang Shi/homework4/ros_ws/install/divide_interface/share/ament_index/resource_index/parent_prefix_path/divide_interface
[3.206s] -- Up-to-date: /home/luna/robomaster/2025-vision-training/Wenxiang Shi/homework4/ros_ws/install/divide_interface/share/divide_interface/environment/ament_prefix_path.sh
[3.206s] -- Installing: /home/luna/robomaster/2025-vision-training/Wenxiang Shi/homework4/ros_ws/install/divide_interface/share/divide_interface/environment/ament_prefix_path.dsv
[3.206s] -- Up-to-date: /home/luna/robomaster/2025-vision-training/Wenxiang Shi/homework4/ros_ws/install/divide_interface/share/divide_interface/environment/path.sh
[3.206s] -- Installing: /home/luna/robomaster/2025-vision-training/Wenxiang Shi/homework4/ros_ws/install/divide_interface/share/divide_interface/environment/path.dsv
[3.206s] -- Up-to-date: /home/luna/robomaster/2025-vision-training/Wenxiang Shi/homework4/ros_ws/install/divide_interface/share/divide_interface/local_setup.bash
[3.206s] -- Up-to-date: /home/luna/robomaster/2025-vision-training/Wenxiang Shi/homework4/ros_ws/install/divide_interface/share/divide_interface/local_setup.sh
[3.207s] -- Up-to-date: /home/luna/robomaster/2025-vision-training/Wenxiang Shi/homework4/ros_ws/install/divide_interface/share/divide_interface/local_setup.zsh
[3.207s] -- Installing: /home/luna/robomaster/2025-vision-training/Wenxiang Shi/homework4/ros_ws/install/divide_interface/share/divide_interface/local_setup.dsv
[3.207s] -- Installing: /home/luna/robomaster/2025-vision-training/Wenxiang Shi/homework4/ros_ws/install/divide_interface/share/divide_interface/package.dsv
[3.207s] -- Up-to-date: /home/luna/robomaster/2025-vision-training/Wenxiang Shi/homework4/ros_ws/install/divide_interface/share/ament_index/resource_index/packages/divide_interface
[3.207s] -- Up-to-date: /home/luna/robomaster/2025-vision-training/Wenxiang Shi/homework4/ros_ws/install/divide_interface/share/divide_interface/cmake/export_divide_interface__rosidl_generator_cExport.cmake
[3.207s] -- Up-to-date: /home/luna/robomaster/2025-vision-training/Wenxiang Shi/homework4/ros_ws/install/divide_interface/share/divide_interface/cmake/export_divide_interface__rosidl_generator_cExport-noconfig.cmake
[3.208s] -- Up-to-date: /home/luna/robomaster/2025-vision-training/Wenxiang Shi/homework4/ros_ws/install/divide_interface/share/divide_interface/cmake/export_divide_interface__rosidl_typesupport_fastrtps_cExport.cmake
[3.208s] -- Up-to-date: /home/luna/robomaster/2025-vision-training/Wenxiang Shi/homework4/ros_ws/install/divide_interface/share/divide_interface/cmake/export_divide_interface__rosidl_typesupport_fastrtps_cExport-noconfig.cmake
[3.208s] -- Up-to-date: /home/luna/robomaster/2025-vision-training/Wenxiang Shi/homework4/ros_ws/install/divide_interface/share/divide_interface/cmake/divide_interface__rosidl_typesupport_introspection_cExport.cmake
[3.208s] -- Up-to-date: /home/luna/robomaster/2025-vision-training/Wenxiang Shi/homework4/ros_ws/install/divide_interface/share/divide_interface/cmake/divide_interface__rosidl_typesupport_introspection_cExport-noconfig.cmake
[3.208s] -- Up-to-date: /home/luna/robomaster/2025-vision-training/Wenxiang Shi/homework4/ros_ws/install/divide_interface/share/divide_interface/cmake/divide_interface__rosidl_typesupport_cExport.cmake
[3.208s] -- Up-to-date: /home/luna/robomaster/2025-vision-training/Wenxiang Shi/homework4/ros_ws/install/divide_interface/share/divide_interface/cmake/divide_interface__rosidl_typesupport_cExport-noconfig.cmake
[3.208s] -- Up-to-date: /home/luna/robomaster/2025-vision-training/Wenxiang Shi/homework4/ros_ws/install/divide_interface/share/divide_interface/cmake/export_divide_interface__rosidl_generator_cppExport.cmake
[3.209s] -- Up-to-date: /home/luna/robomaster/2025-vision-training/Wenxiang Shi/homework4/ros_ws/install/divide_interface/share/divide_interface/cmake/export_divide_interface__rosidl_typesupport_fastrtps_cppExport.cmake
[3.209s] -- Up-to-date: /home/luna/robomaster/2025-vision-training/Wenxiang Shi/homework4/ros_ws/install/divide_interface/share/divide_interface/cmake/export_divide_interface__rosidl_typesupport_fastrtps_cppExport-noconfig.cmake
[3.209s] -- Up-to-date: /home/luna/robomaster/2025-vision-training/Wenxiang Shi/homework4/ros_ws/install/divide_interface/share/divide_interface/cmake/divide_interface__rosidl_typesupport_introspection_cppExport.cmake
[3.210s] -- Up-to-date: /home/luna/robomaster/2025-vision-training/Wenxiang Shi/homework4/ros_ws/install/divide_interface/share/divide_interface/cmake/divide_interface__rosidl_typesupport_introspection_cppExport-noconfig.cmake
[3.210s] -- Up-to-date: /home/luna/robomaster/2025-vision-training/Wenxiang Shi/homework4/ros_ws/install/divide_interface/share/divide_interface/cmake/divide_interface__rosidl_typesupport_cppExport.cmake
[3.210s] -- Up-to-date: /home/luna/robomaster/2025-vision-training/Wenxiang Shi/homework4/ros_ws/install/divide_interface/share/divide_interface/cmake/divide_interface__rosidl_typesupport_cppExport-noconfig.cmake
[3.210s] -- Up-to-date: /home/luna/robomaster/2025-vision-training/Wenxiang Shi/homework4/ros_ws/install/divide_interface/share/divide_interface/cmake/export_divide_interface__rosidl_generator_pyExport.cmake
[3.211s] -- Up-to-date: /home/luna/robomaster/2025-vision-training/Wenxiang Shi/homework4/ros_ws/install/divide_interface/share/divide_interface/cmake/export_divide_interface__rosidl_generator_pyExport-noconfig.cmake
[3.211s] -- Up-to-date: /home/luna/robomaster/2025-vision-training/Wenxiang Shi/homework4/ros_ws/install/divide_interface/share/divide_interface/cmake/rosidl_cmake-extras.cmake
[3.211s] -- Up-to-date: /home/luna/robomaster/2025-vision-training/Wenxiang Shi/homework4/ros_ws/install/divide_interface/share/divide_interface/cmake/ament_cmake_export_include_directories-extras.cmake
[3.211s] -- Up-to-date: /home/luna/robomaster/2025-vision-training/Wenxiang Shi/homework4/ros_ws/install/divide_interface/share/divide_interface/cmake/ament_cmake_export_libraries-extras.cmake
[3.212s] -- Up-to-date: /home/luna/robomaster/2025-vision-training/Wenxiang Shi/homework4/ros_ws/install/divide_interface/share/divide_interface/cmake/ament_cmake_export_targets-extras.cmake
[3.212s] -- Up-to-date: /home/luna/robomaster/2025-vision-training/Wenxiang Shi/homework4/ros_ws/install/divide_interface/share/divide_interface/cmake/rosidl_cmake_export_typesupport_targets-extras.cmake
[3.212s] -- Up-to-date: /home/luna/robomaster/2025-vision-training/Wenxiang Shi/homework4/ros_ws/install/divide_interface/share/divide_interface/cmake/ament_cmake_export_dependencies-extras.cmake
[3.212s] -- Up-to-date: /home/luna/robomaster/2025-vision-training/Wenxiang Shi/homework4/ros_ws/install/divide_interface/share/divide_interface/cmake/rosidl_cmake_export_typesupport_libraries-extras.cmake
[3.212s] -- Up-to-date: /home/luna/robomaster/2025-vision-training/Wenxiang Shi/homework4/ros_ws/install/divide_interface/share/divide_interface/cmake/divide_interfaceConfig.cmake
[3.213s] -- Up-to-date: /home/luna/robomaster/2025-vision-training/Wenxiang Shi/homework4/ros_ws/install/divide_interface/share/divide_interface/cmake/divide_interfaceConfig-version.cmake
[3.213s] -- Up-to-date: /home/luna/robomaster/2025-vision-training/Wenxiang Shi/homework4/ros_ws/install/divide_interface/share/divide_interface/package.xml
[3.213s] Invoked command in '/home/luna/robomaster/2025-vision-training/Wenxiang Shi/homework4/ros_ws/build/divide_interface' returned '0': CMAKE_PREFIX_PATH=/opt/ros/humble /usr/bin/cmake --install /home/luna/robomaster/2025-vision-training/Wenxiang Shi/homework4/ros_ws/build/divide_interface
