[0.013s] Invoking command in '/home/zmyyy/ZhuMinyi/homework4/robot_action/build/robot_action': CMAKE_PREFIX_PATH=/opt/ros/humble WSLENV=ELECTRON_RUN_AS_NODE/w: /usr/bin/cmake /home/zmyyy/ZhuMinyi/homework4/robot_action -DAMENT_CMAKE_SYMLINK_INSTALL=1 -DCMAKE_INSTALL_PREFIX=/home/zmyyy/ZhuMinyi/homework4/robot_action/install/robot_action
[0.541s] -- The C compiler identification is GNU 11.4.0
[1.907s] -- The CXX compiler identification is GNU 11.4.0
[3.014s] -- Detecting C compiler ABI info
[3.189s] -- Detecting C compiler ABI info - done
[3.199s] -- Check for working C compiler: /usr/bin/cc - skipped
[3.209s] -- Detecting C compile features
[3.210s] -- Detecting C compile features - done
[3.215s] -- Detecting CXX compiler ABI info
[3.430s] -- Detecting CXX compiler ABI info - done
[3.437s] -- Check for working CXX compiler: /usr/bin/c++ - skipped
[3.438s] -- Detecting CXX compile features
[3.438s] -- Detecting CXX compile features - done
[3.454s] -- Found ament_cmake: 1.3.10 (/opt/ros/humble/share/ament_cmake/cmake)
[3.594s] -- Found Python3: /usr/bin/python3 (found version "3.10.12") found components: Interpreter 
[3.664s] -- Override CMake install command with custom implementation using symlinks instead of copying resources
[3.735s] -- Found rclcpp: 16.0.10 (/opt/ros/humble/share/rclcpp/cmake)
[4.039s] -- Found rosidl_generator_c: 3.1.5 (/opt/ros/humble/share/rosidl_generator_c/cmake)
[4.046s] -- Found rosidl_adapter: 3.1.5 (/opt/ros/humble/share/rosidl_adapter/cmake)
[4.061s] -- Found rosidl_generator_cpp: 3.1.5 (/opt/ros/humble/share/rosidl_generator_cpp/cmake)
[4.078s] -- Using all available rosidl_typesupport_c: rosidl_typesupport_fastrtps_c;rosidl_typesupport_introspection_c
[4.105s] -- Using all available rosidl_typesupport_cpp: rosidl_typesupport_fastrtps_cpp;rosidl_typesupport_introspection_cpp
[4.167s] -- Found rmw_implementation_cmake: 6.1.2 (/opt/ros/humble/share/rmw_implementation_cmake/cmake)
[4.170s] -- Found rmw_fastrtps_cpp: 6.2.7 (/opt/ros/humble/share/rmw_fastrtps_cpp/cmake)
[6.712s] -- Found OpenSSL: /usr/lib/x86_64-linux-gnu/libcrypto.so (found version "3.0.2")  
[10.390s] -- Found FastRTPS: /opt/ros/humble/include  
[16.419s] -- Using RMW implementation 'rmw_fastrtps_cpp' as default
[16.452s] -- Looking for pthread.h
[16.666s] -- Looking for pthread.h - found
[16.667s] -- Performing Test CMAKE_HAVE_LIBC_PTHREAD
[16.935s] -- Performing Test CMAKE_HAVE_LIBC_PTHREAD - Success
[16.936s] -- Found Threads: TRUE  
[17.042s] -- Found rosidl_default_generators: 1.2.0 (/opt/ros/humble/share/rosidl_default_generators/cmake)
[17.054s] -- Found geometry_msgs: 4.2.4 (/opt/ros/humble/share/geometry_msgs/cmake)
[17.093s] -- Found unique_identifier_msgs: 2.2.1 (/opt/ros/humble/share/unique_identifier_msgs/cmake)
[17.120s] -- Found rclcpp_action: 16.0.10 (/opt/ros/humble/share/rclcpp_action/cmake)
[17.473s] -- Found ament_cmake_ros: 0.10.0 (/opt/ros/humble/share/ament_cmake_ros/cmake)
[17.891s] -- Using all available rosidl_typesupport_c: rosidl_typesupport_fastrtps_c;rosidl_typesupport_introspection_c
[18.045s] -- Using all available rosidl_typesupport_cpp: rosidl_typesupport_fastrtps_cpp;rosidl_typesupport_introspection_cpp
[18.345s] -- Found PythonInterp: /usr/bin/python3 (found suitable version "3.10.12", minimum required is "3.6") 
[18.347s] -- Found python_cmake_module: 0.10.0 (/opt/ros/humble/share/python_cmake_module/cmake)
[19.371s] -- Found PythonLibs: /usr/lib/x86_64-linux-gnu/libpython3.10.so (found suitable version "3.10.12", minimum required is "3.5") 
[19.372s] -- Using PYTHON_EXECUTABLE: /usr/bin/python3
[19.372s] -- Using PYTHON_INCLUDE_DIRS: /usr/include/python3.10
[19.372s] -- Using PYTHON_LIBRARIES: /usr/lib/x86_64-linux-gnu/libpython3.10.so
[19.398s] -- Found PythonExtra: .so  
[19.556s] -- Found ament_lint_auto: 0.12.11 (/opt/ros/humble/share/ament_lint_auto/cmake)
[19.605s] -- Added test 'cppcheck' to perform static code analysis on C / C++ code
[19.606s] -- Configured cppcheck include dirs: $<BUILD_INTERFACE:/home/zmyyy/ZhuMinyi/homework4/robot_action/build/robot_action/rosidl_generator_c>;$<BUILD_INTERFACE:/home/zmyyy/ZhuMinyi/homework4/robot_action/build/robot_action/rosidl_typesupport_fastrtps_c>;$<BUILD_INTERFACE:/home/zmyyy/ZhuMinyi/homework4/robot_action/build/robot_action/rosidl_generator_cpp>;$<BUILD_INTERFACE:/home/zmyyy/ZhuMinyi/homework4/robot_action/build/robot_action/rosidl_typesupport_fastrtps_cpp>;$<BUILD_INTERFACE:/home/zmyyy/ZhuMinyi/homework4/robot_action/build/robot_action/rosidl_typesupport_introspection_c>;$<BUILD_INTERFACE:/home/zmyyy/ZhuMinyi/homework4/robot_action/build/robot_action/rosidl_typesupport_introspection_cpp>;/home/zmyyy/ZhuMinyi/homework4/robot_action/build/robot_action/rosidl_generator_c;/home/zmyyy/ZhuMinyi/homework4/robot_action/build/robot_action/rosidl_generator_py
[19.606s] -- Configured cppcheck exclude dirs and/or files: 
[19.608s] -- Added test 'flake8' to check Python code syntax and style conventions
[19.611s] -- Added test 'lint_cmake' to check CMake code style
[19.613s] -- Added test 'pep257' to check Python code against some of the docstring style conventions in PEP 257
[19.620s] -- Added test 'uncrustify' to check C / C++ code style
[19.620s] -- Configured uncrustify additional arguments: 
[19.622s] -- Added test 'xmllint' to check XML markup files
[19.627s] -- Configuring done
[19.671s] -- Generating done
[19.675s] -- Build files have been written to: /home/zmyyy/ZhuMinyi/homework4/robot_action/build/robot_action
[19.687s] Invoked command in '/home/zmyyy/ZhuMinyi/homework4/robot_action/build/robot_action' returned '0': CMAKE_PREFIX_PATH=/opt/ros/humble WSLENV=ELECTRON_RUN_AS_NODE/w: /usr/bin/cmake /home/zmyyy/ZhuMinyi/homework4/robot_action -DAMENT_CMAKE_SYMLINK_INSTALL=1 -DCMAKE_INSTALL_PREFIX=/home/zmyyy/ZhuMinyi/homework4/robot_action/install/robot_action
[19.689s] Invoking command in '/home/zmyyy/ZhuMinyi/homework4/robot_action/build/robot_action': CMAKE_PREFIX_PATH=/opt/ros/humble WSLENV=ELECTRON_RUN_AS_NODE/w: /usr/bin/cmake --build /home/zmyyy/ZhuMinyi/homework4/robot_action/build/robot_action -- -j20 -l20
[19.724s] [  2%] [34m[1mGenerating C code for ROS interfaces[0m
[19.731s] [  5%] [34m[1mGenerating C++ code for ROS interfaces[0m
[19.738s] [  5%] Built target ament_cmake_python_symlink_robot_action
[20.048s] running egg_info
[20.050s] creating robot_action.egg-info
[20.050s] writing robot_action.egg-info/PKG-INFO
[20.051s] writing dependency_links to robot_action.egg-info/dependency_links.txt
[20.051s] writing top-level names to robot_action.egg-info/top_level.txt
[20.051s] writing manifest file 'robot_action.egg-info/SOURCES.txt'
[20.055s] reading manifest file 'robot_action.egg-info/SOURCES.txt'
[20.056s] writing manifest file 'robot_action.egg-info/SOURCES.txt'
[20.083s] [  5%] Built target ament_cmake_python_build_robot_action_egg
[20.334s] [  5%] Built target robot_action__cpp
[20.345s] [  8%] [34m[1mGenerating C++ introspection for ROS interfaces[0m
[20.345s] [ 11%] [34m[1mGenerating C++ type support dispatch for ROS interfaces[0m
[20.346s] [ 14%] [34m[1mGenerating C++ type support for eProsima Fast-RTPS[0m
[20.361s] [ 17%] [32mBuilding C object CMakeFiles/robot_action__rosidl_generator_c.dir/rosidl_generator_c/robot_action/action/detail/move__functions.c.o[0m
[20.597s] [ 20%] [32m[1mLinking C shared library librobot_action__rosidl_generator_c.so[0m
[20.802s] [ 22%] [32mBuilding CXX object CMakeFiles/robot_action__rosidl_typesupport_cpp.dir/rosidl_typesupport_cpp/robot_action/action/move__type_support.cpp.o[0m
[20.832s] [ 22%] Built target robot_action__rosidl_generator_c
[20.842s] [ 28%] [34m[1mGenerating C type support dispatch for ROS interfaces[0m
[20.843s] [ 28%] [34m[1mGenerating C introspection for ROS interfaces[0m
[20.846s] [ 31%] [34m[1mGenerating C type support for eProsima Fast-RTPS[0m
[20.888s] [ 34%] [32mBuilding CXX object CMakeFiles/robot_action__rosidl_typesupport_introspection_cpp.dir/rosidl_typesupport_introspection_cpp/robot_action/action/detail/move__type_support.cpp.o[0m
[21.020s] [ 37%] [32mBuilding CXX object CMakeFiles/robot_action__rosidl_typesupport_fastrtps_cpp.dir/rosidl_typesupport_fastrtps_cpp/robot_action/action/detail/dds_fastrtps/move__type_support.cpp.o[0m
[21.321s] [ 40%] [32mBuilding CXX object CMakeFiles/robot_action__rosidl_typesupport_c.dir/rosidl_typesupport_c/robot_action/action/move__type_support.cpp.o[0m
[21.388s] [ 42%] [32m[1mLinking CXX shared library librobot_action__rosidl_typesupport_c.so[0m
[21.430s] [ 45%] [32mBuilding C object CMakeFiles/robot_action__rosidl_typesupport_introspection_c.dir/rosidl_typesupport_introspection_c/robot_action/action/detail/move__type_support.c.o[0m
[21.463s] [ 48%] [32mBuilding CXX object CMakeFiles/robot_action__rosidl_typesupport_fastrtps_c.dir/rosidl_typesupport_fastrtps_c/robot_action/action/detail/move__type_support_c.cpp.o[0m
[21.483s] [ 51%] [32m[1mLinking C shared library librobot_action__rosidl_typesupport_introspection_c.so[0m
[21.531s] [ 54%] [32m[1mLinking CXX shared library librobot_action__rosidl_typesupport_cpp.so[0m
[21.560s] [ 54%] Built target robot_action__rosidl_typesupport_c
[21.614s] [ 54%] Built target robot_action__rosidl_typesupport_introspection_c
[21.648s] [ 57%] [32m[1mLinking CXX shared library librobot_action__rosidl_typesupport_introspection_cpp.so[0m
[21.673s] [ 57%] Built target robot_action__rosidl_typesupport_cpp
[21.688s] [ 60%] [32mBuilding CXX object CMakeFiles/server.dir/src/server.cpp.o[0m
[21.688s] [ 62%] [32mBuilding CXX object CMakeFiles/client.dir/src/client.cpp.o[0m
[21.721s] [ 65%] [32m[1mLinking CXX shared library librobot_action__rosidl_typesupport_fastrtps_cpp.so[0m
[21.833s] [ 68%] [32m[1mLinking CXX shared library librobot_action__rosidl_typesupport_fastrtps_c.so[0m
[21.845s] [ 68%] Built target robot_action__rosidl_typesupport_introspection_cpp
[21.919s] [ 68%] Built target robot_action__rosidl_typesupport_fastrtps_cpp
[22.016s] [ 68%] Built target robot_action__rosidl_typesupport_fastrtps_c
[22.030s] [ 68%] Built target robot_action
[22.044s] [ 71%] [34m[1mGenerating Python code for ROS interfaces[0m
[23.024s] [ 71%] Built target robot_action__py
[23.043s] [ 74%] [32mBuilding C object CMakeFiles/robot_action__rosidl_generator_py.dir/rosidl_generator_py/robot_action/action/_move_s.c.o[0m
[23.268s] [ 77%] [32m[1mLinking C shared library rosidl_generator_py/robot_action/librobot_action__rosidl_generator_py.so[0m
[23.521s] [ 77%] Built target robot_action__rosidl_generator_py
[23.542s] [ 80%] [32mBuilding C object CMakeFiles/robot_action__rosidl_typesupport_fastrtps_c__pyext.dir/rosidl_generator_py/robot_action/_robot_action_s.ep.rosidl_typesupport_fastrtps_c.c.o[0m
[23.544s] [ 82%] [32mBuilding C object CMakeFiles/robot_action__rosidl_typesupport_introspection_c__pyext.dir/rosidl_generator_py/robot_action/_robot_action_s.ep.rosidl_typesupport_introspection_c.c.o[0m
[23.550s] [ 85%] [32mBuilding C object CMakeFiles/robot_action__rosidl_typesupport_c__pyext.dir/rosidl_generator_py/robot_action/_robot_action_s.ep.rosidl_typesupport_c.c.o[0m
[23.708s] [ 88%] [32m[1mLinking C shared library rosidl_generator_py/robot_action/robot_action_s__rosidl_typesupport_introspection_c.cpython-310-x86_64-linux-gnu.so[0m
[23.708s] [ 91%] [32m[1mLinking C shared library rosidl_generator_py/robot_action/robot_action_s__rosidl_typesupport_c.cpython-310-x86_64-linux-gnu.so[0m
[23.719s] [ 94%] [32m[1mLinking C shared library rosidl_generator_py/robot_action/robot_action_s__rosidl_typesupport_fastrtps_c.cpython-310-x86_64-linux-gnu.so[0m
[23.872s] [ 94%] Built target robot_action__rosidl_typesupport_c__pyext
[23.873s] [ 94%] Built target robot_action__rosidl_typesupport_introspection_c__pyext
[23.918s] [ 94%] Built target robot_action__rosidl_typesupport_fastrtps_c__pyext
[26.444s] [ 97%] [32m[1mLinking CXX executable server[0m
[26.676s] [100%] [32m[1mLinking CXX executable client[0m
[26.844s] [100%] Built target server
[27.056s] [100%] Built target client
[27.068s] Invoked command in '/home/zmyyy/ZhuMinyi/homework4/robot_action/build/robot_action' returned '0': CMAKE_PREFIX_PATH=/opt/ros/humble WSLENV=ELECTRON_RUN_AS_NODE/w: /usr/bin/cmake --build /home/zmyyy/ZhuMinyi/homework4/robot_action/build/robot_action -- -j20 -l20
[27.152s] Invoking command in '/home/zmyyy/ZhuMinyi/homework4/robot_action/build/robot_action': CMAKE_PREFIX_PATH=/opt/ros/humble WSLENV=ELECTRON_RUN_AS_NODE/w: /usr/bin/cmake --install /home/zmyyy/ZhuMinyi/homework4/robot_action/build/robot_action
[27.162s] -- Install configuration: ""
[27.178s] -- Execute custom install script
[27.178s] -- Symlinking: /home/zmyyy/ZhuMinyi/homework4/robot_action/install/robot_action/share/ament_index/resource_index/rosidl_interfaces/robot_action
[27.178s] -- Symlinking: /home/zmyyy/ZhuMinyi/homework4/robot_action/install/robot_action/include/robot_action/robot_action/action/detail/move__functions.h
[27.181s] -- Symlinking: /home/zmyyy/ZhuMinyi/homework4/robot_action/install/robot_action/include/robot_action/robot_action/action/detail/move__struct.h
[27.189s] -- Symlinking: /home/zmyyy/ZhuMinyi/homework4/robot_action/install/robot_action/include/robot_action/robot_action/action/detail/move__type_support.h
[27.201s] -- Symlinking: /home/zmyyy/ZhuMinyi/homework4/robot_action/install/robot_action/include/robot_action/robot_action/action/move.h
[27.212s] -- Symlinking: /home/zmyyy/ZhuMinyi/homework4/robot_action/install/robot_action/include/robot_action/robot_action/msg/rosidl_generator_c__visibility_control.h
[27.219s] -- Symlinking: /home/zmyyy/ZhuMinyi/homework4/robot_action/install/robot_action/share/robot_action/environment/library_path.sh
[27.227s] -- Symlinking: /home/zmyyy/ZhuMinyi/homework4/robot_action/install/robot_action/share/robot_action/environment/library_path.dsv
[27.239s] -- Symlinking: /home/zmyyy/ZhuMinyi/homework4/robot_action/install/robot_action/include/robot_action/robot_action/action/detail/move__rosidl_typesupport_fastrtps_c.h
[27.247s] -- Symlinking: /home/zmyyy/ZhuMinyi/homework4/robot_action/install/robot_action/include/robot_action/robot_action/msg/rosidl_typesupport_fastrtps_c__visibility_control.h
[27.256s] -- Symlinking: /home/zmyyy/ZhuMinyi/homework4/robot_action/install/robot_action/include/robot_action/robot_action/action/detail/move__builder.hpp
[27.264s] -- Symlinking: /home/zmyyy/ZhuMinyi/homework4/robot_action/install/robot_action/include/robot_action/robot_action/action/detail/move__struct.hpp
[27.272s] -- Symlinking: /home/zmyyy/ZhuMinyi/homework4/robot_action/install/robot_action/include/robot_action/robot_action/action/detail/move__traits.hpp
[27.281s] -- Symlinking: /home/zmyyy/ZhuMinyi/homework4/robot_action/install/robot_action/include/robot_action/robot_action/action/move.hpp
[27.287s] -- Symlinking: /home/zmyyy/ZhuMinyi/homework4/robot_action/install/robot_action/include/robot_action/robot_action/action/detail/move__rosidl_typesupport_fastrtps_cpp.hpp
[27.293s] -- Symlinking: /home/zmyyy/ZhuMinyi/homework4/robot_action/install/robot_action/include/robot_action/robot_action/msg/rosidl_typesupport_fastrtps_cpp__visibility_control.h
[27.299s] -- Symlinking: /home/zmyyy/ZhuMinyi/homework4/robot_action/install/robot_action/include/robot_action/robot_action/action/detail/move__rosidl_typesupport_introspection_c.h
[27.305s] -- Symlinking: /home/zmyyy/ZhuMinyi/homework4/robot_action/install/robot_action/include/robot_action/robot_action/msg/rosidl_typesupport_introspection_c__visibility_control.h
[27.313s] -- Symlinking: /home/zmyyy/ZhuMinyi/homework4/robot_action/install/robot_action/include/robot_action/robot_action/action/detail/move__rosidl_typesupport_introspection_cpp.hpp
[27.319s] -- Symlinking: /home/zmyyy/ZhuMinyi/homework4/robot_action/install/robot_action/share/robot_action/environment/pythonpath.sh
[27.325s] -- Symlinking: /home/zmyyy/ZhuMinyi/homework4/robot_action/install/robot_action/share/robot_action/environment/pythonpath.dsv
[27.332s] -- Symlinking: /home/zmyyy/ZhuMinyi/homework4/robot_action/install/robot_action/local/lib/python3.10/dist-packages/robot_action-0.0.0-py3.10.egg-info/PKG-INFO
[27.338s] -- Symlinking: /home/zmyyy/ZhuMinyi/homework4/robot_action/install/robot_action/local/lib/python3.10/dist-packages/robot_action-0.0.0-py3.10.egg-info/SOURCES.txt
[27.344s] -- Symlinking: /home/zmyyy/ZhuMinyi/homework4/robot_action/install/robot_action/local/lib/python3.10/dist-packages/robot_action-0.0.0-py3.10.egg-info/dependency_links.txt
[27.349s] -- Symlinking: /home/zmyyy/ZhuMinyi/homework4/robot_action/install/robot_action/local/lib/python3.10/dist-packages/robot_action-0.0.0-py3.10.egg-info/top_level.txt
[27.356s] -- Symlinking: /home/zmyyy/ZhuMinyi/homework4/robot_action/install/robot_action/local/lib/python3.10/dist-packages/robot_action/__init__.py
[27.362s] -- Symlinking: /home/zmyyy/ZhuMinyi/homework4/robot_action/install/robot_action/local/lib/python3.10/dist-packages/robot_action/_robot_action_s.ep.rosidl_typesupport_c.c
[27.367s] -- Symlinking: /home/zmyyy/ZhuMinyi/homework4/robot_action/install/robot_action/local/lib/python3.10/dist-packages/robot_action/_robot_action_s.ep.rosidl_typesupport_fastrtps_c.c
[27.373s] -- Symlinking: /home/zmyyy/ZhuMinyi/homework4/robot_action/install/robot_action/local/lib/python3.10/dist-packages/robot_action/_robot_action_s.ep.rosidl_typesupport_introspection_c.c
[27.379s] -- Symlinking: /home/zmyyy/ZhuMinyi/homework4/robot_action/install/robot_action/local/lib/python3.10/dist-packages/robot_action/action/__init__.py
[27.385s] -- Symlinking: /home/zmyyy/ZhuMinyi/homework4/robot_action/install/robot_action/local/lib/python3.10/dist-packages/robot_action/action/_move.py
[27.392s] -- Symlinking: /home/zmyyy/ZhuMinyi/homework4/robot_action/install/robot_action/local/lib/python3.10/dist-packages/robot_action/action/_move_s.c
[27.400s] -- Symlinking: /home/zmyyy/ZhuMinyi/homework4/robot_action/install/robot_action/local/lib/python3.10/dist-packages/robot_action/librobot_action__rosidl_generator_py.so
[27.408s] -- Symlinking: /home/zmyyy/ZhuMinyi/homework4/robot_action/install/robot_action/local/lib/python3.10/dist-packages/robot_action/robot_action_s__rosidl_typesupport_c.cpython-310-x86_64-linux-gnu.so
[27.419s] -- Symlinking: /home/zmyyy/ZhuMinyi/homework4/robot_action/install/robot_action/local/lib/python3.10/dist-packages/robot_action/robot_action_s__rosidl_typesupport_fastrtps_c.cpython-310-x86_64-linux-gnu.so
[27.427s] -- Symlinking: /home/zmyyy/ZhuMinyi/homework4/robot_action/install/robot_action/local/lib/python3.10/dist-packages/robot_action/robot_action_s__rosidl_typesupport_introspection_c.cpython-310-x86_64-linux-gnu.so
[27.434s] -- Up-to-date symlink: /home/zmyyy/ZhuMinyi/homework4/robot_action/install/robot_action/local/lib/python3.10/dist-packages/robot_action/robot_action_s__rosidl_typesupport_fastrtps_c.cpython-310-x86_64-linux-gnu.so
[27.435s] -- Up-to-date symlink: /home/zmyyy/ZhuMinyi/homework4/robot_action/install/robot_action/local/lib/python3.10/dist-packages/robot_action/robot_action_s__rosidl_typesupport_introspection_c.cpython-310-x86_64-linux-gnu.so
[27.435s] -- Up-to-date symlink: /home/zmyyy/ZhuMinyi/homework4/robot_action/install/robot_action/local/lib/python3.10/dist-packages/robot_action/robot_action_s__rosidl_typesupport_c.cpython-310-x86_64-linux-gnu.so
[27.436s] -- Symlinking: /home/zmyyy/ZhuMinyi/homework4/robot_action/install/robot_action/share/robot_action/action/Move.idl
[27.445s] -- Symlinking: /home/zmyyy/ZhuMinyi/homework4/robot_action/install/robot_action/share/robot_action/action/Move.action
[27.454s] -- Symlinking: /home/zmyyy/ZhuMinyi/homework4/robot_action/install/robot_action/share/robot_action/launch/launch.py
[27.464s] -- Symlinking: /home/zmyyy/ZhuMinyi/homework4/robot_action/install/robot_action/share/robot_action/config/param.yaml
[27.472s] -- Symlinking: /home/zmyyy/ZhuMinyi/homework4/robot_action/install/robot_action/lib/robot_action/server
[27.482s] -- Symlinking: /home/zmyyy/ZhuMinyi/homework4/robot_action/install/robot_action/lib/robot_action/client
[27.489s] -- Symlinking: /home/zmyyy/ZhuMinyi/homework4/robot_action/install/robot_action/share/ament_index/resource_index/package_run_dependencies/robot_action
[27.499s] -- Symlinking: /home/zmyyy/ZhuMinyi/homework4/robot_action/install/robot_action/share/ament_index/resource_index/parent_prefix_path/robot_action
[27.506s] -- Symlinking: /home/zmyyy/ZhuMinyi/homework4/robot_action/install/robot_action/share/robot_action/environment/ament_prefix_path.sh
[27.516s] -- Symlinking: /home/zmyyy/ZhuMinyi/homework4/robot_action/install/robot_action/share/robot_action/environment/ament_prefix_path.dsv
[27.523s] -- Symlinking: /home/zmyyy/ZhuMinyi/homework4/robot_action/install/robot_action/share/robot_action/environment/path.sh
[27.530s] -- Symlinking: /home/zmyyy/ZhuMinyi/homework4/robot_action/install/robot_action/share/robot_action/environment/path.dsv
[27.538s] -- Symlinking: /home/zmyyy/ZhuMinyi/homework4/robot_action/install/robot_action/share/robot_action/local_setup.bash
[27.545s] -- Symlinking: /home/zmyyy/ZhuMinyi/homework4/robot_action/install/robot_action/share/robot_action/local_setup.sh
[27.553s] -- Symlinking: /home/zmyyy/ZhuMinyi/homework4/robot_action/install/robot_action/share/robot_action/local_setup.zsh
[27.570s] -- Symlinking: /home/zmyyy/ZhuMinyi/homework4/robot_action/install/robot_action/share/robot_action/local_setup.dsv
[27.578s] -- Symlinking: /home/zmyyy/ZhuMinyi/homework4/robot_action/install/robot_action/share/robot_action/package.dsv
[27.594s] -- Symlinking: /home/zmyyy/ZhuMinyi/homework4/robot_action/install/robot_action/share/ament_index/resource_index/packages/robot_action
[27.602s] -- Symlinking: /home/zmyyy/ZhuMinyi/homework4/robot_action/install/robot_action/share/robot_action/cmake/rosidl_cmake-extras.cmake
[27.613s] -- Symlinking: /home/zmyyy/ZhuMinyi/homework4/robot_action/install/robot_action/share/robot_action/cmake/ament_cmake_export_dependencies-extras.cmake
[27.622s] -- Symlinking: /home/zmyyy/ZhuMinyi/homework4/robot_action/install/robot_action/share/robot_action/cmake/ament_cmake_export_include_directories-extras.cmake
[27.631s] -- Symlinking: /home/zmyyy/ZhuMinyi/homework4/robot_action/install/robot_action/share/robot_action/cmake/ament_cmake_export_libraries-extras.cmake
[27.639s] -- Symlinking: /home/zmyyy/ZhuMinyi/homework4/robot_action/install/robot_action/share/robot_action/cmake/ament_cmake_export_targets-extras.cmake
[27.648s] -- Symlinking: /home/zmyyy/ZhuMinyi/homework4/robot_action/install/robot_action/share/robot_action/cmake/rosidl_cmake_export_typesupport_targets-extras.cmake
[27.657s] -- Symlinking: /home/zmyyy/ZhuMinyi/homework4/robot_action/install/robot_action/share/robot_action/cmake/rosidl_cmake_export_typesupport_libraries-extras.cmake
[27.666s] -- Symlinking: /home/zmyyy/ZhuMinyi/homework4/robot_action/install/robot_action/share/robot_action/cmake/robot_actionConfig.cmake
[27.672s] -- Symlinking: /home/zmyyy/ZhuMinyi/homework4/robot_action/install/robot_action/share/robot_action/cmake/robot_actionConfig-version.cmake
[27.679s] -- Symlinking: /home/zmyyy/ZhuMinyi/homework4/robot_action/install/robot_action/share/robot_action/package.xml
[27.684s] -- Installing: /home/zmyyy/ZhuMinyi/homework4/robot_action/install/robot_action/lib/librobot_action__rosidl_generator_c.so
[27.685s] -- Set runtime path of "/home/zmyyy/ZhuMinyi/homework4/robot_action/install/robot_action/lib/librobot_action__rosidl_generator_c.so" to ""
[27.685s] -- Installing: /home/zmyyy/ZhuMinyi/homework4/robot_action/install/robot_action/lib/librobot_action__rosidl_typesupport_fastrtps_c.so
[27.685s] -- Set runtime path of "/home/zmyyy/ZhuMinyi/homework4/robot_action/install/robot_action/lib/librobot_action__rosidl_typesupport_fastrtps_c.so" to ""
[27.685s] -- Installing: /home/zmyyy/ZhuMinyi/homework4/robot_action/install/robot_action/lib/librobot_action__rosidl_typesupport_fastrtps_cpp.so
[27.686s] -- Set runtime path of "/home/zmyyy/ZhuMinyi/homework4/robot_action/install/robot_action/lib/librobot_action__rosidl_typesupport_fastrtps_cpp.so" to ""
[27.686s] -- Installing: /home/zmyyy/ZhuMinyi/homework4/robot_action/install/robot_action/lib/librobot_action__rosidl_typesupport_introspection_c.so
[27.686s] -- Set runtime path of "/home/zmyyy/ZhuMinyi/homework4/robot_action/install/robot_action/lib/librobot_action__rosidl_typesupport_introspection_c.so" to ""
[27.686s] -- Installing: /home/zmyyy/ZhuMinyi/homework4/robot_action/install/robot_action/lib/librobot_action__rosidl_typesupport_c.so
[27.687s] -- Set runtime path of "/home/zmyyy/ZhuMinyi/homework4/robot_action/install/robot_action/lib/librobot_action__rosidl_typesupport_c.so" to ""
[27.687s] -- Installing: /home/zmyyy/ZhuMinyi/homework4/robot_action/install/robot_action/lib/librobot_action__rosidl_typesupport_introspection_cpp.so
[27.687s] -- Set runtime path of "/home/zmyyy/ZhuMinyi/homework4/robot_action/install/robot_action/lib/librobot_action__rosidl_typesupport_introspection_cpp.so" to ""
[27.687s] -- Installing: /home/zmyyy/ZhuMinyi/homework4/robot_action/install/robot_action/lib/librobot_action__rosidl_typesupport_cpp.so
[27.688s] -- Set runtime path of "/home/zmyyy/ZhuMinyi/homework4/robot_action/install/robot_action/lib/librobot_action__rosidl_typesupport_cpp.so" to ""
[27.731s] Listing '/home/zmyyy/ZhuMinyi/homework4/robot_action/install/robot_action/local/lib/python3.10/dist-packages/robot_action'...
[27.731s] Compiling '/home/zmyyy/ZhuMinyi/homework4/robot_action/install/robot_action/local/lib/python3.10/dist-packages/robot_action/__init__.py'...
[27.732s] Listing '/home/zmyyy/ZhuMinyi/homework4/robot_action/install/robot_action/local/lib/python3.10/dist-packages/robot_action/action'...
[27.732s] Compiling '/home/zmyyy/ZhuMinyi/homework4/robot_action/install/robot_action/local/lib/python3.10/dist-packages/robot_action/action/__init__.py'...
[27.732s] Compiling '/home/zmyyy/ZhuMinyi/homework4/robot_action/install/robot_action/local/lib/python3.10/dist-packages/robot_action/action/_move.py'...
[27.736s] -- Installing: /home/zmyyy/ZhuMinyi/homework4/robot_action/install/robot_action/lib/librobot_action__rosidl_generator_py.so
[27.736s] -- Set runtime path of "/home/zmyyy/ZhuMinyi/homework4/robot_action/install/robot_action/lib/librobot_action__rosidl_generator_py.so" to ""
[27.737s] -- Installing: /home/zmyyy/ZhuMinyi/homework4/robot_action/install/robot_action/share/robot_action/cmake/export_robot_action__rosidl_generator_cExport.cmake
[27.737s] -- Installing: /home/zmyyy/ZhuMinyi/homework4/robot_action/install/robot_action/share/robot_action/cmake/export_robot_action__rosidl_generator_cExport-noconfig.cmake
[27.737s] -- Installing: /home/zmyyy/ZhuMinyi/homework4/robot_action/install/robot_action/share/robot_action/cmake/export_robot_action__rosidl_typesupport_fastrtps_cExport.cmake
[27.737s] -- Installing: /home/zmyyy/ZhuMinyi/homework4/robot_action/install/robot_action/share/robot_action/cmake/export_robot_action__rosidl_typesupport_fastrtps_cExport-noconfig.cmake
[27.737s] -- Installing: /home/zmyyy/ZhuMinyi/homework4/robot_action/install/robot_action/share/robot_action/cmake/export_robot_action__rosidl_generator_cppExport.cmake
[27.737s] -- Installing: /home/zmyyy/ZhuMinyi/homework4/robot_action/install/robot_action/share/robot_action/cmake/export_robot_action__rosidl_typesupport_fastrtps_cppExport.cmake
[27.738s] -- Installing: /home/zmyyy/ZhuMinyi/homework4/robot_action/install/robot_action/share/robot_action/cmake/export_robot_action__rosidl_typesupport_fastrtps_cppExport-noconfig.cmake
[27.738s] -- Installing: /home/zmyyy/ZhuMinyi/homework4/robot_action/install/robot_action/share/robot_action/cmake/robot_action__rosidl_typesupport_introspection_cExport.cmake
[27.738s] -- Installing: /home/zmyyy/ZhuMinyi/homework4/robot_action/install/robot_action/share/robot_action/cmake/robot_action__rosidl_typesupport_introspection_cExport-noconfig.cmake
[27.738s] -- Installing: /home/zmyyy/ZhuMinyi/homework4/robot_action/install/robot_action/share/robot_action/cmake/robot_action__rosidl_typesupport_cExport.cmake
[27.738s] -- Installing: /home/zmyyy/ZhuMinyi/homework4/robot_action/install/robot_action/share/robot_action/cmake/robot_action__rosidl_typesupport_cExport-noconfig.cmake
[27.738s] -- Installing: /home/zmyyy/ZhuMinyi/homework4/robot_action/install/robot_action/share/robot_action/cmake/robot_action__rosidl_typesupport_introspection_cppExport.cmake
[27.739s] -- Installing: /home/zmyyy/ZhuMinyi/homework4/robot_action/install/robot_action/share/robot_action/cmake/robot_action__rosidl_typesupport_introspection_cppExport-noconfig.cmake
[27.739s] -- Installing: /home/zmyyy/ZhuMinyi/homework4/robot_action/install/robot_action/share/robot_action/cmake/robot_action__rosidl_typesupport_cppExport.cmake
[27.739s] -- Installing: /home/zmyyy/ZhuMinyi/homework4/robot_action/install/robot_action/share/robot_action/cmake/robot_action__rosidl_typesupport_cppExport-noconfig.cmake
[27.739s] -- Installing: /home/zmyyy/ZhuMinyi/homework4/robot_action/install/robot_action/share/robot_action/cmake/export_robot_action__rosidl_generator_pyExport.cmake
[27.739s] -- Installing: /home/zmyyy/ZhuMinyi/homework4/robot_action/install/robot_action/share/robot_action/cmake/export_robot_action__rosidl_generator_pyExport-noconfig.cmake
[27.742s] Invoked command in '/home/zmyyy/ZhuMinyi/homework4/robot_action/build/robot_action' returned '0': CMAKE_PREFIX_PATH=/opt/ros/humble WSLENV=ELECTRON_RUN_AS_NODE/w: /usr/bin/cmake --install /home/zmyyy/ZhuMinyi/homework4/robot_action/build/robot_action
