-- Found ament_cmake: 1.3.10 (/opt/ros/humble/share/ament_cmake/cmake)
-- Found rclcpp: 16.0.10 (/opt/ros/humble/share/rclcpp/cmake)
-- Found rosidl_generator_c: 3.1.5 (/opt/ros/humble/share/rosidl_generator_c/cmake)
-- Found rosidl_adapter: 3.1.5 (/opt/ros/humble/share/rosidl_adapter/cmake)
-- Found rosidl_generator_cpp: 3.1.5 (/opt/ros/humble/share/rosidl_generator_cpp/cmake)
-- Using all available rosidl_typesupport_c: rosidl_typesupport_fastrtps_c;rosidl_typesupport_introspection_c
-- Using all available rosidl_typesupport_cpp: rosidl_typesupport_fastrtps_cpp;rosidl_typesupport_introspection_cpp
-- Found rmw_implementation_cmake: 6.1.2 (/opt/ros/humble/share/rmw_implementation_cmake/cmake)
-- Found rmw_fastrtps_cpp: 6.2.7 (/opt/ros/humble/share/rmw_fastrtps_cpp/cmake)
-- Using RMW implementation 'rmw_fastrtps_cpp' as default
-- Found rclcpp_action: 16.0.10 (/opt/ros/humble/share/rclcpp_action/cmake)
-- Found action_interfaces: 0.0.0 (/home/rm-jiaolong/Workspace/homework4/task2/install/action_interfaces/share/action_interfaces/cmake)
-- Found ament_lint_auto: 0.12.11 (/opt/ros/humble/share/ament_lint_auto/cmake)
-- Added test 'cppcheck' to perform static code analysis on C / C++ code
-- Configured cppcheck include dirs: $<BUILD_INTERFACE:/home/rm-jiaolong/Workspace/homework4/task2/src/action_demo/include>
-- Configured cppcheck exclude dirs and/or files: 
-- Added test 'flake8' to check Python code syntax and style conventions
-- Added test 'lint_cmake' to check CMake code style
-- Added test 'pep257' to check Python code against some of the docstring style conventions in PEP 257
-- Added test 'uncrustify' to check C / C++ code style
-- Configured uncrustify additional arguments: 
-- Added test 'xmllint' to check XML markup files
-- Configuring done
-- Generating done
-- Build files have been written to: /home/rm-jiaolong/Workspace/homework4/task2/build/action_demo
[35m[1mConsolidate compiler generated dependencies of target action_control[0m
[35m[1mConsolidate compiler generated dependencies of target action_robot[0m
[ 60%] Built target action_robot
[100%] Built target action_control
-- Install configuration: ""
-- Up-to-date: /home/rm-jiaolong/Workspace/homework4/task2/install/action_demo/lib/action_demo/action_robot
-- Up-to-date: /home/rm-jiaolong/Workspace/homework4/task2/install/action_demo/lib/action_demo/action_control
-- Installing: /home/rm-jiaolong/Workspace/homework4/task2/install/action_demo/share/action_demo/launch
-- Installing: /home/rm-jiaolong/Workspace/homework4/task2/install/action_demo/share/action_demo/launch/action_demo.launch.xml
-- Installing: /home/rm-jiaolong/Workspace/homework4/task2/install/action_demo/share/action_demo/launch/action_demo.launch.py
-- Up-to-date: /home/rm-jiaolong/Workspace/homework4/task2/install/action_demo/share/ament_index/resource_index/package_run_dependencies/action_demo
-- Installing: /home/rm-jiaolong/Workspace/homework4/task2/install/action_demo/share/ament_index/resource_index/parent_prefix_path/action_demo
-- Up-to-date: /home/rm-jiaolong/Workspace/homework4/task2/install/action_demo/share/action_demo/environment/ament_prefix_path.sh
-- Installing: /home/rm-jiaolong/Workspace/homework4/task2/install/action_demo/share/action_demo/environment/ament_prefix_path.dsv
-- Up-to-date: /home/rm-jiaolong/Workspace/homework4/task2/install/action_demo/share/action_demo/environment/path.sh
-- Installing: /home/rm-jiaolong/Workspace/homework4/task2/install/action_demo/share/action_demo/environment/path.dsv
-- Up-to-date: /home/rm-jiaolong/Workspace/homework4/task2/install/action_demo/share/action_demo/local_setup.bash
-- Up-to-date: /home/rm-jiaolong/Workspace/homework4/task2/install/action_demo/share/action_demo/local_setup.sh
-- Up-to-date: /home/rm-jiaolong/Workspace/homework4/task2/install/action_demo/share/action_demo/local_setup.zsh
-- Installing: /home/rm-jiaolong/Workspace/homework4/task2/install/action_demo/share/action_demo/local_setup.dsv
-- Installing: /home/rm-jiaolong/Workspace/homework4/task2/install/action_demo/share/action_demo/package.dsv
-- Up-to-date: /home/rm-jiaolong/Workspace/homework4/task2/install/action_demo/share/ament_index/resource_index/packages/action_demo
-- Up-to-date: /home/rm-jiaolong/Workspace/homework4/task2/install/action_demo/share/action_demo/cmake/action_demoConfig.cmake
-- Up-to-date: /home/rm-jiaolong/Workspace/homework4/task2/install/action_demo/share/action_demo/cmake/action_demoConfig-version.cmake
-- Installing: /home/rm-jiaolong/Workspace/homework4/task2/install/action_demo/share/action_demo/package.xml
