[ 40%] Built target action_control
[100%] Built target action_robot
-- Install configuration: ""
-- Up-to-date: /home/rm-jiaolong/Workspace/homework4/task2/install/action_demo/lib/action_demo/action_robot
-- Up-to-date: /home/rm-jiaolong/Workspace/homework4/task2/install/action_demo/lib/action_demo/action_control
-- Up-to-date: /home/rm-jiaolong/Workspace/homework4/task2/install/action_demo/share/action_demo/launch
-- Up-to-date: /home/rm-jiaolong/Workspace/homework4/task2/install/action_demo/share/action_demo/launch/action_demo.launch.xml
-- Installing: /home/rm-jiaolong/Workspace/homework4/task2/install/action_demo/share/action_demo/launch/action_demo.launch.py
-- Up-to-date: /home/rm-jiaolong/Workspace/homework4/task2/install/action_demo/share/ament_index/resource_index/package_run_dependencies/action_demo
-- Up-to-date: /home/rm-jiaolong/Workspace/homework4/task2/install/action_demo/share/ament_index/resource_index/parent_prefix_path/action_demo
-- Up-to-date: /home/rm-jiaolong/Workspace/homework4/task2/install/action_demo/share/action_demo/environment/ament_prefix_path.sh
-- Up-to-date: /home/rm-jiaolong/Workspace/homework4/task2/install/action_demo/share/action_demo/environment/ament_prefix_path.dsv
-- Up-to-date: /home/rm-jiaolong/Workspace/homework4/task2/install/action_demo/share/action_demo/environment/path.sh
-- Up-to-date: /home/rm-jiaolong/Workspace/homework4/task2/install/action_demo/share/action_demo/environment/path.dsv
-- Up-to-date: /home/rm-jiaolong/Workspace/homework4/task2/install/action_demo/share/action_demo/local_setup.bash
-- Up-to-date: /home/rm-jiaolong/Workspace/homework4/task2/install/action_demo/share/action_demo/local_setup.sh
-- Up-to-date: /home/rm-jiaolong/Workspace/homework4/task2/install/action_demo/share/action_demo/local_setup.zsh
-- Up-to-date: /home/rm-jiaolong/Workspace/homework4/task2/install/action_demo/share/action_demo/local_setup.dsv
-- Up-to-date: /home/rm-jiaolong/Workspace/homework4/task2/install/action_demo/share/action_demo/package.dsv
-- Up-to-date: /home/rm-jiaolong/Workspace/homework4/task2/install/action_demo/share/ament_index/resource_index/packages/action_demo
-- Up-to-date: /home/rm-jiaolong/Workspace/homework4/task2/install/action_demo/share/action_demo/cmake/action_demoConfig.cmake
-- Up-to-date: /home/rm-jiaolong/Workspace/homework4/task2/install/action_demo/share/action_demo/cmake/action_demoConfig-version.cmake
-- Up-to-date: /home/rm-jiaolong/Workspace/homework4/task2/install/action_demo/share/action_demo/package.xml
