[0.008s] Invoking command in '/home/luna/2025-vision-training-master (1)/2025-vision-training-master/homework4/ros_ws/build/serviceLearn': CMAKE_PREFIX_PATH=/opt/ros/humble /usr/bin/cmake --build /home/luna/2025-vision-training-master (1)/2025-vision-training-master/homework4/ros_ws/build/serviceLearn -- -j32 -l32
[0.022s] -- Found ament_cmake: 1.3.10 (/opt/ros/humble/share/ament_cmake/cmake)
[0.180s] -- Found rclcpp: 16.0.10 (/opt/ros/humble/share/rclcpp/cmake)
[0.203s] -- Found rosidl_generator_c: 3.1.5 (/opt/ros/humble/share/rosidl_generator_c/cmake)
[0.205s] -- Found rosidl_adapter: 3.1.5 (/opt/ros/humble/share/rosidl_adapter/cmake)
[0.209s] -- Found rosidl_generator_cpp: 3.1.5 (/opt/ros/humble/share/rosidl_generator_cpp/cmake)
[0.217s] -- Using all available rosidl_typesupport_c: rosidl_typesupport_fastrtps_c;rosidl_typesupport_introspection_c
[0.228s] -- Using all available rosidl_typesupport_cpp: rosidl_typesupport_fastrtps_cpp;rosidl_typesupport_introspection_cpp
[0.256s] -- Found rmw_implementation_cmake: 6.1.2 (/opt/ros/humble/share/rmw_implementation_cmake/cmake)
[0.257s] -- Found rmw_fastrtps_cpp: 6.2.7 (/opt/ros/humble/share/rmw_fastrtps_cpp/cmake)
[0.331s] -- Using RMW implementation 'rmw_fastrtps_cpp' as default
[0.375s] -- Found ament_lint_auto: 0.12.11 (/opt/ros/humble/share/ament_lint_auto/cmake)
[0.409s] WARNING: Package name "serviceLearn" does not follow the naming conventions. It should start with a lower case letter and only contain lower case letters, digits, underscores, and dashes.
[0.420s] -- Added test 'cppcheck' to perform static code analysis on C / C++ code
[0.420s] -- Configured cppcheck include dirs: 
[0.420s] -- Configured cppcheck exclude dirs and/or files: 
[0.420s] -- Added test 'lint_cmake' to check CMake code style
[0.421s] -- Added test 'uncrustify' to check C / C++ code style
[0.421s] -- Configured uncrustify additional arguments: 
[0.421s] -- Added test 'xmllint' to check XML markup files
[0.421s] -- Configuring done (0.4s)
[0.428s] -- Generating done (0.0s)
[0.429s] -- Build files have been written to: /home/luna/2025-vision-training-master (1)/2025-vision-training-master/homework4/ros_ws/build/serviceLearn
[0.452s] [ 25%] [32mBuilding CXX object CMakeFiles/client.dir/src/client.cpp.o[0m
[0.452s] [ 50%] [32mBuilding CXX object CMakeFiles/server.dir/src/server.cpp.o[0m
[2.040s] [ 75%] [32m[1mLinking CXX executable client[0m
[2.063s] [100%] [32m[1mLinking CXX executable server[0m
[2.102s] [100%] Built target client
[2.127s] [100%] Built target server
[2.132s] Invoked command in '/home/luna/2025-vision-training-master (1)/2025-vision-training-master/homework4/ros_ws/build/serviceLearn' returned '0': CMAKE_PREFIX_PATH=/opt/ros/humble /usr/bin/cmake --build /home/luna/2025-vision-training-master (1)/2025-vision-training-master/homework4/ros_ws/build/serviceLearn -- -j32 -l32
[2.164s] Invoking command in '/home/luna/2025-vision-training-master (1)/2025-vision-training-master/homework4/ros_ws/build/serviceLearn': CMAKE_PREFIX_PATH=/opt/ros/humble /usr/bin/cmake --install /home/luna/2025-vision-training-master (1)/2025-vision-training-master/homework4/ros_ws/build/serviceLearn
[2.165s] -- Install configuration: ""
[2.165s] -- Installing: /home/luna/2025-vision-training-master (1)/2025-vision-training-master/homework4/ros_ws/install/serviceLearn/lib/serviceLearn/server
[2.166s] -- Set non-toolchain portion of runtime path of "/home/luna/2025-vision-training-master (1)/2025-vision-training-master/homework4/ros_ws/install/serviceLearn/lib/serviceLearn/server" to ""
[2.166s] -- Installing: /home/luna/2025-vision-training-master (1)/2025-vision-training-master/homework4/ros_ws/install/serviceLearn/lib/serviceLearn/client
[2.167s] -- Set non-toolchain portion of runtime path of "/home/luna/2025-vision-training-master (1)/2025-vision-training-master/homework4/ros_ws/install/serviceLearn/lib/serviceLearn/client" to ""
[2.167s] -- Up-to-date: /home/luna/2025-vision-training-master (1)/2025-vision-training-master/homework4/ros_ws/install/serviceLearn/share/ament_index/resource_index/package_run_dependencies/serviceLearn
[2.167s] -- Up-to-date: /home/luna/2025-vision-training-master (1)/2025-vision-training-master/homework4/ros_ws/install/serviceLearn/share/ament_index/resource_index/parent_prefix_path/serviceLearn
[2.167s] -- Up-to-date: /home/luna/2025-vision-training-master (1)/2025-vision-training-master/homework4/ros_ws/install/serviceLearn/share/serviceLearn/environment/ament_prefix_path.sh
[2.167s] -- Installing: /home/luna/2025-vision-training-master (1)/2025-vision-training-master/homework4/ros_ws/install/serviceLearn/share/serviceLearn/environment/ament_prefix_path.dsv
[2.167s] -- Up-to-date: /home/luna/2025-vision-training-master (1)/2025-vision-training-master/homework4/ros_ws/install/serviceLearn/share/serviceLearn/environment/path.sh
[2.168s] -- Installing: /home/luna/2025-vision-training-master (1)/2025-vision-training-master/homework4/ros_ws/install/serviceLearn/share/serviceLearn/environment/path.dsv
[2.168s] -- Up-to-date: /home/luna/2025-vision-training-master (1)/2025-vision-training-master/homework4/ros_ws/install/serviceLearn/share/serviceLearn/local_setup.bash
[2.168s] -- Up-to-date: /home/luna/2025-vision-training-master (1)/2025-vision-training-master/homework4/ros_ws/install/serviceLearn/share/serviceLearn/local_setup.sh
[2.168s] -- Up-to-date: /home/luna/2025-vision-training-master (1)/2025-vision-training-master/homework4/ros_ws/install/serviceLearn/share/serviceLearn/local_setup.zsh
[2.168s] -- Installing: /home/luna/2025-vision-training-master (1)/2025-vision-training-master/homework4/ros_ws/install/serviceLearn/share/serviceLearn/local_setup.dsv
[2.168s] -- Installing: /home/luna/2025-vision-training-master (1)/2025-vision-training-master/homework4/ros_ws/install/serviceLearn/share/serviceLearn/package.dsv
[2.168s] -- Up-to-date: /home/luna/2025-vision-training-master (1)/2025-vision-training-master/homework4/ros_ws/install/serviceLearn/share/ament_index/resource_index/packages/serviceLearn
[2.168s] -- Up-to-date: /home/luna/2025-vision-training-master (1)/2025-vision-training-master/homework4/ros_ws/install/serviceLearn/share/serviceLearn/cmake/serviceLearnConfig.cmake
[2.168s] -- Up-to-date: /home/luna/2025-vision-training-master (1)/2025-vision-training-master/homework4/ros_ws/install/serviceLearn/share/serviceLearn/cmake/serviceLearnConfig-version.cmake
[2.168s] -- Up-to-date: /home/luna/2025-vision-training-master (1)/2025-vision-training-master/homework4/ros_ws/install/serviceLearn/share/serviceLearn/package.xml
[2.170s] Invoked command in '/home/luna/2025-vision-training-master (1)/2025-vision-training-master/homework4/ros_ws/build/serviceLearn' returned '0': CMAKE_PREFIX_PATH=/opt/ros/humble /usr/bin/cmake --install /home/luna/2025-vision-training-master (1)/2025-vision-training-master/homework4/ros_ws/build/serviceLearn
