[0.175s] DEBUG:colcon:Command line arguments: ['/usr/bin/colcon', 'build']
[0.175s] DEBUG:colcon:Parsed command line arguments: Namespace(log_base=None, log_level=None, verb_name='build', build_base='build', install_base='install', merge_install=False, symlink_install=False, test_result_base=None, continue_on_error=False, executor='parallel', parallel_workers=32, event_handlers=None, ignore_user_meta=False, metas=['./colcon.meta'], base_paths=['.'], packages_ignore=None, packages_ignore_regex=None, paths=None, packages_up_to=None, packages_up_to_regex=None, packages_above=None, packages_above_and_dependencies=None, packages_above_depth=None, packages_select_by_dep=None, packages_skip_by_dep=None, packages_skip_up_to=None, packages_select_build_failed=False, packages_skip_build_finished=False, packages_select_test_failures=False, packages_skip_test_passed=False, packages_select=None, packages_skip=None, packages_select_regex=None, packages_skip_regex=None, packages_start=None, packages_end=None, allow_overriding=[], cmake_args=None, cmake_target=None, cmake_target_skip_unavailable=False, cmake_clean_cache=False, cmake_clean_first=False, cmake_force_configure=False, ament_cmake_args=None, catkin_cmake_args=None, catkin_skip_building_tests=False, verb_parser=<colcon_defaults.argument_parser.defaults.DefaultArgumentsDecorator object at 0x7fe57b25bc70>, verb_extension=<colcon_core.verb.build.BuildVerb object at 0x7fe57b41c8b0>, main=<bound method BuildVerb.main of <colcon_core.verb.build.BuildVerb object at 0x7fe57b41c8b0>>)
[0.387s] Level 1:colcon.colcon_core.package_discovery:discover_packages(colcon_meta) check parameters
[0.387s] Level 1:colcon.colcon_core.package_discovery:discover_packages(recursive) check parameters
[0.387s] Level 1:colcon.colcon_core.package_discovery:discover_packages(ignore) check parameters
[0.387s] Level 1:colcon.colcon_core.package_discovery:discover_packages(path) check parameters
[0.387s] Level 1:colcon.colcon_core.package_discovery:discover_packages(colcon_meta) discover
[0.387s] Level 1:colcon.colcon_core.package_discovery:discover_packages(recursive) discover
[0.387s] INFO:colcon.colcon_core.package_discovery:Crawling recursively for packages in '/home/luna/robomaster/2025-vision-training/Wenxiang Shi/homework4/ros_ws'
[0.387s] Level 1:colcon.colcon_core.package_identification:_identify(.) by extensions ['ignore', 'ignore_ament_install']
[0.387s] Level 1:colcon.colcon_core.package_identification:_identify(.) by extension 'ignore'
[0.388s] Level 1:colcon.colcon_core.package_identification:_identify(.) by extension 'ignore_ament_install'
[0.388s] Level 1:colcon.colcon_core.package_identification:_identify(.) by extensions ['colcon_pkg']
[0.388s] Level 1:colcon.colcon_core.package_identification:_identify(.) by extension 'colcon_pkg'
[0.388s] Level 1:colcon.colcon_core.package_identification:_identify(.) by extensions ['colcon_meta']
[0.388s] Level 1:colcon.colcon_core.package_identification:_identify(.) by extension 'colcon_meta'
[0.388s] Level 1:colcon.colcon_core.package_identification:_identify(.) by extensions ['ros']
[0.388s] Level 1:colcon.colcon_core.package_identification:_identify(.) by extension 'ros'
[0.407s] Level 1:colcon.colcon_core.package_identification:_identify(.) by extensions ['cmake', 'python']
[0.407s] Level 1:colcon.colcon_core.package_identification:_identify(.) by extension 'cmake'
[0.407s] Level 1:colcon.colcon_core.package_identification:_identify(.) by extension 'python'
[0.407s] Level 1:colcon.colcon_core.package_identification:_identify(.) by extensions ['python_setup_py']
[0.407s] Level 1:colcon.colcon_core.package_identification:_identify(.) by extension 'python_setup_py'
[0.407s] Level 1:colcon.colcon_core.package_identification:_identify(build) by extensions ['ignore', 'ignore_ament_install']
[0.408s] Level 1:colcon.colcon_core.package_identification:_identify(build) by extension 'ignore'
[0.408s] Level 1:colcon.colcon_core.package_identification:_identify(build) ignored
[0.408s] Level 1:colcon.colcon_core.package_identification:_identify(install) by extensions ['ignore', 'ignore_ament_install']
[0.408s] Level 1:colcon.colcon_core.package_identification:_identify(install) by extension 'ignore'
[0.408s] Level 1:colcon.colcon_core.package_identification:_identify(install) ignored
[0.408s] Level 1:colcon.colcon_core.package_identification:_identify(log) by extensions ['ignore', 'ignore_ament_install']
[0.408s] Level 1:colcon.colcon_core.package_identification:_identify(log) by extension 'ignore'
[0.408s] Level 1:colcon.colcon_core.package_identification:_identify(log) ignored
[0.408s] Level 1:colcon.colcon_core.package_identification:_identify(src) by extensions ['ignore', 'ignore_ament_install']
[0.408s] Level 1:colcon.colcon_core.package_identification:_identify(src) by extension 'ignore'
[0.409s] Level 1:colcon.colcon_core.package_identification:_identify(src) by extension 'ignore_ament_install'
[0.409s] Level 1:colcon.colcon_core.package_identification:_identify(src) by extensions ['colcon_pkg']
[0.409s] Level 1:colcon.colcon_core.package_identification:_identify(src) by extension 'colcon_pkg'
[0.409s] Level 1:colcon.colcon_core.package_identification:_identify(src) by extensions ['colcon_meta']
[0.409s] Level 1:colcon.colcon_core.package_identification:_identify(src) by extension 'colcon_meta'
[0.409s] Level 1:colcon.colcon_core.package_identification:_identify(src) by extensions ['ros']
[0.409s] Level 1:colcon.colcon_core.package_identification:_identify(src) by extension 'ros'
[0.409s] Level 1:colcon.colcon_core.package_identification:_identify(src) by extensions ['cmake', 'python']
[0.409s] Level 1:colcon.colcon_core.package_identification:_identify(src) by extension 'cmake'
[0.409s] Level 1:colcon.colcon_core.package_identification:_identify(src) by extension 'python'
[0.409s] Level 1:colcon.colcon_core.package_identification:_identify(src) by extensions ['python_setup_py']
[0.409s] Level 1:colcon.colcon_core.package_identification:_identify(src) by extension 'python_setup_py'
[0.409s] Level 1:colcon.colcon_core.package_identification:_identify(src/divide_interface) by extensions ['ignore', 'ignore_ament_install']
[0.409s] Level 1:colcon.colcon_core.package_identification:_identify(src/divide_interface) by extension 'ignore'
[0.409s] Level 1:colcon.colcon_core.package_identification:_identify(src/divide_interface) by extension 'ignore_ament_install'
[0.409s] Level 1:colcon.colcon_core.package_identification:_identify(src/divide_interface) by extensions ['colcon_pkg']
[0.409s] Level 1:colcon.colcon_core.package_identification:_identify(src/divide_interface) by extension 'colcon_pkg'
[0.409s] Level 1:colcon.colcon_core.package_identification:_identify(src/divide_interface) by extensions ['colcon_meta']
[0.409s] Level 1:colcon.colcon_core.package_identification:_identify(src/divide_interface) by extension 'colcon_meta'
[0.410s] Level 1:colcon.colcon_core.package_identification:_identify(src/divide_interface) by extensions ['ros']
[0.410s] Level 1:colcon.colcon_core.package_identification:_identify(src/divide_interface) by extension 'ros'
[0.414s] DEBUG:colcon.colcon_core.package_identification:Package 'src/divide_interface' with type 'ros.ament_cmake' and name 'divide_interface'
[0.414s] Level 1:colcon.colcon_core.package_identification:_identify(src/divide_package) by extensions ['ignore', 'ignore_ament_install']
[0.414s] Level 1:colcon.colcon_core.package_identification:_identify(src/divide_package) by extension 'ignore'
[0.414s] Level 1:colcon.colcon_core.package_identification:_identify(src/divide_package) by extension 'ignore_ament_install'
[0.414s] Level 1:colcon.colcon_core.package_identification:_identify(src/divide_package) by extensions ['colcon_pkg']
[0.414s] Level 1:colcon.colcon_core.package_identification:_identify(src/divide_package) by extension 'colcon_pkg'
[0.414s] Level 1:colcon.colcon_core.package_identification:_identify(src/divide_package) by extensions ['colcon_meta']
[0.414s] Level 1:colcon.colcon_core.package_identification:_identify(src/divide_package) by extension 'colcon_meta'
[0.414s] Level 1:colcon.colcon_core.package_identification:_identify(src/divide_package) by extensions ['ros']
[0.414s] Level 1:colcon.colcon_core.package_identification:_identify(src/divide_package) by extension 'ros'
[0.415s] DEBUG:colcon.colcon_core.package_identification:Package 'src/divide_package' with type 'ros.ament_cmake' and name 'divide_package'
[0.415s] Level 1:colcon.colcon_core.package_discovery:discover_packages(recursive) using defaults
[0.415s] Level 1:colcon.colcon_core.package_discovery:discover_packages(ignore) discover
[0.415s] Level 1:colcon.colcon_core.package_discovery:discover_packages(ignore) using defaults
[0.416s] Level 1:colcon.colcon_core.package_discovery:discover_packages(path) discover
[0.416s] Level 1:colcon.colcon_core.package_discovery:discover_packages(path) using defaults
[0.443s] Level 1:colcon.colcon_core.package_discovery:discover_packages(prefix_path) check parameters
[0.443s] Level 1:colcon.colcon_core.package_discovery:discover_packages(prefix_path) discover
[0.447s] DEBUG:colcon.colcon_installed_package_information.package_discovery:Found 270 installed packages in /opt/ros/humble
[0.449s] Level 1:colcon.colcon_core.package_discovery:discover_packages(prefix_path) using defaults
[0.555s] Level 5:colcon.colcon_core.verb:set package 'divide_interface' build argument 'cmake_args' from command line to 'None'
[0.555s] Level 5:colcon.colcon_core.verb:set package 'divide_interface' build argument 'cmake_target' from command line to 'None'
[0.555s] Level 5:colcon.colcon_core.verb:set package 'divide_interface' build argument 'cmake_target_skip_unavailable' from command line to 'False'
[0.555s] Level 5:colcon.colcon_core.verb:set package 'divide_interface' build argument 'cmake_clean_cache' from command line to 'False'
[0.555s] Level 5:colcon.colcon_core.verb:set package 'divide_interface' build argument 'cmake_clean_first' from command line to 'False'
[0.555s] Level 5:colcon.colcon_core.verb:set package 'divide_interface' build argument 'cmake_force_configure' from command line to 'False'
[0.555s] Level 5:colcon.colcon_core.verb:set package 'divide_interface' build argument 'ament_cmake_args' from command line to 'None'
[0.555s] Level 5:colcon.colcon_core.verb:set package 'divide_interface' build argument 'catkin_cmake_args' from command line to 'None'
[0.555s] Level 5:colcon.colcon_core.verb:set package 'divide_interface' build argument 'catkin_skip_building_tests' from command line to 'False'
[0.555s] DEBUG:colcon.colcon_core.verb:Building package 'divide_interface' with the following arguments: {'ament_cmake_args': None, 'build_base': '/home/luna/robomaster/2025-vision-training/Wenxiang Shi/homework4/ros_ws/build/divide_interface', 'catkin_cmake_args': None, 'catkin_skip_building_tests': False, 'cmake_args': None, 'cmake_clean_cache': False, 'cmake_clean_first': False, 'cmake_force_configure': False, 'cmake_target': None, 'cmake_target_skip_unavailable': False, 'install_base': '/home/luna/robomaster/2025-vision-training/Wenxiang Shi/homework4/ros_ws/install/divide_interface', 'merge_install': False, 'path': '/home/luna/robomaster/2025-vision-training/Wenxiang Shi/homework4/ros_ws/src/divide_interface', 'symlink_install': False, 'test_result_base': None}
[0.556s] Level 5:colcon.colcon_core.verb:set package 'divide_package' build argument 'cmake_args' from command line to 'None'
[0.556s] Level 5:colcon.colcon_core.verb:set package 'divide_package' build argument 'cmake_target' from command line to 'None'
[0.556s] Level 5:colcon.colcon_core.verb:set package 'divide_package' build argument 'cmake_target_skip_unavailable' from command line to 'False'
[0.556s] Level 5:colcon.colcon_core.verb:set package 'divide_package' build argument 'cmake_clean_cache' from command line to 'False'
[0.556s] Level 5:colcon.colcon_core.verb:set package 'divide_package' build argument 'cmake_clean_first' from command line to 'False'
[0.556s] Level 5:colcon.colcon_core.verb:set package 'divide_package' build argument 'cmake_force_configure' from command line to 'False'
[0.556s] Level 5:colcon.colcon_core.verb:set package 'divide_package' build argument 'ament_cmake_args' from command line to 'None'
[0.556s] Level 5:colcon.colcon_core.verb:set package 'divide_package' build argument 'catkin_cmake_args' from command line to 'None'
[0.556s] Level 5:colcon.colcon_core.verb:set package 'divide_package' build argument 'catkin_skip_building_tests' from command line to 'False'
[0.556s] DEBUG:colcon.colcon_core.verb:Building package 'divide_package' with the following arguments: {'ament_cmake_args': None, 'build_base': '/home/luna/robomaster/2025-vision-training/Wenxiang Shi/homework4/ros_ws/build/divide_package', 'catkin_cmake_args': None, 'catkin_skip_building_tests': False, 'cmake_args': None, 'cmake_clean_cache': False, 'cmake_clean_first': False, 'cmake_force_configure': False, 'cmake_target': None, 'cmake_target_skip_unavailable': False, 'install_base': '/home/luna/robomaster/2025-vision-training/Wenxiang Shi/homework4/ros_ws/install/divide_package', 'merge_install': False, 'path': '/home/luna/robomaster/2025-vision-training/Wenxiang Shi/homework4/ros_ws/src/divide_package', 'symlink_install': False, 'test_result_base': None}
[0.556s] INFO:colcon.colcon_core.executor:Executing jobs using 'parallel' executor
[0.557s] DEBUG:colcon.colcon_parallel_executor.executor.parallel:run_until_complete
[0.558s] INFO:colcon.colcon_ros.task.ament_cmake.build:Building ROS package in '/home/luna/robomaster/2025-vision-training/Wenxiang Shi/homework4/ros_ws/src/divide_interface' with build type 'ament_cmake'
[0.558s] INFO:colcon.colcon_cmake.task.cmake.build:Building CMake package in '/home/luna/robomaster/2025-vision-training/Wenxiang Shi/homework4/ros_ws/src/divide_interface'
[0.564s] INFO:colcon.colcon_core.plugin_system:Skipping extension 'colcon_core.shell.bat': Not used on non-Windows systems
[0.564s] INFO:colcon.colcon_core.shell:Skip shell extension 'powershell' for command environment: Not usable outside of PowerShell
[0.564s] DEBUG:colcon.colcon_core.shell:Skip shell extension 'dsv' for command environment
[0.573s] DEBUG:colcon.colcon_core.event_handler.log_command:Invoking command in '/home/luna/robomaster/2025-vision-training/Wenxiang Shi/homework4/ros_ws/build/divide_interface': CMAKE_PREFIX_PATH=/opt/ros/humble /usr/bin/cmake --build /home/luna/robomaster/2025-vision-training/Wenxiang Shi/homework4/ros_ws/build/divide_interface -- -j32 -l32
[2.482s] DEBUG:colcon.colcon_core.event_handler.log_command:Invoked command in '/home/luna/robomaster/2025-vision-training/Wenxiang Shi/homework4/ros_ws/build/divide_interface' returned '0': CMAKE_PREFIX_PATH=/opt/ros/humble /usr/bin/cmake --build /home/luna/robomaster/2025-vision-training/Wenxiang Shi/homework4/ros_ws/build/divide_interface -- -j32 -l32
[2.529s] DEBUG:colcon.colcon_core.event_handler.log_command:Invoking command in '/home/luna/robomaster/2025-vision-training/Wenxiang Shi/homework4/ros_ws/build/divide_interface': CMAKE_PREFIX_PATH=/opt/ros/humble /usr/bin/cmake --install /home/luna/robomaster/2025-vision-training/Wenxiang Shi/homework4/ros_ws/build/divide_interface
[2.596s] Level 1:colcon.colcon_core.environment:create_environment_scripts_only(divide_interface)
[2.596s] DEBUG:colcon.colcon_core.event_handler.log_command:Invoked command in '/home/luna/robomaster/2025-vision-training/Wenxiang Shi/homework4/ros_ws/build/divide_interface' returned '0': CMAKE_PREFIX_PATH=/opt/ros/humble /usr/bin/cmake --install /home/luna/robomaster/2025-vision-training/Wenxiang Shi/homework4/ros_ws/build/divide_interface
[2.602s] Level 1:colcon.colcon_core.environment:checking '/home/luna/robomaster/2025-vision-training/Wenxiang Shi/homework4/ros_ws/install/divide_interface' for CMake module files
[2.602s] Level 1:colcon.colcon_core.environment:checking '/home/luna/robomaster/2025-vision-training/Wenxiang Shi/homework4/ros_ws/install/divide_interface' for CMake config files
[2.603s] Level 1:colcon.colcon_core.shell:create_environment_hook('divide_interface', 'cmake_prefix_path')
[2.603s] INFO:colcon.colcon_core.shell:Creating environment hook '/home/luna/robomaster/2025-vision-training/Wenxiang Shi/homework4/ros_ws/install/divide_interface/share/divide_interface/hook/cmake_prefix_path.ps1'
[2.604s] INFO:colcon.colcon_core.shell:Creating environment descriptor '/home/luna/robomaster/2025-vision-training/Wenxiang Shi/homework4/ros_ws/install/divide_interface/share/divide_interface/hook/cmake_prefix_path.dsv'
[2.604s] INFO:colcon.colcon_core.shell:Creating environment hook '/home/luna/robomaster/2025-vision-training/Wenxiang Shi/homework4/ros_ws/install/divide_interface/share/divide_interface/hook/cmake_prefix_path.sh'
[2.606s] Level 1:colcon.colcon_core.environment:checking '/home/luna/robomaster/2025-vision-training/Wenxiang Shi/homework4/ros_ws/install/divide_interface/lib'
[2.606s] Level 1:colcon.colcon_core.shell:create_environment_hook('divide_interface', 'ld_library_path_lib')
[2.606s] INFO:colcon.colcon_core.shell:Creating environment hook '/home/luna/robomaster/2025-vision-training/Wenxiang Shi/homework4/ros_ws/install/divide_interface/share/divide_interface/hook/ld_library_path_lib.ps1'
[2.606s] INFO:colcon.colcon_core.shell:Creating environment descriptor '/home/luna/robomaster/2025-vision-training/Wenxiang Shi/homework4/ros_ws/install/divide_interface/share/divide_interface/hook/ld_library_path_lib.dsv'
[2.607s] INFO:colcon.colcon_core.shell:Creating environment hook '/home/luna/robomaster/2025-vision-training/Wenxiang Shi/homework4/ros_ws/install/divide_interface/share/divide_interface/hook/ld_library_path_lib.sh'
[2.607s] Level 1:colcon.colcon_core.environment:checking '/home/luna/robomaster/2025-vision-training/Wenxiang Shi/homework4/ros_ws/install/divide_interface/bin'
[2.607s] Level 1:colcon.colcon_core.environment:checking '/home/luna/robomaster/2025-vision-training/Wenxiang Shi/homework4/ros_ws/install/divide_interface/lib/pkgconfig/divide_interface.pc'
[2.607s] Level 1:colcon.colcon_core.environment:checking '/home/luna/robomaster/2025-vision-training/Wenxiang Shi/homework4/ros_ws/install/divide_interface/lib/python3.10/site-packages'
[2.607s] Level 1:colcon.colcon_core.environment:checking '/home/luna/robomaster/2025-vision-training/Wenxiang Shi/homework4/ros_ws/install/divide_interface/bin'
[2.608s] INFO:colcon.colcon_core.shell:Creating package script '/home/luna/robomaster/2025-vision-training/Wenxiang Shi/homework4/ros_ws/install/divide_interface/share/divide_interface/package.ps1'
[2.609s] INFO:colcon.colcon_core.shell:Creating package descriptor '/home/luna/robomaster/2025-vision-training/Wenxiang Shi/homework4/ros_ws/install/divide_interface/share/divide_interface/package.dsv'
[2.610s] INFO:colcon.colcon_core.shell:Creating package script '/home/luna/robomaster/2025-vision-training/Wenxiang Shi/homework4/ros_ws/install/divide_interface/share/divide_interface/package.sh'
[2.611s] INFO:colcon.colcon_core.shell:Creating package script '/home/luna/robomaster/2025-vision-training/Wenxiang Shi/homework4/ros_ws/install/divide_interface/share/divide_interface/package.bash'
[2.612s] INFO:colcon.colcon_core.shell:Creating package script '/home/luna/robomaster/2025-vision-training/Wenxiang Shi/homework4/ros_ws/install/divide_interface/share/divide_interface/package.zsh'
[2.613s] Level 1:colcon.colcon_core.environment:create_file_with_runtime_dependencies(/home/luna/robomaster/2025-vision-training/Wenxiang Shi/homework4/ros_ws/install/divide_interface/share/colcon-core/packages/divide_interface)
[2.653s] Level 1:colcon.colcon_core.environment:create_environment_scripts_only(divide_interface)
[2.654s] Level 1:colcon.colcon_core.environment:checking '/home/luna/robomaster/2025-vision-training/Wenxiang Shi/homework4/ros_ws/install/divide_interface' for CMake module files
[2.654s] Level 1:colcon.colcon_core.environment:checking '/home/luna/robomaster/2025-vision-training/Wenxiang Shi/homework4/ros_ws/install/divide_interface' for CMake config files
[2.654s] Level 1:colcon.colcon_core.shell:create_environment_hook('divide_interface', 'cmake_prefix_path')
[2.655s] INFO:colcon.colcon_core.shell:Creating environment hook '/home/luna/robomaster/2025-vision-training/Wenxiang Shi/homework4/ros_ws/install/divide_interface/share/divide_interface/hook/cmake_prefix_path.ps1'
[2.655s] INFO:colcon.colcon_core.shell:Creating environment descriptor '/home/luna/robomaster/2025-vision-training/Wenxiang Shi/homework4/ros_ws/install/divide_interface/share/divide_interface/hook/cmake_prefix_path.dsv'
[2.655s] INFO:colcon.colcon_core.shell:Creating environment hook '/home/luna/robomaster/2025-vision-training/Wenxiang Shi/homework4/ros_ws/install/divide_interface/share/divide_interface/hook/cmake_prefix_path.sh'
[2.656s] Level 1:colcon.colcon_core.environment:checking '/home/luna/robomaster/2025-vision-training/Wenxiang Shi/homework4/ros_ws/install/divide_interface/lib'
[2.656s] Level 1:colcon.colcon_core.shell:create_environment_hook('divide_interface', 'ld_library_path_lib')
[2.656s] INFO:colcon.colcon_core.shell:Creating environment hook '/home/luna/robomaster/2025-vision-training/Wenxiang Shi/homework4/ros_ws/install/divide_interface/share/divide_interface/hook/ld_library_path_lib.ps1'
[2.657s] INFO:colcon.colcon_core.shell:Creating environment descriptor '/home/luna/robomaster/2025-vision-training/Wenxiang Shi/homework4/ros_ws/install/divide_interface/share/divide_interface/hook/ld_library_path_lib.dsv'
[2.657s] INFO:colcon.colcon_core.shell:Creating environment hook '/home/luna/robomaster/2025-vision-training/Wenxiang Shi/homework4/ros_ws/install/divide_interface/share/divide_interface/hook/ld_library_path_lib.sh'
[2.658s] Level 1:colcon.colcon_core.environment:checking '/home/luna/robomaster/2025-vision-training/Wenxiang Shi/homework4/ros_ws/install/divide_interface/bin'
[2.658s] Level 1:colcon.colcon_core.environment:checking '/home/luna/robomaster/2025-vision-training/Wenxiang Shi/homework4/ros_ws/install/divide_interface/lib/pkgconfig/divide_interface.pc'
[2.658s] Level 1:colcon.colcon_core.environment:checking '/home/luna/robomaster/2025-vision-training/Wenxiang Shi/homework4/ros_ws/install/divide_interface/lib/python3.10/site-packages'
[2.658s] Level 1:colcon.colcon_core.environment:checking '/home/luna/robomaster/2025-vision-training/Wenxiang Shi/homework4/ros_ws/install/divide_interface/bin'
[2.658s] INFO:colcon.colcon_core.shell:Creating package script '/home/luna/robomaster/2025-vision-training/Wenxiang Shi/homework4/ros_ws/install/divide_interface/share/divide_interface/package.ps1'
[2.659s] INFO:colcon.colcon_core.shell:Creating package descriptor '/home/luna/robomaster/2025-vision-training/Wenxiang Shi/homework4/ros_ws/install/divide_interface/share/divide_interface/package.dsv'
[2.659s] INFO:colcon.colcon_core.shell:Creating package script '/home/luna/robomaster/2025-vision-training/Wenxiang Shi/homework4/ros_ws/install/divide_interface/share/divide_interface/package.sh'
[2.660s] INFO:colcon.colcon_core.shell:Creating package script '/home/luna/robomaster/2025-vision-training/Wenxiang Shi/homework4/ros_ws/install/divide_interface/share/divide_interface/package.bash'
[2.660s] INFO:colcon.colcon_core.shell:Creating package script '/home/luna/robomaster/2025-vision-training/Wenxiang Shi/homework4/ros_ws/install/divide_interface/share/divide_interface/package.zsh'
[2.660s] Level 1:colcon.colcon_core.environment:create_file_with_runtime_dependencies(/home/luna/robomaster/2025-vision-training/Wenxiang Shi/homework4/ros_ws/install/divide_interface/share/colcon-core/packages/divide_interface)
[2.661s] INFO:colcon.colcon_ros.task.ament_cmake.build:Building ROS package in '/home/luna/robomaster/2025-vision-training/Wenxiang Shi/homework4/ros_ws/src/divide_package' with build type 'ament_cmake'
[2.661s] INFO:colcon.colcon_cmake.task.cmake.build:Building CMake package in '/home/luna/robomaster/2025-vision-training/Wenxiang Shi/homework4/ros_ws/src/divide_package'
[2.662s] INFO:colcon.colcon_core.shell:Skip shell extension 'powershell' for command environment: Not usable outside of PowerShell
[2.662s] DEBUG:colcon.colcon_core.shell:Skip shell extension 'dsv' for command environment
[2.805s] DEBUG:colcon.colcon_core.event_handler.log_command:Invoking command in '/home/luna/robomaster/2025-vision-training/Wenxiang Shi/homework4/ros_ws/build/divide_package': AMENT_PREFIX_PATH=/home/luna/robomaster/2025-vision-training/Wenxiang Shi/homework4/ros_ws/install/divide_interface:${AMENT_PREFIX_PATH} CMAKE_PREFIX_PATH=/home/luna/robomaster/2025-vision-training/Wenxiang Shi/homework4/ros_ws/install/divide_interface:/opt/ros/humble LD_LIBRARY_PATH=/home/luna/robomaster/2025-vision-training/Wenxiang Shi/homework4/ros_ws/install/divide_interface/lib:${LD_LIBRARY_PATH} PYTHONPATH=/home/luna/robomaster/2025-vision-training/Wenxiang Shi/homework4/ros_ws/install/divide_interface/local/lib/python3.10/dist-packages:${PYTHONPATH} /usr/bin/cmake --build /home/luna/robomaster/2025-vision-training/Wenxiang Shi/homework4/ros_ws/build/divide_package -- -j32 -l32
[6.078s] DEBUG:colcon.colcon_core.event_handler.log_command:Invoked command in '/home/luna/robomaster/2025-vision-training/Wenxiang Shi/homework4/ros_ws/build/divide_package' returned '0': AMENT_PREFIX_PATH=/home/luna/robomaster/2025-vision-training/Wenxiang Shi/homework4/ros_ws/install/divide_interface:${AMENT_PREFIX_PATH} CMAKE_PREFIX_PATH=/home/luna/robomaster/2025-vision-training/Wenxiang Shi/homework4/ros_ws/install/divide_interface:/opt/ros/humble LD_LIBRARY_PATH=/home/luna/robomaster/2025-vision-training/Wenxiang Shi/homework4/ros_ws/install/divide_interface/lib:${LD_LIBRARY_PATH} PYTHONPATH=/home/luna/robomaster/2025-vision-training/Wenxiang Shi/homework4/ros_ws/install/divide_interface/local/lib/python3.10/dist-packages:${PYTHONPATH} /usr/bin/cmake --build /home/luna/robomaster/2025-vision-training/Wenxiang Shi/homework4/ros_ws/build/divide_package -- -j32 -l32
[6.100s] DEBUG:colcon.colcon_core.event_handler.log_command:Invoking command in '/home/luna/robomaster/2025-vision-training/Wenxiang Shi/homework4/ros_ws/build/divide_package': AMENT_PREFIX_PATH=/home/luna/robomaster/2025-vision-training/Wenxiang Shi/homework4/ros_ws/install/divide_interface:${AMENT_PREFIX_PATH} CMAKE_PREFIX_PATH=/home/luna/robomaster/2025-vision-training/Wenxiang Shi/homework4/ros_ws/install/divide_interface:/opt/ros/humble LD_LIBRARY_PATH=/home/luna/robomaster/2025-vision-training/Wenxiang Shi/homework4/ros_ws/install/divide_interface/lib:${LD_LIBRARY_PATH} PYTHONPATH=/home/luna/robomaster/2025-vision-training/Wenxiang Shi/homework4/ros_ws/install/divide_interface/local/lib/python3.10/dist-packages:${PYTHONPATH} /usr/bin/cmake --install /home/luna/robomaster/2025-vision-training/Wenxiang Shi/homework4/ros_ws/build/divide_package
[6.109s] Level 1:colcon.colcon_core.environment:create_environment_scripts_only(divide_package)
[6.109s] DEBUG:colcon.colcon_core.event_handler.log_command:Invoked command in '/home/luna/robomaster/2025-vision-training/Wenxiang Shi/homework4/ros_ws/build/divide_package' returned '0': AMENT_PREFIX_PATH=/home/luna/robomaster/2025-vision-training/Wenxiang Shi/homework4/ros_ws/install/divide_interface:${AMENT_PREFIX_PATH} CMAKE_PREFIX_PATH=/home/luna/robomaster/2025-vision-training/Wenxiang Shi/homework4/ros_ws/install/divide_interface:/opt/ros/humble LD_LIBRARY_PATH=/home/luna/robomaster/2025-vision-training/Wenxiang Shi/homework4/ros_ws/install/divide_interface/lib:${LD_LIBRARY_PATH} PYTHONPATH=/home/luna/robomaster/2025-vision-training/Wenxiang Shi/homework4/ros_ws/install/divide_interface/local/lib/python3.10/dist-packages:${PYTHONPATH} /usr/bin/cmake --install /home/luna/robomaster/2025-vision-training/Wenxiang Shi/homework4/ros_ws/build/divide_package
[6.110s] Level 1:colcon.colcon_core.environment:checking '/home/luna/robomaster/2025-vision-training/Wenxiang Shi/homework4/ros_ws/install/divide_package' for CMake module files
[6.111s] Level 1:colcon.colcon_core.environment:checking '/home/luna/robomaster/2025-vision-training/Wenxiang Shi/homework4/ros_ws/install/divide_package' for CMake config files
[6.111s] Level 1:colcon.colcon_core.shell:create_environment_hook('divide_package', 'cmake_prefix_path')
[6.111s] INFO:colcon.colcon_core.shell:Creating environment hook '/home/luna/robomaster/2025-vision-training/Wenxiang Shi/homework4/ros_ws/install/divide_package/share/divide_package/hook/cmake_prefix_path.ps1'
[6.111s] INFO:colcon.colcon_core.shell:Creating environment descriptor '/home/luna/robomaster/2025-vision-training/Wenxiang Shi/homework4/ros_ws/install/divide_package/share/divide_package/hook/cmake_prefix_path.dsv'
[6.112s] INFO:colcon.colcon_core.shell:Creating environment hook '/home/luna/robomaster/2025-vision-training/Wenxiang Shi/homework4/ros_ws/install/divide_package/share/divide_package/hook/cmake_prefix_path.sh'
[6.112s] Level 1:colcon.colcon_core.environment:checking '/home/luna/robomaster/2025-vision-training/Wenxiang Shi/homework4/ros_ws/install/divide_package/lib'
[6.112s] Level 1:colcon.colcon_core.environment:checking '/home/luna/robomaster/2025-vision-training/Wenxiang Shi/homework4/ros_ws/install/divide_package/bin'
[6.112s] Level 1:colcon.colcon_core.environment:checking '/home/luna/robomaster/2025-vision-training/Wenxiang Shi/homework4/ros_ws/install/divide_package/lib/pkgconfig/divide_package.pc'
[6.112s] Level 1:colcon.colcon_core.environment:checking '/home/luna/robomaster/2025-vision-training/Wenxiang Shi/homework4/ros_ws/install/divide_package/lib/python3.10/site-packages'
[6.113s] Level 1:colcon.colcon_core.environment:checking '/home/luna/robomaster/2025-vision-training/Wenxiang Shi/homework4/ros_ws/install/divide_package/bin'
[6.113s] INFO:colcon.colcon_core.shell:Creating package script '/home/luna/robomaster/2025-vision-training/Wenxiang Shi/homework4/ros_ws/install/divide_package/share/divide_package/package.ps1'
[6.113s] INFO:colcon.colcon_core.shell:Creating package descriptor '/home/luna/robomaster/2025-vision-training/Wenxiang Shi/homework4/ros_ws/install/divide_package/share/divide_package/package.dsv'
[6.114s] INFO:colcon.colcon_core.shell:Creating package script '/home/luna/robomaster/2025-vision-training/Wenxiang Shi/homework4/ros_ws/install/divide_package/share/divide_package/package.sh'
[6.114s] INFO:colcon.colcon_core.shell:Creating package script '/home/luna/robomaster/2025-vision-training/Wenxiang Shi/homework4/ros_ws/install/divide_package/share/divide_package/package.bash'
[6.114s] INFO:colcon.colcon_core.shell:Creating package script '/home/luna/robomaster/2025-vision-training/Wenxiang Shi/homework4/ros_ws/install/divide_package/share/divide_package/package.zsh'
[6.115s] Level 1:colcon.colcon_core.environment:create_file_with_runtime_dependencies(/home/luna/robomaster/2025-vision-training/Wenxiang Shi/homework4/ros_ws/install/divide_package/share/colcon-core/packages/divide_package)
[6.136s] Level 1:colcon.colcon_core.environment:create_environment_scripts_only(divide_package)
[6.137s] Level 1:colcon.colcon_core.environment:checking '/home/luna/robomaster/2025-vision-training/Wenxiang Shi/homework4/ros_ws/install/divide_package' for CMake module files
[6.137s] Level 1:colcon.colcon_core.environment:checking '/home/luna/robomaster/2025-vision-training/Wenxiang Shi/homework4/ros_ws/install/divide_package' for CMake config files
[6.137s] Level 1:colcon.colcon_core.shell:create_environment_hook('divide_package', 'cmake_prefix_path')
[6.138s] INFO:colcon.colcon_core.shell:Creating environment hook '/home/luna/robomaster/2025-vision-training/Wenxiang Shi/homework4/ros_ws/install/divide_package/share/divide_package/hook/cmake_prefix_path.ps1'
[6.138s] INFO:colcon.colcon_core.shell:Creating environment descriptor '/home/luna/robomaster/2025-vision-training/Wenxiang Shi/homework4/ros_ws/install/divide_package/share/divide_package/hook/cmake_prefix_path.dsv'
[6.138s] INFO:colcon.colcon_core.shell:Creating environment hook '/home/luna/robomaster/2025-vision-training/Wenxiang Shi/homework4/ros_ws/install/divide_package/share/divide_package/hook/cmake_prefix_path.sh'
[6.139s] Level 1:colcon.colcon_core.environment:checking '/home/luna/robomaster/2025-vision-training/Wenxiang Shi/homework4/ros_ws/install/divide_package/lib'
[6.139s] Level 1:colcon.colcon_core.environment:checking '/home/luna/robomaster/2025-vision-training/Wenxiang Shi/homework4/ros_ws/install/divide_package/bin'
[6.139s] Level 1:colcon.colcon_core.environment:checking '/home/luna/robomaster/2025-vision-training/Wenxiang Shi/homework4/ros_ws/install/divide_package/lib/pkgconfig/divide_package.pc'
[6.139s] Level 1:colcon.colcon_core.environment:checking '/home/luna/robomaster/2025-vision-training/Wenxiang Shi/homework4/ros_ws/install/divide_package/lib/python3.10/site-packages'
[6.139s] Level 1:colcon.colcon_core.environment:checking '/home/luna/robomaster/2025-vision-training/Wenxiang Shi/homework4/ros_ws/install/divide_package/bin'
[6.140s] INFO:colcon.colcon_core.shell:Creating package script '/home/luna/robomaster/2025-vision-training/Wenxiang Shi/homework4/ros_ws/install/divide_package/share/divide_package/package.ps1'
[6.140s] INFO:colcon.colcon_core.shell:Creating package descriptor '/home/luna/robomaster/2025-vision-training/Wenxiang Shi/homework4/ros_ws/install/divide_package/share/divide_package/package.dsv'
[6.141s] INFO:colcon.colcon_core.shell:Creating package script '/home/luna/robomaster/2025-vision-training/Wenxiang Shi/homework4/ros_ws/install/divide_package/share/divide_package/package.sh'
[6.141s] INFO:colcon.colcon_core.shell:Creating package script '/home/luna/robomaster/2025-vision-training/Wenxiang Shi/homework4/ros_ws/install/divide_package/share/divide_package/package.bash'
[6.142s] INFO:colcon.colcon_core.shell:Creating package script '/home/luna/robomaster/2025-vision-training/Wenxiang Shi/homework4/ros_ws/install/divide_package/share/divide_package/package.zsh'
[6.142s] Level 1:colcon.colcon_core.environment:create_file_with_runtime_dependencies(/home/luna/robomaster/2025-vision-training/Wenxiang Shi/homework4/ros_ws/install/divide_package/share/colcon-core/packages/divide_package)
[6.142s] DEBUG:colcon.colcon_parallel_executor.executor.parallel:closing loop
[6.143s] DEBUG:colcon.colcon_parallel_executor.executor.parallel:loop closed
[6.143s] DEBUG:colcon.colcon_parallel_executor.executor.parallel:run_until_complete finished with '0'
[6.143s] DEBUG:colcon.colcon_core.event_reactor:joining thread
[6.178s] INFO:colcon.colcon_core.plugin_system:Skipping extension 'colcon_notification.desktop_notification.notify_send': Could not find 'notify-send'
[6.178s] INFO:colcon.colcon_core.plugin_system:Skipping extension 'colcon_notification.desktop_notification.terminal_notifier': Not used on non-Darwin systems
[6.179s] INFO:colcon.colcon_core.plugin_system:Skipping extension 'colcon_notification.desktop_notification.win32': Not used on non-Windows systems
[6.179s] INFO:colcon.colcon_notification.desktop_notification:Sending desktop notification using 'notify2'
[6.179s] DEBUG:colcon.colcon_notification.desktop_notification.notify2:Failed to initialize notify2: org.freedesktop.DBus.Error.FileNotFound: Failed to connect to socket /run/user/1000/bus: No such file or directory
[6.179s] DEBUG:colcon.colcon_core.event_reactor:joined thread
[6.179s] INFO:colcon.colcon_core.shell:Creating prefix script '/home/luna/robomaster/2025-vision-training/Wenxiang Shi/homework4/ros_ws/install/local_setup.ps1'
[6.181s] INFO:colcon.colcon_core.shell:Creating prefix util module '/home/luna/robomaster/2025-vision-training/Wenxiang Shi/homework4/ros_ws/install/_local_setup_util_ps1.py'
[6.183s] INFO:colcon.colcon_core.shell:Creating prefix chain script '/home/luna/robomaster/2025-vision-training/Wenxiang Shi/homework4/ros_ws/install/setup.ps1'
[6.184s] INFO:colcon.colcon_core.shell:Creating prefix script '/home/luna/robomaster/2025-vision-training/Wenxiang Shi/homework4/ros_ws/install/local_setup.sh'
[6.185s] INFO:colcon.colcon_core.shell:Creating prefix util module '/home/luna/robomaster/2025-vision-training/Wenxiang Shi/homework4/ros_ws/install/_local_setup_util_sh.py'
[6.185s] INFO:colcon.colcon_core.shell:Creating prefix chain script '/home/luna/robomaster/2025-vision-training/Wenxiang Shi/homework4/ros_ws/install/setup.sh'
[6.186s] INFO:colcon.colcon_core.shell:Creating prefix script '/home/luna/robomaster/2025-vision-training/Wenxiang Shi/homework4/ros_ws/install/local_setup.bash'
[6.187s] INFO:colcon.colcon_core.shell:Creating prefix chain script '/home/luna/robomaster/2025-vision-training/Wenxiang Shi/homework4/ros_ws/install/setup.bash'
[6.188s] INFO:colcon.colcon_core.shell:Creating prefix script '/home/luna/robomaster/2025-vision-training/Wenxiang Shi/homework4/ros_ws/install/local_setup.zsh'
[6.189s] INFO:colcon.colcon_core.shell:Creating prefix chain script '/home/luna/robomaster/2025-vision-training/Wenxiang Shi/homework4/ros_ws/install/setup.zsh'
