[0.007s] Invoking command in '/home/luna/2025-vision-training-master (1)/2025-vision-training-master/homework4/ros_ws/build/example_service_rclcpp': CMAKE_PREFIX_PATH=/opt/ros/humble /usr/bin/cmake --build /home/luna/2025-vision-training-master (1)/2025-vision-training-master/homework4/ros_ws/build/example_service_rclcpp -- -j32 -l32
[0.020s] -- Found ament_cmake: 1.3.10 (/opt/ros/humble/share/ament_cmake/cmake)
[0.184s] -- Found rosidl_default_generators: 1.2.0 (/opt/ros/humble/share/rosidl_default_generators/cmake)
[0.185s] -- Using all available rosidl_typesupport_c: rosidl_typesupport_fastrtps_c;rosidl_typesupport_introspection_c
[0.188s] -- Found rosidl_adapter: 3.1.5 (/opt/ros/humble/share/rosidl_adapter/cmake)
[0.212s] -- Using all available rosidl_typesupport_cpp: rosidl_typesupport_fastrtps_cpp;rosidl_typesupport_introspection_cpp
[0.233s] -- Found rclcpp: 16.0.10 (/opt/ros/humble/share/rclcpp/cmake)
[0.266s] -- Found rmw_implementation_cmake: 6.1.2 (/opt/ros/humble/share/rmw_implementation_cmake/cmake)
[0.267s] -- Found rmw_fastrtps_cpp: 6.2.7 (/opt/ros/humble/share/rmw_fastrtps_cpp/cmake)
[0.341s] -- Using RMW implementation 'rmw_fastrtps_cpp' as default
[0.604s] [31mCMake Error at /opt/ros/humble/share/rosidl_cmake/cmake/rosidl_generate_interfaces.cmake:229 (message):
[0.604s]   Packages installing interfaces must include
[0.604s]   '<member_of_group>rosidl_interface_packages</member_of_group>' in their
[0.604s]   package.xml
[0.604s] Call Stack (most recent call first):
[0.604s]   CMakeLists.txt:19 (rosidl_generate_interfaces)
[0.604s] 
[0.604s] [0m
[0.605s] -- Configuring incomplete, errors occurred!
[0.610s] gmake: *** [Makefile:308: cmake_check_build_system] Error 1
[0.613s] Invoked command in '/home/luna/2025-vision-training-master (1)/2025-vision-training-master/homework4/ros_ws/build/example_service_rclcpp' returned '2': CMAKE_PREFIX_PATH=/opt/ros/humble /usr/bin/cmake --build /home/luna/2025-vision-training-master (1)/2025-vision-training-master/homework4/ros_ws/build/example_service_rclcpp -- -j32 -l32
