[0.024s] Invoking command in '/home/luna/robomaster/2025-vision-training/Wenxiang Shi/homework4/ros_ws/build/action_demo': CMAKE_PREFIX_PATH=${CMAKE_PREFIX_PATH}:/opt/ros/humble /usr/bin/cmake /home/luna/robomaster/2025-vision-training/Wenxiang Shi/homework4/ros_ws/src/action_demo -DCMAKE_INSTALL_PREFIX=/home/luna/robomaster/2025-vision-training/Wenxiang Shi/homework4/ros_ws/install/action_demo
[0.365s] -- The C compiler identification is GNU 11.4.0
[1.088s] -- The CXX compiler identification is GNU 11.4.0
[1.697s] -- Detecting C compiler ABI info
[1.872s] -- Detecting C compiler ABI info - done
[1.882s] -- Check for working C compiler: /usr/bin/cc - skipped
[1.882s] -- Detecting C compile features
[1.884s] -- Detecting C compile features - done
[1.891s] -- Detecting CXX compiler ABI info
[2.058s] -- Detecting CXX compiler ABI info - done
[2.069s] -- Check for working CXX compiler: /usr/bin/c++ - skipped
[2.069s] -- Detecting CXX compile features
[2.070s] -- Detecting CXX compile features - done
[2.074s] -- Found ament_cmake: 1.3.10 (/opt/ros/humble/share/ament_cmake/cmake)
[2.311s] -- Found Python3: /usr/bin/python3 (found version "3.10.12") found components: Interpreter 
[2.484s] -- Found rclcpp: 16.0.10 (/opt/ros/humble/share/rclcpp/cmake)
[2.781s] -- Found rosidl_generator_c: 3.1.5 (/opt/ros/humble/share/rosidl_generator_c/cmake)
[2.791s] -- Found rosidl_adapter: 3.1.5 (/opt/ros/humble/share/rosidl_adapter/cmake)
[2.812s] -- Found rosidl_generator_cpp: 3.1.5 (/opt/ros/humble/share/rosidl_generator_cpp/cmake)
[2.840s] -- Using all available rosidl_typesupport_c: rosidl_typesupport_fastrtps_c;rosidl_typesupport_introspection_c
[2.873s] -- Using all available rosidl_typesupport_cpp: rosidl_typesupport_fastrtps_cpp;rosidl_typesupport_introspection_cpp
[2.965s] -- Found rmw_implementation_cmake: 6.1.2 (/opt/ros/humble/share/rmw_implementation_cmake/cmake)
[2.971s] -- Found rmw_fastrtps_cpp: 6.2.7 (/opt/ros/humble/share/rmw_fastrtps_cpp/cmake)
[4.287s] -- Found OpenSSL: /usr/lib/x86_64-linux-gnu/libcrypto.so (found version "3.0.2")  
[5.623s] -- Found FastRTPS: /opt/ros/humble/include  
[8.263s] -- Using RMW implementation 'rmw_fastrtps_cpp' as default
[8.281s] -- Looking for pthread.h
[8.451s] -- Looking for pthread.h - found
[8.452s] -- Performing Test CMAKE_HAVE_LIBC_PTHREAD
[8.608s] -- Performing Test CMAKE_HAVE_LIBC_PTHREAD - Success
[8.609s] -- Found Threads: TRUE  
[9.770s] [31mCMake Error at CMakeLists.txt:6 (find_package):
[9.770s]   By not providing "Findaction_demo.cmake" in CMAKE_MODULE_PATH this project
[9.770s]   has asked CMake to find a package configuration file provided by
[9.770s]   "action_demo", but CMake did not find one.
[9.770s] 
[9.770s]   Could not find a package configuration file provided by "action_demo" with
[9.770s]   any of the following names:
[9.770s] 
[9.770s]     action_demoConfig.cmake
[9.770s]     action_demo-config.cmake
[9.770s] 
[9.771s]   Add the installation prefix of "action_demo" to CMAKE_PREFIX_PATH or set
[9.771s]   "action_demo_DIR" to a directory containing one of the above files.  If
[9.771s]   "action_demo" provides a separate development package or SDK, be sure it
[9.771s]   has been installed.
[9.771s] 
[9.771s] [0m
[9.771s] -- Configuring incomplete, errors occurred!
[9.771s] See also "/home/luna/robomaster/2025-vision-training/Wenxiang Shi/homework4/ros_ws/build/action_demo/CMakeFiles/CMakeOutput.log".
[9.783s] Invoked command in '/home/luna/robomaster/2025-vision-training/Wenxiang Shi/homework4/ros_ws/build/action_demo' returned '1': CMAKE_PREFIX_PATH=${CMAKE_PREFIX_PATH}:/opt/ros/humble /usr/bin/cmake /home/luna/robomaster/2025-vision-training/Wenxiang Shi/homework4/ros_ws/src/action_demo -DCMAKE_INSTALL_PREFIX=/home/luna/robomaster/2025-vision-training/Wenxiang Shi/homework4/ros_ws/install/action_demo
