[0.007s] Invoking command in '/home/luna/2025-vision-training-master (1)/2025-vision-training-master/homework4/ros_ws/build/divide_interfaces': CMAKE_PREFIX_PATH=/opt/ros/humble /usr/bin/cmake /home/luna/2025-vision-training-master (1)/2025-vision-training-master/homework4/ros_ws/src/divide_interface -DCMAKE_INSTALL_PREFIX=/home/luna/2025-vision-training-master (1)/2025-vision-training-master/homework4/ros_ws/install/divide_interfaces
[0.055s] -- The C compiler identification is GNU 12.3.0
[0.111s] -- The CXX compiler identification is GNU 11.4.0
[0.129s] -- Detecting C compiler ABI info
[0.208s] -- Detecting C compiler ABI info - done
[0.221s] -- Check for working C compiler: /usr/bin/cc - skipped
[0.221s] -- Detecting C compile features
[0.221s] -- Detecting C compile features - done
[0.231s] -- Detecting CXX compiler ABI info
[0.310s] -- Detecting CXX compiler ABI info - done
[0.321s] -- Check for working CXX compiler: /usr/bin/c++ - skipped
[0.321s] -- Detecting CXX compile features
[0.322s] -- Detecting CXX compile features - done
[0.323s] -- Found ament_cmake: 1.3.10 (/opt/ros/humble/share/ament_cmake/cmake)
[0.444s] -- Found Python3: /usr/bin/python3 (found version "3.10.12") found components: Interpreter 
[0.503s] -- Found rosidl_default_generators: 1.2.0 (/opt/ros/humble/share/rosidl_default_generators/cmake)
[0.505s] -- Using all available rosidl_typesupport_c: rosidl_typesupport_fastrtps_c;rosidl_typesupport_introspection_c
[0.509s] -- Found rosidl_adapter: 3.1.5 (/opt/ros/humble/share/rosidl_adapter/cmake)
[0.540s] -- Using all available rosidl_typesupport_cpp: rosidl_typesupport_fastrtps_cpp;rosidl_typesupport_introspection_cpp
[0.877s] -- Found ament_cmake_ros: 0.10.0 (/opt/ros/humble/share/ament_cmake_ros/cmake)
[1.234s] -- Using all available rosidl_typesupport_c: rosidl_typesupport_fastrtps_c;rosidl_typesupport_introspection_c
[1.690s] -- Using all available rosidl_typesupport_cpp: rosidl_typesupport_fastrtps_cpp;rosidl_typesupport_introspection_cpp
[1.691s] [33mCMake Warning (dev) at /opt/ros/humble/share/rosidl_generator_py/cmake/rosidl_generator_py_generate_interfaces.cmake:20 (find_package):
[1.692s]   Policy CMP0148 is not set: The FindPythonInterp and FindPythonLibs modules
[1.692s]   are removed.  Run "cmake --help-policy CMP0148" for policy details.  Use
[1.692s]   the cmake_policy command to set the policy and suppress this warning.
[1.692s] 
[1.692s] Call Stack (most recent call first):
[1.692s]   /opt/ros/humble/share/ament_cmake_core/cmake/core/ament_execute_extensions.cmake:48 (include)
[1.692s]   /opt/ros/humble/share/rosidl_cmake/cmake/rosidl_generate_interfaces.cmake:286 (ament_execute_extensions)
[1.692s]   CMakeLists.txt:11 (rosidl_generate_interfaces)
[1.692s] This warning is for project developers.  Use -Wno-dev to suppress it.
[1.692s] [0m
[1.706s] -- Found PythonInterp: /usr/bin/python3 (found suitable version "3.10.12", minimum required is "3.6") 
[1.707s] -- Found python_cmake_module: 0.10.0 (/opt/ros/humble/share/python_cmake_module/cmake)
[1.707s] [33mCMake Warning (dev) at /opt/ros/humble/share/python_cmake_module/cmake/Modules/FindPythonExtra.cmake:52 (find_package):
[1.707s]   Policy CMP0148 is not set: The FindPythonInterp and FindPythonLibs modules
[1.707s]   are removed.  Run "cmake --help-policy CMP0148" for policy details.  Use
[1.707s]   the cmake_policy command to set the policy and suppress this warning.
[1.707s] 
[1.707s] Call Stack (most recent call first):
[1.707s]   /opt/ros/humble/share/rosidl_generator_py/cmake/rosidl_generator_py_generate_interfaces.cmake:23 (find_package)
[1.707s]   /opt/ros/humble/share/ament_cmake_core/cmake/core/ament_execute_extensions.cmake:48 (include)
[1.707s]   /opt/ros/humble/share/rosidl_cmake/cmake/rosidl_generate_interfaces.cmake:286 (ament_execute_extensions)
[1.707s]   CMakeLists.txt:11 (rosidl_generate_interfaces)
[1.707s] This warning is for project developers.  Use -Wno-dev to suppress it.
[1.707s] [0m
[1.722s] [33mCMake Warning (dev) at /opt/ros/humble/share/python_cmake_module/cmake/Modules/FindPythonExtra.cmake:140 (find_package):
[1.722s]   Policy CMP0148 is not set: The FindPythonInterp and FindPythonLibs modules
[1.722s]   are removed.  Run "cmake --help-policy CMP0148" for policy details.  Use
[1.722s]   the cmake_policy command to set the policy and suppress this warning.
[1.722s] 
[1.722s] Call Stack (most recent call first):
[1.722s]   /opt/ros/humble/share/rosidl_generator_py/cmake/rosidl_generator_py_generate_interfaces.cmake:23 (find_package)
[1.722s]   /opt/ros/humble/share/ament_cmake_core/cmake/core/ament_execute_extensions.cmake:48 (include)
[1.722s]   /opt/ros/humble/share/rosidl_cmake/cmake/rosidl_generate_interfaces.cmake:286 (ament_execute_extensions)
[1.722s]   CMakeLists.txt:11 (rosidl_generate_interfaces)
[1.722s] This warning is for project developers.  Use -Wno-dev to suppress it.
[1.722s] [0m
[1.728s] -- Found PythonLibs: /usr/lib/x86_64-linux-gnu/libpython3.10.so (found suitable version "3.10.12", minimum required is "3.5") 
[1.728s] -- Using PYTHON_EXECUTABLE: /usr/bin/python3
[1.728s] -- Using PYTHON_INCLUDE_DIRS: /usr/include/python3.10
[1.728s] -- Using PYTHON_LIBRARIES: /usr/lib/x86_64-linux-gnu/libpython3.10.so
[1.751s] -- Found PythonExtra: .so  
[1.784s] -- Configuring done (1.8s)
[1.800s] -- Generating done (0.0s)
[1.802s] -- Build files have been written to: /home/luna/2025-vision-training-master (1)/2025-vision-training-master/homework4/ros_ws/build/divide_interfaces
[1.806s] Invoked command in '/home/luna/2025-vision-training-master (1)/2025-vision-training-master/homework4/ros_ws/build/divide_interfaces' returned '0': CMAKE_PREFIX_PATH=/opt/ros/humble /usr/bin/cmake /home/luna/2025-vision-training-master (1)/2025-vision-training-master/homework4/ros_ws/src/divide_interface -DCMAKE_INSTALL_PREFIX=/home/luna/2025-vision-training-master (1)/2025-vision-training-master/homework4/ros_ws/install/divide_interfaces
[1.806s] Invoking command in '/home/luna/2025-vision-training-master (1)/2025-vision-training-master/homework4/ros_ws/build/divide_interfaces': CMAKE_PREFIX_PATH=/opt/ros/humble /usr/bin/cmake --build /home/luna/2025-vision-training-master (1)/2025-vision-training-master/homework4/ros_ws/build/divide_interfaces -- -j32 -l32
[1.823s] [  3%] [34m[1mGenerating C code for ROS interfaces[0m
[1.827s] /bin/sh: 1: Syntax error: "(" unexpected
[1.828s] gmake[2]: *** [CMakeFiles/ament_cmake_python_copy_divide_interfaces.dir/build.make:70: CMakeFiles/ament_cmake_python_copy_divide_interfaces] Error 2
[1.828s] gmake[1]: *** [CMakeFiles/Makefile2:421: CMakeFiles/ament_cmake_python_copy_divide_interfaces.dir/all] Error 2
[1.828s] gmake[1]: *** Waiting for unfinished jobs....
[1.829s] [  6%] [34m[1mGenerating C++ code for ROS interfaces[0m
[1.986s] [  6%] Built target divide_interfaces__cpp
[1.989s] [  9%] [32mBuilding C object CMakeFiles/divide_interfaces__rosidl_generator_c.dir/rosidl_generator_c/divide_interfaces/srv/detail/divide__functions.c.o[0m
[2.030s] [ 12%] [32m[1mLinking C shared library libdivide_interfaces__rosidl_generator_c.so[0m
[2.060s] [ 12%] Built target divide_interfaces__rosidl_generator_c
[2.061s] gmake: *** [Makefile:146: all] Error 2
[2.063s] Invoked command in '/home/luna/2025-vision-training-master (1)/2025-vision-training-master/homework4/ros_ws/build/divide_interfaces' returned '2': CMAKE_PREFIX_PATH=/opt/ros/humble /usr/bin/cmake --build /home/luna/2025-vision-training-master (1)/2025-vision-training-master/homework4/ros_ws/build/divide_interfaces -- -j32 -l32
