[0.018s] Invoking command in '/home/rm-jiaolong/Workspace/homework4/task1/build/service_demo': CMAKE_PREFIX_PATH=/opt/ros/humble /usr/bin/cmake /home/rm-jiaolong/Workspace/homework4/task1/src/service_demo -DCMAKE_INSTALL_PREFIX=/home/rm-jiaolong/Workspace/homework4/task1/install/service_demo
[0.050s] -- Found ament_cmake: 1.3.10 (/opt/ros/humble/share/ament_cmake/cmake)
[0.338s] -- Found rclcpp: 16.0.10 (/opt/ros/humble/share/rclcpp/cmake)
[0.402s] -- Found rosidl_generator_c: 3.1.5 (/opt/ros/humble/share/rosidl_generator_c/cmake)
[0.408s] -- Found rosidl_adapter: 3.1.5 (/opt/ros/humble/share/rosidl_adapter/cmake)
[0.422s] -- Found rosidl_generator_cpp: 3.1.5 (/opt/ros/humble/share/rosidl_generator_cpp/cmake)
[0.445s] -- Using all available rosidl_typesupport_c: rosidl_typesupport_fastrtps_c;rosidl_typesupport_introspection_c
[0.470s] -- Using all available rosidl_typesupport_cpp: rosidl_typesupport_fastrtps_cpp;rosidl_typesupport_introspection_cpp
[0.544s] -- Found rmw_implementation_cmake: 6.1.2 (/opt/ros/humble/share/rmw_implementation_cmake/cmake)
[0.547s] -- Found rmw_fastrtps_cpp: 6.2.7 (/opt/ros/humble/share/rmw_fastrtps_cpp/cmake)
[0.756s] -- Using RMW implementation 'rmw_fastrtps_cpp' as default
[0.871s] -- Found example_interfaces: 0.9.3 (/opt/ros/humble/share/example_interfaces/cmake)
[0.958s] -- Found ament_lint_auto: 0.12.11 (/opt/ros/humble/share/ament_lint_auto/cmake)
[1.124s] -- Added test 'cppcheck' to perform static code analysis on C / C++ code
[1.124s] -- Configured cppcheck include dirs: 
[1.125s] -- Configured cppcheck exclude dirs and/or files: 
[1.125s] -- Added test 'lint_cmake' to check CMake code style
[1.125s] -- Added test 'uncrustify' to check C / C++ code style
[1.125s] -- Configured uncrustify additional arguments: 
[1.125s] -- Added test 'xmllint' to check XML markup files
[1.125s] -- Configuring done
[1.130s] [31mCMake Error at CMakeLists.txt:27 (add_executable):
[1.130s]   Cannot find source file:
[1.130s] 
[1.130s]     service_server.cpp
[1.130s] 
[1.130s]   Tried extensions .c .C .c++ .cc .cpp .cxx .cu .mpp .m .M .mm .ixx .cppm .h
[1.130s]   .hh .h++ .hm .hpp .hxx .in .txx .f .F .for .f77 .f90 .f95 .f03 .hip .ispc
[1.131s] 
[1.131s] [0m
[1.135s] [31mCMake Error at CMakeLists.txt:30 (add_executable):
[1.135s]   Cannot find source file:
[1.136s] 
[1.136s]     service_client.cpp
[1.136s] 
[1.136s]   Tried extensions .c .C .c++ .cc .cpp .cxx .cu .mpp .m .M .mm .ixx .cppm .h
[1.136s]   .hh .h++ .hm .hpp .hxx .in .txx .f .F .for .f77 .f90 .f95 .f03 .hip .ispc
[1.136s] 
[1.136s] [0m
[1.137s] [31mCMake Error at CMakeLists.txt:27 (add_executable):
[1.137s]   No SOURCES given to target: service_server
[1.137s] 
[1.137s] [0m
[1.137s] [31mCMake Error at CMakeLists.txt:30 (add_executable):
[1.137s]   No SOURCES given to target: service_client
[1.137s] 
[1.138s] [0m
[1.138s] [0mCMake Generate step failed.  Build files cannot be regenerated correctly.[0m
[1.154s] Invoked command in '/home/rm-jiaolong/Workspace/homework4/task1/build/service_demo' returned '1': CMAKE_PREFIX_PATH=/opt/ros/humble /usr/bin/cmake /home/rm-jiaolong/Workspace/homework4/task1/src/service_demo -DCMAKE_INSTALL_PREFIX=/home/rm-jiaolong/Workspace/homework4/task1/install/service_demo
