[0.007s] Invoking command in '/home/luna/2025-vision-training-master (1)/2025-vision-training-master/homework4/ros_ws/build/divide_interfaces': CMAKE_PREFIX_PATH=/opt/ros/humble /usr/bin/cmake --build /home/luna/2025-vision-training-master (1)/2025-vision-training-master/homework4/ros_ws/build/divide_interfaces -- -j32 -l32
[0.020s] -- Found ament_cmake: 1.3.10 (/opt/ros/humble/share/ament_cmake/cmake)
[0.192s] -- Found rosidl_default_generators: 1.2.0 (/opt/ros/humble/share/rosidl_default_generators/cmake)
[0.194s] -- Using all available rosidl_typesupport_c: rosidl_typesupport_fastrtps_c;rosidl_typesupport_introspection_c
[0.196s] -- Found rosidl_adapter: 3.1.5 (/opt/ros/humble/share/rosidl_adapter/cmake)
[0.225s] -- Using all available rosidl_typesupport_cpp: rosidl_typesupport_fastrtps_cpp;rosidl_typesupport_introspection_cpp
[0.600s] -- Found ament_cmake_ros: 0.10.0 (/opt/ros/humble/share/ament_cmake_ros/cmake)
[0.964s] -- Using all available rosidl_typesupport_c: rosidl_typesupport_fastrtps_c;rosidl_typesupport_introspection_c
[1.461s] -- Using all available rosidl_typesupport_cpp: rosidl_typesupport_fastrtps_cpp;rosidl_typesupport_introspection_cpp
[1.462s] [33mCMake Warning (dev) at /opt/ros/humble/share/rosidl_generator_py/cmake/rosidl_generator_py_generate_interfaces.cmake:20 (find_package):
[1.463s]   Policy CMP0148 is not set: The FindPythonInterp and FindPythonLibs modules
[1.463s]   are removed.  Run "cmake --help-policy CMP0148" for policy details.  Use
[1.463s]   the cmake_policy command to set the policy and suppress this warning.
[1.463s] 
[1.463s] Call Stack (most recent call first):
[1.463s]   /opt/ros/humble/share/ament_cmake_core/cmake/core/ament_execute_extensions.cmake:48 (include)
[1.463s]   /opt/ros/humble/share/rosidl_cmake/cmake/rosidl_generate_interfaces.cmake:286 (ament_execute_extensions)
[1.463s]   CMakeLists.txt:12 (rosidl_generate_interfaces)
[1.463s] This warning is for project developers.  Use -Wno-dev to suppress it.
[1.463s] [0m
[1.483s] -- Found python_cmake_module: 0.10.0 (/opt/ros/humble/share/python_cmake_module/cmake)
[1.483s] [33mCMake Warning (dev) at /opt/ros/humble/share/python_cmake_module/cmake/Modules/FindPythonExtra.cmake:52 (find_package):
[1.483s]   Policy CMP0148 is not set: The FindPythonInterp and FindPythonLibs modules
[1.483s]   are removed.  Run "cmake --help-policy CMP0148" for policy details.  Use
[1.483s]   the cmake_policy command to set the policy and suppress this warning.
[1.483s] 
[1.484s] Call Stack (most recent call first):
[1.484s]   /opt/ros/humble/share/rosidl_generator_py/cmake/rosidl_generator_py_generate_interfaces.cmake:23 (find_package)
[1.484s]   /opt/ros/humble/share/ament_cmake_core/cmake/core/ament_execute_extensions.cmake:48 (include)
[1.484s]   /opt/ros/humble/share/rosidl_cmake/cmake/rosidl_generate_interfaces.cmake:286 (ament_execute_extensions)
[1.484s]   CMakeLists.txt:12 (rosidl_generate_interfaces)
[1.484s] This warning is for project developers.  Use -Wno-dev to suppress it.
[1.484s] [0m
[1.504s] [33mCMake Warning (dev) at /opt/ros/humble/share/python_cmake_module/cmake/Modules/FindPythonExtra.cmake:140 (find_package):
[1.504s]   Policy CMP0148 is not set: The FindPythonInterp and FindPythonLibs modules
[1.504s]   are removed.  Run "cmake --help-policy CMP0148" for policy details.  Use
[1.504s]   the cmake_policy command to set the policy and suppress this warning.
[1.505s] 
[1.505s] Call Stack (most recent call first):
[1.505s]   /opt/ros/humble/share/rosidl_generator_py/cmake/rosidl_generator_py_generate_interfaces.cmake:23 (find_package)
[1.505s]   /opt/ros/humble/share/ament_cmake_core/cmake/core/ament_execute_extensions.cmake:48 (include)
[1.505s]   /opt/ros/humble/share/rosidl_cmake/cmake/rosidl_generate_interfaces.cmake:286 (ament_execute_extensions)
[1.505s]   CMakeLists.txt:12 (rosidl_generate_interfaces)
[1.505s] This warning is for project developers.  Use -Wno-dev to suppress it.
[1.505s] [0m
[1.506s] -- Using PYTHON_EXECUTABLE: /usr/bin/python3
[1.506s] -- Using PYTHON_INCLUDE_DIRS: /usr/include/python3.10
[1.507s] -- Using PYTHON_LIBRARIES: /usr/lib/x86_64-linux-gnu/libpython3.10.so
[1.519s] -- Configuring done (1.5s)
[1.536s] -- Generating done (0.0s)
[1.538s] -- Build files have been written to: /home/luna/2025-vision-training-master (1)/2025-vision-training-master/homework4/ros_ws/build/divide_interfaces
[1.551s] /bin/sh: 1: Syntax error: "(" unexpected
[1.551s] gmake[2]: *** [CMakeFiles/ament_cmake_python_copy_divide_interfaces.dir/build.make:70: CMakeFiles/ament_cmake_python_copy_divide_interfaces] Error 2
[1.552s] gmake[1]: *** [CMakeFiles/Makefile2:421: CMakeFiles/ament_cmake_python_copy_divide_interfaces.dir/all] Error 2
[1.552s] gmake[1]: *** Waiting for unfinished jobs....
[1.552s] [  3%] Built target divide_interfaces__cpp
[1.554s] [ 12%] Built target divide_interfaces__rosidl_generator_c
[1.555s] gmake: *** [Makefile:146: all] Error 2
[1.557s] Invoked command in '/home/luna/2025-vision-training-master (1)/2025-vision-training-master/homework4/ros_ws/build/divide_interfaces' returned '2': CMAKE_PREFIX_PATH=/opt/ros/humble /usr/bin/cmake --build /home/luna/2025-vision-training-master (1)/2025-vision-training-master/homework4/ros_ws/build/divide_interfaces -- -j32 -l32
