[0.429s] DEBUG:colcon:Command line arguments: ['/usr/bin/colcon', 'build']
[0.429s] DEBUG:colcon:Parsed command line arguments: Namespace(log_base=None, log_level=None, verb_name='build', build_base='build', install_base='install', merge_install=False, symlink_install=False, test_result_base=None, continue_on_error=False, executor='parallel', parallel_workers=32, event_handlers=None, ignore_user_meta=False, metas=['./colcon.meta'], base_paths=['.'], packages_ignore=None, packages_ignore_regex=None, paths=None, packages_up_to=None, packages_up_to_regex=None, packages_above=None, packages_above_and_dependencies=None, packages_above_depth=None, packages_select_by_dep=None, packages_skip_by_dep=None, packages_skip_up_to=None, packages_select_build_failed=False, packages_skip_build_finished=False, packages_select_test_failures=False, packages_skip_test_passed=False, packages_select=None, packages_skip=None, packages_select_regex=None, packages_skip_regex=None, packages_start=None, packages_end=None, allow_overriding=[], cmake_args=None, cmake_target=None, cmake_target_skip_unavailable=False, cmake_clean_cache=False, cmake_clean_first=False, cmake_force_configure=False, ament_cmake_args=None, catkin_cmake_args=None, catkin_skip_building_tests=False, verb_parser=<colcon_defaults.argument_parser.defaults.DefaultArgumentsDecorator object at 0x7ff0a581be80>, verb_extension=<colcon_core.verb.build.BuildVerb object at 0x7ff0a59dcac0>, main=<bound method BuildVerb.main of <colcon_core.verb.build.BuildVerb object at 0x7ff0a59dcac0>>)
[0.846s] Level 1:colcon.colcon_core.package_discovery:discover_packages(colcon_meta) check parameters
[0.847s] Level 1:colcon.colcon_core.package_discovery:discover_packages(recursive) check parameters
[0.847s] Level 1:colcon.colcon_core.package_discovery:discover_packages(ignore) check parameters
[0.847s] Level 1:colcon.colcon_core.package_discovery:discover_packages(path) check parameters
[0.847s] Level 1:colcon.colcon_core.package_discovery:discover_packages(colcon_meta) discover
[0.847s] Level 1:colcon.colcon_core.package_discovery:discover_packages(recursive) discover
[0.847s] INFO:colcon.colcon_core.package_discovery:Crawling recursively for packages in '/home/luna/robomaster/2025-vision-training/Wenxiang Shi/homework4/ros_ws'
[0.847s] Level 1:colcon.colcon_core.package_identification:_identify(.) by extensions ['ignore', 'ignore_ament_install']
[0.847s] Level 1:colcon.colcon_core.package_identification:_identify(.) by extension 'ignore'
[0.848s] Level 1:colcon.colcon_core.package_identification:_identify(.) by extension 'ignore_ament_install'
[0.848s] Level 1:colcon.colcon_core.package_identification:_identify(.) by extensions ['colcon_pkg']
[0.848s] Level 1:colcon.colcon_core.package_identification:_identify(.) by extension 'colcon_pkg'
[0.848s] Level 1:colcon.colcon_core.package_identification:_identify(.) by extensions ['colcon_meta']
[0.848s] Level 1:colcon.colcon_core.package_identification:_identify(.) by extension 'colcon_meta'
[0.848s] Level 1:colcon.colcon_core.package_identification:_identify(.) by extensions ['ros']
[0.848s] Level 1:colcon.colcon_core.package_identification:_identify(.) by extension 'ros'
[0.874s] Level 1:colcon.colcon_core.package_identification:_identify(.) by extensions ['cmake', 'python']
[0.874s] Level 1:colcon.colcon_core.package_identification:_identify(.) by extension 'cmake'
[0.874s] Level 1:colcon.colcon_core.package_identification:_identify(.) by extension 'python'
[0.874s] Level 1:colcon.colcon_core.package_identification:_identify(.) by extensions ['python_setup_py']
[0.874s] Level 1:colcon.colcon_core.package_identification:_identify(.) by extension 'python_setup_py'
[0.874s] Level 1:colcon.colcon_core.package_identification:_identify(build) by extensions ['ignore', 'ignore_ament_install']
[0.874s] Level 1:colcon.colcon_core.package_identification:_identify(build) by extension 'ignore'
[0.875s] Level 1:colcon.colcon_core.package_identification:_identify(build) ignored
[0.875s] Level 1:colcon.colcon_core.package_identification:_identify(install) by extensions ['ignore', 'ignore_ament_install']
[0.875s] Level 1:colcon.colcon_core.package_identification:_identify(install) by extension 'ignore'
[0.875s] Level 1:colcon.colcon_core.package_identification:_identify(install) ignored
[0.875s] Level 1:colcon.colcon_core.package_identification:_identify(log) by extensions ['ignore', 'ignore_ament_install']
[0.876s] Level 1:colcon.colcon_core.package_identification:_identify(log) by extension 'ignore'
[0.876s] Level 1:colcon.colcon_core.package_identification:_identify(log) ignored
[0.876s] Level 1:colcon.colcon_core.package_identification:_identify(src) by extensions ['ignore', 'ignore_ament_install']
[0.876s] Level 1:colcon.colcon_core.package_identification:_identify(src) by extension 'ignore'
[0.876s] Level 1:colcon.colcon_core.package_identification:_identify(src) by extension 'ignore_ament_install'
[0.877s] Level 1:colcon.colcon_core.package_identification:_identify(src) by extensions ['colcon_pkg']
[0.877s] Level 1:colcon.colcon_core.package_identification:_identify(src) by extension 'colcon_pkg'
[0.877s] Level 1:colcon.colcon_core.package_identification:_identify(src) by extensions ['colcon_meta']
[0.877s] Level 1:colcon.colcon_core.package_identification:_identify(src) by extension 'colcon_meta'
[0.877s] Level 1:colcon.colcon_core.package_identification:_identify(src) by extensions ['ros']
[0.877s] Level 1:colcon.colcon_core.package_identification:_identify(src) by extension 'ros'
[0.877s] Level 1:colcon.colcon_core.package_identification:_identify(src) by extensions ['cmake', 'python']
[0.877s] Level 1:colcon.colcon_core.package_identification:_identify(src) by extension 'cmake'
[0.877s] Level 1:colcon.colcon_core.package_identification:_identify(src) by extension 'python'
[0.877s] Level 1:colcon.colcon_core.package_identification:_identify(src) by extensions ['python_setup_py']
[0.877s] Level 1:colcon.colcon_core.package_identification:_identify(src) by extension 'python_setup_py'
[0.877s] Level 1:colcon.colcon_core.package_identification:_identify(src/action_demo) by extensions ['ignore', 'ignore_ament_install']
[0.877s] Level 1:colcon.colcon_core.package_identification:_identify(src/action_demo) by extension 'ignore'
[0.878s] Level 1:colcon.colcon_core.package_identification:_identify(src/action_demo) by extension 'ignore_ament_install'
[0.878s] Level 1:colcon.colcon_core.package_identification:_identify(src/action_demo) by extensions ['colcon_pkg']
[0.878s] Level 1:colcon.colcon_core.package_identification:_identify(src/action_demo) by extension 'colcon_pkg'
[0.878s] Level 1:colcon.colcon_core.package_identification:_identify(src/action_demo) by extensions ['colcon_meta']
[0.878s] Level 1:colcon.colcon_core.package_identification:_identify(src/action_demo) by extension 'colcon_meta'
[0.878s] Level 1:colcon.colcon_core.package_identification:_identify(src/action_demo) by extensions ['ros']
[0.878s] Level 1:colcon.colcon_core.package_identification:_identify(src/action_demo) by extension 'ros'
[0.885s] DEBUG:colcon.colcon_core.package_identification:Package 'src/action_demo' with type 'ros.ament_cmake' and name 'action_demo'
[0.885s] Level 1:colcon.colcon_core.package_identification:_identify(src/divide_interface) by extensions ['ignore', 'ignore_ament_install']
[0.885s] Level 1:colcon.colcon_core.package_identification:_identify(src/divide_interface) by extension 'ignore'
[0.885s] Level 1:colcon.colcon_core.package_identification:_identify(src/divide_interface) by extension 'ignore_ament_install'
[0.885s] Level 1:colcon.colcon_core.package_identification:_identify(src/divide_interface) by extensions ['colcon_pkg']
[0.885s] Level 1:colcon.colcon_core.package_identification:_identify(src/divide_interface) by extension 'colcon_pkg'
[0.885s] Level 1:colcon.colcon_core.package_identification:_identify(src/divide_interface) by extensions ['colcon_meta']
[0.886s] Level 1:colcon.colcon_core.package_identification:_identify(src/divide_interface) by extension 'colcon_meta'
[0.886s] Level 1:colcon.colcon_core.package_identification:_identify(src/divide_interface) by extensions ['ros']
[0.886s] Level 1:colcon.colcon_core.package_identification:_identify(src/divide_interface) by extension 'ros'
[0.887s] DEBUG:colcon.colcon_core.package_identification:Package 'src/divide_interface' with type 'ros.ament_cmake' and name 'divide_interface'
[0.888s] Level 1:colcon.colcon_core.package_identification:_identify(src/divide_package) by extensions ['ignore', 'ignore_ament_install']
[0.888s] Level 1:colcon.colcon_core.package_identification:_identify(src/divide_package) by extension 'ignore'
[0.888s] Level 1:colcon.colcon_core.package_identification:_identify(src/divide_package) by extension 'ignore_ament_install'
[0.888s] Level 1:colcon.colcon_core.package_identification:_identify(src/divide_package) by extensions ['colcon_pkg']
[0.888s] Level 1:colcon.colcon_core.package_identification:_identify(src/divide_package) by extension 'colcon_pkg'
[0.888s] Level 1:colcon.colcon_core.package_identification:_identify(src/divide_package) by extensions ['colcon_meta']
[0.888s] Level 1:colcon.colcon_core.package_identification:_identify(src/divide_package) by extension 'colcon_meta'
[0.888s] Level 1:colcon.colcon_core.package_identification:_identify(src/divide_package) by extensions ['ros']
[0.888s] Level 1:colcon.colcon_core.package_identification:_identify(src/divide_package) by extension 'ros'
[0.890s] DEBUG:colcon.colcon_core.package_identification:Package 'src/divide_package' with type 'ros.ament_cmake' and name 'divide_package'
[0.890s] Level 1:colcon.colcon_core.package_discovery:discover_packages(recursive) using defaults
[0.890s] Level 1:colcon.colcon_core.package_discovery:discover_packages(ignore) discover
[0.890s] Level 1:colcon.colcon_core.package_discovery:discover_packages(ignore) using defaults
[0.890s] Level 1:colcon.colcon_core.package_discovery:discover_packages(path) discover
[0.890s] Level 1:colcon.colcon_core.package_discovery:discover_packages(path) using defaults
[0.942s] Level 1:colcon.colcon_core.package_discovery:discover_packages(prefix_path) check parameters
[0.942s] Level 1:colcon.colcon_core.package_discovery:discover_packages(prefix_path) discover
[0.950s] DEBUG:colcon.colcon_installed_package_information.package_discovery:Found 3 installed packages in /home/luna/robomaster/2025-vision-training/Wenxiang Shi/homework4/ros_ws/install
[0.952s] DEBUG:colcon.colcon_installed_package_information.package_discovery:Found 270 installed packages in /opt/ros/humble
[0.955s] Level 1:colcon.colcon_core.package_discovery:discover_packages(prefix_path) using defaults
[1.039s] Level 5:colcon.colcon_core.verb:set package 'action_demo' build argument 'cmake_args' from command line to 'None'
[1.039s] Level 5:colcon.colcon_core.verb:set package 'action_demo' build argument 'cmake_target' from command line to 'None'
[1.039s] Level 5:colcon.colcon_core.verb:set package 'action_demo' build argument 'cmake_target_skip_unavailable' from command line to 'False'
[1.039s] Level 5:colcon.colcon_core.verb:set package 'action_demo' build argument 'cmake_clean_cache' from command line to 'False'
[1.039s] Level 5:colcon.colcon_core.verb:set package 'action_demo' build argument 'cmake_clean_first' from command line to 'False'
[1.039s] Level 5:colcon.colcon_core.verb:set package 'action_demo' build argument 'cmake_force_configure' from command line to 'False'
[1.039s] Level 5:colcon.colcon_core.verb:set package 'action_demo' build argument 'ament_cmake_args' from command line to 'None'
[1.039s] Level 5:colcon.colcon_core.verb:set package 'action_demo' build argument 'catkin_cmake_args' from command line to 'None'
[1.039s] Level 5:colcon.colcon_core.verb:set package 'action_demo' build argument 'catkin_skip_building_tests' from command line to 'False'
[1.039s] DEBUG:colcon.colcon_core.verb:Building package 'action_demo' with the following arguments: {'ament_cmake_args': None, 'build_base': '/home/luna/robomaster/2025-vision-training/Wenxiang Shi/homework4/ros_ws/build/action_demo', 'catkin_cmake_args': None, 'catkin_skip_building_tests': False, 'cmake_args': None, 'cmake_clean_cache': False, 'cmake_clean_first': False, 'cmake_force_configure': False, 'cmake_target': None, 'cmake_target_skip_unavailable': False, 'install_base': '/home/luna/robomaster/2025-vision-training/Wenxiang Shi/homework4/ros_ws/install/action_demo', 'merge_install': False, 'path': '/home/luna/robomaster/2025-vision-training/Wenxiang Shi/homework4/ros_ws/src/action_demo', 'symlink_install': False, 'test_result_base': None}
[1.040s] Level 5:colcon.colcon_core.verb:set package 'divide_interface' build argument 'cmake_args' from command line to 'None'
[1.040s] Level 5:colcon.colcon_core.verb:set package 'divide_interface' build argument 'cmake_target' from command line to 'None'
[1.040s] Level 5:colcon.colcon_core.verb:set package 'divide_interface' build argument 'cmake_target_skip_unavailable' from command line to 'False'
[1.040s] Level 5:colcon.colcon_core.verb:set package 'divide_interface' build argument 'cmake_clean_cache' from command line to 'False'
[1.040s] Level 5:colcon.colcon_core.verb:set package 'divide_interface' build argument 'cmake_clean_first' from command line to 'False'
[1.040s] Level 5:colcon.colcon_core.verb:set package 'divide_interface' build argument 'cmake_force_configure' from command line to 'False'
[1.040s] Level 5:colcon.colcon_core.verb:set package 'divide_interface' build argument 'ament_cmake_args' from command line to 'None'
[1.040s] Level 5:colcon.colcon_core.verb:set package 'divide_interface' build argument 'catkin_cmake_args' from command line to 'None'
[1.040s] Level 5:colcon.colcon_core.verb:set package 'divide_interface' build argument 'catkin_skip_building_tests' from command line to 'False'
[1.040s] DEBUG:colcon.colcon_core.verb:Building package 'divide_interface' with the following arguments: {'ament_cmake_args': None, 'build_base': '/home/luna/robomaster/2025-vision-training/Wenxiang Shi/homework4/ros_ws/build/divide_interface', 'catkin_cmake_args': None, 'catkin_skip_building_tests': False, 'cmake_args': None, 'cmake_clean_cache': False, 'cmake_clean_first': False, 'cmake_force_configure': False, 'cmake_target': None, 'cmake_target_skip_unavailable': False, 'install_base': '/home/luna/robomaster/2025-vision-training/Wenxiang Shi/homework4/ros_ws/install/divide_interface', 'merge_install': False, 'path': '/home/luna/robomaster/2025-vision-training/Wenxiang Shi/homework4/ros_ws/src/divide_interface', 'symlink_install': False, 'test_result_base': None}
[1.041s] Level 5:colcon.colcon_core.verb:set package 'divide_package' build argument 'cmake_args' from command line to 'None'
[1.041s] Level 5:colcon.colcon_core.verb:set package 'divide_package' build argument 'cmake_target' from command line to 'None'
[1.041s] Level 5:colcon.colcon_core.verb:set package 'divide_package' build argument 'cmake_target_skip_unavailable' from command line to 'False'
[1.041s] Level 5:colcon.colcon_core.verb:set package 'divide_package' build argument 'cmake_clean_cache' from command line to 'False'
[1.041s] Level 5:colcon.colcon_core.verb:set package 'divide_package' build argument 'cmake_clean_first' from command line to 'False'
[1.041s] Level 5:colcon.colcon_core.verb:set package 'divide_package' build argument 'cmake_force_configure' from command line to 'False'
[1.041s] Level 5:colcon.colcon_core.verb:set package 'divide_package' build argument 'ament_cmake_args' from command line to 'None'
[1.041s] Level 5:colcon.colcon_core.verb:set package 'divide_package' build argument 'catkin_cmake_args' from command line to 'None'
[1.041s] Level 5:colcon.colcon_core.verb:set package 'divide_package' build argument 'catkin_skip_building_tests' from command line to 'False'
[1.041s] DEBUG:colcon.colcon_core.verb:Building package 'divide_package' with the following arguments: {'ament_cmake_args': None, 'build_base': '/home/luna/robomaster/2025-vision-training/Wenxiang Shi/homework4/ros_ws/build/divide_package', 'catkin_cmake_args': None, 'catkin_skip_building_tests': False, 'cmake_args': None, 'cmake_clean_cache': False, 'cmake_clean_first': False, 'cmake_force_configure': False, 'cmake_target': None, 'cmake_target_skip_unavailable': False, 'install_base': '/home/luna/robomaster/2025-vision-training/Wenxiang Shi/homework4/ros_ws/install/divide_package', 'merge_install': False, 'path': '/home/luna/robomaster/2025-vision-training/Wenxiang Shi/homework4/ros_ws/src/divide_package', 'symlink_install': False, 'test_result_base': None}
[1.041s] INFO:colcon.colcon_core.executor:Executing jobs using 'parallel' executor
[1.043s] DEBUG:colcon.colcon_parallel_executor.executor.parallel:run_until_complete
[1.043s] INFO:colcon.colcon_ros.task.ament_cmake.build:Building ROS package in '/home/luna/robomaster/2025-vision-training/Wenxiang Shi/homework4/ros_ws/src/divide_interface' with build type 'ament_cmake'
[1.044s] INFO:colcon.colcon_cmake.task.cmake.build:Building CMake package in '/home/luna/robomaster/2025-vision-training/Wenxiang Shi/homework4/ros_ws/src/divide_interface'
[1.051s] INFO:colcon.colcon_core.plugin_system:Skipping extension 'colcon_core.shell.bat': Not used on non-Windows systems
[1.051s] INFO:colcon.colcon_core.shell:Skip shell extension 'powershell' for command environment: Not usable outside of PowerShell
[1.052s] DEBUG:colcon.colcon_core.shell:Skip shell extension 'dsv' for command environment
[1.058s] INFO:colcon.colcon_ros.task.ament_cmake.build:Building ROS package in '/home/luna/robomaster/2025-vision-training/Wenxiang Shi/homework4/ros_ws/src/action_demo' with build type 'ament_cmake'
[1.058s] INFO:colcon.colcon_cmake.task.cmake.build:Building CMake package in '/home/luna/robomaster/2025-vision-training/Wenxiang Shi/homework4/ros_ws/src/action_demo'
[1.058s] INFO:colcon.colcon_core.shell:Skip shell extension 'powershell' for command environment: Not usable outside of PowerShell
[1.059s] DEBUG:colcon.colcon_core.shell:Skip shell extension 'dsv' for command environment
[1.071s] DEBUG:colcon.colcon_core.event_handler.log_command:Invoking command in '/home/luna/robomaster/2025-vision-training/Wenxiang Shi/homework4/ros_ws/build/divide_interface': CMAKE_PREFIX_PATH=${CMAKE_PREFIX_PATH}:/opt/ros/humble /usr/bin/cmake --build /home/luna/robomaster/2025-vision-training/Wenxiang Shi/homework4/ros_ws/build/divide_interface -- -j32 -l32
[1.081s] DEBUG:colcon.colcon_core.event_handler.log_command:Invoking command in '/home/luna/robomaster/2025-vision-training/Wenxiang Shi/homework4/ros_ws/build/action_demo': CMAKE_PREFIX_PATH=${CMAKE_PREFIX_PATH}:/opt/ros/humble /usr/bin/cmake /home/luna/robomaster/2025-vision-training/Wenxiang Shi/homework4/ros_ws/src/action_demo -DCMAKE_INSTALL_PREFIX=/home/luna/robomaster/2025-vision-training/Wenxiang Shi/homework4/ros_ws/install/action_demo
[-1.017s] DEBUG:colcon.colcon_core.event_handler.log_command:Invoked command in '/home/luna/robomaster/2025-vision-training/Wenxiang Shi/homework4/ros_ws/build/divide_interface' returned '0': CMAKE_PREFIX_PATH=${CMAKE_PREFIX_PATH}:/opt/ros/humble /usr/bin/cmake --build /home/luna/robomaster/2025-vision-training/Wenxiang Shi/homework4/ros_ws/build/divide_interface -- -j32 -l32
[-0.940s] DEBUG:colcon.colcon_core.event_handler.log_command:Invoking command in '/home/luna/robomaster/2025-vision-training/Wenxiang Shi/homework4/ros_ws/build/divide_interface': CMAKE_PREFIX_PATH=${CMAKE_PREFIX_PATH}:/opt/ros/humble /usr/bin/cmake --install /home/luna/robomaster/2025-vision-training/Wenxiang Shi/homework4/ros_ws/build/divide_interface
[-0.854s] Level 1:colcon.colcon_core.environment:create_environment_scripts_only(divide_interface)
[-0.853s] DEBUG:colcon.colcon_core.event_handler.log_command:Invoked command in '/home/luna/robomaster/2025-vision-training/Wenxiang Shi/homework4/ros_ws/build/divide_interface' returned '0': CMAKE_PREFIX_PATH=${CMAKE_PREFIX_PATH}:/opt/ros/humble /usr/bin/cmake --install /home/luna/robomaster/2025-vision-training/Wenxiang Shi/homework4/ros_ws/build/divide_interface
[-0.844s] Level 1:colcon.colcon_core.environment:checking '/home/luna/robomaster/2025-vision-training/Wenxiang Shi/homework4/ros_ws/install/divide_interface' for CMake module files
[-0.843s] Level 1:colcon.colcon_core.environment:checking '/home/luna/robomaster/2025-vision-training/Wenxiang Shi/homework4/ros_ws/install/divide_interface' for CMake config files
[-0.842s] Level 1:colcon.colcon_core.shell:create_environment_hook('divide_interface', 'cmake_prefix_path')
[-0.842s] INFO:colcon.colcon_core.shell:Creating environment hook '/home/luna/robomaster/2025-vision-training/Wenxiang Shi/homework4/ros_ws/install/divide_interface/share/divide_interface/hook/cmake_prefix_path.ps1'
[-0.841s] INFO:colcon.colcon_core.shell:Creating environment descriptor '/home/luna/robomaster/2025-vision-training/Wenxiang Shi/homework4/ros_ws/install/divide_interface/share/divide_interface/hook/cmake_prefix_path.dsv'
[-0.840s] INFO:colcon.colcon_core.shell:Creating environment hook '/home/luna/robomaster/2025-vision-training/Wenxiang Shi/homework4/ros_ws/install/divide_interface/share/divide_interface/hook/cmake_prefix_path.sh'
[-0.839s] Level 1:colcon.colcon_core.environment:checking '/home/luna/robomaster/2025-vision-training/Wenxiang Shi/homework4/ros_ws/install/divide_interface/lib'
[-0.839s] Level 1:colcon.colcon_core.shell:create_environment_hook('divide_interface', 'ld_library_path_lib')
[-0.838s] INFO:colcon.colcon_core.shell:Creating environment hook '/home/luna/robomaster/2025-vision-training/Wenxiang Shi/homework4/ros_ws/install/divide_interface/share/divide_interface/hook/ld_library_path_lib.ps1'
[-0.838s] INFO:colcon.colcon_core.shell:Creating environment descriptor '/home/luna/robomaster/2025-vision-training/Wenxiang Shi/homework4/ros_ws/install/divide_interface/share/divide_interface/hook/ld_library_path_lib.dsv'
[-0.837s] INFO:colcon.colcon_core.shell:Creating environment hook '/home/luna/robomaster/2025-vision-training/Wenxiang Shi/homework4/ros_ws/install/divide_interface/share/divide_interface/hook/ld_library_path_lib.sh'
[-0.837s] Level 1:colcon.colcon_core.environment:checking '/home/luna/robomaster/2025-vision-training/Wenxiang Shi/homework4/ros_ws/install/divide_interface/bin'
[-0.837s] Level 1:colcon.colcon_core.environment:checking '/home/luna/robomaster/2025-vision-training/Wenxiang Shi/homework4/ros_ws/install/divide_interface/lib/pkgconfig/divide_interface.pc'
[-0.837s] Level 1:colcon.colcon_core.environment:checking '/home/luna/robomaster/2025-vision-training/Wenxiang Shi/homework4/ros_ws/install/divide_interface/lib/python3.10/site-packages'
[-0.836s] Level 1:colcon.colcon_core.environment:checking '/home/luna/robomaster/2025-vision-training/Wenxiang Shi/homework4/ros_ws/install/divide_interface/bin'
[-0.836s] INFO:colcon.colcon_core.shell:Creating package script '/home/luna/robomaster/2025-vision-training/Wenxiang Shi/homework4/ros_ws/install/divide_interface/share/divide_interface/package.ps1'
[-0.834s] INFO:colcon.colcon_core.shell:Creating package descriptor '/home/luna/robomaster/2025-vision-training/Wenxiang Shi/homework4/ros_ws/install/divide_interface/share/divide_interface/package.dsv'
[-0.833s] INFO:colcon.colcon_core.shell:Creating package script '/home/luna/robomaster/2025-vision-training/Wenxiang Shi/homework4/ros_ws/install/divide_interface/share/divide_interface/package.sh'
[-0.832s] INFO:colcon.colcon_core.shell:Creating package script '/home/luna/robomaster/2025-vision-training/Wenxiang Shi/homework4/ros_ws/install/divide_interface/share/divide_interface/package.bash'
[-0.831s] INFO:colcon.colcon_core.shell:Creating package script '/home/luna/robomaster/2025-vision-training/Wenxiang Shi/homework4/ros_ws/install/divide_interface/share/divide_interface/package.zsh'
[-0.830s] Level 1:colcon.colcon_core.environment:create_file_with_runtime_dependencies(/home/luna/robomaster/2025-vision-training/Wenxiang Shi/homework4/ros_ws/install/divide_interface/share/colcon-core/packages/divide_interface)
[-0.759s] Level 1:colcon.colcon_core.environment:create_environment_scripts_only(divide_interface)
[-0.758s] Level 1:colcon.colcon_core.environment:checking '/home/luna/robomaster/2025-vision-training/Wenxiang Shi/homework4/ros_ws/install/divide_interface' for CMake module files
[-0.758s] Level 1:colcon.colcon_core.environment:checking '/home/luna/robomaster/2025-vision-training/Wenxiang Shi/homework4/ros_ws/install/divide_interface' for CMake config files
[-0.757s] Level 1:colcon.colcon_core.shell:create_environment_hook('divide_interface', 'cmake_prefix_path')
[-0.757s] INFO:colcon.colcon_core.shell:Creating environment hook '/home/luna/robomaster/2025-vision-training/Wenxiang Shi/homework4/ros_ws/install/divide_interface/share/divide_interface/hook/cmake_prefix_path.ps1'
[-0.756s] INFO:colcon.colcon_core.shell:Creating environment descriptor '/home/luna/robomaster/2025-vision-training/Wenxiang Shi/homework4/ros_ws/install/divide_interface/share/divide_interface/hook/cmake_prefix_path.dsv'
[-0.756s] INFO:colcon.colcon_core.shell:Creating environment hook '/home/luna/robomaster/2025-vision-training/Wenxiang Shi/homework4/ros_ws/install/divide_interface/share/divide_interface/hook/cmake_prefix_path.sh'
[-0.755s] Level 1:colcon.colcon_core.environment:checking '/home/luna/robomaster/2025-vision-training/Wenxiang Shi/homework4/ros_ws/install/divide_interface/lib'
[-0.755s] Level 1:colcon.colcon_core.shell:create_environment_hook('divide_interface', 'ld_library_path_lib')
[-0.755s] INFO:colcon.colcon_core.shell:Creating environment hook '/home/luna/robomaster/2025-vision-training/Wenxiang Shi/homework4/ros_ws/install/divide_interface/share/divide_interface/hook/ld_library_path_lib.ps1'
[-0.754s] INFO:colcon.colcon_core.shell:Creating environment descriptor '/home/luna/robomaster/2025-vision-training/Wenxiang Shi/homework4/ros_ws/install/divide_interface/share/divide_interface/hook/ld_library_path_lib.dsv'
[-0.753s] INFO:colcon.colcon_core.shell:Creating environment hook '/home/luna/robomaster/2025-vision-training/Wenxiang Shi/homework4/ros_ws/install/divide_interface/share/divide_interface/hook/ld_library_path_lib.sh'
[-0.753s] Level 1:colcon.colcon_core.environment:checking '/home/luna/robomaster/2025-vision-training/Wenxiang Shi/homework4/ros_ws/install/divide_interface/bin'
[-0.752s] Level 1:colcon.colcon_core.environment:checking '/home/luna/robomaster/2025-vision-training/Wenxiang Shi/homework4/ros_ws/install/divide_interface/lib/pkgconfig/divide_interface.pc'
[-0.752s] Level 1:colcon.colcon_core.environment:checking '/home/luna/robomaster/2025-vision-training/Wenxiang Shi/homework4/ros_ws/install/divide_interface/lib/python3.10/site-packages'
[-0.752s] Level 1:colcon.colcon_core.environment:checking '/home/luna/robomaster/2025-vision-training/Wenxiang Shi/homework4/ros_ws/install/divide_interface/bin'
[-0.751s] INFO:colcon.colcon_core.shell:Creating package script '/home/luna/robomaster/2025-vision-training/Wenxiang Shi/homework4/ros_ws/install/divide_interface/share/divide_interface/package.ps1'
[-0.750s] INFO:colcon.colcon_core.shell:Creating package descriptor '/home/luna/robomaster/2025-vision-training/Wenxiang Shi/homework4/ros_ws/install/divide_interface/share/divide_interface/package.dsv'
[-0.749s] INFO:colcon.colcon_core.shell:Creating package script '/home/luna/robomaster/2025-vision-training/Wenxiang Shi/homework4/ros_ws/install/divide_interface/share/divide_interface/package.sh'
[-0.749s] INFO:colcon.colcon_core.shell:Creating package script '/home/luna/robomaster/2025-vision-training/Wenxiang Shi/homework4/ros_ws/install/divide_interface/share/divide_interface/package.bash'
[-0.748s] INFO:colcon.colcon_core.shell:Creating package script '/home/luna/robomaster/2025-vision-training/Wenxiang Shi/homework4/ros_ws/install/divide_interface/share/divide_interface/package.zsh'
[-0.748s] Level 1:colcon.colcon_core.environment:create_file_with_runtime_dependencies(/home/luna/robomaster/2025-vision-training/Wenxiang Shi/homework4/ros_ws/install/divide_interface/share/colcon-core/packages/divide_interface)
[-0.748s] INFO:colcon.colcon_ros.task.ament_cmake.build:Building ROS package in '/home/luna/robomaster/2025-vision-training/Wenxiang Shi/homework4/ros_ws/src/divide_package' with build type 'ament_cmake'
[-0.747s] INFO:colcon.colcon_cmake.task.cmake.build:Building CMake package in '/home/luna/robomaster/2025-vision-training/Wenxiang Shi/homework4/ros_ws/src/divide_package'
[-0.746s] INFO:colcon.colcon_core.shell:Skip shell extension 'powershell' for command environment: Not usable outside of PowerShell
[-0.746s] DEBUG:colcon.colcon_core.shell:Skip shell extension 'dsv' for command environment
[-0.663s] DEBUG:colcon.colcon_core.event_handler.log_command:Invoking command in '/home/luna/robomaster/2025-vision-training/Wenxiang Shi/homework4/ros_ws/build/divide_package': CMAKE_PREFIX_PATH=/home/luna/robomaster/2025-vision-training/Wenxiang Shi/homework4/ros_ws/install/divide_interface:/home/luna/robomaster/2025-vision-training/Wenxiang Shi/homework4/ros_ws/install/divide_package:/opt/ros/humble /usr/bin/cmake --build /home/luna/robomaster/2025-vision-training/Wenxiang Shi/homework4/ros_ws/build/divide_package -- -j32 -l32
[-0.585s] DEBUG:colcon.colcon_core.event_handler.log_command:Invoked command in '/home/luna/robomaster/2025-vision-training/Wenxiang Shi/homework4/ros_ws/build/divide_package' returned '0': CMAKE_PREFIX_PATH=/home/luna/robomaster/2025-vision-training/Wenxiang Shi/homework4/ros_ws/install/divide_interface:/home/luna/robomaster/2025-vision-training/Wenxiang Shi/homework4/ros_ws/install/divide_package:/opt/ros/humble /usr/bin/cmake --build /home/luna/robomaster/2025-vision-training/Wenxiang Shi/homework4/ros_ws/build/divide_package -- -j32 -l32
[-0.553s] DEBUG:colcon.colcon_core.event_handler.log_command:Invoking command in '/home/luna/robomaster/2025-vision-training/Wenxiang Shi/homework4/ros_ws/build/divide_package': CMAKE_PREFIX_PATH=/home/luna/robomaster/2025-vision-training/Wenxiang Shi/homework4/ros_ws/install/divide_interface:/home/luna/robomaster/2025-vision-training/Wenxiang Shi/homework4/ros_ws/install/divide_package:/opt/ros/humble /usr/bin/cmake --install /home/luna/robomaster/2025-vision-training/Wenxiang Shi/homework4/ros_ws/build/divide_package
[-0.542s] Level 1:colcon.colcon_core.environment:create_environment_scripts_only(divide_package)
[-0.542s] DEBUG:colcon.colcon_core.event_handler.log_command:Invoked command in '/home/luna/robomaster/2025-vision-training/Wenxiang Shi/homework4/ros_ws/build/divide_package' returned '0': CMAKE_PREFIX_PATH=/home/luna/robomaster/2025-vision-training/Wenxiang Shi/homework4/ros_ws/install/divide_interface:/home/luna/robomaster/2025-vision-training/Wenxiang Shi/homework4/ros_ws/install/divide_package:/opt/ros/humble /usr/bin/cmake --install /home/luna/robomaster/2025-vision-training/Wenxiang Shi/homework4/ros_ws/build/divide_package
[-0.541s] Level 1:colcon.colcon_core.environment:checking '/home/luna/robomaster/2025-vision-training/Wenxiang Shi/homework4/ros_ws/install/divide_package' for CMake module files
[-0.540s] Level 1:colcon.colcon_core.environment:checking '/home/luna/robomaster/2025-vision-training/Wenxiang Shi/homework4/ros_ws/install/divide_package' for CMake config files
[-0.540s] Level 1:colcon.colcon_core.shell:create_environment_hook('divide_package', 'cmake_prefix_path')
[-0.539s] INFO:colcon.colcon_core.shell:Creating environment hook '/home/luna/robomaster/2025-vision-training/Wenxiang Shi/homework4/ros_ws/install/divide_package/share/divide_package/hook/cmake_prefix_path.ps1'
[-0.539s] INFO:colcon.colcon_core.shell:Creating environment descriptor '/home/luna/robomaster/2025-vision-training/Wenxiang Shi/homework4/ros_ws/install/divide_package/share/divide_package/hook/cmake_prefix_path.dsv'
[-0.538s] INFO:colcon.colcon_core.shell:Creating environment hook '/home/luna/robomaster/2025-vision-training/Wenxiang Shi/homework4/ros_ws/install/divide_package/share/divide_package/hook/cmake_prefix_path.sh'
[-0.538s] Level 1:colcon.colcon_core.environment:checking '/home/luna/robomaster/2025-vision-training/Wenxiang Shi/homework4/ros_ws/install/divide_package/lib'
[-0.538s] Level 1:colcon.colcon_core.environment:checking '/home/luna/robomaster/2025-vision-training/Wenxiang Shi/homework4/ros_ws/install/divide_package/bin'
[-0.537s] Level 1:colcon.colcon_core.environment:checking '/home/luna/robomaster/2025-vision-training/Wenxiang Shi/homework4/ros_ws/install/divide_package/lib/pkgconfig/divide_package.pc'
[-0.537s] Level 1:colcon.colcon_core.environment:checking '/home/luna/robomaster/2025-vision-training/Wenxiang Shi/homework4/ros_ws/install/divide_package/lib/python3.10/site-packages'
[-0.537s] Level 1:colcon.colcon_core.environment:checking '/home/luna/robomaster/2025-vision-training/Wenxiang Shi/homework4/ros_ws/install/divide_package/bin'
[-0.536s] INFO:colcon.colcon_core.shell:Creating package script '/home/luna/robomaster/2025-vision-training/Wenxiang Shi/homework4/ros_ws/install/divide_package/share/divide_package/package.ps1'
[-0.536s] INFO:colcon.colcon_core.shell:Creating package descriptor '/home/luna/robomaster/2025-vision-training/Wenxiang Shi/homework4/ros_ws/install/divide_package/share/divide_package/package.dsv'
[-0.535s] INFO:colcon.colcon_core.shell:Creating package script '/home/luna/robomaster/2025-vision-training/Wenxiang Shi/homework4/ros_ws/install/divide_package/share/divide_package/package.sh'
[-0.535s] INFO:colcon.colcon_core.shell:Creating package script '/home/luna/robomaster/2025-vision-training/Wenxiang Shi/homework4/ros_ws/install/divide_package/share/divide_package/package.bash'
[-0.534s] INFO:colcon.colcon_core.shell:Creating package script '/home/luna/robomaster/2025-vision-training/Wenxiang Shi/homework4/ros_ws/install/divide_package/share/divide_package/package.zsh'
[-0.534s] Level 1:colcon.colcon_core.environment:create_file_with_runtime_dependencies(/home/luna/robomaster/2025-vision-training/Wenxiang Shi/homework4/ros_ws/install/divide_package/share/colcon-core/packages/divide_package)
[-0.504s] Level 1:colcon.colcon_core.environment:create_environment_scripts_only(divide_package)
[-0.503s] Level 1:colcon.colcon_core.environment:checking '/home/luna/robomaster/2025-vision-training/Wenxiang Shi/homework4/ros_ws/install/divide_package' for CMake module files
[-0.502s] Level 1:colcon.colcon_core.environment:checking '/home/luna/robomaster/2025-vision-training/Wenxiang Shi/homework4/ros_ws/install/divide_package' for CMake config files
[-0.502s] Level 1:colcon.colcon_core.shell:create_environment_hook('divide_package', 'cmake_prefix_path')
[-0.502s] INFO:colcon.colcon_core.shell:Creating environment hook '/home/luna/robomaster/2025-vision-training/Wenxiang Shi/homework4/ros_ws/install/divide_package/share/divide_package/hook/cmake_prefix_path.ps1'
[-0.501s] INFO:colcon.colcon_core.shell:Creating environment descriptor '/home/luna/robomaster/2025-vision-training/Wenxiang Shi/homework4/ros_ws/install/divide_package/share/divide_package/hook/cmake_prefix_path.dsv'
[-0.500s] INFO:colcon.colcon_core.shell:Creating environment hook '/home/luna/robomaster/2025-vision-training/Wenxiang Shi/homework4/ros_ws/install/divide_package/share/divide_package/hook/cmake_prefix_path.sh'
[-0.500s] Level 1:colcon.colcon_core.environment:checking '/home/luna/robomaster/2025-vision-training/Wenxiang Shi/homework4/ros_ws/install/divide_package/lib'
[-0.499s] Level 1:colcon.colcon_core.environment:checking '/home/luna/robomaster/2025-vision-training/Wenxiang Shi/homework4/ros_ws/install/divide_package/bin'
[-0.499s] Level 1:colcon.colcon_core.environment:checking '/home/luna/robomaster/2025-vision-training/Wenxiang Shi/homework4/ros_ws/install/divide_package/lib/pkgconfig/divide_package.pc'
[-0.499s] Level 1:colcon.colcon_core.environment:checking '/home/luna/robomaster/2025-vision-training/Wenxiang Shi/homework4/ros_ws/install/divide_package/lib/python3.10/site-packages'
[-0.499s] Level 1:colcon.colcon_core.environment:checking '/home/luna/robomaster/2025-vision-training/Wenxiang Shi/homework4/ros_ws/install/divide_package/bin'
[-0.498s] INFO:colcon.colcon_core.shell:Creating package script '/home/luna/robomaster/2025-vision-training/Wenxiang Shi/homework4/ros_ws/install/divide_package/share/divide_package/package.ps1'
[-0.497s] INFO:colcon.colcon_core.shell:Creating package descriptor '/home/luna/robomaster/2025-vision-training/Wenxiang Shi/homework4/ros_ws/install/divide_package/share/divide_package/package.dsv'
[-0.497s] INFO:colcon.colcon_core.shell:Creating package script '/home/luna/robomaster/2025-vision-training/Wenxiang Shi/homework4/ros_ws/install/divide_package/share/divide_package/package.sh'
[-0.496s] INFO:colcon.colcon_core.shell:Creating package script '/home/luna/robomaster/2025-vision-training/Wenxiang Shi/homework4/ros_ws/install/divide_package/share/divide_package/package.bash'
[-0.496s] INFO:colcon.colcon_core.shell:Creating package script '/home/luna/robomaster/2025-vision-training/Wenxiang Shi/homework4/ros_ws/install/divide_package/share/divide_package/package.zsh'
[-0.495s] Level 1:colcon.colcon_core.environment:create_file_with_runtime_dependencies(/home/luna/robomaster/2025-vision-training/Wenxiang Shi/homework4/ros_ws/install/divide_package/share/colcon-core/packages/divide_package)
[6.241s] DEBUG:colcon.colcon_core.event_handler.log_command:Invoked command in '/home/luna/robomaster/2025-vision-training/Wenxiang Shi/homework4/ros_ws/build/action_demo' returned '1': CMAKE_PREFIX_PATH=${CMAKE_PREFIX_PATH}:/opt/ros/humble /usr/bin/cmake /home/luna/robomaster/2025-vision-training/Wenxiang Shi/homework4/ros_ws/src/action_demo -DCMAKE_INSTALL_PREFIX=/home/luna/robomaster/2025-vision-training/Wenxiang Shi/homework4/ros_ws/install/action_demo
[6.254s] Level 1:colcon.colcon_core.environment:create_environment_scripts_only(action_demo)
[6.254s] Level 1:colcon.colcon_core.environment:checking '/home/luna/robomaster/2025-vision-training/Wenxiang Shi/homework4/ros_ws/install/action_demo' for CMake module files
[6.255s] Level 1:colcon.colcon_core.environment:checking '/home/luna/robomaster/2025-vision-training/Wenxiang Shi/homework4/ros_ws/install/action_demo' for CMake config files
[6.255s] Level 1:colcon.colcon_core.environment:checking '/home/luna/robomaster/2025-vision-training/Wenxiang Shi/homework4/ros_ws/install/action_demo/bin'
[6.255s] Level 1:colcon.colcon_core.environment:checking '/home/luna/robomaster/2025-vision-training/Wenxiang Shi/homework4/ros_ws/install/action_demo/lib/pkgconfig/action_demo.pc'
[6.256s] Level 1:colcon.colcon_core.environment:checking '/home/luna/robomaster/2025-vision-training/Wenxiang Shi/homework4/ros_ws/install/action_demo/lib/python3.10/site-packages'
[6.256s] Level 1:colcon.colcon_core.environment:checking '/home/luna/robomaster/2025-vision-training/Wenxiang Shi/homework4/ros_ws/install/action_demo/bin'
[6.256s] INFO:colcon.colcon_core.shell:Creating package script '/home/luna/robomaster/2025-vision-training/Wenxiang Shi/homework4/ros_ws/install/action_demo/share/action_demo/package.ps1'
[6.257s] INFO:colcon.colcon_core.shell:Creating package descriptor '/home/luna/robomaster/2025-vision-training/Wenxiang Shi/homework4/ros_ws/install/action_demo/share/action_demo/package.dsv'
[6.257s] INFO:colcon.colcon_core.shell:Creating package script '/home/luna/robomaster/2025-vision-training/Wenxiang Shi/homework4/ros_ws/install/action_demo/share/action_demo/package.sh'
[6.258s] INFO:colcon.colcon_core.shell:Creating package script '/home/luna/robomaster/2025-vision-training/Wenxiang Shi/homework4/ros_ws/install/action_demo/share/action_demo/package.bash'
[6.258s] INFO:colcon.colcon_core.shell:Creating package script '/home/luna/robomaster/2025-vision-training/Wenxiang Shi/homework4/ros_ws/install/action_demo/share/action_demo/package.zsh'
[6.259s] Level 1:colcon.colcon_core.environment:create_file_with_runtime_dependencies(/home/luna/robomaster/2025-vision-training/Wenxiang Shi/homework4/ros_ws/install/action_demo/share/colcon-core/packages/action_demo)
[6.270s] DEBUG:colcon.colcon_parallel_executor.executor.parallel:closing loop
[6.270s] DEBUG:colcon.colcon_parallel_executor.executor.parallel:loop closed
[6.270s] DEBUG:colcon.colcon_parallel_executor.executor.parallel:run_until_complete finished with '1'
[6.270s] DEBUG:colcon.colcon_core.event_reactor:joining thread
[6.336s] INFO:colcon.colcon_core.plugin_system:Skipping extension 'colcon_notification.desktop_notification.notify_send': Could not find 'notify-send'
[6.336s] INFO:colcon.colcon_core.plugin_system:Skipping extension 'colcon_notification.desktop_notification.terminal_notifier': Not used on non-Darwin systems
[6.336s] INFO:colcon.colcon_core.plugin_system:Skipping extension 'colcon_notification.desktop_notification.win32': Not used on non-Windows systems
[6.337s] INFO:colcon.colcon_notification.desktop_notification:Sending desktop notification using 'notify2'
[6.337s] DEBUG:colcon.colcon_notification.desktop_notification.notify2:Failed to initialize notify2: org.freedesktop.DBus.Error.FileNotFound: Failed to connect to socket /run/user/1000/bus: No such file or directory
[6.337s] DEBUG:colcon.colcon_core.event_reactor:joined thread
[6.338s] INFO:colcon.colcon_core.shell:Creating prefix script '/home/luna/robomaster/2025-vision-training/Wenxiang Shi/homework4/ros_ws/install/local_setup.ps1'
[6.340s] INFO:colcon.colcon_core.shell:Creating prefix util module '/home/luna/robomaster/2025-vision-training/Wenxiang Shi/homework4/ros_ws/install/_local_setup_util_ps1.py'
[6.343s] INFO:colcon.colcon_core.shell:Creating prefix chain script '/home/luna/robomaster/2025-vision-training/Wenxiang Shi/homework4/ros_ws/install/setup.ps1'
[6.345s] INFO:colcon.colcon_core.shell:Creating prefix script '/home/luna/robomaster/2025-vision-training/Wenxiang Shi/homework4/ros_ws/install/local_setup.sh'
[6.347s] INFO:colcon.colcon_core.shell:Creating prefix util module '/home/luna/robomaster/2025-vision-training/Wenxiang Shi/homework4/ros_ws/install/_local_setup_util_sh.py'
[6.348s] INFO:colcon.colcon_core.shell:Creating prefix chain script '/home/luna/robomaster/2025-vision-training/Wenxiang Shi/homework4/ros_ws/install/setup.sh'
[6.350s] INFO:colcon.colcon_core.shell:Creating prefix script '/home/luna/robomaster/2025-vision-training/Wenxiang Shi/homework4/ros_ws/install/local_setup.bash'
[6.351s] INFO:colcon.colcon_core.shell:Creating prefix chain script '/home/luna/robomaster/2025-vision-training/Wenxiang Shi/homework4/ros_ws/install/setup.bash'
[6.354s] INFO:colcon.colcon_core.shell:Creating prefix script '/home/luna/robomaster/2025-vision-training/Wenxiang Shi/homework4/ros_ws/install/local_setup.zsh'
[6.355s] INFO:colcon.colcon_core.shell:Creating prefix chain script '/home/luna/robomaster/2025-vision-training/Wenxiang Shi/homework4/ros_ws/install/setup.zsh'
