[0.060s] DEBUG:colcon:Command line arguments: ['/usr/bin/colcon', 'build', '--packages-select', 'divide_package']
[0.060s] DEBUG:colcon:Parsed command line arguments: Namespace(log_base=None, log_level=None, verb_name='build', build_base='build', install_base='install', merge_install=False, symlink_install=False, test_result_base=None, continue_on_error=False, executor='parallel', parallel_workers=32, event_handlers=None, ignore_user_meta=False, metas=['./colcon.meta'], base_paths=['.'], packages_ignore=None, packages_ignore_regex=None, paths=None, packages_up_to=None, packages_up_to_regex=None, packages_above=None, packages_above_and_dependencies=None, packages_above_depth=None, packages_select_by_dep=None, packages_skip_by_dep=None, packages_skip_up_to=None, packages_select_build_failed=False, packages_skip_build_finished=False, packages_select_test_failures=False, packages_skip_test_passed=False, packages_select=['divide_package'], packages_skip=None, packages_select_regex=None, packages_skip_regex=None, packages_start=None, packages_end=None, allow_overriding=[], cmake_args=None, cmake_target=None, cmake_target_skip_unavailable=False, cmake_clean_cache=False, cmake_clean_first=False, cmake_force_configure=False, ament_cmake_args=None, catkin_cmake_args=None, catkin_skip_building_tests=False, verb_parser=<colcon_defaults.argument_parser.defaults.DefaultArgumentsDecorator object at 0x722dff254820>, verb_extension=<colcon_core.verb.build.BuildVerb object at 0x722dff2542b0>, main=<bound method BuildVerb.main of <colcon_core.verb.build.BuildVerb object at 0x722dff2542b0>>)
[0.150s] Level 1:colcon.colcon_core.package_discovery:discover_packages(colcon_meta) check parameters
[0.150s] Level 1:colcon.colcon_core.package_discovery:discover_packages(recursive) check parameters
[0.150s] Level 1:colcon.colcon_core.package_discovery:discover_packages(ignore) check parameters
[0.150s] Level 1:colcon.colcon_core.package_discovery:discover_packages(path) check parameters
[0.150s] Level 1:colcon.colcon_core.package_discovery:discover_packages(colcon_meta) discover
[0.150s] Level 1:colcon.colcon_core.package_discovery:discover_packages(recursive) discover
[0.150s] INFO:colcon.colcon_core.package_discovery:Crawling recursively for packages in '/home/luna/2025-vision-training-master (1)/2025-vision-training-master/homework4/ros_ws'
[0.151s] Level 1:colcon.colcon_core.package_identification:_identify(.) by extensions ['ignore', 'ignore_ament_install']
[0.151s] Level 1:colcon.colcon_core.package_identification:_identify(.) by extension 'ignore'
[0.151s] Level 1:colcon.colcon_core.package_identification:_identify(.) by extension 'ignore_ament_install'
[0.151s] Level 1:colcon.colcon_core.package_identification:_identify(.) by extensions ['colcon_pkg']
[0.151s] Level 1:colcon.colcon_core.package_identification:_identify(.) by extension 'colcon_pkg'
[0.151s] Level 1:colcon.colcon_core.package_identification:_identify(.) by extensions ['colcon_meta']
[0.151s] Level 1:colcon.colcon_core.package_identification:_identify(.) by extension 'colcon_meta'
[0.151s] Level 1:colcon.colcon_core.package_identification:_identify(.) by extensions ['ros']
[0.151s] Level 1:colcon.colcon_core.package_identification:_identify(.) by extension 'ros'
[0.158s] Level 1:colcon.colcon_core.package_identification:_identify(.) by extensions ['cmake', 'python']
[0.158s] Level 1:colcon.colcon_core.package_identification:_identify(.) by extension 'cmake'
[0.158s] Level 1:colcon.colcon_core.package_identification:_identify(.) by extension 'python'
[0.158s] Level 1:colcon.colcon_core.package_identification:_identify(.) by extensions ['python_setup_py']
[0.158s] Level 1:colcon.colcon_core.package_identification:_identify(.) by extension 'python_setup_py'
[0.158s] Level 1:colcon.colcon_core.package_identification:_identify(build) by extensions ['ignore', 'ignore_ament_install']
[0.158s] Level 1:colcon.colcon_core.package_identification:_identify(build) by extension 'ignore'
[0.158s] Level 1:colcon.colcon_core.package_identification:_identify(build) ignored
[0.158s] Level 1:colcon.colcon_core.package_identification:_identify(install) by extensions ['ignore', 'ignore_ament_install']
[0.158s] Level 1:colcon.colcon_core.package_identification:_identify(install) by extension 'ignore'
[0.158s] Level 1:colcon.colcon_core.package_identification:_identify(install) ignored
[0.158s] Level 1:colcon.colcon_core.package_identification:_identify(log) by extensions ['ignore', 'ignore_ament_install']
[0.158s] Level 1:colcon.colcon_core.package_identification:_identify(log) by extension 'ignore'
[0.158s] Level 1:colcon.colcon_core.package_identification:_identify(log) ignored
[0.158s] Level 1:colcon.colcon_core.package_identification:_identify(src) by extensions ['ignore', 'ignore_ament_install']
[0.158s] Level 1:colcon.colcon_core.package_identification:_identify(src) by extension 'ignore'
[0.158s] Level 1:colcon.colcon_core.package_identification:_identify(src) by extension 'ignore_ament_install'
[0.159s] Level 1:colcon.colcon_core.package_identification:_identify(src) by extensions ['colcon_pkg']
[0.159s] Level 1:colcon.colcon_core.package_identification:_identify(src) by extension 'colcon_pkg'
[0.159s] Level 1:colcon.colcon_core.package_identification:_identify(src) by extensions ['colcon_meta']
[0.159s] Level 1:colcon.colcon_core.package_identification:_identify(src) by extension 'colcon_meta'
[0.159s] Level 1:colcon.colcon_core.package_identification:_identify(src) by extensions ['ros']
[0.159s] Level 1:colcon.colcon_core.package_identification:_identify(src) by extension 'ros'
[0.159s] Level 1:colcon.colcon_core.package_identification:_identify(src) by extensions ['cmake', 'python']
[0.159s] Level 1:colcon.colcon_core.package_identification:_identify(src) by extension 'cmake'
[0.159s] Level 1:colcon.colcon_core.package_identification:_identify(src) by extension 'python'
[0.159s] Level 1:colcon.colcon_core.package_identification:_identify(src) by extensions ['python_setup_py']
[0.159s] Level 1:colcon.colcon_core.package_identification:_identify(src) by extension 'python_setup_py'
[0.159s] Level 1:colcon.colcon_core.package_identification:_identify(src/divide_interface) by extensions ['ignore', 'ignore_ament_install']
[0.159s] Level 1:colcon.colcon_core.package_identification:_identify(src/divide_interface) by extension 'ignore'
[0.159s] Level 1:colcon.colcon_core.package_identification:_identify(src/divide_interface) by extension 'ignore_ament_install'
[0.159s] Level 1:colcon.colcon_core.package_identification:_identify(src/divide_interface) by extensions ['colcon_pkg']
[0.159s] Level 1:colcon.colcon_core.package_identification:_identify(src/divide_interface) by extension 'colcon_pkg'
[0.159s] Level 1:colcon.colcon_core.package_identification:_identify(src/divide_interface) by extensions ['colcon_meta']
[0.159s] Level 1:colcon.colcon_core.package_identification:_identify(src/divide_interface) by extension 'colcon_meta'
[0.159s] Level 1:colcon.colcon_core.package_identification:_identify(src/divide_interface) by extensions ['ros']
[0.159s] Level 1:colcon.colcon_core.package_identification:_identify(src/divide_interface) by extension 'ros'
[0.160s] DEBUG:colcon.colcon_core.package_identification:Package 'src/divide_interface' with type 'ros.ament_cmake' and name 'divide_interface'
[0.160s] Level 1:colcon.colcon_core.package_identification:_identify(src/divide_package) by extensions ['ignore', 'ignore_ament_install']
[0.160s] Level 1:colcon.colcon_core.package_identification:_identify(src/divide_package) by extension 'ignore'
[0.161s] Level 1:colcon.colcon_core.package_identification:_identify(src/divide_package) by extension 'ignore_ament_install'
[0.161s] Level 1:colcon.colcon_core.package_identification:_identify(src/divide_package) by extensions ['colcon_pkg']
[0.161s] Level 1:colcon.colcon_core.package_identification:_identify(src/divide_package) by extension 'colcon_pkg'
[0.161s] Level 1:colcon.colcon_core.package_identification:_identify(src/divide_package) by extensions ['colcon_meta']
[0.161s] Level 1:colcon.colcon_core.package_identification:_identify(src/divide_package) by extension 'colcon_meta'
[0.161s] Level 1:colcon.colcon_core.package_identification:_identify(src/divide_package) by extensions ['ros']
[0.161s] Level 1:colcon.colcon_core.package_identification:_identify(src/divide_package) by extension 'ros'
[0.161s] DEBUG:colcon.colcon_core.package_identification:Package 'src/divide_package' with type 'ros.ament_cmake' and name 'divide_package'
[0.161s] Level 1:colcon.colcon_core.package_discovery:discover_packages(recursive) using defaults
[0.161s] Level 1:colcon.colcon_core.package_discovery:discover_packages(ignore) discover
[0.161s] Level 1:colcon.colcon_core.package_discovery:discover_packages(ignore) using defaults
[0.161s] Level 1:colcon.colcon_core.package_discovery:discover_packages(path) discover
[0.161s] Level 1:colcon.colcon_core.package_discovery:discover_packages(path) using defaults
[0.173s] INFO:colcon.colcon_core.package_selection:Skipping not selected package 'divide_interface' in 'src/divide_interface'
[0.173s] Level 1:colcon.colcon_core.package_discovery:discover_packages(prefix_path) check parameters
[0.173s] Level 1:colcon.colcon_core.package_discovery:discover_packages(prefix_path) discover
[0.175s] DEBUG:colcon.colcon_installed_package_information.package_discovery:Found 270 installed packages in /opt/ros/humble
[0.176s] Level 1:colcon.colcon_core.package_discovery:discover_packages(prefix_path) using defaults
[0.201s] Level 5:colcon.colcon_core.verb:set package 'divide_package' build argument 'cmake_args' from command line to 'None'
[0.201s] Level 5:colcon.colcon_core.verb:set package 'divide_package' build argument 'cmake_target' from command line to 'None'
[0.201s] Level 5:colcon.colcon_core.verb:set package 'divide_package' build argument 'cmake_target_skip_unavailable' from command line to 'False'
[0.201s] Level 5:colcon.colcon_core.verb:set package 'divide_package' build argument 'cmake_clean_cache' from command line to 'False'
[0.201s] Level 5:colcon.colcon_core.verb:set package 'divide_package' build argument 'cmake_clean_first' from command line to 'False'
[0.201s] Level 5:colcon.colcon_core.verb:set package 'divide_package' build argument 'cmake_force_configure' from command line to 'False'
[0.201s] Level 5:colcon.colcon_core.verb:set package 'divide_package' build argument 'ament_cmake_args' from command line to 'None'
[0.201s] Level 5:colcon.colcon_core.verb:set package 'divide_package' build argument 'catkin_cmake_args' from command line to 'None'
[0.202s] Level 5:colcon.colcon_core.verb:set package 'divide_package' build argument 'catkin_skip_building_tests' from command line to 'False'
[0.202s] DEBUG:colcon.colcon_core.verb:Building package 'divide_package' with the following arguments: {'ament_cmake_args': None, 'build_base': '/home/luna/2025-vision-training-master (1)/2025-vision-training-master/homework4/ros_ws/build/divide_package', 'catkin_cmake_args': None, 'catkin_skip_building_tests': False, 'cmake_args': None, 'cmake_clean_cache': False, 'cmake_clean_first': False, 'cmake_force_configure': False, 'cmake_target': None, 'cmake_target_skip_unavailable': False, 'install_base': '/home/luna/2025-vision-training-master (1)/2025-vision-training-master/homework4/ros_ws/install/divide_package', 'merge_install': False, 'path': '/home/luna/2025-vision-training-master (1)/2025-vision-training-master/homework4/ros_ws/src/divide_package', 'symlink_install': False, 'test_result_base': None}
[0.202s] INFO:colcon.colcon_core.executor:Executing jobs using 'parallel' executor
[0.202s] DEBUG:colcon.colcon_parallel_executor.executor.parallel:run_until_complete
[0.202s] INFO:colcon.colcon_ros.task.ament_cmake.build:Building ROS package in '/home/luna/2025-vision-training-master (1)/2025-vision-training-master/homework4/ros_ws/src/divide_package' with build type 'ament_cmake'
[0.202s] INFO:colcon.colcon_cmake.task.cmake.build:Building CMake package in '/home/luna/2025-vision-training-master (1)/2025-vision-training-master/homework4/ros_ws/src/divide_package'
[0.204s] INFO:colcon.colcon_core.plugin_system:Skipping extension 'colcon_core.shell.bat': Not used on non-Windows systems
[0.204s] INFO:colcon.colcon_core.shell:Skip shell extension 'powershell' for command environment: Not usable outside of PowerShell
[0.204s] DEBUG:colcon.colcon_core.shell:Skip shell extension 'dsv' for command environment
[0.205s] ERROR:colcon.colcon_cmake.task.cmake.build:Failed to find the following files:
- /home/luna/2025-vision-training-master (1)/2025-vision-training-master/homework4/ros_ws/install/divide_interface/share/divide_interface/package.sh
Check that the following packages have been built:
- divide_interface
[0.210s] Level 1:colcon.colcon_core.environment:create_environment_scripts_only(divide_package)
[0.211s] Level 1:colcon.colcon_core.environment:checking '/home/luna/2025-vision-training-master (1)/2025-vision-training-master/homework4/ros_ws/install/divide_package' for CMake module files
[0.211s] Level 1:colcon.colcon_core.environment:checking '/home/luna/2025-vision-training-master (1)/2025-vision-training-master/homework4/ros_ws/install/divide_package' for CMake config files
[0.212s] Level 1:colcon.colcon_core.environment:checking '/home/luna/2025-vision-training-master (1)/2025-vision-training-master/homework4/ros_ws/install/divide_package/bin'
[0.212s] Level 1:colcon.colcon_core.environment:checking '/home/luna/2025-vision-training-master (1)/2025-vision-training-master/homework4/ros_ws/install/divide_package/lib/pkgconfig/divide_package.pc'
[0.212s] Level 1:colcon.colcon_core.environment:checking '/home/luna/2025-vision-training-master (1)/2025-vision-training-master/homework4/ros_ws/install/divide_package/lib/python3.10/site-packages'
[0.212s] Level 1:colcon.colcon_core.environment:checking '/home/luna/2025-vision-training-master (1)/2025-vision-training-master/homework4/ros_ws/install/divide_package/bin'
[0.212s] INFO:colcon.colcon_core.shell:Creating package script '/home/luna/2025-vision-training-master (1)/2025-vision-training-master/homework4/ros_ws/install/divide_package/share/divide_package/package.ps1'
[0.213s] INFO:colcon.colcon_core.shell:Creating package descriptor '/home/luna/2025-vision-training-master (1)/2025-vision-training-master/homework4/ros_ws/install/divide_package/share/divide_package/package.dsv'
[0.213s] INFO:colcon.colcon_core.shell:Creating package script '/home/luna/2025-vision-training-master (1)/2025-vision-training-master/homework4/ros_ws/install/divide_package/share/divide_package/package.sh'
[0.214s] INFO:colcon.colcon_core.shell:Creating package script '/home/luna/2025-vision-training-master (1)/2025-vision-training-master/homework4/ros_ws/install/divide_package/share/divide_package/package.bash'
[0.214s] INFO:colcon.colcon_core.shell:Creating package script '/home/luna/2025-vision-training-master (1)/2025-vision-training-master/homework4/ros_ws/install/divide_package/share/divide_package/package.zsh'
[0.214s] Level 1:colcon.colcon_core.environment:create_file_with_runtime_dependencies(/home/luna/2025-vision-training-master (1)/2025-vision-training-master/homework4/ros_ws/install/divide_package/share/colcon-core/packages/divide_package)
[0.225s] DEBUG:colcon.colcon_parallel_executor.executor.parallel:closing loop
[0.225s] DEBUG:colcon.colcon_parallel_executor.executor.parallel:loop closed
[0.225s] DEBUG:colcon.colcon_parallel_executor.executor.parallel:run_until_complete finished with '1'
[0.225s] DEBUG:colcon.colcon_core.event_reactor:joining thread
[0.232s] INFO:colcon.colcon_core.plugin_system:Skipping extension 'colcon_notification.desktop_notification.terminal_notifier': Not used on non-Darwin systems
[0.232s] INFO:colcon.colcon_core.plugin_system:Skipping extension 'colcon_notification.desktop_notification.win32': Not used on non-Windows systems
[0.232s] INFO:colcon.colcon_notification.desktop_notification:Sending desktop notification using 'notify2'
[0.244s] DEBUG:colcon.colcon_core.event_reactor:joined thread
[0.245s] INFO:colcon.colcon_core.shell:Creating prefix script '/home/luna/2025-vision-training-master (1)/2025-vision-training-master/homework4/ros_ws/install/local_setup.ps1'
[0.246s] INFO:colcon.colcon_core.shell:Creating prefix util module '/home/luna/2025-vision-training-master (1)/2025-vision-training-master/homework4/ros_ws/install/_local_setup_util_ps1.py'
[0.246s] INFO:colcon.colcon_core.shell:Creating prefix chain script '/home/luna/2025-vision-training-master (1)/2025-vision-training-master/homework4/ros_ws/install/setup.ps1'
[0.247s] INFO:colcon.colcon_core.shell:Creating prefix script '/home/luna/2025-vision-training-master (1)/2025-vision-training-master/homework4/ros_ws/install/local_setup.sh'
[0.247s] INFO:colcon.colcon_core.shell:Creating prefix util module '/home/luna/2025-vision-training-master (1)/2025-vision-training-master/homework4/ros_ws/install/_local_setup_util_sh.py'
[0.248s] INFO:colcon.colcon_core.shell:Creating prefix chain script '/home/luna/2025-vision-training-master (1)/2025-vision-training-master/homework4/ros_ws/install/setup.sh'
[0.248s] INFO:colcon.colcon_core.shell:Creating prefix script '/home/luna/2025-vision-training-master (1)/2025-vision-training-master/homework4/ros_ws/install/local_setup.bash'
[0.249s] INFO:colcon.colcon_core.shell:Creating prefix chain script '/home/luna/2025-vision-training-master (1)/2025-vision-training-master/homework4/ros_ws/install/setup.bash'
[0.249s] INFO:colcon.colcon_core.shell:Creating prefix script '/home/luna/2025-vision-training-master (1)/2025-vision-training-master/homework4/ros_ws/install/local_setup.zsh'
[0.249s] INFO:colcon.colcon_core.shell:Creating prefix chain script '/home/luna/2025-vision-training-master (1)/2025-vision-training-master/homework4/ros_ws/install/setup.zsh'
