[  3%] Built target divide_interface__cpp
[ 12%] Built target divide_interface__rosidl_generator_c
[ 12%] Built target ament_cmake_python_copy_divide_interface
[ 32%] Built target divide_interface__rosidl_typesupport_cpp
[ 32%] Built target divide_interface__rosidl_typesupport_introspection_cpp
[ 41%] Built target divide_interface__rosidl_typesupport_fastrtps_cpp
[ 51%] Built target divide_interface__rosidl_typesupport_c
[ 61%] Built target divide_interface__rosidl_typesupport_introspection_c
[ 70%] Built target divide_interface__rosidl_typesupport_fastrtps_c
[ 70%] Built target divide_interface
[ 74%] Built target divide_interface__py
[ 80%] Built target divide_interface__rosidl_generator_py
[ 90%] Built target divide_interface__rosidl_typesupport_introspection_c__pyext
[ 93%] Built target divide_interface__rosidl_typesupport_fastrtps_c__pyext
[100%] Built target divide_interface__rosidl_typesupport_c__pyext
running egg_info
writing divide_interface.egg-info/PKG-INFO
writing dependency_links to divide_interface.egg-info/dependency_links.txt
writing top-level names to divide_interface.egg-info/top_level.txt
reading manifest file 'divide_interface.egg-info/SOURCES.txt'
writing manifest file 'divide_interface.egg-info/SOURCES.txt'
[100%] Built target ament_cmake_python_build_divide_interface_egg
-- Install configuration: ""
-- Up-to-date: /home/luna/2025-vision-training-master/2025-vision-training-master/homework4/ros_ws/install/divide_interface/share/ament_index/resource_index/rosidl_interfaces/divide_interface
-- Up-to-date: /home/luna/2025-vision-training-master/2025-vision-training-master/homework4/ros_ws/install/divide_interface/include/divide_interface/divide_interface
-- Up-to-date: /home/luna/2025-vision-training-master/2025-vision-training-master/homework4/ros_ws/install/divide_interface/include/divide_interface/divide_interface/msg
-- Up-to-date: /home/luna/2025-vision-training-master/2025-vision-training-master/homework4/ros_ws/install/divide_interface/include/divide_interface/divide_interface/msg/rosidl_generator_c__visibility_control.h
-- Up-to-date: /home/luna/2025-vision-training-master/2025-vision-training-master/homework4/ros_ws/install/divide_interface/include/divide_interface/divide_interface/srv
-- Up-to-date: /home/luna/2025-vision-training-master/2025-vision-training-master/homework4/ros_ws/install/divide_interface/include/divide_interface/divide_interface/srv/detail
-- Up-to-date: /home/luna/2025-vision-training-master/2025-vision-training-master/homework4/ros_ws/install/divide_interface/include/divide_interface/divide_interface/srv/detail/divide__functions.c
-- Up-to-date: /home/luna/2025-vision-training-master/2025-vision-training-master/homework4/ros_ws/install/divide_interface/include/divide_interface/divide_interface/srv/detail/divide__type_support.h
-- Up-to-date: /home/luna/2025-vision-training-master/2025-vision-training-master/homework4/ros_ws/install/divide_interface/include/divide_interface/divide_interface/srv/detail/divide__functions.h
-- Up-to-date: /home/luna/2025-vision-training-master/2025-vision-training-master/homework4/ros_ws/install/divide_interface/include/divide_interface/divide_interface/srv/detail/divide__struct.h
-- Up-to-date: /home/luna/2025-vision-training-master/2025-vision-training-master/homework4/ros_ws/install/divide_interface/include/divide_interface/divide_interface/srv/divide.h
-- Up-to-date: /home/luna/2025-vision-training-master/2025-vision-training-master/homework4/ros_ws/install/divide_interface/share/divide_interface/environment/library_path.sh
-- Up-to-date: /home/luna/2025-vision-training-master/2025-vision-training-master/homework4/ros_ws/install/divide_interface/share/divide_interface/environment/library_path.dsv
-- Up-to-date: /home/luna/2025-vision-training-master/2025-vision-training-master/homework4/ros_ws/install/divide_interface/lib/libdivide_interface__rosidl_generator_c.so
-- Up-to-date: /home/luna/2025-vision-training-master/2025-vision-training-master/homework4/ros_ws/install/divide_interface/include/divide_interface/divide_interface
-- Up-to-date: /home/luna/2025-vision-training-master/2025-vision-training-master/homework4/ros_ws/install/divide_interface/include/divide_interface/divide_interface/msg
-- Up-to-date: /home/luna/2025-vision-training-master/2025-vision-training-master/homework4/ros_ws/install/divide_interface/include/divide_interface/divide_interface/msg/rosidl_typesupport_fastrtps_c__visibility_control.h
-- Up-to-date: /home/luna/2025-vision-training-master/2025-vision-training-master/homework4/ros_ws/install/divide_interface/include/divide_interface/divide_interface/srv
-- Up-to-date: /home/luna/2025-vision-training-master/2025-vision-training-master/homework4/ros_ws/install/divide_interface/include/divide_interface/divide_interface/srv/detail
-- Up-to-date: /home/luna/2025-vision-training-master/2025-vision-training-master/homework4/ros_ws/install/divide_interface/include/divide_interface/divide_interface/srv/detail/divide__rosidl_typesupport_fastrtps_c.h
-- Up-to-date: /home/luna/2025-vision-training-master/2025-vision-training-master/homework4/ros_ws/install/divide_interface/lib/libdivide_interface__rosidl_typesupport_fastrtps_c.so
-- Up-to-date: /home/luna/2025-vision-training-master/2025-vision-training-master/homework4/ros_ws/install/divide_interface/include/divide_interface/divide_interface
-- Up-to-date: /home/luna/2025-vision-training-master/2025-vision-training-master/homework4/ros_ws/install/divide_interface/include/divide_interface/divide_interface/msg
-- Up-to-date: /home/luna/2025-vision-training-master/2025-vision-training-master/homework4/ros_ws/install/divide_interface/include/divide_interface/divide_interface/msg/rosidl_typesupport_introspection_c__visibility_control.h
-- Up-to-date: /home/luna/2025-vision-training-master/2025-vision-training-master/homework4/ros_ws/install/divide_interface/include/divide_interface/divide_interface/srv
-- Up-to-date: /home/luna/2025-vision-training-master/2025-vision-training-master/homework4/ros_ws/install/divide_interface/include/divide_interface/divide_interface/srv/detail
-- Up-to-date: /home/luna/2025-vision-training-master/2025-vision-training-master/homework4/ros_ws/install/divide_interface/include/divide_interface/divide_interface/srv/detail/divide__type_support.c
-- Up-to-date: /home/luna/2025-vision-training-master/2025-vision-training-master/homework4/ros_ws/install/divide_interface/include/divide_interface/divide_interface/srv/detail/divide__rosidl_typesupport_introspection_c.h
-- Up-to-date: /home/luna/2025-vision-training-master/2025-vision-training-master/homework4/ros_ws/install/divide_interface/lib/libdivide_interface__rosidl_typesupport_introspection_c.so
-- Up-to-date: /home/luna/2025-vision-training-master/2025-vision-training-master/homework4/ros_ws/install/divide_interface/lib/libdivide_interface__rosidl_typesupport_c.so
-- Up-to-date: /home/luna/2025-vision-training-master/2025-vision-training-master/homework4/ros_ws/install/divide_interface/include/divide_interface/divide_interface
-- Up-to-date: /home/luna/2025-vision-training-master/2025-vision-training-master/homework4/ros_ws/install/divide_interface/include/divide_interface/divide_interface/srv
-- Up-to-date: /home/luna/2025-vision-training-master/2025-vision-training-master/homework4/ros_ws/install/divide_interface/include/divide_interface/divide_interface/srv/divide.hpp
-- Up-to-date: /home/luna/2025-vision-training-master/2025-vision-training-master/homework4/ros_ws/install/divide_interface/include/divide_interface/divide_interface/srv/detail
-- Up-to-date: /home/luna/2025-vision-training-master/2025-vision-training-master/homework4/ros_ws/install/divide_interface/include/divide_interface/divide_interface/srv/detail/divide__struct.hpp
-- Up-to-date: /home/luna/2025-vision-training-master/2025-vision-training-master/homework4/ros_ws/install/divide_interface/include/divide_interface/divide_interface/srv/detail/divide__traits.hpp
-- Up-to-date: /home/luna/2025-vision-training-master/2025-vision-training-master/homework4/ros_ws/install/divide_interface/include/divide_interface/divide_interface/srv/detail/divide__builder.hpp
-- Up-to-date: /home/luna/2025-vision-training-master/2025-vision-training-master/homework4/ros_ws/install/divide_interface/include/divide_interface/divide_interface
-- Up-to-date: /home/luna/2025-vision-training-master/2025-vision-training-master/homework4/ros_ws/install/divide_interface/include/divide_interface/divide_interface/msg
-- Up-to-date: /home/luna/2025-vision-training-master/2025-vision-training-master/homework4/ros_ws/install/divide_interface/include/divide_interface/divide_interface/msg/rosidl_typesupport_fastrtps_cpp__visibility_control.h
-- Up-to-date: /home/luna/2025-vision-training-master/2025-vision-training-master/homework4/ros_ws/install/divide_interface/include/divide_interface/divide_interface/srv
-- Up-to-date: /home/luna/2025-vision-training-master/2025-vision-training-master/homework4/ros_ws/install/divide_interface/include/divide_interface/divide_interface/srv/detail
-- Up-to-date: /home/luna/2025-vision-training-master/2025-vision-training-master/homework4/ros_ws/install/divide_interface/include/divide_interface/divide_interface/srv/detail/divide__rosidl_typesupport_fastrtps_cpp.hpp
-- Up-to-date: /home/luna/2025-vision-training-master/2025-vision-training-master/homework4/ros_ws/install/divide_interface/include/divide_interface/divide_interface/srv/detail/dds_fastrtps
-- Up-to-date: /home/luna/2025-vision-training-master/2025-vision-training-master/homework4/ros_ws/install/divide_interface/lib/libdivide_interface__rosidl_typesupport_fastrtps_cpp.so
-- Up-to-date: /home/luna/2025-vision-training-master/2025-vision-training-master/homework4/ros_ws/install/divide_interface/include/divide_interface/divide_interface
-- Up-to-date: /home/luna/2025-vision-training-master/2025-vision-training-master/homework4/ros_ws/install/divide_interface/include/divide_interface/divide_interface/srv
-- Up-to-date: /home/luna/2025-vision-training-master/2025-vision-training-master/homework4/ros_ws/install/divide_interface/include/divide_interface/divide_interface/srv/detail
-- Up-to-date: /home/luna/2025-vision-training-master/2025-vision-training-master/homework4/ros_ws/install/divide_interface/include/divide_interface/divide_interface/srv/detail/divide__rosidl_typesupport_introspection_cpp.hpp
-- Up-to-date: /home/luna/2025-vision-training-master/2025-vision-training-master/homework4/ros_ws/install/divide_interface/include/divide_interface/divide_interface/srv/detail/divide__type_support.cpp
-- Up-to-date: /home/luna/2025-vision-training-master/2025-vision-training-master/homework4/ros_ws/install/divide_interface/lib/libdivide_interface__rosidl_typesupport_introspection_cpp.so
-- Up-to-date: /home/luna/2025-vision-training-master/2025-vision-training-master/homework4/ros_ws/install/divide_interface/lib/libdivide_interface__rosidl_typesupport_cpp.so
-- Up-to-date: /home/luna/2025-vision-training-master/2025-vision-training-master/homework4/ros_ws/install/divide_interface/share/divide_interface/environment/pythonpath.sh
-- Up-to-date: /home/luna/2025-vision-training-master/2025-vision-training-master/homework4/ros_ws/install/divide_interface/share/divide_interface/environment/pythonpath.dsv
-- Up-to-date: /home/luna/2025-vision-training-master/2025-vision-training-master/homework4/ros_ws/install/divide_interface/local/lib/python3.10/dist-packages/divide_interface-0.0.0-py3.10.egg-info
-- Installing: /home/luna/2025-vision-training-master/2025-vision-training-master/homework4/ros_ws/install/divide_interface/local/lib/python3.10/dist-packages/divide_interface-0.0.0-py3.10.egg-info/SOURCES.txt
-- Installing: /home/luna/2025-vision-training-master/2025-vision-training-master/homework4/ros_ws/install/divide_interface/local/lib/python3.10/dist-packages/divide_interface-0.0.0-py3.10.egg-info/PKG-INFO
-- Installing: /home/luna/2025-vision-training-master/2025-vision-training-master/homework4/ros_ws/install/divide_interface/local/lib/python3.10/dist-packages/divide_interface-0.0.0-py3.10.egg-info/dependency_links.txt
-- Installing: /home/luna/2025-vision-training-master/2025-vision-training-master/homework4/ros_ws/install/divide_interface/local/lib/python3.10/dist-packages/divide_interface-0.0.0-py3.10.egg-info/top_level.txt
-- Up-to-date: /home/luna/2025-vision-training-master/2025-vision-training-master/homework4/ros_ws/install/divide_interface/local/lib/python3.10/dist-packages/divide_interface
-- Up-to-date: /home/luna/2025-vision-training-master/2025-vision-training-master/homework4/ros_ws/install/divide_interface/local/lib/python3.10/dist-packages/divide_interface/_divide_interface_s.ep.rosidl_typesupport_c.c
-- Up-to-date: /home/luna/2025-vision-training-master/2025-vision-training-master/homework4/ros_ws/install/divide_interface/local/lib/python3.10/dist-packages/divide_interface/divide_interface_s__rosidl_typesupport_fastrtps_c.cpython-310-x86_64-linux-gnu.so
-- Up-to-date: /home/luna/2025-vision-training-master/2025-vision-training-master/homework4/ros_ws/install/divide_interface/local/lib/python3.10/dist-packages/divide_interface/srv
-- Up-to-date: /home/luna/2025-vision-training-master/2025-vision-training-master/homework4/ros_ws/install/divide_interface/local/lib/python3.10/dist-packages/divide_interface/srv/_divide.py
-- Up-to-date: /home/luna/2025-vision-training-master/2025-vision-training-master/homework4/ros_ws/install/divide_interface/local/lib/python3.10/dist-packages/divide_interface/srv/_divide_s.c
-- Up-to-date: /home/luna/2025-vision-training-master/2025-vision-training-master/homework4/ros_ws/install/divide_interface/local/lib/python3.10/dist-packages/divide_interface/srv/__init__.py
-- Up-to-date: /home/luna/2025-vision-training-master/2025-vision-training-master/homework4/ros_ws/install/divide_interface/local/lib/python3.10/dist-packages/divide_interface/divide_interface_s__rosidl_typesupport_c.cpython-310-x86_64-linux-gnu.so
-- Up-to-date: /home/luna/2025-vision-training-master/2025-vision-training-master/homework4/ros_ws/install/divide_interface/local/lib/python3.10/dist-packages/divide_interface/divide_interface_s__rosidl_typesupport_introspection_c.cpython-310-x86_64-linux-gnu.so
-- Up-to-date: /home/luna/2025-vision-training-master/2025-vision-training-master/homework4/ros_ws/install/divide_interface/local/lib/python3.10/dist-packages/divide_interface/libdivide_interface__rosidl_generator_py.so
-- Up-to-date: /home/luna/2025-vision-training-master/2025-vision-training-master/homework4/ros_ws/install/divide_interface/local/lib/python3.10/dist-packages/divide_interface/__init__.py
-- Up-to-date: /home/luna/2025-vision-training-master/2025-vision-training-master/homework4/ros_ws/install/divide_interface/local/lib/python3.10/dist-packages/divide_interface/_divide_interface_s.ep.rosidl_typesupport_introspection_c.c
-- Up-to-date: /home/luna/2025-vision-training-master/2025-vision-training-master/homework4/ros_ws/install/divide_interface/local/lib/python3.10/dist-packages/divide_interface/_divide_interface_s.ep.rosidl_typesupport_fastrtps_c.c
Listing '/home/luna/2025-vision-training-master/2025-vision-training-master/homework4/ros_ws/install/divide_interface/local/lib/python3.10/dist-packages/divide_interface'...
Listing '/home/luna/2025-vision-training-master/2025-vision-training-master/homework4/ros_ws/install/divide_interface/local/lib/python3.10/dist-packages/divide_interface/srv'...
-- Up-to-date: /home/luna/2025-vision-training-master/2025-vision-training-master/homework4/ros_ws/install/divide_interface/local/lib/python3.10/dist-packages/divide_interface/divide_interface_s__rosidl_typesupport_fastrtps_c.cpython-310-x86_64-linux-gnu.so
-- Up-to-date: /home/luna/2025-vision-training-master/2025-vision-training-master/homework4/ros_ws/install/divide_interface/local/lib/python3.10/dist-packages/divide_interface/divide_interface_s__rosidl_typesupport_introspection_c.cpython-310-x86_64-linux-gnu.so
-- Up-to-date: /home/luna/2025-vision-training-master/2025-vision-training-master/homework4/ros_ws/install/divide_interface/local/lib/python3.10/dist-packages/divide_interface/divide_interface_s__rosidl_typesupport_c.cpython-310-x86_64-linux-gnu.so
-- Up-to-date: /home/luna/2025-vision-training-master/2025-vision-training-master/homework4/ros_ws/install/divide_interface/lib/libdivide_interface__rosidl_generator_py.so
-- Up-to-date: /home/luna/2025-vision-training-master/2025-vision-training-master/homework4/ros_ws/install/divide_interface/share/divide_interface/srv/Divide.idl
-- Up-to-date: /home/luna/2025-vision-training-master/2025-vision-training-master/homework4/ros_ws/install/divide_interface/share/divide_interface/srv/Divide.srv
-- Up-to-date: /home/luna/2025-vision-training-master/2025-vision-training-master/homework4/ros_ws/install/divide_interface/share/divide_interface/srv/Divide_Request.msg
-- Up-to-date: /home/luna/2025-vision-training-master/2025-vision-training-master/homework4/ros_ws/install/divide_interface/share/divide_interface/srv/Divide_Response.msg
-- Up-to-date: /home/luna/2025-vision-training-master/2025-vision-training-master/homework4/ros_ws/install/divide_interface/share/ament_index/resource_index/package_run_dependencies/divide_interface
-- Up-to-date: /home/luna/2025-vision-training-master/2025-vision-training-master/homework4/ros_ws/install/divide_interface/share/ament_index/resource_index/parent_prefix_path/divide_interface
-- Up-to-date: /home/luna/2025-vision-training-master/2025-vision-training-master/homework4/ros_ws/install/divide_interface/share/divide_interface/environment/ament_prefix_path.sh
-- Up-to-date: /home/luna/2025-vision-training-master/2025-vision-training-master/homework4/ros_ws/install/divide_interface/share/divide_interface/environment/ament_prefix_path.dsv
-- Up-to-date: /home/luna/2025-vision-training-master/2025-vision-training-master/homework4/ros_ws/install/divide_interface/share/divide_interface/environment/path.sh
-- Up-to-date: /home/luna/2025-vision-training-master/2025-vision-training-master/homework4/ros_ws/install/divide_interface/share/divide_interface/environment/path.dsv
-- Up-to-date: /home/luna/2025-vision-training-master/2025-vision-training-master/homework4/ros_ws/install/divide_interface/share/divide_interface/local_setup.bash
-- Up-to-date: /home/luna/2025-vision-training-master/2025-vision-training-master/homework4/ros_ws/install/divide_interface/share/divide_interface/local_setup.sh
-- Up-to-date: /home/luna/2025-vision-training-master/2025-vision-training-master/homework4/ros_ws/install/divide_interface/share/divide_interface/local_setup.zsh
-- Up-to-date: /home/luna/2025-vision-training-master/2025-vision-training-master/homework4/ros_ws/install/divide_interface/share/divide_interface/local_setup.dsv
-- Installing: /home/luna/2025-vision-training-master/2025-vision-training-master/homework4/ros_ws/install/divide_interface/share/divide_interface/package.dsv
-- Up-to-date: /home/luna/2025-vision-training-master/2025-vision-training-master/homework4/ros_ws/install/divide_interface/share/ament_index/resource_index/packages/divide_interface
-- Up-to-date: /home/luna/2025-vision-training-master/2025-vision-training-master/homework4/ros_ws/install/divide_interface/share/divide_interface/cmake/export_divide_interface__rosidl_generator_cExport.cmake
-- Up-to-date: /home/luna/2025-vision-training-master/2025-vision-training-master/homework4/ros_ws/install/divide_interface/share/divide_interface/cmake/export_divide_interface__rosidl_generator_cExport-noconfig.cmake
-- Up-to-date: /home/luna/2025-vision-training-master/2025-vision-training-master/homework4/ros_ws/install/divide_interface/share/divide_interface/cmake/export_divide_interface__rosidl_typesupport_fastrtps_cExport.cmake
-- Up-to-date: /home/luna/2025-vision-training-master/2025-vision-training-master/homework4/ros_ws/install/divide_interface/share/divide_interface/cmake/export_divide_interface__rosidl_typesupport_fastrtps_cExport-noconfig.cmake
-- Up-to-date: /home/luna/2025-vision-training-master/2025-vision-training-master/homework4/ros_ws/install/divide_interface/share/divide_interface/cmake/divide_interface__rosidl_typesupport_introspection_cExport.cmake
-- Up-to-date: /home/luna/2025-vision-training-master/2025-vision-training-master/homework4/ros_ws/install/divide_interface/share/divide_interface/cmake/divide_interface__rosidl_typesupport_introspection_cExport-noconfig.cmake
-- Up-to-date: /home/luna/2025-vision-training-master/2025-vision-training-master/homework4/ros_ws/install/divide_interface/share/divide_interface/cmake/divide_interface__rosidl_typesupport_cExport.cmake
-- Up-to-date: /home/luna/2025-vision-training-master/2025-vision-training-master/homework4/ros_ws/install/divide_interface/share/divide_interface/cmake/divide_interface__rosidl_typesupport_cExport-noconfig.cmake
-- Up-to-date: /home/luna/2025-vision-training-master/2025-vision-training-master/homework4/ros_ws/install/divide_interface/share/divide_interface/cmake/export_divide_interface__rosidl_generator_cppExport.cmake
-- Up-to-date: /home/luna/2025-vision-training-master/2025-vision-training-master/homework4/ros_ws/install/divide_interface/share/divide_interface/cmake/export_divide_interface__rosidl_typesupport_fastrtps_cppExport.cmake
-- Up-to-date: /home/luna/2025-vision-training-master/2025-vision-training-master/homework4/ros_ws/install/divide_interface/share/divide_interface/cmake/export_divide_interface__rosidl_typesupport_fastrtps_cppExport-noconfig.cmake
-- Up-to-date: /home/luna/2025-vision-training-master/2025-vision-training-master/homework4/ros_ws/install/divide_interface/share/divide_interface/cmake/divide_interface__rosidl_typesupport_introspection_cppExport.cmake
-- Up-to-date: /home/luna/2025-vision-training-master/2025-vision-training-master/homework4/ros_ws/install/divide_interface/share/divide_interface/cmake/divide_interface__rosidl_typesupport_introspection_cppExport-noconfig.cmake
-- Up-to-date: /home/luna/2025-vision-training-master/2025-vision-training-master/homework4/ros_ws/install/divide_interface/share/divide_interface/cmake/divide_interface__rosidl_typesupport_cppExport.cmake
-- Up-to-date: /home/luna/2025-vision-training-master/2025-vision-training-master/homework4/ros_ws/install/divide_interface/share/divide_interface/cmake/divide_interface__rosidl_typesupport_cppExport-noconfig.cmake
-- Up-to-date: /home/luna/2025-vision-training-master/2025-vision-training-master/homework4/ros_ws/install/divide_interface/share/divide_interface/cmake/export_divide_interface__rosidl_generator_pyExport.cmake
-- Up-to-date: /home/luna/2025-vision-training-master/2025-vision-training-master/homework4/ros_ws/install/divide_interface/share/divide_interface/cmake/export_divide_interface__rosidl_generator_pyExport-noconfig.cmake
-- Up-to-date: /home/luna/2025-vision-training-master/2025-vision-training-master/homework4/ros_ws/install/divide_interface/share/divide_interface/cmake/rosidl_cmake-extras.cmake
-- Up-to-date: /home/luna/2025-vision-training-master/2025-vision-training-master/homework4/ros_ws/install/divide_interface/share/divide_interface/cmake/ament_cmake_export_include_directories-extras.cmake
-- Up-to-date: /home/luna/2025-vision-training-master/2025-vision-training-master/homework4/ros_ws/install/divide_interface/share/divide_interface/cmake/ament_cmake_export_libraries-extras.cmake
-- Up-to-date: /home/luna/2025-vision-training-master/2025-vision-training-master/homework4/ros_ws/install/divide_interface/share/divide_interface/cmake/ament_cmake_export_targets-extras.cmake
-- Up-to-date: /home/luna/2025-vision-training-master/2025-vision-training-master/homework4/ros_ws/install/divide_interface/share/divide_interface/cmake/rosidl_cmake_export_typesupport_targets-extras.cmake
-- Up-to-date: /home/luna/2025-vision-training-master/2025-vision-training-master/homework4/ros_ws/install/divide_interface/share/divide_interface/cmake/ament_cmake_export_dependencies-extras.cmake
-- Up-to-date: /home/luna/2025-vision-training-master/2025-vision-training-master/homework4/ros_ws/install/divide_interface/share/divide_interface/cmake/rosidl_cmake_export_typesupport_libraries-extras.cmake
-- Up-to-date: /home/luna/2025-vision-training-master/2025-vision-training-master/homework4/ros_ws/install/divide_interface/share/divide_interface/cmake/divide_interfaceConfig.cmake
-- Up-to-date: /home/luna/2025-vision-training-master/2025-vision-training-master/homework4/ros_ws/install/divide_interface/share/divide_interface/cmake/divide_interfaceConfig-version.cmake
-- Up-to-date: /home/luna/2025-vision-training-master/2025-vision-training-master/homework4/ros_ws/install/divide_interface/share/divide_interface/package.xml
