[0.007s] Invoking command in '/home/luna/2025-vision-training-master (1)/2025-vision-training-master/homework4/ros_ws/build/example_service_rclcpp': CMAKE_PREFIX_PATH=/opt/ros/humble /usr/bin/cmake --build /home/luna/2025-vision-training-master (1)/2025-vision-training-master/homework4/ros_ws/build/example_service_rclcpp -- -j32 -l32
[0.023s] -- Found ament_cmake: 1.3.10 (/opt/ros/humble/share/ament_cmake/cmake)
[0.167s] -- Found rclcpp: 16.0.10 (/opt/ros/humble/share/rclcpp/cmake)
[0.189s] -- Found rosidl_generator_c: 3.1.5 (/opt/ros/humble/share/rosidl_generator_c/cmake)
[0.191s] -- Found rosidl_adapter: 3.1.5 (/opt/ros/humble/share/rosidl_adapter/cmake)
[0.196s] -- Found rosidl_generator_cpp: 3.1.5 (/opt/ros/humble/share/rosidl_generator_cpp/cmake)
[0.204s] -- Using all available rosidl_typesupport_c: rosidl_typesupport_fastrtps_c;rosidl_typesupport_introspection_c
[0.215s] -- Using all available rosidl_typesupport_cpp: rosidl_typesupport_fastrtps_cpp;rosidl_typesupport_introspection_cpp
[0.244s] -- Found rmw_implementation_cmake: 6.1.2 (/opt/ros/humble/share/rmw_implementation_cmake/cmake)
[0.245s] -- Found rmw_fastrtps_cpp: 6.2.7 (/opt/ros/humble/share/rmw_fastrtps_cpp/cmake)
[0.321s] -- Using RMW implementation 'rmw_fastrtps_cpp' as default
[0.365s] -- Found rosidl_default_generators: 1.2.0 (/opt/ros/humble/share/rosidl_default_generators/cmake)
[0.680s] -- Found ament_cmake_ros: 0.10.0 (/opt/ros/humble/share/ament_cmake_ros/cmake)
[1.181s] -- Using all available rosidl_typesupport_c: rosidl_typesupport_fastrtps_c;rosidl_typesupport_introspection_c
[1.379s] -- Using all available rosidl_typesupport_cpp: rosidl_typesupport_fastrtps_cpp;rosidl_typesupport_introspection_cpp
[1.380s] [33mCMake Warning (dev) at /opt/ros/humble/share/rosidl_generator_py/cmake/rosidl_generator_py_generate_interfaces.cmake:20 (find_package):
[1.380s]   Policy CMP0148 is not set: The FindPythonInterp and FindPythonLibs modules
[1.380s]   are removed.  Run "cmake --help-policy CMP0148" for policy details.  Use
[1.380s]   the cmake_policy command to set the policy and suppress this warning.
[1.380s] 
[1.380s] Call Stack (most recent call first):
[1.381s]   /opt/ros/humble/share/ament_cmake_core/cmake/core/ament_execute_extensions.cmake:48 (include)
[1.381s]   /opt/ros/humble/share/rosidl_cmake/cmake/rosidl_generate_interfaces.cmake:286 (ament_execute_extensions)
[1.381s]   CMakeLists.txt:9 (rosidl_generate_interfaces)
[1.381s] This warning is for project developers.  Use -Wno-dev to suppress it.
[1.381s] [0m
[1.398s] -- Found python_cmake_module: 0.10.0 (/opt/ros/humble/share/python_cmake_module/cmake)
[1.398s] [33mCMake Warning (dev) at /opt/ros/humble/share/python_cmake_module/cmake/Modules/FindPythonExtra.cmake:52 (find_package):
[1.398s]   Policy CMP0148 is not set: The FindPythonInterp and FindPythonLibs modules
[1.398s]   are removed.  Run "cmake --help-policy CMP0148" for policy details.  Use
[1.398s]   the cmake_policy command to set the policy and suppress this warning.
[1.398s] 
[1.398s] Call Stack (most recent call first):
[1.398s]   /opt/ros/humble/share/rosidl_generator_py/cmake/rosidl_generator_py_generate_interfaces.cmake:23 (find_package)
[1.398s]   /opt/ros/humble/share/ament_cmake_core/cmake/core/ament_execute_extensions.cmake:48 (include)
[1.398s]   /opt/ros/humble/share/rosidl_cmake/cmake/rosidl_generate_interfaces.cmake:286 (ament_execute_extensions)
[1.398s]   CMakeLists.txt:9 (rosidl_generate_interfaces)
[1.398s] This warning is for project developers.  Use -Wno-dev to suppress it.
[1.398s] [0m
[1.412s] [33mCMake Warning (dev) at /opt/ros/humble/share/python_cmake_module/cmake/Modules/FindPythonExtra.cmake:140 (find_package):
[1.412s]   Policy CMP0148 is not set: The FindPythonInterp and FindPythonLibs modules
[1.412s]   are removed.  Run "cmake --help-policy CMP0148" for policy details.  Use
[1.412s]   the cmake_policy command to set the policy and suppress this warning.
[1.412s] 
[1.412s] Call Stack (most recent call first):
[1.412s]   /opt/ros/humble/share/rosidl_generator_py/cmake/rosidl_generator_py_generate_interfaces.cmake:23 (find_package)
[1.412s]   /opt/ros/humble/share/ament_cmake_core/cmake/core/ament_execute_extensions.cmake:48 (include)
[1.413s]   /opt/ros/humble/share/rosidl_cmake/cmake/rosidl_generate_interfaces.cmake:286 (ament_execute_extensions)
[1.413s]   CMakeLists.txt:9 (rosidl_generate_interfaces)
[1.413s] This warning is for project developers.  Use -Wno-dev to suppress it.
[1.413s] [0m
[1.414s] -- Using PYTHON_EXECUTABLE: /usr/bin/python3
[1.414s] -- Using PYTHON_INCLUDE_DIRS: /usr/include/python3.10
[1.414s] -- Using PYTHON_LIBRARIES: /usr/lib/x86_64-linux-gnu/libpython3.10.so
[1.422s] [0mCMake Deprecation Warning at /opt/ros/humble/share/rosidl_cmake/cmake/rosidl_target_interfaces.cmake:32 (message):
[1.422s]   Use rosidl_get_typesupport_target() and target_link_libraries() instead of
[1.422s]   rosidl_target_interfaces()
[1.422s] Call Stack (most recent call first):
[1.422s]   CMakeLists.txt:13 (rosidl_target_interfaces)
[1.422s] 
[1.422s] [0m
[1.422s] [31mCMake Error at /opt/ros/humble/share/rosidl_cmake/cmake/rosidl_target_interfaces.cmake:38 (message):
[1.422s]   rosidl_target_interfaces() the first argument 'divide_service' must be a
[1.422s]   valid target name
[1.422s] Call Stack (most recent call first):
[1.422s]   CMakeLists.txt:13 (rosidl_target_interfaces)
[1.422s] 
[1.422s] [0m
[1.422s] -- Configuring incomplete, errors occurred!
[1.428s] gmake: *** [Makefile:788: cmake_check_build_system] Error 1
[1.431s] Invoked command in '/home/luna/2025-vision-training-master (1)/2025-vision-training-master/homework4/ros_ws/build/example_service_rclcpp' returned '2': CMAKE_PREFIX_PATH=/opt/ros/humble /usr/bin/cmake --build /home/luna/2025-vision-training-master (1)/2025-vision-training-master/homework4/ros_ws/build/example_service_rclcpp -- -j32 -l32
