[  2%] Built target division__cpp
[  2%] Built target ament_cmake_python_symlink_division
[ 11%] Built target division__rosidl_generator_c
[ 20%] Built target division__rosidl_typesupport_fastrtps_cpp
[ 28%] Built target division__rosidl_typesupport_introspection_cpp
[ 37%] Built target division__rosidl_typesupport_cpp
[ 45%] Built target division__rosidl_typesupport_introspection_c
[ 54%] Built target division__rosidl_typesupport_c
[ 62%] Built target division__rosidl_typesupport_fastrtps_c
[ 65%] Built target division
[ 65%] [32mBuilding CXX object CMakeFiles/client.dir/src/client.cpp.o[0m
[ 71%] Built target server
[ 74%] Built target division__py
[ 80%] Built target division__rosidl_generator_py
[ 85%] Built target division__rosidl_typesupport_introspection_c__pyext
[ 91%] Built target division__rosidl_typesupport_c__pyext
[ 97%] Built target division__rosidl_typesupport_fastrtps_c__pyext
running egg_info
writing division.egg-info/PKG-INFO
writing dependency_links to division.egg-info/dependency_links.txt
writing top-level names to division.egg-info/top_level.txt
reading manifest file 'division.egg-info/SOURCES.txt'
writing manifest file 'division.egg-info/SOURCES.txt'
[ 97%] Built target ament_cmake_python_build_division_egg
[100%] [32m[1mLinking CXX executable client[0m
[100%] Built target client
-- Install configuration: ""
-- Execute custom install script
-- Up-to-date symlink: /home/zmyyy/ZhuMinyi/homework4/division/install/division/share/ament_index/resource_index/rosidl_interfaces/division
-- Up-to-date symlink: /home/zmyyy/ZhuMinyi/homework4/division/install/division/include/division/division/msg/rosidl_generator_c__visibility_control.h
-- Up-to-date symlink: /home/zmyyy/ZhuMinyi/homework4/division/install/division/include/division/division/srv/detail/division__functions.h
-- Up-to-date symlink: /home/zmyyy/ZhuMinyi/homework4/division/install/division/include/division/division/srv/detail/division__struct.h
-- Up-to-date symlink: /home/zmyyy/ZhuMinyi/homework4/division/install/division/include/division/division/srv/detail/division__type_support.h
-- Up-to-date symlink: /home/zmyyy/ZhuMinyi/homework4/division/install/division/include/division/division/srv/division.h
-- Up-to-date symlink: /home/zmyyy/ZhuMinyi/homework4/division/install/division/share/division/environment/library_path.sh
-- Up-to-date symlink: /home/zmyyy/ZhuMinyi/homework4/division/install/division/share/division/environment/library_path.dsv
-- Up-to-date symlink: /home/zmyyy/ZhuMinyi/homework4/division/install/division/include/division/division/msg/rosidl_typesupport_fastrtps_c__visibility_control.h
-- Up-to-date symlink: /home/zmyyy/ZhuMinyi/homework4/division/install/division/include/division/division/srv/detail/division__rosidl_typesupport_fastrtps_c.h
-- Up-to-date symlink: /home/zmyyy/ZhuMinyi/homework4/division/install/division/include/division/division/srv/detail/division__builder.hpp
-- Up-to-date symlink: /home/zmyyy/ZhuMinyi/homework4/division/install/division/include/division/division/srv/detail/division__struct.hpp
-- Up-to-date symlink: /home/zmyyy/ZhuMinyi/homework4/division/install/division/include/division/division/srv/detail/division__traits.hpp
-- Up-to-date symlink: /home/zmyyy/ZhuMinyi/homework4/division/install/division/include/division/division/srv/division.hpp
-- Up-to-date symlink: /home/zmyyy/ZhuMinyi/homework4/division/install/division/include/division/division/msg/rosidl_typesupport_fastrtps_cpp__visibility_control.h
-- Up-to-date symlink: /home/zmyyy/ZhuMinyi/homework4/division/install/division/include/division/division/srv/detail/division__rosidl_typesupport_fastrtps_cpp.hpp
-- Up-to-date symlink: /home/zmyyy/ZhuMinyi/homework4/division/install/division/include/division/division/msg/rosidl_typesupport_introspection_c__visibility_control.h
-- Up-to-date symlink: /home/zmyyy/ZhuMinyi/homework4/division/install/division/include/division/division/srv/detail/division__rosidl_typesupport_introspection_c.h
-- Up-to-date symlink: /home/zmyyy/ZhuMinyi/homework4/division/install/division/include/division/division/srv/detail/division__rosidl_typesupport_introspection_cpp.hpp
-- Up-to-date symlink: /home/zmyyy/ZhuMinyi/homework4/division/install/division/share/division/environment/pythonpath.sh
-- Up-to-date symlink: /home/zmyyy/ZhuMinyi/homework4/division/install/division/share/division/environment/pythonpath.dsv
-- Up-to-date symlink: /home/zmyyy/ZhuMinyi/homework4/division/install/division/local/lib/python3.10/dist-packages/division-0.0.0-py3.10.egg-info/PKG-INFO
-- Up-to-date symlink: /home/zmyyy/ZhuMinyi/homework4/division/install/division/local/lib/python3.10/dist-packages/division-0.0.0-py3.10.egg-info/SOURCES.txt
-- Up-to-date symlink: /home/zmyyy/ZhuMinyi/homework4/division/install/division/local/lib/python3.10/dist-packages/division-0.0.0-py3.10.egg-info/dependency_links.txt
-- Up-to-date symlink: /home/zmyyy/ZhuMinyi/homework4/division/install/division/local/lib/python3.10/dist-packages/division-0.0.0-py3.10.egg-info/top_level.txt
-- Up-to-date symlink: /home/zmyyy/ZhuMinyi/homework4/division/install/division/local/lib/python3.10/dist-packages/division/__init__.py
-- Up-to-date symlink: /home/zmyyy/ZhuMinyi/homework4/division/install/division/local/lib/python3.10/dist-packages/division/_division_s.ep.rosidl_typesupport_c.c
-- Up-to-date symlink: /home/zmyyy/ZhuMinyi/homework4/division/install/division/local/lib/python3.10/dist-packages/division/_division_s.ep.rosidl_typesupport_fastrtps_c.c
-- Up-to-date symlink: /home/zmyyy/ZhuMinyi/homework4/division/install/division/local/lib/python3.10/dist-packages/division/_division_s.ep.rosidl_typesupport_introspection_c.c
-- Up-to-date symlink: /home/zmyyy/ZhuMinyi/homework4/division/install/division/local/lib/python3.10/dist-packages/division/division_s__rosidl_typesupport_c.cpython-310-x86_64-linux-gnu.so
-- Up-to-date symlink: /home/zmyyy/ZhuMinyi/homework4/division/install/division/local/lib/python3.10/dist-packages/division/division_s__rosidl_typesupport_fastrtps_c.cpython-310-x86_64-linux-gnu.so
-- Up-to-date symlink: /home/zmyyy/ZhuMinyi/homework4/division/install/division/local/lib/python3.10/dist-packages/division/division_s__rosidl_typesupport_introspection_c.cpython-310-x86_64-linux-gnu.so
-- Up-to-date symlink: /home/zmyyy/ZhuMinyi/homework4/division/install/division/local/lib/python3.10/dist-packages/division/libdivision__rosidl_generator_py.so
-- Up-to-date symlink: /home/zmyyy/ZhuMinyi/homework4/division/install/division/local/lib/python3.10/dist-packages/division/srv/__init__.py
-- Up-to-date symlink: /home/zmyyy/ZhuMinyi/homework4/division/install/division/local/lib/python3.10/dist-packages/division/srv/_division.py
-- Up-to-date symlink: /home/zmyyy/ZhuMinyi/homework4/division/install/division/local/lib/python3.10/dist-packages/division/srv/_division_s.c
-- Up-to-date symlink: /home/zmyyy/ZhuMinyi/homework4/division/install/division/local/lib/python3.10/dist-packages/division/division_s__rosidl_typesupport_fastrtps_c.cpython-310-x86_64-linux-gnu.so
-- Up-to-date symlink: /home/zmyyy/ZhuMinyi/homework4/division/install/division/local/lib/python3.10/dist-packages/division/division_s__rosidl_typesupport_introspection_c.cpython-310-x86_64-linux-gnu.so
-- Up-to-date symlink: /home/zmyyy/ZhuMinyi/homework4/division/install/division/local/lib/python3.10/dist-packages/division/division_s__rosidl_typesupport_c.cpython-310-x86_64-linux-gnu.so
-- Up-to-date symlink: /home/zmyyy/ZhuMinyi/homework4/division/install/division/share/division/srv/Division.idl
-- Up-to-date symlink: /home/zmyyy/ZhuMinyi/homework4/division/install/division/share/division/srv/Division.srv
-- Up-to-date symlink: /home/zmyyy/ZhuMinyi/homework4/division/install/division/share/division/srv/Division_Request.msg
-- Up-to-date symlink: /home/zmyyy/ZhuMinyi/homework4/division/install/division/share/division/srv/Division_Response.msg
-- Up-to-date symlink: /home/zmyyy/ZhuMinyi/homework4/division/install/division/lib/division/server
-- Up-to-date symlink: /home/zmyyy/ZhuMinyi/homework4/division/install/division/lib/division/client
-- Up-to-date symlink: /home/zmyyy/ZhuMinyi/homework4/division/install/division/share/ament_index/resource_index/package_run_dependencies/division
-- Up-to-date symlink: /home/zmyyy/ZhuMinyi/homework4/division/install/division/share/ament_index/resource_index/parent_prefix_path/division
-- Up-to-date symlink: /home/zmyyy/ZhuMinyi/homework4/division/install/division/share/division/environment/ament_prefix_path.sh
-- Up-to-date symlink: /home/zmyyy/ZhuMinyi/homework4/division/install/division/share/division/environment/ament_prefix_path.dsv
-- Up-to-date symlink: /home/zmyyy/ZhuMinyi/homework4/division/install/division/share/division/environment/path.sh
-- Up-to-date symlink: /home/zmyyy/ZhuMinyi/homework4/division/install/division/share/division/environment/path.dsv
-- Up-to-date symlink: /home/zmyyy/ZhuMinyi/homework4/division/install/division/share/division/local_setup.bash
-- Up-to-date symlink: /home/zmyyy/ZhuMinyi/homework4/division/install/division/share/division/local_setup.sh
-- Up-to-date symlink: /home/zmyyy/ZhuMinyi/homework4/division/install/division/share/division/local_setup.zsh
-- Up-to-date symlink: /home/zmyyy/ZhuMinyi/homework4/division/install/division/share/division/local_setup.dsv
-- Symlinking: /home/zmyyy/ZhuMinyi/homework4/division/install/division/share/division/package.dsv
-- Up-to-date symlink: /home/zmyyy/ZhuMinyi/homework4/division/install/division/share/ament_index/resource_index/packages/division
-- Up-to-date symlink: /home/zmyyy/ZhuMinyi/homework4/division/install/division/share/division/cmake/rosidl_cmake-extras.cmake
-- Up-to-date symlink: /home/zmyyy/ZhuMinyi/homework4/division/install/division/share/division/cmake/ament_cmake_export_dependencies-extras.cmake
-- Up-to-date symlink: /home/zmyyy/ZhuMinyi/homework4/division/install/division/share/division/cmake/ament_cmake_export_include_directories-extras.cmake
-- Up-to-date symlink: /home/zmyyy/ZhuMinyi/homework4/division/install/division/share/division/cmake/ament_cmake_export_libraries-extras.cmake
-- Up-to-date symlink: /home/zmyyy/ZhuMinyi/homework4/division/install/division/share/division/cmake/ament_cmake_export_targets-extras.cmake
-- Up-to-date symlink: /home/zmyyy/ZhuMinyi/homework4/division/install/division/share/division/cmake/rosidl_cmake_export_typesupport_targets-extras.cmake
-- Up-to-date symlink: /home/zmyyy/ZhuMinyi/homework4/division/install/division/share/division/cmake/rosidl_cmake_export_typesupport_libraries-extras.cmake
-- Up-to-date symlink: /home/zmyyy/ZhuMinyi/homework4/division/install/division/share/division/cmake/divisionConfig.cmake
-- Up-to-date symlink: /home/zmyyy/ZhuMinyi/homework4/division/install/division/share/division/cmake/divisionConfig-version.cmake
-- Up-to-date symlink: /home/zmyyy/ZhuMinyi/homework4/division/install/division/share/division/package.xml
-- Up-to-date: /home/zmyyy/ZhuMinyi/homework4/division/install/division/lib/libdivision__rosidl_generator_c.so
-- Up-to-date: /home/zmyyy/ZhuMinyi/homework4/division/install/division/lib/libdivision__rosidl_typesupport_fastrtps_c.so
-- Up-to-date: /home/zmyyy/ZhuMinyi/homework4/division/install/division/lib/libdivision__rosidl_typesupport_fastrtps_cpp.so
-- Up-to-date: /home/zmyyy/ZhuMinyi/homework4/division/install/division/lib/libdivision__rosidl_typesupport_introspection_c.so
-- Up-to-date: /home/zmyyy/ZhuMinyi/homework4/division/install/division/lib/libdivision__rosidl_typesupport_c.so
-- Up-to-date: /home/zmyyy/ZhuMinyi/homework4/division/install/division/lib/libdivision__rosidl_typesupport_introspection_cpp.so
-- Up-to-date: /home/zmyyy/ZhuMinyi/homework4/division/install/division/lib/libdivision__rosidl_typesupport_cpp.so
Listing '/home/zmyyy/ZhuMinyi/homework4/division/install/division/local/lib/python3.10/dist-packages/division'...
Listing '/home/zmyyy/ZhuMinyi/homework4/division/install/division/local/lib/python3.10/dist-packages/division/srv'...
-- Up-to-date: /home/zmyyy/ZhuMinyi/homework4/division/install/division/lib/libdivision__rosidl_generator_py.so
-- Up-to-date: /home/zmyyy/ZhuMinyi/homework4/division/install/division/share/division/cmake/export_division__rosidl_generator_cExport.cmake
-- Up-to-date: /home/zmyyy/ZhuMinyi/homework4/division/install/division/share/division/cmake/export_division__rosidl_generator_cExport-noconfig.cmake
-- Up-to-date: /home/zmyyy/ZhuMinyi/homework4/division/install/division/share/division/cmake/export_division__rosidl_typesupport_fastrtps_cExport.cmake
-- Up-to-date: /home/zmyyy/ZhuMinyi/homework4/division/install/division/share/division/cmake/export_division__rosidl_typesupport_fastrtps_cExport-noconfig.cmake
-- Up-to-date: /home/zmyyy/ZhuMinyi/homework4/division/install/division/share/division/cmake/export_division__rosidl_generator_cppExport.cmake
-- Up-to-date: /home/zmyyy/ZhuMinyi/homework4/division/install/division/share/division/cmake/export_division__rosidl_typesupport_fastrtps_cppExport.cmake
-- Up-to-date: /home/zmyyy/ZhuMinyi/homework4/division/install/division/share/division/cmake/export_division__rosidl_typesupport_fastrtps_cppExport-noconfig.cmake
-- Up-to-date: /home/zmyyy/ZhuMinyi/homework4/division/install/division/share/division/cmake/division__rosidl_typesupport_introspection_cExport.cmake
-- Up-to-date: /home/zmyyy/ZhuMinyi/homework4/division/install/division/share/division/cmake/division__rosidl_typesupport_introspection_cExport-noconfig.cmake
-- Up-to-date: /home/zmyyy/ZhuMinyi/homework4/division/install/division/share/division/cmake/division__rosidl_typesupport_cExport.cmake
-- Up-to-date: /home/zmyyy/ZhuMinyi/homework4/division/install/division/share/division/cmake/division__rosidl_typesupport_cExport-noconfig.cmake
-- Up-to-date: /home/zmyyy/ZhuMinyi/homework4/division/install/division/share/division/cmake/division__rosidl_typesupport_introspection_cppExport.cmake
-- Up-to-date: /home/zmyyy/ZhuMinyi/homework4/division/install/division/share/division/cmake/division__rosidl_typesupport_introspection_cppExport-noconfig.cmake
-- Up-to-date: /home/zmyyy/ZhuMinyi/homework4/division/install/division/share/division/cmake/division__rosidl_typesupport_cppExport.cmake
-- Up-to-date: /home/zmyyy/ZhuMinyi/homework4/division/install/division/share/division/cmake/division__rosidl_typesupport_cppExport-noconfig.cmake
-- Up-to-date: /home/zmyyy/ZhuMinyi/homework4/division/install/division/share/division/cmake/export_division__rosidl_generator_pyExport.cmake
-- Up-to-date: /home/zmyyy/ZhuMinyi/homework4/division/install/division/share/division/cmake/export_division__rosidl_generator_pyExport-noconfig.cmake
