[0.029s] Invoking command in '/home/zmyyy/ZhuMinyi/homework4/division/build/division': CMAKE_PREFIX_PATH=/opt/ros/humble WSLENV=ELECTRON_RUN_AS_NODE/w: /usr/bin/cmake --build /home/zmyyy/ZhuMinyi/homework4/division/build/division -- -j20 -l20
[0.160s] [  2%] Built target division__cpp
[0.162s] [  2%] Built target ament_cmake_python_symlink_division
[0.177s] [ 11%] Built target division__rosidl_generator_c
[0.205s] [ 20%] Built target division__rosidl_typesupport_fastrtps_cpp
[0.217s] [ 28%] Built target division__rosidl_typesupport_introspection_cpp
[0.218s] [ 37%] Built target division__rosidl_typesupport_cpp
[0.219s] [ 45%] Built target division__rosidl_typesupport_introspection_c
[0.225s] [ 54%] Built target division__rosidl_typesupport_c
[0.228s] [ 62%] Built target division__rosidl_typesupport_fastrtps_c
[0.250s] [ 65%] Built target division
[0.250s] [ 65%] [32mBuilding CXX object CMakeFiles/client.dir/src/client.cpp.o[0m
[0.250s] [ 71%] Built target server
[0.272s] [ 74%] Built target division__py
[0.298s] [ 80%] Built target division__rosidl_generator_py
[0.325s] [ 85%] Built target division__rosidl_typesupport_introspection_c__pyext
[0.325s] [ 91%] Built target division__rosidl_typesupport_c__pyext
[0.326s] [ 97%] Built target division__rosidl_typesupport_fastrtps_c__pyext
[0.442s] running egg_info
[0.443s] writing division.egg-info/PKG-INFO
[0.443s] writing dependency_links to division.egg-info/dependency_links.txt
[0.444s] writing top-level names to division.egg-info/top_level.txt
[0.448s] reading manifest file 'division.egg-info/SOURCES.txt'
[0.449s] writing manifest file 'division.egg-info/SOURCES.txt'
[0.479s] [ 97%] Built target ament_cmake_python_build_division_egg
[4.216s] [100%] [32m[1mLinking CXX executable client[0m
[4.657s] [100%] Built target client
[4.667s] Invoked command in '/home/zmyyy/ZhuMinyi/homework4/division/build/division' returned '0': CMAKE_PREFIX_PATH=/opt/ros/humble WSLENV=ELECTRON_RUN_AS_NODE/w: /usr/bin/cmake --build /home/zmyyy/ZhuMinyi/homework4/division/build/division -- -j20 -l20
[4.728s] Invoking command in '/home/zmyyy/ZhuMinyi/homework4/division/build/division': CMAKE_PREFIX_PATH=/opt/ros/humble WSLENV=ELECTRON_RUN_AS_NODE/w: /usr/bin/cmake --install /home/zmyyy/ZhuMinyi/homework4/division/build/division
[4.738s] -- Install configuration: ""
[4.740s] -- Execute custom install script
[4.740s] -- Up-to-date symlink: /home/zmyyy/ZhuMinyi/homework4/division/install/division/share/ament_index/resource_index/rosidl_interfaces/division
[4.741s] -- Up-to-date symlink: /home/zmyyy/ZhuMinyi/homework4/division/install/division/include/division/division/msg/rosidl_generator_c__visibility_control.h
[4.742s] -- Up-to-date symlink: /home/zmyyy/ZhuMinyi/homework4/division/install/division/include/division/division/srv/detail/division__functions.h
[4.742s] -- Up-to-date symlink: /home/zmyyy/ZhuMinyi/homework4/division/install/division/include/division/division/srv/detail/division__struct.h
[4.743s] -- Up-to-date symlink: /home/zmyyy/ZhuMinyi/homework4/division/install/division/include/division/division/srv/detail/division__type_support.h
[4.743s] -- Up-to-date symlink: /home/zmyyy/ZhuMinyi/homework4/division/install/division/include/division/division/srv/division.h
[4.743s] -- Up-to-date symlink: /home/zmyyy/ZhuMinyi/homework4/division/install/division/share/division/environment/library_path.sh
[4.744s] -- Up-to-date symlink: /home/zmyyy/ZhuMinyi/homework4/division/install/division/share/division/environment/library_path.dsv
[4.744s] -- Up-to-date symlink: /home/zmyyy/ZhuMinyi/homework4/division/install/division/include/division/division/msg/rosidl_typesupport_fastrtps_c__visibility_control.h
[4.744s] -- Up-to-date symlink: /home/zmyyy/ZhuMinyi/homework4/division/install/division/include/division/division/srv/detail/division__rosidl_typesupport_fastrtps_c.h
[4.745s] -- Up-to-date symlink: /home/zmyyy/ZhuMinyi/homework4/division/install/division/include/division/division/srv/detail/division__builder.hpp
[4.746s] -- Up-to-date symlink: /home/zmyyy/ZhuMinyi/homework4/division/install/division/include/division/division/srv/detail/division__struct.hpp
[4.746s] -- Up-to-date symlink: /home/zmyyy/ZhuMinyi/homework4/division/install/division/include/division/division/srv/detail/division__traits.hpp
[4.746s] -- Up-to-date symlink: /home/zmyyy/ZhuMinyi/homework4/division/install/division/include/division/division/srv/division.hpp
[4.747s] -- Up-to-date symlink: /home/zmyyy/ZhuMinyi/homework4/division/install/division/include/division/division/msg/rosidl_typesupport_fastrtps_cpp__visibility_control.h
[4.748s] -- Up-to-date symlink: /home/zmyyy/ZhuMinyi/homework4/division/install/division/include/division/division/srv/detail/division__rosidl_typesupport_fastrtps_cpp.hpp
[4.748s] -- Up-to-date symlink: /home/zmyyy/ZhuMinyi/homework4/division/install/division/include/division/division/msg/rosidl_typesupport_introspection_c__visibility_control.h
[4.749s] -- Up-to-date symlink: /home/zmyyy/ZhuMinyi/homework4/division/install/division/include/division/division/srv/detail/division__rosidl_typesupport_introspection_c.h
[4.749s] -- Up-to-date symlink: /home/zmyyy/ZhuMinyi/homework4/division/install/division/include/division/division/srv/detail/division__rosidl_typesupport_introspection_cpp.hpp
[4.750s] -- Up-to-date symlink: /home/zmyyy/ZhuMinyi/homework4/division/install/division/share/division/environment/pythonpath.sh
[4.750s] -- Up-to-date symlink: /home/zmyyy/ZhuMinyi/homework4/division/install/division/share/division/environment/pythonpath.dsv
[4.750s] -- Up-to-date symlink: /home/zmyyy/ZhuMinyi/homework4/division/install/division/local/lib/python3.10/dist-packages/division-0.0.0-py3.10.egg-info/PKG-INFO
[4.751s] -- Up-to-date symlink: /home/zmyyy/ZhuMinyi/homework4/division/install/division/local/lib/python3.10/dist-packages/division-0.0.0-py3.10.egg-info/SOURCES.txt
[4.751s] -- Up-to-date symlink: /home/zmyyy/ZhuMinyi/homework4/division/install/division/local/lib/python3.10/dist-packages/division-0.0.0-py3.10.egg-info/dependency_links.txt
[4.752s] -- Up-to-date symlink: /home/zmyyy/ZhuMinyi/homework4/division/install/division/local/lib/python3.10/dist-packages/division-0.0.0-py3.10.egg-info/top_level.txt
[4.753s] -- Up-to-date symlink: /home/zmyyy/ZhuMinyi/homework4/division/install/division/local/lib/python3.10/dist-packages/division/__init__.py
[4.753s] -- Up-to-date symlink: /home/zmyyy/ZhuMinyi/homework4/division/install/division/local/lib/python3.10/dist-packages/division/_division_s.ep.rosidl_typesupport_c.c
[4.753s] -- Up-to-date symlink: /home/zmyyy/ZhuMinyi/homework4/division/install/division/local/lib/python3.10/dist-packages/division/_division_s.ep.rosidl_typesupport_fastrtps_c.c
[4.753s] -- Up-to-date symlink: /home/zmyyy/ZhuMinyi/homework4/division/install/division/local/lib/python3.10/dist-packages/division/_division_s.ep.rosidl_typesupport_introspection_c.c
[4.755s] -- Up-to-date symlink: /home/zmyyy/ZhuMinyi/homework4/division/install/division/local/lib/python3.10/dist-packages/division/division_s__rosidl_typesupport_c.cpython-310-x86_64-linux-gnu.so
[4.755s] -- Up-to-date symlink: /home/zmyyy/ZhuMinyi/homework4/division/install/division/local/lib/python3.10/dist-packages/division/division_s__rosidl_typesupport_fastrtps_c.cpython-310-x86_64-linux-gnu.so
[4.755s] -- Up-to-date symlink: /home/zmyyy/ZhuMinyi/homework4/division/install/division/local/lib/python3.10/dist-packages/division/division_s__rosidl_typesupport_introspection_c.cpython-310-x86_64-linux-gnu.so
[4.755s] -- Up-to-date symlink: /home/zmyyy/ZhuMinyi/homework4/division/install/division/local/lib/python3.10/dist-packages/division/libdivision__rosidl_generator_py.so
[4.756s] -- Up-to-date symlink: /home/zmyyy/ZhuMinyi/homework4/division/install/division/local/lib/python3.10/dist-packages/division/srv/__init__.py
[4.756s] -- Up-to-date symlink: /home/zmyyy/ZhuMinyi/homework4/division/install/division/local/lib/python3.10/dist-packages/division/srv/_division.py
[4.757s] -- Up-to-date symlink: /home/zmyyy/ZhuMinyi/homework4/division/install/division/local/lib/python3.10/dist-packages/division/srv/_division_s.c
[4.758s] -- Up-to-date symlink: /home/zmyyy/ZhuMinyi/homework4/division/install/division/local/lib/python3.10/dist-packages/division/division_s__rosidl_typesupport_fastrtps_c.cpython-310-x86_64-linux-gnu.so
[4.759s] -- Up-to-date symlink: /home/zmyyy/ZhuMinyi/homework4/division/install/division/local/lib/python3.10/dist-packages/division/division_s__rosidl_typesupport_introspection_c.cpython-310-x86_64-linux-gnu.so
[4.760s] -- Up-to-date symlink: /home/zmyyy/ZhuMinyi/homework4/division/install/division/local/lib/python3.10/dist-packages/division/division_s__rosidl_typesupport_c.cpython-310-x86_64-linux-gnu.so
[4.761s] -- Up-to-date symlink: /home/zmyyy/ZhuMinyi/homework4/division/install/division/share/division/srv/Division.idl
[4.761s] -- Up-to-date symlink: /home/zmyyy/ZhuMinyi/homework4/division/install/division/share/division/srv/Division.srv
[4.762s] -- Up-to-date symlink: /home/zmyyy/ZhuMinyi/homework4/division/install/division/share/division/srv/Division_Request.msg
[4.762s] -- Up-to-date symlink: /home/zmyyy/ZhuMinyi/homework4/division/install/division/share/division/srv/Division_Response.msg
[4.763s] -- Up-to-date symlink: /home/zmyyy/ZhuMinyi/homework4/division/install/division/lib/division/server
[4.764s] -- Up-to-date symlink: /home/zmyyy/ZhuMinyi/homework4/division/install/division/lib/division/client
[4.764s] -- Up-to-date symlink: /home/zmyyy/ZhuMinyi/homework4/division/install/division/share/ament_index/resource_index/package_run_dependencies/division
[4.765s] -- Up-to-date symlink: /home/zmyyy/ZhuMinyi/homework4/division/install/division/share/ament_index/resource_index/parent_prefix_path/division
[4.765s] -- Up-to-date symlink: /home/zmyyy/ZhuMinyi/homework4/division/install/division/share/division/environment/ament_prefix_path.sh
[4.765s] -- Up-to-date symlink: /home/zmyyy/ZhuMinyi/homework4/division/install/division/share/division/environment/ament_prefix_path.dsv
[4.765s] -- Up-to-date symlink: /home/zmyyy/ZhuMinyi/homework4/division/install/division/share/division/environment/path.sh
[4.765s] -- Up-to-date symlink: /home/zmyyy/ZhuMinyi/homework4/division/install/division/share/division/environment/path.dsv
[4.766s] -- Up-to-date symlink: /home/zmyyy/ZhuMinyi/homework4/division/install/division/share/division/local_setup.bash
[4.766s] -- Up-to-date symlink: /home/zmyyy/ZhuMinyi/homework4/division/install/division/share/division/local_setup.sh
[4.766s] -- Up-to-date symlink: /home/zmyyy/ZhuMinyi/homework4/division/install/division/share/division/local_setup.zsh
[4.766s] -- Up-to-date symlink: /home/zmyyy/ZhuMinyi/homework4/division/install/division/share/division/local_setup.dsv
[4.766s] -- Symlinking: /home/zmyyy/ZhuMinyi/homework4/division/install/division/share/division/package.dsv
[4.773s] -- Up-to-date symlink: /home/zmyyy/ZhuMinyi/homework4/division/install/division/share/ament_index/resource_index/packages/division
[4.773s] -- Up-to-date symlink: /home/zmyyy/ZhuMinyi/homework4/division/install/division/share/division/cmake/rosidl_cmake-extras.cmake
[4.774s] -- Up-to-date symlink: /home/zmyyy/ZhuMinyi/homework4/division/install/division/share/division/cmake/ament_cmake_export_dependencies-extras.cmake
[4.774s] -- Up-to-date symlink: /home/zmyyy/ZhuMinyi/homework4/division/install/division/share/division/cmake/ament_cmake_export_include_directories-extras.cmake
[4.774s] -- Up-to-date symlink: /home/zmyyy/ZhuMinyi/homework4/division/install/division/share/division/cmake/ament_cmake_export_libraries-extras.cmake
[4.774s] -- Up-to-date symlink: /home/zmyyy/ZhuMinyi/homework4/division/install/division/share/division/cmake/ament_cmake_export_targets-extras.cmake
[4.774s] -- Up-to-date symlink: /home/zmyyy/ZhuMinyi/homework4/division/install/division/share/division/cmake/rosidl_cmake_export_typesupport_targets-extras.cmake
[4.774s] -- Up-to-date symlink: /home/zmyyy/ZhuMinyi/homework4/division/install/division/share/division/cmake/rosidl_cmake_export_typesupport_libraries-extras.cmake
[4.775s] -- Up-to-date symlink: /home/zmyyy/ZhuMinyi/homework4/division/install/division/share/division/cmake/divisionConfig.cmake
[4.775s] -- Up-to-date symlink: /home/zmyyy/ZhuMinyi/homework4/division/install/division/share/division/cmake/divisionConfig-version.cmake
[4.775s] -- Up-to-date symlink: /home/zmyyy/ZhuMinyi/homework4/division/install/division/share/division/package.xml
[4.775s] -- Up-to-date: /home/zmyyy/ZhuMinyi/homework4/division/install/division/lib/libdivision__rosidl_generator_c.so
[4.776s] -- Up-to-date: /home/zmyyy/ZhuMinyi/homework4/division/install/division/lib/libdivision__rosidl_typesupport_fastrtps_c.so
[4.777s] -- Up-to-date: /home/zmyyy/ZhuMinyi/homework4/division/install/division/lib/libdivision__rosidl_typesupport_fastrtps_cpp.so
[4.778s] -- Up-to-date: /home/zmyyy/ZhuMinyi/homework4/division/install/division/lib/libdivision__rosidl_typesupport_introspection_c.so
[4.779s] -- Up-to-date: /home/zmyyy/ZhuMinyi/homework4/division/install/division/lib/libdivision__rosidl_typesupport_c.so
[4.780s] -- Up-to-date: /home/zmyyy/ZhuMinyi/homework4/division/install/division/lib/libdivision__rosidl_typesupport_introspection_cpp.so
[4.781s] -- Up-to-date: /home/zmyyy/ZhuMinyi/homework4/division/install/division/lib/libdivision__rosidl_typesupport_cpp.so
[4.818s] Listing '/home/zmyyy/ZhuMinyi/homework4/division/install/division/local/lib/python3.10/dist-packages/division'...
[4.819s] Listing '/home/zmyyy/ZhuMinyi/homework4/division/install/division/local/lib/python3.10/dist-packages/division/srv'...
[4.823s] -- Up-to-date: /home/zmyyy/ZhuMinyi/homework4/division/install/division/lib/libdivision__rosidl_generator_py.so
[4.824s] -- Up-to-date: /home/zmyyy/ZhuMinyi/homework4/division/install/division/share/division/cmake/export_division__rosidl_generator_cExport.cmake
[4.824s] -- Up-to-date: /home/zmyyy/ZhuMinyi/homework4/division/install/division/share/division/cmake/export_division__rosidl_generator_cExport-noconfig.cmake
[4.825s] -- Up-to-date: /home/zmyyy/ZhuMinyi/homework4/division/install/division/share/division/cmake/export_division__rosidl_typesupport_fastrtps_cExport.cmake
[4.825s] -- Up-to-date: /home/zmyyy/ZhuMinyi/homework4/division/install/division/share/division/cmake/export_division__rosidl_typesupport_fastrtps_cExport-noconfig.cmake
[4.827s] -- Up-to-date: /home/zmyyy/ZhuMinyi/homework4/division/install/division/share/division/cmake/export_division__rosidl_generator_cppExport.cmake
[4.829s] -- Up-to-date: /home/zmyyy/ZhuMinyi/homework4/division/install/division/share/division/cmake/export_division__rosidl_typesupport_fastrtps_cppExport.cmake
[4.829s] -- Up-to-date: /home/zmyyy/ZhuMinyi/homework4/division/install/division/share/division/cmake/export_division__rosidl_typesupport_fastrtps_cppExport-noconfig.cmake
[4.831s] -- Up-to-date: /home/zmyyy/ZhuMinyi/homework4/division/install/division/share/division/cmake/division__rosidl_typesupport_introspection_cExport.cmake
[4.831s] -- Up-to-date: /home/zmyyy/ZhuMinyi/homework4/division/install/division/share/division/cmake/division__rosidl_typesupport_introspection_cExport-noconfig.cmake
[4.832s] -- Up-to-date: /home/zmyyy/ZhuMinyi/homework4/division/install/division/share/division/cmake/division__rosidl_typesupport_cExport.cmake
[4.832s] -- Up-to-date: /home/zmyyy/ZhuMinyi/homework4/division/install/division/share/division/cmake/division__rosidl_typesupport_cExport-noconfig.cmake
[4.834s] -- Up-to-date: /home/zmyyy/ZhuMinyi/homework4/division/install/division/share/division/cmake/division__rosidl_typesupport_introspection_cppExport.cmake
[4.834s] -- Up-to-date: /home/zmyyy/ZhuMinyi/homework4/division/install/division/share/division/cmake/division__rosidl_typesupport_introspection_cppExport-noconfig.cmake
[4.837s] -- Up-to-date: /home/zmyyy/ZhuMinyi/homework4/division/install/division/share/division/cmake/division__rosidl_typesupport_cppExport.cmake
[4.837s] -- Up-to-date: /home/zmyyy/ZhuMinyi/homework4/division/install/division/share/division/cmake/division__rosidl_typesupport_cppExport-noconfig.cmake
[4.838s] -- Up-to-date: /home/zmyyy/ZhuMinyi/homework4/division/install/division/share/division/cmake/export_division__rosidl_generator_pyExport.cmake
[4.838s] -- Up-to-date: /home/zmyyy/ZhuMinyi/homework4/division/install/division/share/division/cmake/export_division__rosidl_generator_pyExport-noconfig.cmake
[4.842s] Invoked command in '/home/zmyyy/ZhuMinyi/homework4/division/build/division' returned '0': CMAKE_PREFIX_PATH=/opt/ros/humble WSLENV=ELECTRON_RUN_AS_NODE/w: /usr/bin/cmake --install /home/zmyyy/ZhuMinyi/homework4/division/build/division
