[0.006s] Invoking command in '/home/luna/2025-vision-training-master (1)/2025-vision-training-master/homework4/ros_ws/build/divide_package': CMAKE_PREFIX_PATH=/opt/ros/humble /usr/bin/cmake /home/luna/2025-vision-training-master (1)/2025-vision-training-master/homework4/ros_ws/src/divide_package -DCMAKE_INSTALL_PREFIX=/home/luna/2025-vision-training-master (1)/2025-vision-training-master/homework4/ros_ws/install/divide_package
[0.013s] -- Found ament_cmake: 1.3.10 (/opt/ros/humble/share/ament_cmake/cmake)
[0.184s] -- Found rclcpp: 16.0.10 (/opt/ros/humble/share/rclcpp/cmake)
[0.206s] -- Found rosidl_generator_c: 3.1.5 (/opt/ros/humble/share/rosidl_generator_c/cmake)
[0.208s] -- Found rosidl_adapter: 3.1.5 (/opt/ros/humble/share/rosidl_adapter/cmake)
[0.213s] -- Found rosidl_generator_cpp: 3.1.5 (/opt/ros/humble/share/rosidl_generator_cpp/cmake)
[0.221s] -- Using all available rosidl_typesupport_c: rosidl_typesupport_fastrtps_c;rosidl_typesupport_introspection_c
[0.232s] -- Using all available rosidl_typesupport_cpp: rosidl_typesupport_fastrtps_cpp;rosidl_typesupport_introspection_cpp
[0.259s] -- Found rmw_implementation_cmake: 6.1.2 (/opt/ros/humble/share/rmw_implementation_cmake/cmake)
[0.260s] -- Found rmw_fastrtps_cpp: 6.2.7 (/opt/ros/humble/share/rmw_fastrtps_cpp/cmake)
[0.333s] -- Using RMW implementation 'rmw_fastrtps_cpp' as default
[0.383s] -- Configuring incomplete, errors occurred!
[0.383s] [31mCMake Error at CMakeLists.txt:15 (find_package):
[0.383s]   By not providing "Finddivide_interface.cmake" in CMAKE_MODULE_PATH this
[0.383s]   project has asked CMake to find a package configuration file provided by
[0.383s]   "divide_interface", but CMake did not find one.
[0.383s] 
[0.383s]   Could not find a package configuration file provided by "divide_interface"
[0.383s]   with any of the following names:
[0.383s] 
[0.383s]     divide_interfaceConfig.cmake
[0.383s]     divide_interface-config.cmake
[0.384s] 
[0.384s]   Add the installation prefix of "divide_interface" to CMAKE_PREFIX_PATH or
[0.384s]   set "divide_interface_DIR" to a directory containing one of the above
[0.384s]   files.  If "divide_interface" provides a separate development package or
[0.384s]   SDK, be sure it has been installed.
[0.384s] 
[0.384s] [0m
[0.386s] Invoked command in '/home/luna/2025-vision-training-master (1)/2025-vision-training-master/homework4/ros_ws/build/divide_package' returned '1': CMAKE_PREFIX_PATH=/opt/ros/humble /usr/bin/cmake /home/luna/2025-vision-training-master (1)/2025-vision-training-master/homework4/ros_ws/src/divide_package -DCMAKE_INSTALL_PREFIX=/home/luna/2025-vision-training-master (1)/2025-vision-training-master/homework4/ros_ws/install/divide_package
