[0.022s] Invoking command in '/home/luna/robomaster/2025-vision-training/Wenxiang Shi/homework4/ros_ws/build/action_demo': CMAKE_PREFIX_PATH=${CMAKE_PREFIX_PATH}:/opt/ros/humble /usr/bin/cmake /home/luna/robomaster/2025-vision-training/Wenxiang Shi/homework4/ros_ws/src/action_demo -DCMAKE_INSTALL_PREFIX=/home/luna/robomaster/2025-vision-training/Wenxiang Shi/homework4/ros_ws/install/action_demo
[0.049s] -- Found ament_cmake: 1.3.10 (/opt/ros/humble/share/ament_cmake/cmake)
[0.282s] -- Found rclcpp: 16.0.10 (/opt/ros/humble/share/rclcpp/cmake)
[0.609s] -- Found rosidl_generator_c: 3.1.5 (/opt/ros/humble/share/rosidl_generator_c/cmake)
[0.612s] -- Found rosidl_adapter: 3.1.5 (/opt/ros/humble/share/rosidl_adapter/cmake)
[0.629s] -- Found rosidl_generator_cpp: 3.1.5 (/opt/ros/humble/share/rosidl_generator_cpp/cmake)
[0.651s] -- Using all available rosidl_typesupport_c: rosidl_typesupport_fastrtps_c;rosidl_typesupport_introspection_c
[0.680s] -- Using all available rosidl_typesupport_cpp: rosidl_typesupport_fastrtps_cpp;rosidl_typesupport_introspection_cpp
[0.730s] -- Found rmw_implementation_cmake: 6.1.2 (/opt/ros/humble/share/rmw_implementation_cmake/cmake)
[0.732s] -- Found rmw_fastrtps_cpp: 6.2.7 (/opt/ros/humble/share/rmw_fastrtps_cpp/cmake)
[6.115s] -- Using RMW implementation 'rmw_fastrtps_cpp' as default
[6.184s] -- Found rosidl_default_generators: 1.2.0 (/opt/ros/humble/share/rosidl_default_generators/cmake)
[6.563s] -- Found ament_cmake_ros: 0.10.0 (/opt/ros/humble/share/ament_cmake_ros/cmake)
[7.000s] -- Using all available rosidl_typesupport_c: rosidl_typesupport_fastrtps_c;rosidl_typesupport_introspection_c
[7.168s] -- Using all available rosidl_typesupport_cpp: rosidl_typesupport_fastrtps_cpp;rosidl_typesupport_introspection_cpp
[7.292s] -- Found PythonInterp: /usr/bin/python3 (found suitable version "3.10.12", minimum required is "3.6") 
[7.295s] -- Found python_cmake_module: 0.10.0 (/opt/ros/humble/share/python_cmake_module/cmake)
[7.646s] -- Found PythonLibs: /usr/lib/x86_64-linux-gnu/libpython3.10.so (found suitable version "3.10.12", minimum required is "3.5") 
[7.646s] -- Using PYTHON_EXECUTABLE: /usr/bin/python3
[7.646s] -- Using PYTHON_INCLUDE_DIRS: /usr/include/python3.10
[7.647s] -- Using PYTHON_LIBRARIES: /usr/lib/x86_64-linux-gnu/libpython3.10.so
[7.675s] -- Found PythonExtra: .so  
[7.754s] [31mCMake Error at /opt/ros/humble/share/ament_cmake_target_dependencies/cmake/ament_target_dependencies.cmake:77 (message):
[7.754s]   ament_target_dependencies() the passed package name 'action_demo' was not
[7.754s]   found before
[7.754s] Call Stack (most recent call first):
[7.754s]   CMakeLists.txt:21 (ament_target_dependencies)
[7.755s] 
[7.755s] [0m
[7.755s] -- Configuring incomplete, errors occurred!
[7.755s] See also "/home/luna/robomaster/2025-vision-training/Wenxiang Shi/homework4/ros_ws/build/action_demo/CMakeFiles/CMakeOutput.log".
[7.766s] Invoked command in '/home/luna/robomaster/2025-vision-training/Wenxiang Shi/homework4/ros_ws/build/action_demo' returned '1': CMAKE_PREFIX_PATH=${CMAKE_PREFIX_PATH}:/opt/ros/humble /usr/bin/cmake /home/luna/robomaster/2025-vision-training/Wenxiang Shi/homework4/ros_ws/src/action_demo -DCMAKE_INSTALL_PREFIX=/home/luna/robomaster/2025-vision-training/Wenxiang Shi/homework4/ros_ws/install/action_demo
