[0.021s] Invoking command in '/home/rm-jiaolong/Workspace/homework4/task1/build/service_demo': CMAKE_PREFIX_PATH=/opt/ros/humble /usr/bin/cmake /home/rm-jiaolong/Workspace/homework4/task1/src/service_demo -DCMAKE_INSTALL_PREFIX=/home/rm-jiaolong/Workspace/homework4/task1/install/service_demo
[0.045s] -- Found ament_cmake: 1.3.10 (/opt/ros/humble/share/ament_cmake/cmake)
[0.328s] -- Found rclcpp: 16.0.10 (/opt/ros/humble/share/rclcpp/cmake)
[0.386s] -- Found rosidl_generator_c: 3.1.5 (/opt/ros/humble/share/rosidl_generator_c/cmake)
[0.392s] -- Found rosidl_adapter: 3.1.5 (/opt/ros/humble/share/rosidl_adapter/cmake)
[0.404s] -- Found rosidl_generator_cpp: 3.1.5 (/opt/ros/humble/share/rosidl_generator_cpp/cmake)
[0.424s] -- Using all available rosidl_typesupport_c: rosidl_typesupport_fastrtps_c;rosidl_typesupport_introspection_c
[0.448s] -- Using all available rosidl_typesupport_cpp: rosidl_typesupport_fastrtps_cpp;rosidl_typesupport_introspection_cpp
[0.492s] -- Found rmw_implementation_cmake: 6.1.2 (/opt/ros/humble/share/rmw_implementation_cmake/cmake)
[0.494s] -- Found rmw_fastrtps_cpp: 6.2.7 (/opt/ros/humble/share/rmw_fastrtps_cpp/cmake)
[0.677s] -- Using RMW implementation 'rmw_fastrtps_cpp' as default
[0.787s] -- Found example_interfaces: 0.9.3 (/opt/ros/humble/share/example_interfaces/cmake)
[0.873s] -- Found ament_lint_auto: 0.12.11 (/opt/ros/humble/share/ament_lint_auto/cmake)
[1.063s] -- Added test 'cppcheck' to perform static code analysis on C / C++ code
[1.063s] -- Configured cppcheck include dirs: 
[1.063s] -- Configured cppcheck exclude dirs and/or files: 
[1.064s] -- Added test 'lint_cmake' to check CMake code style
[1.065s] -- Added test 'uncrustify' to check C / C++ code style
[1.065s] -- Configured uncrustify additional arguments: 
[1.066s] -- Added test 'xmllint' to check XML markup files
[1.070s] -- Configuring done
[1.096s] -- Generating done
[1.099s] -- Build files have been written to: /home/rm-jiaolong/Workspace/homework4/task1/build/service_demo
[1.116s] Invoked command in '/home/rm-jiaolong/Workspace/homework4/task1/build/service_demo' returned '0': CMAKE_PREFIX_PATH=/opt/ros/humble /usr/bin/cmake /home/rm-jiaolong/Workspace/homework4/task1/src/service_demo -DCMAKE_INSTALL_PREFIX=/home/rm-jiaolong/Workspace/homework4/task1/install/service_demo
[1.119s] Invoking command in '/home/rm-jiaolong/Workspace/homework4/task1/build/service_demo': CMAKE_PREFIX_PATH=/opt/ros/humble /usr/bin/cmake --build /home/rm-jiaolong/Workspace/homework4/task1/build/service_demo -- -j4 -l4
[1.207s] [ 25%] [32mBuilding CXX object CMakeFiles/service_client.dir/src/service_client.cpp.o[0m
[1.208s] [ 50%] [32mBuilding CXX object CMakeFiles/service_server.dir/src/service_server.cpp.o[0m
[7.030s] [01m[K/home/rm-jiaolong/Workspace/homework4/task1/src/service_demo/src/service_server.cpp:19:84:[m[K [01;31m[Kerror: [m[Kexpected ‘[01m[K)[m[K’ before ‘[01m[K;[m[K’ token
[7.031s]    19 | td::shared_ptr<example_interfaces::srv::AddTwoInts::Response> response[01;31m[K;[m[K
[7.031s]       |                                                                       [01;31m[K^[m[K
[7.031s]       |                                                                       [32m[K)[m[K
[7.031s] [01m[K/home/rm-jiaolong/Workspace/homework4/task1/src/service_demo/src/service_server.cpp:17:20:[m[K [01;36m[Knote: [m[Kto match this ‘[01m[K([m[K’
[7.031s]    17 |         void getsum[01;36m[K([m[K
[7.031s]       |                    [01;36m[K^[m[K
[7.031s] [01m[K/home/rm-jiaolong/Workspace/homework4/task1/src/service_demo/src/service_server.cpp:21:9:[m[K [01;31m[Kerror: [m[Kexpected unqualified-id before ‘[01m[K)[m[K’ token
[7.032s]    21 |         [01;31m[K)[m[K {
[7.032s]       |         [01;31m[K^[m[K
[7.061s] [01m[K/home/rm-jiaolong/Workspace/homework4/task1/src/service_demo/src/service_server.cpp:[m[K In function ‘[01m[Kint main(int, char**)[m[K’:
[7.062s] [01m[K/home/rm-jiaolong/Workspace/homework4/task1/src/service_demo/src/service_server.cpp:31:13:[m[K [01;35m[Kwarning: [m[Kstatement is a reference, not call, to function ‘[01m[Krclcpp::shutdown[m[K’ [[01;35m[K]8;;https://gcc.gnu.org/onlinedocs/gcc/Warning-Options.html#index-Waddress-Waddress]8;;[m[K]
[7.062s]    31 |     [01;35m[Krclcpp::shutdown[m[K;
[7.062s]       |     [01;35m[K~~~~~~~~^~~~~~~~[m[K
[7.062s] [01m[K/home/rm-jiaolong/Workspace/homework4/task1/src/service_demo/src/service_server.cpp:31:13:[m[K [01;35m[Kwarning: [m[Kstatement has no effect [[01;35m[K]8;;https://gcc.gnu.org/onlinedocs/gcc/Warning-Options.html#index-Wunused-value-Wunused-value]8;;[m[K]
[8.629s] gmake[2]: *** [CMakeFiles/service_server.dir/build.make:76: CMakeFiles/service_server.dir/src/service_server.cpp.o] Error 1
[8.629s] gmake[1]: *** [CMakeFiles/Makefile2:139: CMakeFiles/service_server.dir/all] Error 2
[8.629s] gmake[1]: *** Waiting for unfinished jobs....
[9.934s] [ 75%] [32m[1mLinking CXX executable service_client[0m
[10.364s] [ 75%] Built target service_client
[10.368s] gmake: *** [Makefile:146: all] Error 2
[10.373s] Invoked command in '/home/rm-jiaolong/Workspace/homework4/task1/build/service_demo' returned '2': CMAKE_PREFIX_PATH=/opt/ros/humble /usr/bin/cmake --build /home/rm-jiaolong/Workspace/homework4/task1/build/service_demo -- -j4 -l4
