[  2%] Built target action_demo__cpp
[ 11%] Built target action_demo__rosidl_generator_c
[ 11%] Built target ament_cmake_python_copy_action_demo
[ 20%] Built target action_demo__rosidl_typesupport_cpp
[ 28%] Built target action_demo__rosidl_typesupport_introspection_cpp
[ 37%] Built target action_demo__rosidl_typesupport_fastrtps_cpp
[ 45%] Built target action_demo__rosidl_typesupport_introspection_c
[ 54%] Built target action_demo__rosidl_typesupport_c
[ 62%] Built target action_demo__rosidl_typesupport_fastrtps_c
[ 62%] Built target action_demo
[ 65%] Built target action_demo__py
[ 77%] Built target server
[ 77%] Built target client
[ 82%] Built target action_demo__rosidl_generator_py
[ 94%] Built target action_demo__rosidl_typesupport_introspection_c__pyext
[ 94%] Built target action_demo__rosidl_typesupport_c__pyext
[100%] Built target action_demo__rosidl_typesupport_fastrtps_c__pyext
running egg_info
writing action_demo.egg-info/PKG-INFO
writing dependency_links to action_demo.egg-info/dependency_links.txt
writing top-level names to action_demo.egg-info/top_level.txt
reading manifest file 'action_demo.egg-info/SOURCES.txt'
writing manifest file 'action_demo.egg-info/SOURCES.txt'
[100%] Built target ament_cmake_python_build_action_demo_egg
-- Install configuration: ""
-- Up-to-date: /home/luna/robomaster/2025-vision-training/Wenxiang Shi/homework4/ros_ws/install/action_demo/share/ament_index/resource_index/rosidl_interfaces/action_demo
-- Up-to-date: /home/luna/robomaster/2025-vision-training/Wenxiang Shi/homework4/ros_ws/install/action_demo/include/action_demo/action_demo
-- Up-to-date: /home/luna/robomaster/2025-vision-training/Wenxiang Shi/homework4/ros_ws/install/action_demo/include/action_demo/action_demo/srv
-- Up-to-date: /home/luna/robomaster/2025-vision-training/Wenxiang Shi/homework4/ros_ws/install/action_demo/include/action_demo/action_demo/srv/action.h
-- Up-to-date: /home/luna/robomaster/2025-vision-training/Wenxiang Shi/homework4/ros_ws/install/action_demo/include/action_demo/action_demo/srv/detail
-- Up-to-date: /home/luna/robomaster/2025-vision-training/Wenxiang Shi/homework4/ros_ws/install/action_demo/include/action_demo/action_demo/srv/detail/action__functions.c
-- Up-to-date: /home/luna/robomaster/2025-vision-training/Wenxiang Shi/homework4/ros_ws/install/action_demo/include/action_demo/action_demo/srv/detail/action__functions.h
-- Up-to-date: /home/luna/robomaster/2025-vision-training/Wenxiang Shi/homework4/ros_ws/install/action_demo/include/action_demo/action_demo/srv/detail/action__struct.h
-- Up-to-date: /home/luna/robomaster/2025-vision-training/Wenxiang Shi/homework4/ros_ws/install/action_demo/include/action_demo/action_demo/srv/detail/action__type_support.h
-- Up-to-date: /home/luna/robomaster/2025-vision-training/Wenxiang Shi/homework4/ros_ws/install/action_demo/include/action_demo/action_demo/msg
-- Up-to-date: /home/luna/robomaster/2025-vision-training/Wenxiang Shi/homework4/ros_ws/install/action_demo/include/action_demo/action_demo/msg/rosidl_generator_c__visibility_control.h
-- Up-to-date: /home/luna/robomaster/2025-vision-training/Wenxiang Shi/homework4/ros_ws/install/action_demo/share/action_demo/environment/library_path.sh
-- Up-to-date: /home/luna/robomaster/2025-vision-training/Wenxiang Shi/homework4/ros_ws/install/action_demo/share/action_demo/environment/library_path.dsv
-- Up-to-date: /home/luna/robomaster/2025-vision-training/Wenxiang Shi/homework4/ros_ws/install/action_demo/lib/libaction_demo__rosidl_generator_c.so
-- Up-to-date: /home/luna/robomaster/2025-vision-training/Wenxiang Shi/homework4/ros_ws/install/action_demo/include/action_demo/action_demo
-- Up-to-date: /home/luna/robomaster/2025-vision-training/Wenxiang Shi/homework4/ros_ws/install/action_demo/include/action_demo/action_demo/srv
-- Up-to-date: /home/luna/robomaster/2025-vision-training/Wenxiang Shi/homework4/ros_ws/install/action_demo/include/action_demo/action_demo/srv/detail
-- Up-to-date: /home/luna/robomaster/2025-vision-training/Wenxiang Shi/homework4/ros_ws/install/action_demo/include/action_demo/action_demo/srv/detail/action__rosidl_typesupport_fastrtps_c.h
-- Up-to-date: /home/luna/robomaster/2025-vision-training/Wenxiang Shi/homework4/ros_ws/install/action_demo/include/action_demo/action_demo/msg
-- Up-to-date: /home/luna/robomaster/2025-vision-training/Wenxiang Shi/homework4/ros_ws/install/action_demo/include/action_demo/action_demo/msg/rosidl_typesupport_fastrtps_c__visibility_control.h
-- Up-to-date: /home/luna/robomaster/2025-vision-training/Wenxiang Shi/homework4/ros_ws/install/action_demo/lib/libaction_demo__rosidl_typesupport_fastrtps_c.so
-- Up-to-date: /home/luna/robomaster/2025-vision-training/Wenxiang Shi/homework4/ros_ws/install/action_demo/include/action_demo/action_demo
-- Up-to-date: /home/luna/robomaster/2025-vision-training/Wenxiang Shi/homework4/ros_ws/install/action_demo/include/action_demo/action_demo/srv
-- Up-to-date: /home/luna/robomaster/2025-vision-training/Wenxiang Shi/homework4/ros_ws/install/action_demo/include/action_demo/action_demo/srv/action.hpp
-- Up-to-date: /home/luna/robomaster/2025-vision-training/Wenxiang Shi/homework4/ros_ws/install/action_demo/include/action_demo/action_demo/srv/detail
-- Up-to-date: /home/luna/robomaster/2025-vision-training/Wenxiang Shi/homework4/ros_ws/install/action_demo/include/action_demo/action_demo/srv/detail/action__struct.hpp
-- Up-to-date: /home/luna/robomaster/2025-vision-training/Wenxiang Shi/homework4/ros_ws/install/action_demo/include/action_demo/action_demo/srv/detail/action__traits.hpp
-- Up-to-date: /home/luna/robomaster/2025-vision-training/Wenxiang Shi/homework4/ros_ws/install/action_demo/include/action_demo/action_demo/srv/detail/action__builder.hpp
-- Up-to-date: /home/luna/robomaster/2025-vision-training/Wenxiang Shi/homework4/ros_ws/install/action_demo/include/action_demo/action_demo
-- Up-to-date: /home/luna/robomaster/2025-vision-training/Wenxiang Shi/homework4/ros_ws/install/action_demo/include/action_demo/action_demo/srv
-- Up-to-date: /home/luna/robomaster/2025-vision-training/Wenxiang Shi/homework4/ros_ws/install/action_demo/include/action_demo/action_demo/srv/detail
-- Up-to-date: /home/luna/robomaster/2025-vision-training/Wenxiang Shi/homework4/ros_ws/install/action_demo/include/action_demo/action_demo/srv/detail/action__rosidl_typesupport_fastrtps_cpp.hpp
-- Up-to-date: /home/luna/robomaster/2025-vision-training/Wenxiang Shi/homework4/ros_ws/install/action_demo/include/action_demo/action_demo/srv/detail/dds_fastrtps
-- Up-to-date: /home/luna/robomaster/2025-vision-training/Wenxiang Shi/homework4/ros_ws/install/action_demo/include/action_demo/action_demo/msg
-- Up-to-date: /home/luna/robomaster/2025-vision-training/Wenxiang Shi/homework4/ros_ws/install/action_demo/include/action_demo/action_demo/msg/rosidl_typesupport_fastrtps_cpp__visibility_control.h
-- Up-to-date: /home/luna/robomaster/2025-vision-training/Wenxiang Shi/homework4/ros_ws/install/action_demo/lib/libaction_demo__rosidl_typesupport_fastrtps_cpp.so
-- Up-to-date: /home/luna/robomaster/2025-vision-training/Wenxiang Shi/homework4/ros_ws/install/action_demo/include/action_demo/action_demo
-- Up-to-date: /home/luna/robomaster/2025-vision-training/Wenxiang Shi/homework4/ros_ws/install/action_demo/include/action_demo/action_demo/srv
-- Up-to-date: /home/luna/robomaster/2025-vision-training/Wenxiang Shi/homework4/ros_ws/install/action_demo/include/action_demo/action_demo/srv/detail
-- Up-to-date: /home/luna/robomaster/2025-vision-training/Wenxiang Shi/homework4/ros_ws/install/action_demo/include/action_demo/action_demo/srv/detail/action__rosidl_typesupport_introspection_c.h
-- Up-to-date: /home/luna/robomaster/2025-vision-training/Wenxiang Shi/homework4/ros_ws/install/action_demo/include/action_demo/action_demo/srv/detail/action__type_support.c
-- Up-to-date: /home/luna/robomaster/2025-vision-training/Wenxiang Shi/homework4/ros_ws/install/action_demo/include/action_demo/action_demo/msg
-- Up-to-date: /home/luna/robomaster/2025-vision-training/Wenxiang Shi/homework4/ros_ws/install/action_demo/include/action_demo/action_demo/msg/rosidl_typesupport_introspection_c__visibility_control.h
-- Up-to-date: /home/luna/robomaster/2025-vision-training/Wenxiang Shi/homework4/ros_ws/install/action_demo/lib/libaction_demo__rosidl_typesupport_introspection_c.so
-- Up-to-date: /home/luna/robomaster/2025-vision-training/Wenxiang Shi/homework4/ros_ws/install/action_demo/lib/libaction_demo__rosidl_typesupport_c.so
-- Up-to-date: /home/luna/robomaster/2025-vision-training/Wenxiang Shi/homework4/ros_ws/install/action_demo/include/action_demo/action_demo
-- Up-to-date: /home/luna/robomaster/2025-vision-training/Wenxiang Shi/homework4/ros_ws/install/action_demo/include/action_demo/action_demo/srv
-- Up-to-date: /home/luna/robomaster/2025-vision-training/Wenxiang Shi/homework4/ros_ws/install/action_demo/include/action_demo/action_demo/srv/detail
-- Up-to-date: /home/luna/robomaster/2025-vision-training/Wenxiang Shi/homework4/ros_ws/install/action_demo/include/action_demo/action_demo/srv/detail/action__type_support.cpp
-- Up-to-date: /home/luna/robomaster/2025-vision-training/Wenxiang Shi/homework4/ros_ws/install/action_demo/include/action_demo/action_demo/srv/detail/action__rosidl_typesupport_introspection_cpp.hpp
-- Up-to-date: /home/luna/robomaster/2025-vision-training/Wenxiang Shi/homework4/ros_ws/install/action_demo/lib/libaction_demo__rosidl_typesupport_introspection_cpp.so
-- Up-to-date: /home/luna/robomaster/2025-vision-training/Wenxiang Shi/homework4/ros_ws/install/action_demo/lib/libaction_demo__rosidl_typesupport_cpp.so
-- Up-to-date: /home/luna/robomaster/2025-vision-training/Wenxiang Shi/homework4/ros_ws/install/action_demo/share/action_demo/environment/pythonpath.sh
-- Up-to-date: /home/luna/robomaster/2025-vision-training/Wenxiang Shi/homework4/ros_ws/install/action_demo/share/action_demo/environment/pythonpath.dsv
-- Up-to-date: /home/luna/robomaster/2025-vision-training/Wenxiang Shi/homework4/ros_ws/install/action_demo/local/lib/python3.10/dist-packages/action_demo-0.0.0-py3.10.egg-info
-- Installing: /home/luna/robomaster/2025-vision-training/Wenxiang Shi/homework4/ros_ws/install/action_demo/local/lib/python3.10/dist-packages/action_demo-0.0.0-py3.10.egg-info/top_level.txt
-- Installing: /home/luna/robomaster/2025-vision-training/Wenxiang Shi/homework4/ros_ws/install/action_demo/local/lib/python3.10/dist-packages/action_demo-0.0.0-py3.10.egg-info/SOURCES.txt
-- Installing: /home/luna/robomaster/2025-vision-training/Wenxiang Shi/homework4/ros_ws/install/action_demo/local/lib/python3.10/dist-packages/action_demo-0.0.0-py3.10.egg-info/dependency_links.txt
-- Installing: /home/luna/robomaster/2025-vision-training/Wenxiang Shi/homework4/ros_ws/install/action_demo/local/lib/python3.10/dist-packages/action_demo-0.0.0-py3.10.egg-info/PKG-INFO
-- Up-to-date: /home/luna/robomaster/2025-vision-training/Wenxiang Shi/homework4/ros_ws/install/action_demo/local/lib/python3.10/dist-packages/action_demo
-- Up-to-date: /home/luna/robomaster/2025-vision-training/Wenxiang Shi/homework4/ros_ws/install/action_demo/local/lib/python3.10/dist-packages/action_demo/srv
-- Up-to-date: /home/luna/robomaster/2025-vision-training/Wenxiang Shi/homework4/ros_ws/install/action_demo/local/lib/python3.10/dist-packages/action_demo/srv/_action_s.c
-- Up-to-date: /home/luna/robomaster/2025-vision-training/Wenxiang Shi/homework4/ros_ws/install/action_demo/local/lib/python3.10/dist-packages/action_demo/srv/__init__.py
-- Up-to-date: /home/luna/robomaster/2025-vision-training/Wenxiang Shi/homework4/ros_ws/install/action_demo/local/lib/python3.10/dist-packages/action_demo/srv/_action.py
-- Up-to-date: /home/luna/robomaster/2025-vision-training/Wenxiang Shi/homework4/ros_ws/install/action_demo/local/lib/python3.10/dist-packages/action_demo/_action_demo_s.ep.rosidl_typesupport_fastrtps_c.c
-- Up-to-date: /home/luna/robomaster/2025-vision-training/Wenxiang Shi/homework4/ros_ws/install/action_demo/local/lib/python3.10/dist-packages/action_demo/action_demo_s__rosidl_typesupport_c.cpython-310-x86_64-linux-gnu.so
-- Up-to-date: /home/luna/robomaster/2025-vision-training/Wenxiang Shi/homework4/ros_ws/install/action_demo/local/lib/python3.10/dist-packages/action_demo/_action_demo_s.ep.rosidl_typesupport_introspection_c.c
-- Up-to-date: /home/luna/robomaster/2025-vision-training/Wenxiang Shi/homework4/ros_ws/install/action_demo/local/lib/python3.10/dist-packages/action_demo/libaction_demo__rosidl_generator_py.so
-- Up-to-date: /home/luna/robomaster/2025-vision-training/Wenxiang Shi/homework4/ros_ws/install/action_demo/local/lib/python3.10/dist-packages/action_demo/action_demo_s__rosidl_typesupport_introspection_c.cpython-310-x86_64-linux-gnu.so
-- Up-to-date: /home/luna/robomaster/2025-vision-training/Wenxiang Shi/homework4/ros_ws/install/action_demo/local/lib/python3.10/dist-packages/action_demo/__init__.py
-- Up-to-date: /home/luna/robomaster/2025-vision-training/Wenxiang Shi/homework4/ros_ws/install/action_demo/local/lib/python3.10/dist-packages/action_demo/_action_demo_s.ep.rosidl_typesupport_c.c
-- Up-to-date: /home/luna/robomaster/2025-vision-training/Wenxiang Shi/homework4/ros_ws/install/action_demo/local/lib/python3.10/dist-packages/action_demo/action_demo_s__rosidl_typesupport_fastrtps_c.cpython-310-x86_64-linux-gnu.so
Listing '/home/luna/robomaster/2025-vision-training/Wenxiang Shi/homework4/ros_ws/install/action_demo/local/lib/python3.10/dist-packages/action_demo'...
Listing '/home/luna/robomaster/2025-vision-training/Wenxiang Shi/homework4/ros_ws/install/action_demo/local/lib/python3.10/dist-packages/action_demo/srv'...
-- Up-to-date: /home/luna/robomaster/2025-vision-training/Wenxiang Shi/homework4/ros_ws/install/action_demo/local/lib/python3.10/dist-packages/action_demo/action_demo_s__rosidl_typesupport_fastrtps_c.cpython-310-x86_64-linux-gnu.so
-- Up-to-date: /home/luna/robomaster/2025-vision-training/Wenxiang Shi/homework4/ros_ws/install/action_demo/local/lib/python3.10/dist-packages/action_demo/action_demo_s__rosidl_typesupport_introspection_c.cpython-310-x86_64-linux-gnu.so
-- Up-to-date: /home/luna/robomaster/2025-vision-training/Wenxiang Shi/homework4/ros_ws/install/action_demo/local/lib/python3.10/dist-packages/action_demo/action_demo_s__rosidl_typesupport_c.cpython-310-x86_64-linux-gnu.so
-- Up-to-date: /home/luna/robomaster/2025-vision-training/Wenxiang Shi/homework4/ros_ws/install/action_demo/lib/libaction_demo__rosidl_generator_py.so
-- Up-to-date: /home/luna/robomaster/2025-vision-training/Wenxiang Shi/homework4/ros_ws/install/action_demo/share/action_demo/srv/Action.idl
-- Up-to-date: /home/luna/robomaster/2025-vision-training/Wenxiang Shi/homework4/ros_ws/install/action_demo/share/action_demo/srv/Action.srv
-- Up-to-date: /home/luna/robomaster/2025-vision-training/Wenxiang Shi/homework4/ros_ws/install/action_demo/share/action_demo/srv/Action_Request.msg
-- Up-to-date: /home/luna/robomaster/2025-vision-training/Wenxiang Shi/homework4/ros_ws/install/action_demo/share/action_demo/srv/Action_Response.msg
-- Up-to-date: /home/luna/robomaster/2025-vision-training/Wenxiang Shi/homework4/ros_ws/install/action_demo/lib/action_demo/server
-- Up-to-date: /home/luna/robomaster/2025-vision-training/Wenxiang Shi/homework4/ros_ws/install/action_demo/lib/action_demo/client
-- Up-to-date: /home/luna/robomaster/2025-vision-training/Wenxiang Shi/homework4/ros_ws/install/action_demo/share/action_demo/launch
-- Installing: /home/luna/robomaster/2025-vision-training/Wenxiang Shi/homework4/ros_ws/install/action_demo/share/action_demo/launch/action_demo_launch.py
-- Up-to-date: /home/luna/robomaster/2025-vision-training/Wenxiang Shi/homework4/ros_ws/install/action_demo/share/ament_index/resource_index/package_run_dependencies/action_demo
-- Up-to-date: /home/luna/robomaster/2025-vision-training/Wenxiang Shi/homework4/ros_ws/install/action_demo/share/ament_index/resource_index/parent_prefix_path/action_demo
-- Up-to-date: /home/luna/robomaster/2025-vision-training/Wenxiang Shi/homework4/ros_ws/install/action_demo/share/action_demo/environment/ament_prefix_path.sh
-- Up-to-date: /home/luna/robomaster/2025-vision-training/Wenxiang Shi/homework4/ros_ws/install/action_demo/share/action_demo/environment/ament_prefix_path.dsv
-- Up-to-date: /home/luna/robomaster/2025-vision-training/Wenxiang Shi/homework4/ros_ws/install/action_demo/share/action_demo/environment/path.sh
-- Up-to-date: /home/luna/robomaster/2025-vision-training/Wenxiang Shi/homework4/ros_ws/install/action_demo/share/action_demo/environment/path.dsv
-- Up-to-date: /home/luna/robomaster/2025-vision-training/Wenxiang Shi/homework4/ros_ws/install/action_demo/share/action_demo/local_setup.bash
-- Up-to-date: /home/luna/robomaster/2025-vision-training/Wenxiang Shi/homework4/ros_ws/install/action_demo/share/action_demo/local_setup.sh
-- Up-to-date: /home/luna/robomaster/2025-vision-training/Wenxiang Shi/homework4/ros_ws/install/action_demo/share/action_demo/local_setup.zsh
-- Up-to-date: /home/luna/robomaster/2025-vision-training/Wenxiang Shi/homework4/ros_ws/install/action_demo/share/action_demo/local_setup.dsv
-- Up-to-date: /home/luna/robomaster/2025-vision-training/Wenxiang Shi/homework4/ros_ws/install/action_demo/share/action_demo/package.dsv
-- Up-to-date: /home/luna/robomaster/2025-vision-training/Wenxiang Shi/homework4/ros_ws/install/action_demo/share/ament_index/resource_index/packages/action_demo
-- Up-to-date: /home/luna/robomaster/2025-vision-training/Wenxiang Shi/homework4/ros_ws/install/action_demo/share/action_demo/cmake/export_action_demo__rosidl_generator_cExport.cmake
-- Up-to-date: /home/luna/robomaster/2025-vision-training/Wenxiang Shi/homework4/ros_ws/install/action_demo/share/action_demo/cmake/export_action_demo__rosidl_generator_cExport-noconfig.cmake
-- Up-to-date: /home/luna/robomaster/2025-vision-training/Wenxiang Shi/homework4/ros_ws/install/action_demo/share/action_demo/cmake/export_action_demo__rosidl_typesupport_fastrtps_cExport.cmake
-- Up-to-date: /home/luna/robomaster/2025-vision-training/Wenxiang Shi/homework4/ros_ws/install/action_demo/share/action_demo/cmake/export_action_demo__rosidl_typesupport_fastrtps_cExport-noconfig.cmake
-- Up-to-date: /home/luna/robomaster/2025-vision-training/Wenxiang Shi/homework4/ros_ws/install/action_demo/share/action_demo/cmake/export_action_demo__rosidl_generator_cppExport.cmake
-- Up-to-date: /home/luna/robomaster/2025-vision-training/Wenxiang Shi/homework4/ros_ws/install/action_demo/share/action_demo/cmake/export_action_demo__rosidl_typesupport_fastrtps_cppExport.cmake
-- Up-to-date: /home/luna/robomaster/2025-vision-training/Wenxiang Shi/homework4/ros_ws/install/action_demo/share/action_demo/cmake/export_action_demo__rosidl_typesupport_fastrtps_cppExport-noconfig.cmake
-- Up-to-date: /home/luna/robomaster/2025-vision-training/Wenxiang Shi/homework4/ros_ws/install/action_demo/share/action_demo/cmake/action_demo__rosidl_typesupport_introspection_cExport.cmake
-- Up-to-date: /home/luna/robomaster/2025-vision-training/Wenxiang Shi/homework4/ros_ws/install/action_demo/share/action_demo/cmake/action_demo__rosidl_typesupport_introspection_cExport-noconfig.cmake
-- Up-to-date: /home/luna/robomaster/2025-vision-training/Wenxiang Shi/homework4/ros_ws/install/action_demo/share/action_demo/cmake/action_demo__rosidl_typesupport_cExport.cmake
-- Up-to-date: /home/luna/robomaster/2025-vision-training/Wenxiang Shi/homework4/ros_ws/install/action_demo/share/action_demo/cmake/action_demo__rosidl_typesupport_cExport-noconfig.cmake
-- Up-to-date: /home/luna/robomaster/2025-vision-training/Wenxiang Shi/homework4/ros_ws/install/action_demo/share/action_demo/cmake/action_demo__rosidl_typesupport_introspection_cppExport.cmake
-- Up-to-date: /home/luna/robomaster/2025-vision-training/Wenxiang Shi/homework4/ros_ws/install/action_demo/share/action_demo/cmake/action_demo__rosidl_typesupport_introspection_cppExport-noconfig.cmake
-- Up-to-date: /home/luna/robomaster/2025-vision-training/Wenxiang Shi/homework4/ros_ws/install/action_demo/share/action_demo/cmake/action_demo__rosidl_typesupport_cppExport.cmake
-- Up-to-date: /home/luna/robomaster/2025-vision-training/Wenxiang Shi/homework4/ros_ws/install/action_demo/share/action_demo/cmake/action_demo__rosidl_typesupport_cppExport-noconfig.cmake
-- Up-to-date: /home/luna/robomaster/2025-vision-training/Wenxiang Shi/homework4/ros_ws/install/action_demo/share/action_demo/cmake/export_action_demo__rosidl_generator_pyExport.cmake
-- Up-to-date: /home/luna/robomaster/2025-vision-training/Wenxiang Shi/homework4/ros_ws/install/action_demo/share/action_demo/cmake/export_action_demo__rosidl_generator_pyExport-noconfig.cmake
-- Up-to-date: /home/luna/robomaster/2025-vision-training/Wenxiang Shi/homework4/ros_ws/install/action_demo/share/action_demo/cmake/rosidl_cmake-extras.cmake
-- Up-to-date: /home/luna/robomaster/2025-vision-training/Wenxiang Shi/homework4/ros_ws/install/action_demo/share/action_demo/cmake/ament_cmake_export_include_directories-extras.cmake
-- Up-to-date: /home/luna/robomaster/2025-vision-training/Wenxiang Shi/homework4/ros_ws/install/action_demo/share/action_demo/cmake/ament_cmake_export_libraries-extras.cmake
-- Up-to-date: /home/luna/robomaster/2025-vision-training/Wenxiang Shi/homework4/ros_ws/install/action_demo/share/action_demo/cmake/ament_cmake_export_targets-extras.cmake
-- Up-to-date: /home/luna/robomaster/2025-vision-training/Wenxiang Shi/homework4/ros_ws/install/action_demo/share/action_demo/cmake/rosidl_cmake_export_typesupport_targets-extras.cmake
-- Up-to-date: /home/luna/robomaster/2025-vision-training/Wenxiang Shi/homework4/ros_ws/install/action_demo/share/action_demo/cmake/ament_cmake_export_dependencies-extras.cmake
-- Up-to-date: /home/luna/robomaster/2025-vision-training/Wenxiang Shi/homework4/ros_ws/install/action_demo/share/action_demo/cmake/rosidl_cmake_export_typesupport_libraries-extras.cmake
-- Up-to-date: /home/luna/robomaster/2025-vision-training/Wenxiang Shi/homework4/ros_ws/install/action_demo/share/action_demo/cmake/action_demoConfig.cmake
-- Up-to-date: /home/luna/robomaster/2025-vision-training/Wenxiang Shi/homework4/ros_ws/install/action_demo/share/action_demo/cmake/action_demoConfig-version.cmake
-- Up-to-date: /home/luna/robomaster/2025-vision-training/Wenxiang Shi/homework4/ros_ws/install/action_demo/share/action_demo/package.xml
