[35m[1mConsolidate compiler generated dependencies of target robot_action__rosidl_generator_c[0m
[  0%] Built target ament_cmake_python_symlink_robot_action
[  8%] Built target robot_action__rosidl_generator_c
[ 11%] Built target robot_action__cpp
[35m[1mConsolidate compiler generated dependencies of target robot_action__rosidl_typesupport_fastrtps_c[0m
[35m[1mConsolidate compiler generated dependencies of target robot_action__rosidl_typesupport_c[0m
[35m[1mConsolidate compiler generated dependencies of target robot_action__rosidl_typesupport_introspection_c[0m
[35m[1mConsolidate compiler generated dependencies of target robot_action__rosidl_typesupport_fastrtps_cpp[0m
[35m[1mConsolidate compiler generated dependencies of target robot_action__rosidl_typesupport_introspection_cpp[0m
[35m[1mConsolidate compiler generated dependencies of target robot_action__rosidl_typesupport_cpp[0m
[ 20%] Built target robot_action__rosidl_typesupport_introspection_c
[ 28%] Built target robot_action__rosidl_typesupport_c
[ 37%] Built target robot_action__rosidl_typesupport_fastrtps_cpp
[ 45%] Built target robot_action__rosidl_typesupport_fastrtps_c
[ 54%] Built target robot_action__rosidl_typesupport_cpp
[ 62%] Built target robot_action__rosidl_typesupport_introspection_cpp
[35m[1mConsolidate compiler generated dependencies of target server[0m
[35m[1mConsolidate compiler generated dependencies of target client[0m
[ 62%] Built target robot_action
[ 68%] Built target server
[ 74%] Built target client
[ 77%] Built target robot_action__py
[35m[1mConsolidate compiler generated dependencies of target robot_action__rosidl_generator_py[0m
[ 82%] Built target robot_action__rosidl_generator_py
[35m[1mConsolidate compiler generated dependencies of target robot_action__rosidl_typesupport_c__pyext[0m
[35m[1mConsolidate compiler generated dependencies of target robot_action__rosidl_typesupport_introspection_c__pyext[0m
[35m[1mConsolidate compiler generated dependencies of target robot_action__rosidl_typesupport_fastrtps_c__pyext[0m
[ 88%] Built target robot_action__rosidl_typesupport_c__pyext
[ 94%] Built target robot_action__rosidl_typesupport_fastrtps_c__pyext
[100%] Built target robot_action__rosidl_typesupport_introspection_c__pyext
running egg_info
writing robot_action.egg-info/PKG-INFO
writing dependency_links to robot_action.egg-info/dependency_links.txt
writing top-level names to robot_action.egg-info/top_level.txt
reading manifest file 'robot_action.egg-info/SOURCES.txt'
writing manifest file 'robot_action.egg-info/SOURCES.txt'
[100%] Built target ament_cmake_python_build_robot_action_egg
-- Install configuration: ""
-- Execute custom install script
-- Up-to-date symlink: /home/zmyyy/ZhuMinyi/homework4/robot_action/install/robot_action/share/ament_index/resource_index/rosidl_interfaces/robot_action
-- Up-to-date symlink: /home/zmyyy/ZhuMinyi/homework4/robot_action/install/robot_action/include/robot_action/robot_action/action/detail/move__functions.h
-- Up-to-date symlink: /home/zmyyy/ZhuMinyi/homework4/robot_action/install/robot_action/include/robot_action/robot_action/action/detail/move__struct.h
-- Up-to-date symlink: /home/zmyyy/ZhuMinyi/homework4/robot_action/install/robot_action/include/robot_action/robot_action/action/detail/move__type_support.h
-- Up-to-date symlink: /home/zmyyy/ZhuMinyi/homework4/robot_action/install/robot_action/include/robot_action/robot_action/action/move.h
-- Up-to-date symlink: /home/zmyyy/ZhuMinyi/homework4/robot_action/install/robot_action/include/robot_action/robot_action/msg/rosidl_generator_c__visibility_control.h
-- Up-to-date symlink: /home/zmyyy/ZhuMinyi/homework4/robot_action/install/robot_action/share/robot_action/environment/library_path.sh
-- Up-to-date symlink: /home/zmyyy/ZhuMinyi/homework4/robot_action/install/robot_action/share/robot_action/environment/library_path.dsv
-- Up-to-date symlink: /home/zmyyy/ZhuMinyi/homework4/robot_action/install/robot_action/include/robot_action/robot_action/action/detail/move__rosidl_typesupport_fastrtps_c.h
-- Up-to-date symlink: /home/zmyyy/ZhuMinyi/homework4/robot_action/install/robot_action/include/robot_action/robot_action/msg/rosidl_typesupport_fastrtps_c__visibility_control.h
-- Up-to-date symlink: /home/zmyyy/ZhuMinyi/homework4/robot_action/install/robot_action/include/robot_action/robot_action/action/detail/move__builder.hpp
-- Up-to-date symlink: /home/zmyyy/ZhuMinyi/homework4/robot_action/install/robot_action/include/robot_action/robot_action/action/detail/move__struct.hpp
-- Up-to-date symlink: /home/zmyyy/ZhuMinyi/homework4/robot_action/install/robot_action/include/robot_action/robot_action/action/detail/move__traits.hpp
-- Up-to-date symlink: /home/zmyyy/ZhuMinyi/homework4/robot_action/install/robot_action/include/robot_action/robot_action/action/move.hpp
-- Up-to-date symlink: /home/zmyyy/ZhuMinyi/homework4/robot_action/install/robot_action/include/robot_action/robot_action/action/detail/move__rosidl_typesupport_fastrtps_cpp.hpp
-- Up-to-date symlink: /home/zmyyy/ZhuMinyi/homework4/robot_action/install/robot_action/include/robot_action/robot_action/msg/rosidl_typesupport_fastrtps_cpp__visibility_control.h
-- Up-to-date symlink: /home/zmyyy/ZhuMinyi/homework4/robot_action/install/robot_action/include/robot_action/robot_action/action/detail/move__rosidl_typesupport_introspection_c.h
-- Up-to-date symlink: /home/zmyyy/ZhuMinyi/homework4/robot_action/install/robot_action/include/robot_action/robot_action/msg/rosidl_typesupport_introspection_c__visibility_control.h
-- Up-to-date symlink: /home/zmyyy/ZhuMinyi/homework4/robot_action/install/robot_action/include/robot_action/robot_action/action/detail/move__rosidl_typesupport_introspection_cpp.hpp
-- Up-to-date symlink: /home/zmyyy/ZhuMinyi/homework4/robot_action/install/robot_action/share/robot_action/environment/pythonpath.sh
-- Up-to-date symlink: /home/zmyyy/ZhuMinyi/homework4/robot_action/install/robot_action/share/robot_action/environment/pythonpath.dsv
-- Up-to-date symlink: /home/zmyyy/ZhuMinyi/homework4/robot_action/install/robot_action/local/lib/python3.10/dist-packages/robot_action-0.0.0-py3.10.egg-info/PKG-INFO
-- Up-to-date symlink: /home/zmyyy/ZhuMinyi/homework4/robot_action/install/robot_action/local/lib/python3.10/dist-packages/robot_action-0.0.0-py3.10.egg-info/SOURCES.txt
-- Up-to-date symlink: /home/zmyyy/ZhuMinyi/homework4/robot_action/install/robot_action/local/lib/python3.10/dist-packages/robot_action-0.0.0-py3.10.egg-info/dependency_links.txt
-- Up-to-date symlink: /home/zmyyy/ZhuMinyi/homework4/robot_action/install/robot_action/local/lib/python3.10/dist-packages/robot_action-0.0.0-py3.10.egg-info/top_level.txt
-- Up-to-date symlink: /home/zmyyy/ZhuMinyi/homework4/robot_action/install/robot_action/local/lib/python3.10/dist-packages/robot_action/__init__.py
-- Up-to-date symlink: /home/zmyyy/ZhuMinyi/homework4/robot_action/install/robot_action/local/lib/python3.10/dist-packages/robot_action/_robot_action_s.ep.rosidl_typesupport_c.c
-- Up-to-date symlink: /home/zmyyy/ZhuMinyi/homework4/robot_action/install/robot_action/local/lib/python3.10/dist-packages/robot_action/_robot_action_s.ep.rosidl_typesupport_fastrtps_c.c
-- Up-to-date symlink: /home/zmyyy/ZhuMinyi/homework4/robot_action/install/robot_action/local/lib/python3.10/dist-packages/robot_action/_robot_action_s.ep.rosidl_typesupport_introspection_c.c
-- Up-to-date symlink: /home/zmyyy/ZhuMinyi/homework4/robot_action/install/robot_action/local/lib/python3.10/dist-packages/robot_action/action/__init__.py
-- Up-to-date symlink: /home/zmyyy/ZhuMinyi/homework4/robot_action/install/robot_action/local/lib/python3.10/dist-packages/robot_action/action/_move.py
-- Up-to-date symlink: /home/zmyyy/ZhuMinyi/homework4/robot_action/install/robot_action/local/lib/python3.10/dist-packages/robot_action/action/_move_s.c
-- Up-to-date symlink: /home/zmyyy/ZhuMinyi/homework4/robot_action/install/robot_action/local/lib/python3.10/dist-packages/robot_action/librobot_action__rosidl_generator_py.so
-- Up-to-date symlink: /home/zmyyy/ZhuMinyi/homework4/robot_action/install/robot_action/local/lib/python3.10/dist-packages/robot_action/robot_action_s__rosidl_typesupport_c.cpython-310-x86_64-linux-gnu.so
-- Up-to-date symlink: /home/zmyyy/ZhuMinyi/homework4/robot_action/install/robot_action/local/lib/python3.10/dist-packages/robot_action/robot_action_s__rosidl_typesupport_fastrtps_c.cpython-310-x86_64-linux-gnu.so
-- Up-to-date symlink: /home/zmyyy/ZhuMinyi/homework4/robot_action/install/robot_action/local/lib/python3.10/dist-packages/robot_action/robot_action_s__rosidl_typesupport_introspection_c.cpython-310-x86_64-linux-gnu.so
-- Up-to-date symlink: /home/zmyyy/ZhuMinyi/homework4/robot_action/install/robot_action/local/lib/python3.10/dist-packages/robot_action/robot_action_s__rosidl_typesupport_fastrtps_c.cpython-310-x86_64-linux-gnu.so
-- Up-to-date symlink: /home/zmyyy/ZhuMinyi/homework4/robot_action/install/robot_action/local/lib/python3.10/dist-packages/robot_action/robot_action_s__rosidl_typesupport_introspection_c.cpython-310-x86_64-linux-gnu.so
-- Up-to-date symlink: /home/zmyyy/ZhuMinyi/homework4/robot_action/install/robot_action/local/lib/python3.10/dist-packages/robot_action/robot_action_s__rosidl_typesupport_c.cpython-310-x86_64-linux-gnu.so
-- Up-to-date symlink: /home/zmyyy/ZhuMinyi/homework4/robot_action/install/robot_action/share/robot_action/action/Move.idl
-- Up-to-date symlink: /home/zmyyy/ZhuMinyi/homework4/robot_action/install/robot_action/share/robot_action/action/Move.action
-- Up-to-date symlink: /home/zmyyy/ZhuMinyi/homework4/robot_action/install/robot_action/share/robot_action/launch/launch.py
-- Up-to-date symlink: /home/zmyyy/ZhuMinyi/homework4/robot_action/install/robot_action/share/robot_action/config/param.yaml
-- Up-to-date symlink: /home/zmyyy/ZhuMinyi/homework4/robot_action/install/robot_action/lib/robot_action/server
-- Up-to-date symlink: /home/zmyyy/ZhuMinyi/homework4/robot_action/install/robot_action/lib/robot_action/client
-- Up-to-date symlink: /home/zmyyy/ZhuMinyi/homework4/robot_action/install/robot_action/share/ament_index/resource_index/package_run_dependencies/robot_action
-- Up-to-date symlink: /home/zmyyy/ZhuMinyi/homework4/robot_action/install/robot_action/share/ament_index/resource_index/parent_prefix_path/robot_action
-- Up-to-date symlink: /home/zmyyy/ZhuMinyi/homework4/robot_action/install/robot_action/share/robot_action/environment/ament_prefix_path.sh
-- Up-to-date symlink: /home/zmyyy/ZhuMinyi/homework4/robot_action/install/robot_action/share/robot_action/environment/ament_prefix_path.dsv
-- Up-to-date symlink: /home/zmyyy/ZhuMinyi/homework4/robot_action/install/robot_action/share/robot_action/environment/path.sh
-- Up-to-date symlink: /home/zmyyy/ZhuMinyi/homework4/robot_action/install/robot_action/share/robot_action/environment/path.dsv
-- Up-to-date symlink: /home/zmyyy/ZhuMinyi/homework4/robot_action/install/robot_action/share/robot_action/local_setup.bash
-- Up-to-date symlink: /home/zmyyy/ZhuMinyi/homework4/robot_action/install/robot_action/share/robot_action/local_setup.sh
-- Up-to-date symlink: /home/zmyyy/ZhuMinyi/homework4/robot_action/install/robot_action/share/robot_action/local_setup.zsh
-- Up-to-date symlink: /home/zmyyy/ZhuMinyi/homework4/robot_action/install/robot_action/share/robot_action/local_setup.dsv
-- Symlinking: /home/zmyyy/ZhuMinyi/homework4/robot_action/install/robot_action/share/robot_action/package.dsv
-- Up-to-date symlink: /home/zmyyy/ZhuMinyi/homework4/robot_action/install/robot_action/share/ament_index/resource_index/packages/robot_action
-- Up-to-date symlink: /home/zmyyy/ZhuMinyi/homework4/robot_action/install/robot_action/share/robot_action/cmake/rosidl_cmake-extras.cmake
-- Up-to-date symlink: /home/zmyyy/ZhuMinyi/homework4/robot_action/install/robot_action/share/robot_action/cmake/ament_cmake_export_dependencies-extras.cmake
-- Up-to-date symlink: /home/zmyyy/ZhuMinyi/homework4/robot_action/install/robot_action/share/robot_action/cmake/ament_cmake_export_include_directories-extras.cmake
-- Up-to-date symlink: /home/zmyyy/ZhuMinyi/homework4/robot_action/install/robot_action/share/robot_action/cmake/ament_cmake_export_libraries-extras.cmake
-- Up-to-date symlink: /home/zmyyy/ZhuMinyi/homework4/robot_action/install/robot_action/share/robot_action/cmake/ament_cmake_export_targets-extras.cmake
-- Up-to-date symlink: /home/zmyyy/ZhuMinyi/homework4/robot_action/install/robot_action/share/robot_action/cmake/rosidl_cmake_export_typesupport_targets-extras.cmake
-- Up-to-date symlink: /home/zmyyy/ZhuMinyi/homework4/robot_action/install/robot_action/share/robot_action/cmake/rosidl_cmake_export_typesupport_libraries-extras.cmake
-- Up-to-date symlink: /home/zmyyy/ZhuMinyi/homework4/robot_action/install/robot_action/share/robot_action/cmake/robot_actionConfig.cmake
-- Up-to-date symlink: /home/zmyyy/ZhuMinyi/homework4/robot_action/install/robot_action/share/robot_action/cmake/robot_actionConfig-version.cmake
-- Up-to-date symlink: /home/zmyyy/ZhuMinyi/homework4/robot_action/install/robot_action/share/robot_action/package.xml
-- Up-to-date: /home/zmyyy/ZhuMinyi/homework4/robot_action/install/robot_action/lib/librobot_action__rosidl_generator_c.so
-- Up-to-date: /home/zmyyy/ZhuMinyi/homework4/robot_action/install/robot_action/lib/librobot_action__rosidl_typesupport_fastrtps_c.so
-- Up-to-date: /home/zmyyy/ZhuMinyi/homework4/robot_action/install/robot_action/lib/librobot_action__rosidl_typesupport_fastrtps_cpp.so
-- Up-to-date: /home/zmyyy/ZhuMinyi/homework4/robot_action/install/robot_action/lib/librobot_action__rosidl_typesupport_introspection_c.so
-- Up-to-date: /home/zmyyy/ZhuMinyi/homework4/robot_action/install/robot_action/lib/librobot_action__rosidl_typesupport_c.so
-- Up-to-date: /home/zmyyy/ZhuMinyi/homework4/robot_action/install/robot_action/lib/librobot_action__rosidl_typesupport_introspection_cpp.so
-- Up-to-date: /home/zmyyy/ZhuMinyi/homework4/robot_action/install/robot_action/lib/librobot_action__rosidl_typesupport_cpp.so
Listing '/home/zmyyy/ZhuMinyi/homework4/robot_action/install/robot_action/local/lib/python3.10/dist-packages/robot_action'...
Listing '/home/zmyyy/ZhuMinyi/homework4/robot_action/install/robot_action/local/lib/python3.10/dist-packages/robot_action/action'...
-- Up-to-date: /home/zmyyy/ZhuMinyi/homework4/robot_action/install/robot_action/lib/librobot_action__rosidl_generator_py.so
-- Up-to-date: /home/zmyyy/ZhuMinyi/homework4/robot_action/install/robot_action/share/robot_action/cmake/export_robot_action__rosidl_generator_cExport.cmake
-- Up-to-date: /home/zmyyy/ZhuMinyi/homework4/robot_action/install/robot_action/share/robot_action/cmake/export_robot_action__rosidl_generator_cExport-noconfig.cmake
-- Up-to-date: /home/zmyyy/ZhuMinyi/homework4/robot_action/install/robot_action/share/robot_action/cmake/export_robot_action__rosidl_typesupport_fastrtps_cExport.cmake
-- Up-to-date: /home/zmyyy/ZhuMinyi/homework4/robot_action/install/robot_action/share/robot_action/cmake/export_robot_action__rosidl_typesupport_fastrtps_cExport-noconfig.cmake
-- Up-to-date: /home/zmyyy/ZhuMinyi/homework4/robot_action/install/robot_action/share/robot_action/cmake/export_robot_action__rosidl_generator_cppExport.cmake
-- Up-to-date: /home/zmyyy/ZhuMinyi/homework4/robot_action/install/robot_action/share/robot_action/cmake/export_robot_action__rosidl_typesupport_fastrtps_cppExport.cmake
-- Up-to-date: /home/zmyyy/ZhuMinyi/homework4/robot_action/install/robot_action/share/robot_action/cmake/export_robot_action__rosidl_typesupport_fastrtps_cppExport-noconfig.cmake
-- Up-to-date: /home/zmyyy/ZhuMinyi/homework4/robot_action/install/robot_action/share/robot_action/cmake/robot_action__rosidl_typesupport_introspection_cExport.cmake
-- Up-to-date: /home/zmyyy/ZhuMinyi/homework4/robot_action/install/robot_action/share/robot_action/cmake/robot_action__rosidl_typesupport_introspection_cExport-noconfig.cmake
-- Up-to-date: /home/zmyyy/ZhuMinyi/homework4/robot_action/install/robot_action/share/robot_action/cmake/robot_action__rosidl_typesupport_cExport.cmake
-- Up-to-date: /home/zmyyy/ZhuMinyi/homework4/robot_action/install/robot_action/share/robot_action/cmake/robot_action__rosidl_typesupport_cExport-noconfig.cmake
-- Up-to-date: /home/zmyyy/ZhuMinyi/homework4/robot_action/install/robot_action/share/robot_action/cmake/robot_action__rosidl_typesupport_introspection_cppExport.cmake
-- Up-to-date: /home/zmyyy/ZhuMinyi/homework4/robot_action/install/robot_action/share/robot_action/cmake/robot_action__rosidl_typesupport_introspection_cppExport-noconfig.cmake
-- Up-to-date: /home/zmyyy/ZhuMinyi/homework4/robot_action/install/robot_action/share/robot_action/cmake/robot_action__rosidl_typesupport_cppExport.cmake
-- Up-to-date: /home/zmyyy/ZhuMinyi/homework4/robot_action/install/robot_action/share/robot_action/cmake/robot_action__rosidl_typesupport_cppExport-noconfig.cmake
-- Up-to-date: /home/zmyyy/ZhuMinyi/homework4/robot_action/install/robot_action/share/robot_action/cmake/export_robot_action__rosidl_generator_pyExport.cmake
-- Up-to-date: /home/zmyyy/ZhuMinyi/homework4/robot_action/install/robot_action/share/robot_action/cmake/export_robot_action__rosidl_generator_pyExport-noconfig.cmake
