[0.006s] Invoking command in '/home/luna/2025-vision-training-master/2025-vision-training-master/homework4/ros_ws/build/divide_interface': CMAKE_PREFIX_PATH=/opt/ros/humble /usr/bin/cmake --build /home/luna/2025-vision-training-master/2025-vision-training-master/homework4/ros_ws/build/divide_interface -- -j32 -l32
[0.032s] [  3%] Built target divide_interface__cpp
[0.035s] [ 12%] Built target divide_interface__rosidl_generator_c
[0.038s] [ 12%] Built target ament_cmake_python_copy_divide_interface
[0.047s] [ 22%] Built target divide_interface__rosidl_typesupport_introspection_cpp
[0.047s] [ 32%] Built target divide_interface__rosidl_typesupport_cpp
[0.047s] [ 41%] Built target divide_interface__rosidl_typesupport_c
[0.048s] [ 51%] Built target divide_interface__rosidl_typesupport_introspection_c
[0.048s] [ 61%] Built target divide_interface__rosidl_typesupport_fastrtps_cpp
[0.049s] [ 70%] Built target divide_interface__rosidl_typesupport_fastrtps_c
[0.056s] [ 70%] Built target divide_interface
[0.064s] [ 74%] Built target divide_interface__py
[0.074s] [ 80%] Built target divide_interface__rosidl_generator_py
[0.083s] [ 87%] Built target divide_interface__rosidl_typesupport_fastrtps_c__pyext
[0.084s] [ 93%] Built target divide_interface__rosidl_typesupport_introspection_c__pyext
[0.084s] [100%] Built target divide_interface__rosidl_typesupport_c__pyext
[0.174s] running egg_info
[0.175s] writing divide_interface.egg-info/PKG-INFO
[0.175s] writing dependency_links to divide_interface.egg-info/dependency_links.txt
[0.175s] writing top-level names to divide_interface.egg-info/top_level.txt
[0.176s] reading manifest file 'divide_interface.egg-info/SOURCES.txt'
[0.177s] writing manifest file 'divide_interface.egg-info/SOURCES.txt'
[0.190s] [100%] Built target ament_cmake_python_build_divide_interface_egg
[0.195s] Invoked command in '/home/luna/2025-vision-training-master/2025-vision-training-master/homework4/ros_ws/build/divide_interface' returned '0': CMAKE_PREFIX_PATH=/opt/ros/humble /usr/bin/cmake --build /home/luna/2025-vision-training-master/2025-vision-training-master/homework4/ros_ws/build/divide_interface -- -j32 -l32
[0.249s] Invoking command in '/home/luna/2025-vision-training-master/2025-vision-training-master/homework4/ros_ws/build/divide_interface': CMAKE_PREFIX_PATH=/opt/ros/humble /usr/bin/cmake --install /home/luna/2025-vision-training-master/2025-vision-training-master/homework4/ros_ws/build/divide_interface
[0.251s] -- Install configuration: ""
[0.252s] -- Up-to-date: /home/luna/2025-vision-training-master/2025-vision-training-master/homework4/ros_ws/install/divide_interface/share/ament_index/resource_index/rosidl_interfaces/divide_interface
[0.252s] -- Up-to-date: /home/luna/2025-vision-training-master/2025-vision-training-master/homework4/ros_ws/install/divide_interface/include/divide_interface/divide_interface
[0.252s] -- Up-to-date: /home/luna/2025-vision-training-master/2025-vision-training-master/homework4/ros_ws/install/divide_interface/include/divide_interface/divide_interface/msg
[0.252s] -- Up-to-date: /home/luna/2025-vision-training-master/2025-vision-training-master/homework4/ros_ws/install/divide_interface/include/divide_interface/divide_interface/msg/rosidl_generator_c__visibility_control.h
[0.252s] -- Up-to-date: /home/luna/2025-vision-training-master/2025-vision-training-master/homework4/ros_ws/install/divide_interface/include/divide_interface/divide_interface/srv
[0.252s] -- Up-to-date: /home/luna/2025-vision-training-master/2025-vision-training-master/homework4/ros_ws/install/divide_interface/include/divide_interface/divide_interface/srv/detail
[0.252s] -- Up-to-date: /home/luna/2025-vision-training-master/2025-vision-training-master/homework4/ros_ws/install/divide_interface/include/divide_interface/divide_interface/srv/detail/divide__functions.c
[0.252s] -- Up-to-date: /home/luna/2025-vision-training-master/2025-vision-training-master/homework4/ros_ws/install/divide_interface/include/divide_interface/divide_interface/srv/detail/divide__type_support.h
[0.252s] -- Up-to-date: /home/luna/2025-vision-training-master/2025-vision-training-master/homework4/ros_ws/install/divide_interface/include/divide_interface/divide_interface/srv/detail/divide__functions.h
[0.252s] -- Up-to-date: /home/luna/2025-vision-training-master/2025-vision-training-master/homework4/ros_ws/install/divide_interface/include/divide_interface/divide_interface/srv/detail/divide__struct.h
[0.252s] -- Up-to-date: /home/luna/2025-vision-training-master/2025-vision-training-master/homework4/ros_ws/install/divide_interface/include/divide_interface/divide_interface/srv/divide.h
[0.252s] -- Up-to-date: /home/luna/2025-vision-training-master/2025-vision-training-master/homework4/ros_ws/install/divide_interface/share/divide_interface/environment/library_path.sh
[0.252s] -- Up-to-date: /home/luna/2025-vision-training-master/2025-vision-training-master/homework4/ros_ws/install/divide_interface/share/divide_interface/environment/library_path.dsv
[0.252s] -- Up-to-date: /home/luna/2025-vision-training-master/2025-vision-training-master/homework4/ros_ws/install/divide_interface/lib/libdivide_interface__rosidl_generator_c.so
[0.252s] -- Up-to-date: /home/luna/2025-vision-training-master/2025-vision-training-master/homework4/ros_ws/install/divide_interface/include/divide_interface/divide_interface
[0.252s] -- Up-to-date: /home/luna/2025-vision-training-master/2025-vision-training-master/homework4/ros_ws/install/divide_interface/include/divide_interface/divide_interface/msg
[0.252s] -- Up-to-date: /home/luna/2025-vision-training-master/2025-vision-training-master/homework4/ros_ws/install/divide_interface/include/divide_interface/divide_interface/msg/rosidl_typesupport_fastrtps_c__visibility_control.h
[0.253s] -- Up-to-date: /home/luna/2025-vision-training-master/2025-vision-training-master/homework4/ros_ws/install/divide_interface/include/divide_interface/divide_interface/srv
[0.253s] -- Up-to-date: /home/luna/2025-vision-training-master/2025-vision-training-master/homework4/ros_ws/install/divide_interface/include/divide_interface/divide_interface/srv/detail
[0.253s] -- Up-to-date: /home/luna/2025-vision-training-master/2025-vision-training-master/homework4/ros_ws/install/divide_interface/include/divide_interface/divide_interface/srv/detail/divide__rosidl_typesupport_fastrtps_c.h
[0.253s] -- Up-to-date: /home/luna/2025-vision-training-master/2025-vision-training-master/homework4/ros_ws/install/divide_interface/lib/libdivide_interface__rosidl_typesupport_fastrtps_c.so
[0.253s] -- Up-to-date: /home/luna/2025-vision-training-master/2025-vision-training-master/homework4/ros_ws/install/divide_interface/include/divide_interface/divide_interface
[0.253s] -- Up-to-date: /home/luna/2025-vision-training-master/2025-vision-training-master/homework4/ros_ws/install/divide_interface/include/divide_interface/divide_interface/msg
[0.253s] -- Up-to-date: /home/luna/2025-vision-training-master/2025-vision-training-master/homework4/ros_ws/install/divide_interface/include/divide_interface/divide_interface/msg/rosidl_typesupport_introspection_c__visibility_control.h
[0.253s] -- Up-to-date: /home/luna/2025-vision-training-master/2025-vision-training-master/homework4/ros_ws/install/divide_interface/include/divide_interface/divide_interface/srv
[0.253s] -- Up-to-date: /home/luna/2025-vision-training-master/2025-vision-training-master/homework4/ros_ws/install/divide_interface/include/divide_interface/divide_interface/srv/detail
[0.253s] -- Up-to-date: /home/luna/2025-vision-training-master/2025-vision-training-master/homework4/ros_ws/install/divide_interface/include/divide_interface/divide_interface/srv/detail/divide__type_support.c
[0.253s] -- Up-to-date: /home/luna/2025-vision-training-master/2025-vision-training-master/homework4/ros_ws/install/divide_interface/include/divide_interface/divide_interface/srv/detail/divide__rosidl_typesupport_introspection_c.h
[0.253s] -- Up-to-date: /home/luna/2025-vision-training-master/2025-vision-training-master/homework4/ros_ws/install/divide_interface/lib/libdivide_interface__rosidl_typesupport_introspection_c.so
[0.253s] -- Up-to-date: /home/luna/2025-vision-training-master/2025-vision-training-master/homework4/ros_ws/install/divide_interface/lib/libdivide_interface__rosidl_typesupport_c.so
[0.253s] -- Up-to-date: /home/luna/2025-vision-training-master/2025-vision-training-master/homework4/ros_ws/install/divide_interface/include/divide_interface/divide_interface
[0.253s] -- Up-to-date: /home/luna/2025-vision-training-master/2025-vision-training-master/homework4/ros_ws/install/divide_interface/include/divide_interface/divide_interface/srv
[0.253s] -- Up-to-date: /home/luna/2025-vision-training-master/2025-vision-training-master/homework4/ros_ws/install/divide_interface/include/divide_interface/divide_interface/srv/divide.hpp
[0.253s] -- Up-to-date: /home/luna/2025-vision-training-master/2025-vision-training-master/homework4/ros_ws/install/divide_interface/include/divide_interface/divide_interface/srv/detail
[0.253s] -- Up-to-date: /home/luna/2025-vision-training-master/2025-vision-training-master/homework4/ros_ws/install/divide_interface/include/divide_interface/divide_interface/srv/detail/divide__struct.hpp
[0.254s] -- Up-to-date: /home/luna/2025-vision-training-master/2025-vision-training-master/homework4/ros_ws/install/divide_interface/include/divide_interface/divide_interface/srv/detail/divide__traits.hpp
[0.254s] -- Up-to-date: /home/luna/2025-vision-training-master/2025-vision-training-master/homework4/ros_ws/install/divide_interface/include/divide_interface/divide_interface/srv/detail/divide__builder.hpp
[0.254s] -- Up-to-date: /home/luna/2025-vision-training-master/2025-vision-training-master/homework4/ros_ws/install/divide_interface/include/divide_interface/divide_interface
[0.254s] -- Up-to-date: /home/luna/2025-vision-training-master/2025-vision-training-master/homework4/ros_ws/install/divide_interface/include/divide_interface/divide_interface/msg
[0.254s] -- Up-to-date: /home/luna/2025-vision-training-master/2025-vision-training-master/homework4/ros_ws/install/divide_interface/include/divide_interface/divide_interface/msg/rosidl_typesupport_fastrtps_cpp__visibility_control.h
[0.254s] -- Up-to-date: /home/luna/2025-vision-training-master/2025-vision-training-master/homework4/ros_ws/install/divide_interface/include/divide_interface/divide_interface/srv
[0.254s] -- Up-to-date: /home/luna/2025-vision-training-master/2025-vision-training-master/homework4/ros_ws/install/divide_interface/include/divide_interface/divide_interface/srv/detail
[0.254s] -- Up-to-date: /home/luna/2025-vision-training-master/2025-vision-training-master/homework4/ros_ws/install/divide_interface/include/divide_interface/divide_interface/srv/detail/divide__rosidl_typesupport_fastrtps_cpp.hpp
[0.254s] -- Up-to-date: /home/luna/2025-vision-training-master/2025-vision-training-master/homework4/ros_ws/install/divide_interface/include/divide_interface/divide_interface/srv/detail/dds_fastrtps
[0.254s] -- Up-to-date: /home/luna/2025-vision-training-master/2025-vision-training-master/homework4/ros_ws/install/divide_interface/lib/libdivide_interface__rosidl_typesupport_fastrtps_cpp.so
[0.254s] -- Up-to-date: /home/luna/2025-vision-training-master/2025-vision-training-master/homework4/ros_ws/install/divide_interface/include/divide_interface/divide_interface
[0.254s] -- Up-to-date: /home/luna/2025-vision-training-master/2025-vision-training-master/homework4/ros_ws/install/divide_interface/include/divide_interface/divide_interface/srv
[0.254s] -- Up-to-date: /home/luna/2025-vision-training-master/2025-vision-training-master/homework4/ros_ws/install/divide_interface/include/divide_interface/divide_interface/srv/detail
[0.254s] -- Up-to-date: /home/luna/2025-vision-training-master/2025-vision-training-master/homework4/ros_ws/install/divide_interface/include/divide_interface/divide_interface/srv/detail/divide__rosidl_typesupport_introspection_cpp.hpp
[0.254s] -- Up-to-date: /home/luna/2025-vision-training-master/2025-vision-training-master/homework4/ros_ws/install/divide_interface/include/divide_interface/divide_interface/srv/detail/divide__type_support.cpp
[0.254s] -- Up-to-date: /home/luna/2025-vision-training-master/2025-vision-training-master/homework4/ros_ws/install/divide_interface/lib/libdivide_interface__rosidl_typesupport_introspection_cpp.so
[0.254s] -- Up-to-date: /home/luna/2025-vision-training-master/2025-vision-training-master/homework4/ros_ws/install/divide_interface/lib/libdivide_interface__rosidl_typesupport_cpp.so
[0.254s] -- Up-to-date: /home/luna/2025-vision-training-master/2025-vision-training-master/homework4/ros_ws/install/divide_interface/share/divide_interface/environment/pythonpath.sh
[0.254s] -- Up-to-date: /home/luna/2025-vision-training-master/2025-vision-training-master/homework4/ros_ws/install/divide_interface/share/divide_interface/environment/pythonpath.dsv
[0.254s] -- Up-to-date: /home/luna/2025-vision-training-master/2025-vision-training-master/homework4/ros_ws/install/divide_interface/local/lib/python3.10/dist-packages/divide_interface-0.0.0-py3.10.egg-info
[0.254s] -- Installing: /home/luna/2025-vision-training-master/2025-vision-training-master/homework4/ros_ws/install/divide_interface/local/lib/python3.10/dist-packages/divide_interface-0.0.0-py3.10.egg-info/SOURCES.txt
[0.254s] -- Installing: /home/luna/2025-vision-training-master/2025-vision-training-master/homework4/ros_ws/install/divide_interface/local/lib/python3.10/dist-packages/divide_interface-0.0.0-py3.10.egg-info/PKG-INFO
[0.254s] -- Installing: /home/luna/2025-vision-training-master/2025-vision-training-master/homework4/ros_ws/install/divide_interface/local/lib/python3.10/dist-packages/divide_interface-0.0.0-py3.10.egg-info/dependency_links.txt
[0.254s] -- Installing: /home/luna/2025-vision-training-master/2025-vision-training-master/homework4/ros_ws/install/divide_interface/local/lib/python3.10/dist-packages/divide_interface-0.0.0-py3.10.egg-info/top_level.txt
[0.254s] -- Up-to-date: /home/luna/2025-vision-training-master/2025-vision-training-master/homework4/ros_ws/install/divide_interface/local/lib/python3.10/dist-packages/divide_interface
[0.254s] -- Up-to-date: /home/luna/2025-vision-training-master/2025-vision-training-master/homework4/ros_ws/install/divide_interface/local/lib/python3.10/dist-packages/divide_interface/_divide_interface_s.ep.rosidl_typesupport_c.c
[0.254s] -- Up-to-date: /home/luna/2025-vision-training-master/2025-vision-training-master/homework4/ros_ws/install/divide_interface/local/lib/python3.10/dist-packages/divide_interface/divide_interface_s__rosidl_typesupport_fastrtps_c.cpython-310-x86_64-linux-gnu.so
[0.254s] -- Up-to-date: /home/luna/2025-vision-training-master/2025-vision-training-master/homework4/ros_ws/install/divide_interface/local/lib/python3.10/dist-packages/divide_interface/srv
[0.254s] -- Up-to-date: /home/luna/2025-vision-training-master/2025-vision-training-master/homework4/ros_ws/install/divide_interface/local/lib/python3.10/dist-packages/divide_interface/srv/_divide.py
[0.254s] -- Up-to-date: /home/luna/2025-vision-training-master/2025-vision-training-master/homework4/ros_ws/install/divide_interface/local/lib/python3.10/dist-packages/divide_interface/srv/_divide_s.c
[0.255s] -- Up-to-date: /home/luna/2025-vision-training-master/2025-vision-training-master/homework4/ros_ws/install/divide_interface/local/lib/python3.10/dist-packages/divide_interface/srv/__init__.py
[0.255s] -- Up-to-date: /home/luna/2025-vision-training-master/2025-vision-training-master/homework4/ros_ws/install/divide_interface/local/lib/python3.10/dist-packages/divide_interface/divide_interface_s__rosidl_typesupport_c.cpython-310-x86_64-linux-gnu.so
[0.255s] -- Up-to-date: /home/luna/2025-vision-training-master/2025-vision-training-master/homework4/ros_ws/install/divide_interface/local/lib/python3.10/dist-packages/divide_interface/divide_interface_s__rosidl_typesupport_introspection_c.cpython-310-x86_64-linux-gnu.so
[0.255s] -- Up-to-date: /home/luna/2025-vision-training-master/2025-vision-training-master/homework4/ros_ws/install/divide_interface/local/lib/python3.10/dist-packages/divide_interface/libdivide_interface__rosidl_generator_py.so
[0.255s] -- Up-to-date: /home/luna/2025-vision-training-master/2025-vision-training-master/homework4/ros_ws/install/divide_interface/local/lib/python3.10/dist-packages/divide_interface/__init__.py
[0.255s] -- Up-to-date: /home/luna/2025-vision-training-master/2025-vision-training-master/homework4/ros_ws/install/divide_interface/local/lib/python3.10/dist-packages/divide_interface/_divide_interface_s.ep.rosidl_typesupport_introspection_c.c
[0.255s] -- Up-to-date: /home/luna/2025-vision-training-master/2025-vision-training-master/homework4/ros_ws/install/divide_interface/local/lib/python3.10/dist-packages/divide_interface/_divide_interface_s.ep.rosidl_typesupport_fastrtps_c.c
[0.273s] Listing '/home/luna/2025-vision-training-master/2025-vision-training-master/homework4/ros_ws/install/divide_interface/local/lib/python3.10/dist-packages/divide_interface'...
[0.273s] Listing '/home/luna/2025-vision-training-master/2025-vision-training-master/homework4/ros_ws/install/divide_interface/local/lib/python3.10/dist-packages/divide_interface/srv'...
[0.276s] -- Up-to-date: /home/luna/2025-vision-training-master/2025-vision-training-master/homework4/ros_ws/install/divide_interface/local/lib/python3.10/dist-packages/divide_interface/divide_interface_s__rosidl_typesupport_fastrtps_c.cpython-310-x86_64-linux-gnu.so
[0.276s] -- Up-to-date: /home/luna/2025-vision-training-master/2025-vision-training-master/homework4/ros_ws/install/divide_interface/local/lib/python3.10/dist-packages/divide_interface/divide_interface_s__rosidl_typesupport_introspection_c.cpython-310-x86_64-linux-gnu.so
[0.277s] -- Up-to-date: /home/luna/2025-vision-training-master/2025-vision-training-master/homework4/ros_ws/install/divide_interface/local/lib/python3.10/dist-packages/divide_interface/divide_interface_s__rosidl_typesupport_c.cpython-310-x86_64-linux-gnu.so
[0.277s] -- Up-to-date: /home/luna/2025-vision-training-master/2025-vision-training-master/homework4/ros_ws/install/divide_interface/lib/libdivide_interface__rosidl_generator_py.so
[0.277s] -- Up-to-date: /home/luna/2025-vision-training-master/2025-vision-training-master/homework4/ros_ws/install/divide_interface/share/divide_interface/srv/Divide.idl
[0.277s] -- Up-to-date: /home/luna/2025-vision-training-master/2025-vision-training-master/homework4/ros_ws/install/divide_interface/share/divide_interface/srv/Divide.srv
[0.277s] -- Up-to-date: /home/luna/2025-vision-training-master/2025-vision-training-master/homework4/ros_ws/install/divide_interface/share/divide_interface/srv/Divide_Request.msg
[0.277s] -- Up-to-date: /home/luna/2025-vision-training-master/2025-vision-training-master/homework4/ros_ws/install/divide_interface/share/divide_interface/srv/Divide_Response.msg
[0.277s] -- Up-to-date: /home/luna/2025-vision-training-master/2025-vision-training-master/homework4/ros_ws/install/divide_interface/share/ament_index/resource_index/package_run_dependencies/divide_interface
[0.277s] -- Up-to-date: /home/luna/2025-vision-training-master/2025-vision-training-master/homework4/ros_ws/install/divide_interface/share/ament_index/resource_index/parent_prefix_path/divide_interface
[0.277s] -- Up-to-date: /home/luna/2025-vision-training-master/2025-vision-training-master/homework4/ros_ws/install/divide_interface/share/divide_interface/environment/ament_prefix_path.sh
[0.277s] -- Up-to-date: /home/luna/2025-vision-training-master/2025-vision-training-master/homework4/ros_ws/install/divide_interface/share/divide_interface/environment/ament_prefix_path.dsv
[0.277s] -- Up-to-date: /home/luna/2025-vision-training-master/2025-vision-training-master/homework4/ros_ws/install/divide_interface/share/divide_interface/environment/path.sh
[0.277s] -- Up-to-date: /home/luna/2025-vision-training-master/2025-vision-training-master/homework4/ros_ws/install/divide_interface/share/divide_interface/environment/path.dsv
[0.277s] -- Up-to-date: /home/luna/2025-vision-training-master/2025-vision-training-master/homework4/ros_ws/install/divide_interface/share/divide_interface/local_setup.bash
[0.277s] -- Up-to-date: /home/luna/2025-vision-training-master/2025-vision-training-master/homework4/ros_ws/install/divide_interface/share/divide_interface/local_setup.sh
[0.277s] -- Up-to-date: /home/luna/2025-vision-training-master/2025-vision-training-master/homework4/ros_ws/install/divide_interface/share/divide_interface/local_setup.zsh
[0.277s] -- Up-to-date: /home/luna/2025-vision-training-master/2025-vision-training-master/homework4/ros_ws/install/divide_interface/share/divide_interface/local_setup.dsv
[0.277s] -- Installing: /home/luna/2025-vision-training-master/2025-vision-training-master/homework4/ros_ws/install/divide_interface/share/divide_interface/package.dsv
[0.277s] -- Up-to-date: /home/luna/2025-vision-training-master/2025-vision-training-master/homework4/ros_ws/install/divide_interface/share/ament_index/resource_index/packages/divide_interface
[0.277s] -- Up-to-date: /home/luna/2025-vision-training-master/2025-vision-training-master/homework4/ros_ws/install/divide_interface/share/divide_interface/cmake/export_divide_interface__rosidl_generator_cExport.cmake
[0.277s] -- Up-to-date: /home/luna/2025-vision-training-master/2025-vision-training-master/homework4/ros_ws/install/divide_interface/share/divide_interface/cmake/export_divide_interface__rosidl_generator_cExport-noconfig.cmake
[0.277s] -- Up-to-date: /home/luna/2025-vision-training-master/2025-vision-training-master/homework4/ros_ws/install/divide_interface/share/divide_interface/cmake/export_divide_interface__rosidl_typesupport_fastrtps_cExport.cmake
[0.277s] -- Up-to-date: /home/luna/2025-vision-training-master/2025-vision-training-master/homework4/ros_ws/install/divide_interface/share/divide_interface/cmake/export_divide_interface__rosidl_typesupport_fastrtps_cExport-noconfig.cmake
[0.277s] -- Up-to-date: /home/luna/2025-vision-training-master/2025-vision-training-master/homework4/ros_ws/install/divide_interface/share/divide_interface/cmake/divide_interface__rosidl_typesupport_introspection_cExport.cmake
[0.278s] -- Up-to-date: /home/luna/2025-vision-training-master/2025-vision-training-master/homework4/ros_ws/install/divide_interface/share/divide_interface/cmake/divide_interface__rosidl_typesupport_introspection_cExport-noconfig.cmake
[0.278s] -- Up-to-date: /home/luna/2025-vision-training-master/2025-vision-training-master/homework4/ros_ws/install/divide_interface/share/divide_interface/cmake/divide_interface__rosidl_typesupport_cExport.cmake
[0.278s] -- Up-to-date: /home/luna/2025-vision-training-master/2025-vision-training-master/homework4/ros_ws/install/divide_interface/share/divide_interface/cmake/divide_interface__rosidl_typesupport_cExport-noconfig.cmake
[0.278s] -- Up-to-date: /home/luna/2025-vision-training-master/2025-vision-training-master/homework4/ros_ws/install/divide_interface/share/divide_interface/cmake/export_divide_interface__rosidl_generator_cppExport.cmake
[0.278s] -- Up-to-date: /home/luna/2025-vision-training-master/2025-vision-training-master/homework4/ros_ws/install/divide_interface/share/divide_interface/cmake/export_divide_interface__rosidl_typesupport_fastrtps_cppExport.cmake
[0.278s] -- Up-to-date: /home/luna/2025-vision-training-master/2025-vision-training-master/homework4/ros_ws/install/divide_interface/share/divide_interface/cmake/export_divide_interface__rosidl_typesupport_fastrtps_cppExport-noconfig.cmake
[0.278s] -- Up-to-date: /home/luna/2025-vision-training-master/2025-vision-training-master/homework4/ros_ws/install/divide_interface/share/divide_interface/cmake/divide_interface__rosidl_typesupport_introspection_cppExport.cmake
[0.278s] -- Up-to-date: /home/luna/2025-vision-training-master/2025-vision-training-master/homework4/ros_ws/install/divide_interface/share/divide_interface/cmake/divide_interface__rosidl_typesupport_introspection_cppExport-noconfig.cmake
[0.278s] -- Up-to-date: /home/luna/2025-vision-training-master/2025-vision-training-master/homework4/ros_ws/install/divide_interface/share/divide_interface/cmake/divide_interface__rosidl_typesupport_cppExport.cmake
[0.278s] -- Up-to-date: /home/luna/2025-vision-training-master/2025-vision-training-master/homework4/ros_ws/install/divide_interface/share/divide_interface/cmake/divide_interface__rosidl_typesupport_cppExport-noconfig.cmake
[0.278s] -- Up-to-date: /home/luna/2025-vision-training-master/2025-vision-training-master/homework4/ros_ws/install/divide_interface/share/divide_interface/cmake/export_divide_interface__rosidl_generator_pyExport.cmake
[0.278s] -- Up-to-date: /home/luna/2025-vision-training-master/2025-vision-training-master/homework4/ros_ws/install/divide_interface/share/divide_interface/cmake/export_divide_interface__rosidl_generator_pyExport-noconfig.cmake
[0.278s] -- Up-to-date: /home/luna/2025-vision-training-master/2025-vision-training-master/homework4/ros_ws/install/divide_interface/share/divide_interface/cmake/rosidl_cmake-extras.cmake
[0.278s] -- Up-to-date: /home/luna/2025-vision-training-master/2025-vision-training-master/homework4/ros_ws/install/divide_interface/share/divide_interface/cmake/ament_cmake_export_include_directories-extras.cmake
[0.278s] -- Up-to-date: /home/luna/2025-vision-training-master/2025-vision-training-master/homework4/ros_ws/install/divide_interface/share/divide_interface/cmake/ament_cmake_export_libraries-extras.cmake
[0.278s] -- Up-to-date: /home/luna/2025-vision-training-master/2025-vision-training-master/homework4/ros_ws/install/divide_interface/share/divide_interface/cmake/ament_cmake_export_targets-extras.cmake
[0.278s] -- Up-to-date: /home/luna/2025-vision-training-master/2025-vision-training-master/homework4/ros_ws/install/divide_interface/share/divide_interface/cmake/rosidl_cmake_export_typesupport_targets-extras.cmake
[0.278s] -- Up-to-date: /home/luna/2025-vision-training-master/2025-vision-training-master/homework4/ros_ws/install/divide_interface/share/divide_interface/cmake/ament_cmake_export_dependencies-extras.cmake
[0.278s] -- Up-to-date: /home/luna/2025-vision-training-master/2025-vision-training-master/homework4/ros_ws/install/divide_interface/share/divide_interface/cmake/rosidl_cmake_export_typesupport_libraries-extras.cmake
[0.278s] -- Up-to-date: /home/luna/2025-vision-training-master/2025-vision-training-master/homework4/ros_ws/install/divide_interface/share/divide_interface/cmake/divide_interfaceConfig.cmake
[0.278s] -- Up-to-date: /home/luna/2025-vision-training-master/2025-vision-training-master/homework4/ros_ws/install/divide_interface/share/divide_interface/cmake/divide_interfaceConfig-version.cmake
[0.278s] -- Up-to-date: /home/luna/2025-vision-training-master/2025-vision-training-master/homework4/ros_ws/install/divide_interface/share/divide_interface/package.xml
[0.279s] Invoked command in '/home/luna/2025-vision-training-master/2025-vision-training-master/homework4/ros_ws/build/divide_interface' returned '0': CMAKE_PREFIX_PATH=/opt/ros/humble /usr/bin/cmake --install /home/luna/2025-vision-training-master/2025-vision-training-master/homework4/ros_ws/build/divide_interface
