[0.423s] DEBUG:colcon:Command line arguments: ['/usr/bin/colcon', 'build', '--symlink-install', '--packages-select', 'robot_action']
[0.423s] DEBUG:colcon:Parsed command line arguments: Namespace(log_base=None, log_level=None, verb_name='build', build_base='build', install_base='install', merge_install=False, symlink_install=True, test_result_base=None, continue_on_error=False, executor='parallel', parallel_workers=20, event_handlers=None, ignore_user_meta=False, metas=['./colcon.meta'], base_paths=['.'], packages_ignore=None, packages_ignore_regex=None, paths=None, packages_up_to=None, packages_up_to_regex=None, packages_above=None, packages_above_and_dependencies=None, packages_above_depth=None, packages_select_by_dep=None, packages_skip_by_dep=None, packages_skip_up_to=None, packages_select_build_failed=False, packages_skip_build_finished=False, packages_select_test_failures=False, packages_skip_test_passed=False, packages_select=['robot_action'], packages_skip=None, packages_select_regex=None, packages_skip_regex=None, packages_start=None, packages_end=None, allow_overriding=[], cmake_args=None, cmake_target=None, cmake_target_skip_unavailable=False, cmake_clean_cache=False, cmake_clean_first=False, cmake_force_configure=False, ament_cmake_args=None, catkin_cmake_args=None, catkin_skip_building_tests=False, verb_parser=<colcon_defaults.argument_parser.defaults.DefaultArgumentsDecorator object at 0x7f985d0c3550>, verb_extension=<colcon_core.verb.build.BuildVerb object at 0x7f985d0c2710>, main=<bound method BuildVerb.main of <colcon_core.verb.build.BuildVerb object at 0x7f985d0c2710>>)
[0.605s] Level 1:colcon.colcon_core.package_discovery:discover_packages(colcon_meta) check parameters
[0.606s] Level 1:colcon.colcon_core.package_discovery:discover_packages(recursive) check parameters
[0.606s] Level 1:colcon.colcon_core.package_discovery:discover_packages(ignore) check parameters
[0.606s] Level 1:colcon.colcon_core.package_discovery:discover_packages(path) check parameters
[0.606s] Level 1:colcon.colcon_core.package_discovery:discover_packages(colcon_meta) discover
[0.606s] Level 1:colcon.colcon_core.package_discovery:discover_packages(recursive) discover
[0.606s] INFO:colcon.colcon_core.package_discovery:Crawling recursively for packages in '/home/zmyyy/ZhuMinyi/homework4/robot_action'
[0.606s] Level 1:colcon.colcon_core.package_identification:_identify(.) by extensions ['ignore', 'ignore_ament_install']
[0.606s] Level 1:colcon.colcon_core.package_identification:_identify(.) by extension 'ignore'
[0.606s] Level 1:colcon.colcon_core.package_identification:_identify(.) by extension 'ignore_ament_install'
[0.606s] Level 1:colcon.colcon_core.package_identification:_identify(.) by extensions ['colcon_pkg']
[0.606s] Level 1:colcon.colcon_core.package_identification:_identify(.) by extension 'colcon_pkg'
[0.606s] Level 1:colcon.colcon_core.package_identification:_identify(.) by extensions ['colcon_meta']
[0.606s] Level 1:colcon.colcon_core.package_identification:_identify(.) by extension 'colcon_meta'
[0.606s] Level 1:colcon.colcon_core.package_identification:_identify(.) by extensions ['ros']
[0.606s] Level 1:colcon.colcon_core.package_identification:_identify(.) by extension 'ros'
[0.627s] DEBUG:colcon.colcon_core.package_identification:Package '.' with type 'ros.ament_cmake' and name 'robot_action'
[0.627s] Level 1:colcon.colcon_core.package_discovery:discover_packages(recursive) using defaults
[0.627s] Level 1:colcon.colcon_core.package_discovery:discover_packages(ignore) discover
[0.627s] Level 1:colcon.colcon_core.package_discovery:discover_packages(ignore) using defaults
[0.627s] Level 1:colcon.colcon_core.package_discovery:discover_packages(path) discover
[0.627s] Level 1:colcon.colcon_core.package_discovery:discover_packages(path) using defaults
[0.649s] Level 1:colcon.colcon_core.package_discovery:discover_packages(prefix_path) check parameters
[0.649s] Level 1:colcon.colcon_core.package_discovery:discover_packages(prefix_path) discover
[0.654s] DEBUG:colcon.colcon_installed_package_information.package_discovery:Found 270 installed packages in /opt/ros/humble
[0.655s] Level 1:colcon.colcon_core.package_discovery:discover_packages(prefix_path) using defaults
[0.712s] Level 5:colcon.colcon_core.verb:set package 'robot_action' build argument 'cmake_args' from command line to 'None'
[0.712s] Level 5:colcon.colcon_core.verb:set package 'robot_action' build argument 'cmake_target' from command line to 'None'
[0.712s] Level 5:colcon.colcon_core.verb:set package 'robot_action' build argument 'cmake_target_skip_unavailable' from command line to 'False'
[0.712s] Level 5:colcon.colcon_core.verb:set package 'robot_action' build argument 'cmake_clean_cache' from command line to 'False'
[0.712s] Level 5:colcon.colcon_core.verb:set package 'robot_action' build argument 'cmake_clean_first' from command line to 'False'
[0.712s] Level 5:colcon.colcon_core.verb:set package 'robot_action' build argument 'cmake_force_configure' from command line to 'False'
[0.712s] Level 5:colcon.colcon_core.verb:set package 'robot_action' build argument 'ament_cmake_args' from command line to 'None'
[0.712s] Level 5:colcon.colcon_core.verb:set package 'robot_action' build argument 'catkin_cmake_args' from command line to 'None'
[0.712s] Level 5:colcon.colcon_core.verb:set package 'robot_action' build argument 'catkin_skip_building_tests' from command line to 'False'
[0.712s] DEBUG:colcon.colcon_core.verb:Building package 'robot_action' with the following arguments: {'ament_cmake_args': None, 'build_base': '/home/zmyyy/ZhuMinyi/homework4/robot_action/build/robot_action', 'catkin_cmake_args': None, 'catkin_skip_building_tests': False, 'cmake_args': None, 'cmake_clean_cache': False, 'cmake_clean_first': False, 'cmake_force_configure': False, 'cmake_target': None, 'cmake_target_skip_unavailable': False, 'install_base': '/home/zmyyy/ZhuMinyi/homework4/robot_action/install/robot_action', 'merge_install': False, 'path': '/home/zmyyy/ZhuMinyi/homework4/robot_action', 'symlink_install': True, 'test_result_base': None}
[0.712s] INFO:colcon.colcon_core.executor:Executing jobs using 'parallel' executor
[0.713s] DEBUG:colcon.colcon_parallel_executor.executor.parallel:run_until_complete
[0.714s] INFO:colcon.colcon_ros.task.ament_cmake.build:Building ROS package in '/home/zmyyy/ZhuMinyi/homework4/robot_action' with build type 'ament_cmake'
[0.714s] INFO:colcon.colcon_cmake.task.cmake.build:Building CMake package in '/home/zmyyy/ZhuMinyi/homework4/robot_action'
[0.720s] INFO:colcon.colcon_core.plugin_system:Skipping extension 'colcon_core.shell.bat': Not used on non-Windows systems
[0.720s] INFO:colcon.colcon_core.shell:Skip shell extension 'powershell' for command environment: Not usable outside of PowerShell
[0.720s] DEBUG:colcon.colcon_core.shell:Skip shell extension 'dsv' for command environment
[0.727s] DEBUG:colcon.colcon_core.event_handler.log_command:Invoking command in '/home/zmyyy/ZhuMinyi/homework4/robot_action/build/robot_action': CMAKE_PREFIX_PATH=/opt/ros/humble WSLENV=ELECTRON_RUN_AS_NODE/w: /usr/bin/cmake /home/zmyyy/ZhuMinyi/homework4/robot_action -DAMENT_CMAKE_SYMLINK_INSTALL=1 -DCMAKE_INSTALL_PREFIX=/home/zmyyy/ZhuMinyi/homework4/robot_action/install/robot_action
[20.402s] DEBUG:colcon.colcon_core.event_handler.log_command:Invoked command in '/home/zmyyy/ZhuMinyi/homework4/robot_action/build/robot_action' returned '0': CMAKE_PREFIX_PATH=/opt/ros/humble WSLENV=ELECTRON_RUN_AS_NODE/w: /usr/bin/cmake /home/zmyyy/ZhuMinyi/homework4/robot_action -DAMENT_CMAKE_SYMLINK_INSTALL=1 -DCMAKE_INSTALL_PREFIX=/home/zmyyy/ZhuMinyi/homework4/robot_action/install/robot_action
[20.404s] DEBUG:colcon.colcon_core.event_handler.log_command:Invoking command in '/home/zmyyy/ZhuMinyi/homework4/robot_action/build/robot_action': CMAKE_PREFIX_PATH=/opt/ros/humble WSLENV=ELECTRON_RUN_AS_NODE/w: /usr/bin/cmake --build /home/zmyyy/ZhuMinyi/homework4/robot_action/build/robot_action -- -j20 -l20
[27.783s] DEBUG:colcon.colcon_core.event_handler.log_command:Invoked command in '/home/zmyyy/ZhuMinyi/homework4/robot_action/build/robot_action' returned '0': CMAKE_PREFIX_PATH=/opt/ros/humble WSLENV=ELECTRON_RUN_AS_NODE/w: /usr/bin/cmake --build /home/zmyyy/ZhuMinyi/homework4/robot_action/build/robot_action -- -j20 -l20
[27.866s] DEBUG:colcon.colcon_core.event_handler.log_command:Invoking command in '/home/zmyyy/ZhuMinyi/homework4/robot_action/build/robot_action': CMAKE_PREFIX_PATH=/opt/ros/humble WSLENV=ELECTRON_RUN_AS_NODE/w: /usr/bin/cmake --install /home/zmyyy/ZhuMinyi/homework4/robot_action/build/robot_action
[28.456s] Level 1:colcon.colcon_core.environment:create_environment_scripts_only(robot_action)
[28.457s] DEBUG:colcon.colcon_core.event_handler.log_command:Invoked command in '/home/zmyyy/ZhuMinyi/homework4/robot_action/build/robot_action' returned '0': CMAKE_PREFIX_PATH=/opt/ros/humble WSLENV=ELECTRON_RUN_AS_NODE/w: /usr/bin/cmake --install /home/zmyyy/ZhuMinyi/homework4/robot_action/build/robot_action
[28.463s] Level 1:colcon.colcon_core.environment:checking '/home/zmyyy/ZhuMinyi/homework4/robot_action/install/robot_action' for CMake module files
[28.464s] Level 1:colcon.colcon_core.environment:checking '/home/zmyyy/ZhuMinyi/homework4/robot_action/install/robot_action' for CMake config files
[28.464s] Level 1:colcon.colcon_core.shell:create_environment_hook('robot_action', 'cmake_prefix_path')
[28.464s] INFO:colcon.colcon_core.shell:Creating environment hook '/home/zmyyy/ZhuMinyi/homework4/robot_action/install/robot_action/share/robot_action/hook/cmake_prefix_path.ps1'
[28.465s] INFO:colcon.colcon_core.shell:Creating environment descriptor '/home/zmyyy/ZhuMinyi/homework4/robot_action/install/robot_action/share/robot_action/hook/cmake_prefix_path.dsv'
[28.466s] INFO:colcon.colcon_core.shell:Creating environment hook '/home/zmyyy/ZhuMinyi/homework4/robot_action/install/robot_action/share/robot_action/hook/cmake_prefix_path.sh'
[28.467s] Level 1:colcon.colcon_core.environment:checking '/home/zmyyy/ZhuMinyi/homework4/robot_action/install/robot_action/lib'
[28.467s] Level 1:colcon.colcon_core.shell:create_environment_hook('robot_action', 'ld_library_path_lib')
[28.467s] INFO:colcon.colcon_core.shell:Creating environment hook '/home/zmyyy/ZhuMinyi/homework4/robot_action/install/robot_action/share/robot_action/hook/ld_library_path_lib.ps1'
[28.467s] INFO:colcon.colcon_core.shell:Creating environment descriptor '/home/zmyyy/ZhuMinyi/homework4/robot_action/install/robot_action/share/robot_action/hook/ld_library_path_lib.dsv'
[28.468s] INFO:colcon.colcon_core.shell:Creating environment hook '/home/zmyyy/ZhuMinyi/homework4/robot_action/install/robot_action/share/robot_action/hook/ld_library_path_lib.sh'
[28.468s] Level 1:colcon.colcon_core.environment:checking '/home/zmyyy/ZhuMinyi/homework4/robot_action/install/robot_action/bin'
[28.468s] Level 1:colcon.colcon_core.environment:checking '/home/zmyyy/ZhuMinyi/homework4/robot_action/install/robot_action/lib/pkgconfig/robot_action.pc'
[28.468s] Level 1:colcon.colcon_core.environment:checking '/home/zmyyy/ZhuMinyi/homework4/robot_action/install/robot_action/lib/python3.10/site-packages'
[28.468s] Level 1:colcon.colcon_core.environment:checking '/home/zmyyy/ZhuMinyi/homework4/robot_action/install/robot_action/bin'
[28.469s] INFO:colcon.colcon_core.shell:Creating package script '/home/zmyyy/ZhuMinyi/homework4/robot_action/install/robot_action/share/robot_action/package.ps1'
[28.470s] INFO:colcon.colcon_core.shell:Creating package descriptor '/home/zmyyy/ZhuMinyi/homework4/robot_action/install/robot_action/share/robot_action/package.dsv'
[28.471s] INFO:colcon.colcon_core.shell:Creating package script '/home/zmyyy/ZhuMinyi/homework4/robot_action/install/robot_action/share/robot_action/package.sh'
[28.472s] INFO:colcon.colcon_core.shell:Creating package script '/home/zmyyy/ZhuMinyi/homework4/robot_action/install/robot_action/share/robot_action/package.bash'
[28.473s] INFO:colcon.colcon_core.shell:Creating package script '/home/zmyyy/ZhuMinyi/homework4/robot_action/install/robot_action/share/robot_action/package.zsh'
[28.475s] Level 1:colcon.colcon_core.environment:create_file_with_runtime_dependencies(/home/zmyyy/ZhuMinyi/homework4/robot_action/install/robot_action/share/colcon-core/packages/robot_action)
[28.532s] Level 1:colcon.colcon_core.environment:create_environment_scripts_only(robot_action)
[28.532s] Level 1:colcon.colcon_core.environment:checking '/home/zmyyy/ZhuMinyi/homework4/robot_action/install/robot_action' for CMake module files
[28.532s] Level 1:colcon.colcon_core.environment:checking '/home/zmyyy/ZhuMinyi/homework4/robot_action/install/robot_action' for CMake config files
[28.533s] Level 1:colcon.colcon_core.shell:create_environment_hook('robot_action', 'cmake_prefix_path')
[28.533s] INFO:colcon.colcon_core.shell:Creating environment hook '/home/zmyyy/ZhuMinyi/homework4/robot_action/install/robot_action/share/robot_action/hook/cmake_prefix_path.ps1'
[28.534s] INFO:colcon.colcon_core.shell:Creating environment descriptor '/home/zmyyy/ZhuMinyi/homework4/robot_action/install/robot_action/share/robot_action/hook/cmake_prefix_path.dsv'
[28.534s] INFO:colcon.colcon_core.shell:Creating environment hook '/home/zmyyy/ZhuMinyi/homework4/robot_action/install/robot_action/share/robot_action/hook/cmake_prefix_path.sh'
[28.535s] Level 1:colcon.colcon_core.environment:checking '/home/zmyyy/ZhuMinyi/homework4/robot_action/install/robot_action/lib'
[28.535s] Level 1:colcon.colcon_core.shell:create_environment_hook('robot_action', 'ld_library_path_lib')
[28.535s] INFO:colcon.colcon_core.shell:Creating environment hook '/home/zmyyy/ZhuMinyi/homework4/robot_action/install/robot_action/share/robot_action/hook/ld_library_path_lib.ps1'
[28.536s] INFO:colcon.colcon_core.shell:Creating environment descriptor '/home/zmyyy/ZhuMinyi/homework4/robot_action/install/robot_action/share/robot_action/hook/ld_library_path_lib.dsv'
[28.536s] INFO:colcon.colcon_core.shell:Creating environment hook '/home/zmyyy/ZhuMinyi/homework4/robot_action/install/robot_action/share/robot_action/hook/ld_library_path_lib.sh'
[28.536s] Level 1:colcon.colcon_core.environment:checking '/home/zmyyy/ZhuMinyi/homework4/robot_action/install/robot_action/bin'
[28.537s] Level 1:colcon.colcon_core.environment:checking '/home/zmyyy/ZhuMinyi/homework4/robot_action/install/robot_action/lib/pkgconfig/robot_action.pc'
[28.537s] Level 1:colcon.colcon_core.environment:checking '/home/zmyyy/ZhuMinyi/homework4/robot_action/install/robot_action/lib/python3.10/site-packages'
[28.537s] Level 1:colcon.colcon_core.environment:checking '/home/zmyyy/ZhuMinyi/homework4/robot_action/install/robot_action/bin'
[28.537s] INFO:colcon.colcon_core.shell:Creating package script '/home/zmyyy/ZhuMinyi/homework4/robot_action/install/robot_action/share/robot_action/package.ps1'
[28.538s] INFO:colcon.colcon_core.shell:Creating package descriptor '/home/zmyyy/ZhuMinyi/homework4/robot_action/install/robot_action/share/robot_action/package.dsv'
[28.538s] INFO:colcon.colcon_core.shell:Creating package script '/home/zmyyy/ZhuMinyi/homework4/robot_action/install/robot_action/share/robot_action/package.sh'
[28.539s] INFO:colcon.colcon_core.shell:Creating package script '/home/zmyyy/ZhuMinyi/homework4/robot_action/install/robot_action/share/robot_action/package.bash'
[28.540s] INFO:colcon.colcon_core.shell:Creating package script '/home/zmyyy/ZhuMinyi/homework4/robot_action/install/robot_action/share/robot_action/package.zsh'
[28.540s] Level 1:colcon.colcon_core.environment:create_file_with_runtime_dependencies(/home/zmyyy/ZhuMinyi/homework4/robot_action/install/robot_action/share/colcon-core/packages/robot_action)
[28.540s] DEBUG:colcon.colcon_parallel_executor.executor.parallel:closing loop
[28.541s] DEBUG:colcon.colcon_parallel_executor.executor.parallel:loop closed
[28.541s] DEBUG:colcon.colcon_parallel_executor.executor.parallel:run_until_complete finished with '0'
[28.541s] DEBUG:colcon.colcon_core.event_reactor:joining thread
[28.635s] INFO:colcon.colcon_core.plugin_system:Skipping extension 'colcon_notification.desktop_notification.notify_send': Could not find 'notify-send'
[28.635s] INFO:colcon.colcon_core.plugin_system:Skipping extension 'colcon_notification.desktop_notification.terminal_notifier': Not used on non-Darwin systems
[28.635s] INFO:colcon.colcon_core.plugin_system:Skipping extension 'colcon_notification.desktop_notification.win32': Not used on non-Windows systems
[28.635s] INFO:colcon.colcon_notification.desktop_notification:Sending desktop notification using 'notify2'
[28.635s] DEBUG:colcon.colcon_notification.desktop_notification.notify2:Failed to initialize notify2: org.freedesktop.DBus.Error.FileNotFound: Failed to connect to socket /run/user/1000/bus: No such file or directory
[28.636s] DEBUG:colcon.colcon_core.event_reactor:joined thread
[28.636s] INFO:colcon.colcon_core.shell:Creating prefix script '/home/zmyyy/ZhuMinyi/homework4/robot_action/install/local_setup.ps1'
[28.637s] INFO:colcon.colcon_core.shell:Creating prefix util module '/home/zmyyy/ZhuMinyi/homework4/robot_action/install/_local_setup_util_ps1.py'
[28.639s] INFO:colcon.colcon_core.shell:Creating prefix chain script '/home/zmyyy/ZhuMinyi/homework4/robot_action/install/setup.ps1'
[28.640s] INFO:colcon.colcon_core.shell:Creating prefix script '/home/zmyyy/ZhuMinyi/homework4/robot_action/install/local_setup.sh'
[28.642s] INFO:colcon.colcon_core.shell:Creating prefix util module '/home/zmyyy/ZhuMinyi/homework4/robot_action/install/_local_setup_util_sh.py'
[28.642s] INFO:colcon.colcon_core.shell:Creating prefix chain script '/home/zmyyy/ZhuMinyi/homework4/robot_action/install/setup.sh'
[28.643s] INFO:colcon.colcon_core.shell:Creating prefix script '/home/zmyyy/ZhuMinyi/homework4/robot_action/install/local_setup.bash'
[28.644s] INFO:colcon.colcon_core.shell:Creating prefix chain script '/home/zmyyy/ZhuMinyi/homework4/robot_action/install/setup.bash'
[28.646s] INFO:colcon.colcon_core.shell:Creating prefix script '/home/zmyyy/ZhuMinyi/homework4/robot_action/install/local_setup.zsh'
[28.646s] INFO:colcon.colcon_core.shell:Creating prefix chain script '/home/zmyyy/ZhuMinyi/homework4/robot_action/install/setup.zsh'
