[35m[1mConsolidate compiler generated dependencies of target server[0m
[35m[1mConsolidate compiler generated dependencies of target client[0m
[ 50%] [32mBuilding CXX object CMakeFiles/client.dir/src/client.cpp.o[0m
[ 50%] [32mBuilding CXX object CMakeFiles/server.dir/src/server.cpp.o[0m
In file included from [01m[K/opt/ros/humble/include/rclcpp/rclcpp/logging.hpp:24[m[K,
                 from [01m[K/opt/ros/humble/include/rclcpp/rclcpp/client.hpp:40[m[K,
                 from [01m[K/opt/ros/humble/include/rclcpp/rclcpp/callback_group.hpp:24[m[K,
                 from [01m[K/opt/ros/humble/include/rclcpp/rclcpp/any_executable.hpp:20[m[K,
                 from [01m[K/opt/ros/humble/include/rclcpp/rclcpp/memory_strategy.hpp:25[m[K,
                 from [01m[K/opt/ros/humble/include/rclcpp/rclcpp/memory_strategies.hpp:18[m[K,
                 from [01m[K/opt/ros/humble/include/rclcpp/rclcpp/executor_options.hpp:20[m[K,
                 from [01m[K/opt/ros/humble/include/rclcpp/rclcpp/executor.hpp:37[m[K,
                 from [01m[K/opt/ros/humble/include/rclcpp/rclcpp/executors/multi_threaded_executor.hpp:25[m[K,
                 from [01m[K/opt/ros/humble/include/rclcpp/rclcpp/executors.hpp:21[m[K,
                 from [01m[K/opt/ros/humble/include/rclcpp/rclcpp/rclcpp.hpp:155[m[K,
                 from [01m[K/home/luna/robomaster/2025-vision-training/Wenxiang Shi/homework4/ros_ws/src/divide_package/src/client.cpp:1[m[K:
[01m[K/home/luna/robomaster/2025-vision-training/Wenxiang Shi/homework4/ros_ws/src/divide_package/src/client.cpp:[m[K In constructor ‘[01m[KDivideClientNode::DivideClientNode(int, int)[m[K’:
[01m[K/home/luna/robomaster/2025-vision-training/Wenxiang Shi/homework4/ros_ws/src/divide_package/src/client.cpp:17:60:[m[K [01;31m[Kerror: [m[K‘[01m[Kname[m[K’ was not declared in this scope; did you mean ‘[01m[Krosidl_generator_traits::name[m[K’?
   17 |         RCLCPP_INFO(this->get_logger(), "节点已启动：%s.", [01;31m[Kname[m[K.c_str());
      |                                                            [01;31m[K^~~~[m[K
In file included from [01m[K/opt/ros/humble/include/builtin_interfaces/builtin_interfaces/msg/detail/duration__traits.hpp:15[m[K,
                 from [01m[K/opt/ros/humble/include/builtin_interfaces/builtin_interfaces/msg/duration.hpp:9[m[K,
                 from [01m[K/opt/ros/humble/include/rclcpp/rclcpp/duration.hpp:20[m[K,
                 from [01m[K/opt/ros/humble/include/rclcpp/rclcpp/qos.hpp:20[m[K,
                 from [01m[K/opt/ros/humble/include/rclcpp/rclcpp/node_interfaces/node_graph_interface.hpp:32[m[K,
                 from [01m[K/opt/ros/humble/include/rclcpp/rclcpp/client.hpp:42[m[K,
                 from [01m[K/opt/ros/humble/include/rclcpp/rclcpp/callback_group.hpp:24[m[K,
                 from [01m[K/opt/ros/humble/include/rclcpp/rclcpp/any_executable.hpp:20[m[K,
                 from [01m[K/opt/ros/humble/include/rclcpp/rclcpp/memory_strategy.hpp:25[m[K,
                 from [01m[K/opt/ros/humble/include/rclcpp/rclcpp/memory_strategies.hpp:18[m[K,
                 from [01m[K/opt/ros/humble/include/rclcpp/rclcpp/executor_options.hpp:20[m[K,
                 from [01m[K/opt/ros/humble/include/rclcpp/rclcpp/executor.hpp:37[m[K,
                 from [01m[K/opt/ros/humble/include/rclcpp/rclcpp/executors/multi_threaded_executor.hpp:25[m[K,
                 from [01m[K/opt/ros/humble/include/rclcpp/rclcpp/executors.hpp:21[m[K,
                 from [01m[K/opt/ros/humble/include/rclcpp/rclcpp/rclcpp.hpp:155[m[K,
                 from [01m[K/home/luna/robomaster/2025-vision-training/Wenxiang Shi/homework4/ros_ws/src/divide_package/src/client.cpp:1[m[K:
[01m[K/opt/ros/humble/include/rosidl_runtime_cpp/rosidl_runtime_cpp/traits.hpp:155:21:[m[K [01;36m[Knote: [m[K‘[01m[Krosidl_generator_traits::name[m[K’ declared here
  155 | inline const char * [01;36m[Kname[m[K();
      |                     [01;36m[K^~~~[m[K
gmake[2]: *** [CMakeFiles/client.dir/build.make:76: CMakeFiles/client.dir/src/client.cpp.o] Error 1
gmake[1]: *** [CMakeFiles/Makefile2:165: CMakeFiles/client.dir/all] Error 2
gmake[1]: *** Waiting for unfinished jobs....
[ 75%] [32m[1mLinking CXX executable server[0m
[ 75%] Built target server
gmake: *** [Makefile:146: all] Error 2
