-- The C compiler identification is GNU 11.4.0
-- The CXX compiler identification is GNU 11.4.0
-- Detecting C compiler ABI info
-- Detecting C compiler ABI info - done
-- Check for working C compiler: /usr/bin/cc - skipped
-- Detecting C compile features
-- Detecting C compile features - done
-- Detecting CXX compiler ABI info
-- Detecting CXX compiler ABI info - done
-- Check for working CXX compiler: /usr/bin/c++ - skipped
-- Detecting CXX compile features
-- Detecting CXX compile features - done
-- Found ament_cmake: 1.3.10 (/opt/ros/humble/share/ament_cmake/cmake)
-- Found Python3: /usr/bin/python3 (found version "3.10.12") found components: Interpreter 
-- Found rclcpp: 16.0.10 (/opt/ros/humble/share/rclcpp/cmake)
-- Found rosidl_generator_c: 3.1.5 (/opt/ros/humble/share/rosidl_generator_c/cmake)
-- Found rosidl_adapter: 3.1.5 (/opt/ros/humble/share/rosidl_adapter/cmake)
-- Found rosidl_generator_cpp: 3.1.5 (/opt/ros/humble/share/rosidl_generator_cpp/cmake)
-- Using all available rosidl_typesupport_c: rosidl_typesupport_fastrtps_c;rosidl_typesupport_introspection_c
-- Using all available rosidl_typesupport_cpp: rosidl_typesupport_fastrtps_cpp;rosidl_typesupport_introspection_cpp
-- Found rmw_implementation_cmake: 6.1.2 (/opt/ros/humble/share/rmw_implementation_cmake/cmake)
-- Found rmw_fastrtps_cpp: 6.2.7 (/opt/ros/humble/share/rmw_fastrtps_cpp/cmake)
-- Found OpenSSL: /usr/lib/x86_64-linux-gnu/libcrypto.so (found version "3.0.2")  
-- Found FastRTPS: /opt/ros/humble/include  
-- Using RMW implementation 'rmw_fastrtps_cpp' as default
-- Looking for pthread.h
-- Looking for pthread.h - found
-- Performing Test CMAKE_HAVE_LIBC_PTHREAD
-- Performing Test CMAKE_HAVE_LIBC_PTHREAD - Success
-- Found Threads: TRUE  
-- Found rclcpp_action: 16.0.10 (/opt/ros/humble/share/rclcpp_action/cmake)
-- Found action_interfaces: 0.0.0 (/home/rm-jiaolong/Workspace/homework4/task2/install/action_interfaces/share/action_interfaces/cmake)
-- Found ament_lint_auto: 0.12.11 (/opt/ros/humble/share/ament_lint_auto/cmake)
-- Added test 'cppcheck' to perform static code analysis on C / C++ code
-- Configured cppcheck include dirs: $<BUILD_INTERFACE:/home/rm-jiaolong/Workspace/homework4/task2/src/action_demo/include>
-- Configured cppcheck exclude dirs and/or files: 
-- Added test 'lint_cmake' to check CMake code style
-- Added test 'uncrustify' to check C / C++ code style
-- Configured uncrustify additional arguments: 
-- Added test 'xmllint' to check XML markup files
-- Configuring done
-- Generating done
-- Build files have been written to: /home/rm-jiaolong/Workspace/homework4/task2/build/action_demo
[ 20%] [32mBuilding CXX object CMakeFiles/action_robot.dir/src/action_robot.cpp.o[0m
[ 40%] [32mBuilding CXX object CMakeFiles/action_control.dir/src/action_control.cpp.o[0m
[ 60%] [32mBuilding CXX object CMakeFiles/action_robot.dir/src/robot.cpp.o[0m
[ 80%] [32m[1mLinking CXX executable action_robot[0m
[ 80%] Built target action_robot
[100%] [32m[1mLinking CXX executable action_control[0m
[100%] Built target action_control
-- Install configuration: ""
-- Installing: /home/rm-jiaolong/Workspace/homework4/task2/install/action_demo/lib/action_demo/action_robot
-- Set runtime path of "/home/rm-jiaolong/Workspace/homework4/task2/install/action_demo/lib/action_demo/action_robot" to ""
-- Installing: /home/rm-jiaolong/Workspace/homework4/task2/install/action_demo/lib/action_demo/action_control
-- Set runtime path of "/home/rm-jiaolong/Workspace/homework4/task2/install/action_demo/lib/action_demo/action_control" to ""
-- Installing: /home/rm-jiaolong/Workspace/homework4/task2/install/action_demo/share/ament_index/resource_index/package_run_dependencies/action_demo
-- Installing: /home/rm-jiaolong/Workspace/homework4/task2/install/action_demo/share/ament_index/resource_index/parent_prefix_path/action_demo
-- Installing: /home/rm-jiaolong/Workspace/homework4/task2/install/action_demo/share/action_demo/environment/ament_prefix_path.sh
-- Installing: /home/rm-jiaolong/Workspace/homework4/task2/install/action_demo/share/action_demo/environment/ament_prefix_path.dsv
-- Installing: /home/rm-jiaolong/Workspace/homework4/task2/install/action_demo/share/action_demo/environment/path.sh
-- Installing: /home/rm-jiaolong/Workspace/homework4/task2/install/action_demo/share/action_demo/environment/path.dsv
-- Installing: /home/rm-jiaolong/Workspace/homework4/task2/install/action_demo/share/action_demo/local_setup.bash
-- Installing: /home/rm-jiaolong/Workspace/homework4/task2/install/action_demo/share/action_demo/local_setup.sh
-- Installing: /home/rm-jiaolong/Workspace/homework4/task2/install/action_demo/share/action_demo/local_setup.zsh
-- Installing: /home/rm-jiaolong/Workspace/homework4/task2/install/action_demo/share/action_demo/local_setup.dsv
-- Installing: /home/rm-jiaolong/Workspace/homework4/task2/install/action_demo/share/action_demo/package.dsv
-- Installing: /home/rm-jiaolong/Workspace/homework4/task2/install/action_demo/share/ament_index/resource_index/packages/action_demo
-- Installing: /home/rm-jiaolong/Workspace/homework4/task2/install/action_demo/share/action_demo/cmake/action_demoConfig.cmake
-- Installing: /home/rm-jiaolong/Workspace/homework4/task2/install/action_demo/share/action_demo/cmake/action_demoConfig-version.cmake
-- Installing: /home/rm-jiaolong/Workspace/homework4/task2/install/action_demo/share/action_demo/package.xml
