[0.008s] Invoking command in '/home/luna/2025-vision-training-master (1)/2025-vision-training-master/homework4/ros_ws/build/example_service_rclcpp': CMAKE_PREFIX_PATH=/opt/ros/humble /usr/bin/cmake --build /home/luna/2025-vision-training-master (1)/2025-vision-training-master/homework4/ros_ws/build/example_service_rclcpp -- -j32 -l32
[0.022s] -- Found ament_cmake: 1.3.10 (/opt/ros/humble/share/ament_cmake/cmake)
[0.205s] -- Found rclcpp: 16.0.10 (/opt/ros/humble/share/rclcpp/cmake)
[0.229s] -- Found rosidl_generator_c: 3.1.5 (/opt/ros/humble/share/rosidl_generator_c/cmake)
[0.231s] -- Found rosidl_adapter: 3.1.5 (/opt/ros/humble/share/rosidl_adapter/cmake)
[0.236s] -- Found rosidl_generator_cpp: 3.1.5 (/opt/ros/humble/share/rosidl_generator_cpp/cmake)
[0.244s] -- Using all available rosidl_typesupport_c: rosidl_typesupport_fastrtps_c;rosidl_typesupport_introspection_c
[0.255s] -- Using all available rosidl_typesupport_cpp: rosidl_typesupport_fastrtps_cpp;rosidl_typesupport_introspection_cpp
[0.282s] -- Found rmw_implementation_cmake: 6.1.2 (/opt/ros/humble/share/rmw_implementation_cmake/cmake)
[0.283s] -- Found rmw_fastrtps_cpp: 6.2.7 (/opt/ros/humble/share/rmw_fastrtps_cpp/cmake)
[0.358s] -- Using RMW implementation 'rmw_fastrtps_cpp' as default
[0.402s] -- Found rosidl_default_generators: 1.2.0 (/opt/ros/humble/share/rosidl_default_generators/cmake)
[0.717s] -- Found ament_cmake_ros: 0.10.0 (/opt/ros/humble/share/ament_cmake_ros/cmake)
[1.310s] -- Using all available rosidl_typesupport_c: rosidl_typesupport_fastrtps_c;rosidl_typesupport_introspection_c
[1.547s] -- Using all available rosidl_typesupport_cpp: rosidl_typesupport_fastrtps_cpp;rosidl_typesupport_introspection_cpp
[1.548s] [33mCMake Warning (dev) at /opt/ros/humble/share/rosidl_generator_py/cmake/rosidl_generator_py_generate_interfaces.cmake:20 (find_package):
[1.548s]   Policy CMP0148 is not set: The FindPythonInterp and FindPythonLibs modules
[1.548s]   are removed.  Run "cmake --help-policy CMP0148" for policy details.  Use
[1.548s]   the cmake_policy command to set the policy and suppress this warning.
[1.548s] 
[1.548s] Call Stack (most recent call first):
[1.548s]   /opt/ros/humble/share/ament_cmake_core/cmake/core/ament_execute_extensions.cmake:48 (include)
[1.548s]   /opt/ros/humble/share/rosidl_cmake/cmake/rosidl_generate_interfaces.cmake:286 (ament_execute_extensions)
[1.548s]   CMakeLists.txt:9 (rosidl_generate_interfaces)
[1.549s] This warning is for project developers.  Use -Wno-dev to suppress it.
[1.549s] [0m
[1.562s] -- Found python_cmake_module: 0.10.0 (/opt/ros/humble/share/python_cmake_module/cmake)
[1.563s] [33mCMake Warning (dev) at /opt/ros/humble/share/python_cmake_module/cmake/Modules/FindPythonExtra.cmake:52 (find_package):
[1.563s]   Policy CMP0148 is not set: The FindPythonInterp and FindPythonLibs modules
[1.563s]   are removed.  Run "cmake --help-policy CMP0148" for policy details.  Use
[1.563s]   the cmake_policy command to set the policy and suppress this warning.
[1.563s] 
[1.563s] Call Stack (most recent call first):
[1.563s]   /opt/ros/humble/share/rosidl_generator_py/cmake/rosidl_generator_py_generate_interfaces.cmake:23 (find_package)
[1.563s]   /opt/ros/humble/share/ament_cmake_core/cmake/core/ament_execute_extensions.cmake:48 (include)
[1.563s]   /opt/ros/humble/share/rosidl_cmake/cmake/rosidl_generate_interfaces.cmake:286 (ament_execute_extensions)
[1.563s]   CMakeLists.txt:9 (rosidl_generate_interfaces)
[1.563s] This warning is for project developers.  Use -Wno-dev to suppress it.
[1.563s] [0m
[1.576s] [33mCMake Warning (dev) at /opt/ros/humble/share/python_cmake_module/cmake/Modules/FindPythonExtra.cmake:140 (find_package):
[1.576s]   Policy CMP0148 is not set: The FindPythonInterp and FindPythonLibs modules
[1.576s]   are removed.  Run "cmake --help-policy CMP0148" for policy details.  Use
[1.576s]   the cmake_policy command to set the policy and suppress this warning.
[1.576s] 
[1.576s] Call Stack (most recent call first):
[1.577s]   /opt/ros/humble/share/rosidl_generator_py/cmake/rosidl_generator_py_generate_interfaces.cmake:23 (find_package)
[1.577s]   /opt/ros/humble/share/ament_cmake_core/cmake/core/ament_execute_extensions.cmake:48 (include)
[1.577s]   /opt/ros/humble/share/rosidl_cmake/cmake/rosidl_generate_interfaces.cmake:286 (ament_execute_extensions)
[1.577s]   CMakeLists.txt:9 (rosidl_generate_interfaces)
[1.577s] This warning is for project developers.  Use -Wno-dev to suppress it.
[1.577s] [0m
[1.578s] -- Using PYTHON_EXECUTABLE: /usr/bin/python3
[1.578s] -- Using PYTHON_INCLUDE_DIRS: /usr/include/python3.10
[1.578s] -- Using PYTHON_LIBRARIES: /usr/lib/x86_64-linux-gnu/libpython3.10.so
[1.588s] -- Configuring done (1.6s)
[1.591s] [31mCMake Error at CMakeLists.txt:19 (add_executable):
[1.591s]   Cannot find source file:
[1.591s] 
[1.591s]     src/divide_service.cpp
[1.591s] 
[1.591s]   Tried extensions .c .C .c++ .cc .cpp .cxx .cu .mpp .m .M .mm .ixx .cppm
[1.591s]   .ccm .cxxm .c++m .h .hh .h++ .hm .hpp .hxx .in .txx .f .F .for .f77 .f90
[1.591s]   .f95 .f03 .hip .ispc
[1.591s] 
[1.591s] [0m
[1.592s] [31mCMake Error at CMakeLists.txt:19 (add_executable):
[1.592s]   No SOURCES given to target: divide_service
[1.592s] 
[1.592s] [0m
[1.593s] [0mCMake Generate step failed.  Build files cannot be regenerated correctly.[0m
[1.598s] gmake: *** [Makefile:829: cmake_check_build_system] Error 1
[1.600s] Invoked command in '/home/luna/2025-vision-training-master (1)/2025-vision-training-master/homework4/ros_ws/build/example_service_rclcpp' returned '2': CMAKE_PREFIX_PATH=/opt/ros/humble /usr/bin/cmake --build /home/luna/2025-vision-training-master (1)/2025-vision-training-master/homework4/ros_ws/build/example_service_rclcpp -- -j32 -l32
