[0.073s] DEBUG:colcon:Command line arguments: ['/usr/bin/colcon', 'build']
[0.073s] DEBUG:colcon:Parsed command line arguments: Namespace(log_base=None, log_level=None, verb_name='build', build_base='build', install_base='install', merge_install=False, symlink_install=False, test_result_base=None, continue_on_error=False, executor='parallel', parallel_workers=32, event_handlers=None, ignore_user_meta=False, metas=['./colcon.meta'], base_paths=['.'], packages_ignore=None, packages_ignore_regex=None, paths=None, packages_up_to=None, packages_up_to_regex=None, packages_above=None, packages_above_and_dependencies=None, packages_above_depth=None, packages_select_by_dep=None, packages_skip_by_dep=None, packages_skip_up_to=None, packages_select_build_failed=False, packages_skip_build_finished=False, packages_select_test_failures=False, packages_skip_test_passed=False, packages_select=None, packages_skip=None, packages_select_regex=None, packages_skip_regex=None, packages_start=None, packages_end=None, allow_overriding=[], cmake_args=None, cmake_target=None, cmake_target_skip_unavailable=False, cmake_clean_cache=False, cmake_clean_first=False, cmake_force_configure=False, ament_cmake_args=None, catkin_cmake_args=None, catkin_skip_building_tests=False, verb_parser=<colcon_defaults.argument_parser.defaults.DefaultArgumentsDecorator object at 0x7a169ba307f0>, verb_extension=<colcon_core.verb.build.BuildVerb object at 0x7a169ba30280>, main=<bound method BuildVerb.main of <colcon_core.verb.build.BuildVerb object at 0x7a169ba30280>>)
[0.184s] Level 1:colcon.colcon_core.package_discovery:discover_packages(colcon_meta) check parameters
[0.184s] Level 1:colcon.colcon_core.package_discovery:discover_packages(recursive) check parameters
[0.184s] Level 1:colcon.colcon_core.package_discovery:discover_packages(ignore) check parameters
[0.184s] Level 1:colcon.colcon_core.package_discovery:discover_packages(path) check parameters
[0.184s] Level 1:colcon.colcon_core.package_discovery:discover_packages(colcon_meta) discover
[0.184s] Level 1:colcon.colcon_core.package_discovery:discover_packages(recursive) discover
[0.184s] INFO:colcon.colcon_core.package_discovery:Crawling recursively for packages in '/home/luna/2025-vision-training-master (1)/2025-vision-training-master/homework4/ros_ws'
[0.184s] Level 1:colcon.colcon_core.package_identification:_identify(.) by extensions ['ignore', 'ignore_ament_install']
[0.184s] Level 1:colcon.colcon_core.package_identification:_identify(.) by extension 'ignore'
[0.184s] Level 1:colcon.colcon_core.package_identification:_identify(.) by extension 'ignore_ament_install'
[0.184s] Level 1:colcon.colcon_core.package_identification:_identify(.) by extensions ['colcon_pkg']
[0.184s] Level 1:colcon.colcon_core.package_identification:_identify(.) by extension 'colcon_pkg'
[0.184s] Level 1:colcon.colcon_core.package_identification:_identify(.) by extensions ['colcon_meta']
[0.184s] Level 1:colcon.colcon_core.package_identification:_identify(.) by extension 'colcon_meta'
[0.184s] Level 1:colcon.colcon_core.package_identification:_identify(.) by extensions ['ros']
[0.184s] Level 1:colcon.colcon_core.package_identification:_identify(.) by extension 'ros'
[0.193s] Level 1:colcon.colcon_core.package_identification:_identify(.) by extensions ['cmake', 'python']
[0.193s] Level 1:colcon.colcon_core.package_identification:_identify(.) by extension 'cmake'
[0.193s] Level 1:colcon.colcon_core.package_identification:_identify(.) by extension 'python'
[0.193s] Level 1:colcon.colcon_core.package_identification:_identify(.) by extensions ['python_setup_py']
[0.193s] Level 1:colcon.colcon_core.package_identification:_identify(.) by extension 'python_setup_py'
[0.193s] Level 1:colcon.colcon_core.package_identification:_identify(build) by extensions ['ignore', 'ignore_ament_install']
[0.193s] Level 1:colcon.colcon_core.package_identification:_identify(build) by extension 'ignore'
[0.193s] Level 1:colcon.colcon_core.package_identification:_identify(build) ignored
[0.193s] Level 1:colcon.colcon_core.package_identification:_identify(install) by extensions ['ignore', 'ignore_ament_install']
[0.193s] Level 1:colcon.colcon_core.package_identification:_identify(install) by extension 'ignore'
[0.193s] Level 1:colcon.colcon_core.package_identification:_identify(install) ignored
[0.193s] Level 1:colcon.colcon_core.package_identification:_identify(log) by extensions ['ignore', 'ignore_ament_install']
[0.194s] Level 1:colcon.colcon_core.package_identification:_identify(log) by extension 'ignore'
[0.194s] Level 1:colcon.colcon_core.package_identification:_identify(log) ignored
[0.194s] Level 1:colcon.colcon_core.package_identification:_identify(src) by extensions ['ignore', 'ignore_ament_install']
[0.194s] Level 1:colcon.colcon_core.package_identification:_identify(src) by extension 'ignore'
[0.194s] Level 1:colcon.colcon_core.package_identification:_identify(src) by extension 'ignore_ament_install'
[0.194s] Level 1:colcon.colcon_core.package_identification:_identify(src) by extensions ['colcon_pkg']
[0.194s] Level 1:colcon.colcon_core.package_identification:_identify(src) by extension 'colcon_pkg'
[0.194s] Level 1:colcon.colcon_core.package_identification:_identify(src) by extensions ['colcon_meta']
[0.194s] Level 1:colcon.colcon_core.package_identification:_identify(src) by extension 'colcon_meta'
[0.194s] Level 1:colcon.colcon_core.package_identification:_identify(src) by extensions ['ros']
[0.194s] Level 1:colcon.colcon_core.package_identification:_identify(src) by extension 'ros'
[0.194s] Level 1:colcon.colcon_core.package_identification:_identify(src) by extensions ['cmake', 'python']
[0.194s] Level 1:colcon.colcon_core.package_identification:_identify(src) by extension 'cmake'
[0.194s] Level 1:colcon.colcon_core.package_identification:_identify(src) by extension 'python'
[0.194s] Level 1:colcon.colcon_core.package_identification:_identify(src) by extensions ['python_setup_py']
[0.194s] Level 1:colcon.colcon_core.package_identification:_identify(src) by extension 'python_setup_py'
[0.194s] Level 1:colcon.colcon_core.package_identification:_identify(src/divide_interface) by extensions ['ignore', 'ignore_ament_install']
[0.194s] Level 1:colcon.colcon_core.package_identification:_identify(src/divide_interface) by extension 'ignore'
[0.194s] Level 1:colcon.colcon_core.package_identification:_identify(src/divide_interface) by extension 'ignore_ament_install'
[0.194s] Level 1:colcon.colcon_core.package_identification:_identify(src/divide_interface) by extensions ['colcon_pkg']
[0.194s] Level 1:colcon.colcon_core.package_identification:_identify(src/divide_interface) by extension 'colcon_pkg'
[0.194s] Level 1:colcon.colcon_core.package_identification:_identify(src/divide_interface) by extensions ['colcon_meta']
[0.194s] Level 1:colcon.colcon_core.package_identification:_identify(src/divide_interface) by extension 'colcon_meta'
[0.194s] Level 1:colcon.colcon_core.package_identification:_identify(src/divide_interface) by extensions ['ros']
[0.194s] Level 1:colcon.colcon_core.package_identification:_identify(src/divide_interface) by extension 'ros'
[0.196s] DEBUG:colcon.colcon_core.package_identification:Package 'src/divide_interface' with type 'ros.ament_cmake' and name 'divide_interface'
[0.196s] Level 1:colcon.colcon_core.package_discovery:discover_packages(recursive) using defaults
[0.196s] Level 1:colcon.colcon_core.package_discovery:discover_packages(ignore) discover
[0.196s] Level 1:colcon.colcon_core.package_discovery:discover_packages(ignore) using defaults
[0.196s] Level 1:colcon.colcon_core.package_discovery:discover_packages(path) discover
[0.196s] Level 1:colcon.colcon_core.package_discovery:discover_packages(path) using defaults
[0.211s] Level 1:colcon.colcon_core.package_discovery:discover_packages(prefix_path) check parameters
[0.211s] Level 1:colcon.colcon_core.package_discovery:discover_packages(prefix_path) discover
[0.212s] DEBUG:colcon.colcon_installed_package_information.package_discovery:Found 270 installed packages in /opt/ros/humble
[0.219s] Level 1:colcon.colcon_core.package_discovery:discover_packages(prefix_path) using defaults
[0.244s] Level 5:colcon.colcon_core.verb:set package 'divide_interface' build argument 'cmake_args' from command line to 'None'
[0.244s] Level 5:colcon.colcon_core.verb:set package 'divide_interface' build argument 'cmake_target' from command line to 'None'
[0.244s] Level 5:colcon.colcon_core.verb:set package 'divide_interface' build argument 'cmake_target_skip_unavailable' from command line to 'False'
[0.244s] Level 5:colcon.colcon_core.verb:set package 'divide_interface' build argument 'cmake_clean_cache' from command line to 'False'
[0.244s] Level 5:colcon.colcon_core.verb:set package 'divide_interface' build argument 'cmake_clean_first' from command line to 'False'
[0.244s] Level 5:colcon.colcon_core.verb:set package 'divide_interface' build argument 'cmake_force_configure' from command line to 'False'
[0.244s] Level 5:colcon.colcon_core.verb:set package 'divide_interface' build argument 'ament_cmake_args' from command line to 'None'
[0.244s] Level 5:colcon.colcon_core.verb:set package 'divide_interface' build argument 'catkin_cmake_args' from command line to 'None'
[0.244s] Level 5:colcon.colcon_core.verb:set package 'divide_interface' build argument 'catkin_skip_building_tests' from command line to 'False'
[0.244s] DEBUG:colcon.colcon_core.verb:Building package 'divide_interface' with the following arguments: {'ament_cmake_args': None, 'build_base': '/home/luna/2025-vision-training-master (1)/2025-vision-training-master/homework4/ros_ws/build/divide_interface', 'catkin_cmake_args': None, 'catkin_skip_building_tests': False, 'cmake_args': None, 'cmake_clean_cache': False, 'cmake_clean_first': False, 'cmake_force_configure': False, 'cmake_target': None, 'cmake_target_skip_unavailable': False, 'install_base': '/home/luna/2025-vision-training-master (1)/2025-vision-training-master/homework4/ros_ws/install/divide_interface', 'merge_install': False, 'path': '/home/luna/2025-vision-training-master (1)/2025-vision-training-master/homework4/ros_ws/src/divide_interface', 'symlink_install': False, 'test_result_base': None}
[0.244s] INFO:colcon.colcon_core.executor:Executing jobs using 'parallel' executor
[0.245s] DEBUG:colcon.colcon_parallel_executor.executor.parallel:run_until_complete
[0.245s] INFO:colcon.colcon_ros.task.ament_cmake.build:Building ROS package in '/home/luna/2025-vision-training-master (1)/2025-vision-training-master/homework4/ros_ws/src/divide_interface' with build type 'ament_cmake'
[0.245s] INFO:colcon.colcon_cmake.task.cmake.build:Building CMake package in '/home/luna/2025-vision-training-master (1)/2025-vision-training-master/homework4/ros_ws/src/divide_interface'
[0.247s] INFO:colcon.colcon_core.plugin_system:Skipping extension 'colcon_core.shell.bat': Not used on non-Windows systems
[0.247s] INFO:colcon.colcon_core.shell:Skip shell extension 'powershell' for command environment: Not usable outside of PowerShell
[0.247s] DEBUG:colcon.colcon_core.shell:Skip shell extension 'dsv' for command environment
[0.253s] DEBUG:colcon.colcon_core.event_handler.log_command:Invoking command in '/home/luna/2025-vision-training-master (1)/2025-vision-training-master/homework4/ros_ws/build/divide_interface': CMAKE_PREFIX_PATH=/opt/ros/humble /usr/bin/cmake /home/luna/2025-vision-training-master (1)/2025-vision-training-master/homework4/ros_ws/src/divide_interface -DCMAKE_INSTALL_PREFIX=/home/luna/2025-vision-training-master (1)/2025-vision-training-master/homework4/ros_ws/install/divide_interface
[2.295s] DEBUG:colcon.colcon_core.event_handler.log_command:Invoked command in '/home/luna/2025-vision-training-master (1)/2025-vision-training-master/homework4/ros_ws/build/divide_interface' returned '0': CMAKE_PREFIX_PATH=/opt/ros/humble /usr/bin/cmake /home/luna/2025-vision-training-master (1)/2025-vision-training-master/homework4/ros_ws/src/divide_interface -DCMAKE_INSTALL_PREFIX=/home/luna/2025-vision-training-master (1)/2025-vision-training-master/homework4/ros_ws/install/divide_interface
[2.296s] DEBUG:colcon.colcon_core.event_handler.log_command:Invoking command in '/home/luna/2025-vision-training-master (1)/2025-vision-training-master/homework4/ros_ws/build/divide_interface': CMAKE_PREFIX_PATH=/opt/ros/humble /usr/bin/cmake --build /home/luna/2025-vision-training-master (1)/2025-vision-training-master/homework4/ros_ws/build/divide_interface -- -j32 -l32
[2.555s] DEBUG:colcon.colcon_core.event_handler.log_command:Invoked command in '/home/luna/2025-vision-training-master (1)/2025-vision-training-master/homework4/ros_ws/build/divide_interface' returned '2': CMAKE_PREFIX_PATH=/opt/ros/humble /usr/bin/cmake --build /home/luna/2025-vision-training-master (1)/2025-vision-training-master/homework4/ros_ws/build/divide_interface -- -j32 -l32
[2.631s] Level 1:colcon.colcon_core.environment:create_environment_scripts_only(divide_interface)
[2.634s] Level 1:colcon.colcon_core.environment:checking '/home/luna/2025-vision-training-master (1)/2025-vision-training-master/homework4/ros_ws/install/divide_interface' for CMake module files
[2.634s] Level 1:colcon.colcon_core.environment:checking '/home/luna/2025-vision-training-master (1)/2025-vision-training-master/homework4/ros_ws/install/divide_interface' for CMake config files
[2.635s] Level 1:colcon.colcon_core.environment:checking '/home/luna/2025-vision-training-master (1)/2025-vision-training-master/homework4/ros_ws/install/divide_interface/bin'
[2.635s] Level 1:colcon.colcon_core.environment:checking '/home/luna/2025-vision-training-master (1)/2025-vision-training-master/homework4/ros_ws/install/divide_interface/lib/pkgconfig/divide_interface.pc'
[2.635s] Level 1:colcon.colcon_core.environment:checking '/home/luna/2025-vision-training-master (1)/2025-vision-training-master/homework4/ros_ws/install/divide_interface/lib/python3.10/site-packages'
[2.636s] Level 1:colcon.colcon_core.environment:checking '/home/luna/2025-vision-training-master (1)/2025-vision-training-master/homework4/ros_ws/install/divide_interface/bin'
[2.636s] INFO:colcon.colcon_core.shell:Creating package script '/home/luna/2025-vision-training-master (1)/2025-vision-training-master/homework4/ros_ws/install/divide_interface/share/divide_interface/package.ps1'
[2.637s] INFO:colcon.colcon_core.shell:Creating package descriptor '/home/luna/2025-vision-training-master (1)/2025-vision-training-master/homework4/ros_ws/install/divide_interface/share/divide_interface/package.dsv'
[2.637s] INFO:colcon.colcon_core.shell:Creating package script '/home/luna/2025-vision-training-master (1)/2025-vision-training-master/homework4/ros_ws/install/divide_interface/share/divide_interface/package.sh'
[2.638s] INFO:colcon.colcon_core.shell:Creating package script '/home/luna/2025-vision-training-master (1)/2025-vision-training-master/homework4/ros_ws/install/divide_interface/share/divide_interface/package.bash'
[2.639s] INFO:colcon.colcon_core.shell:Creating package script '/home/luna/2025-vision-training-master (1)/2025-vision-training-master/homework4/ros_ws/install/divide_interface/share/divide_interface/package.zsh'
[2.639s] Level 1:colcon.colcon_core.environment:create_file_with_runtime_dependencies(/home/luna/2025-vision-training-master (1)/2025-vision-training-master/homework4/ros_ws/install/divide_interface/share/colcon-core/packages/divide_interface)
[2.650s] DEBUG:colcon.colcon_parallel_executor.executor.parallel:closing loop
[2.650s] DEBUG:colcon.colcon_parallel_executor.executor.parallel:loop closed
[2.650s] DEBUG:colcon.colcon_parallel_executor.executor.parallel:run_until_complete finished with '2'
[2.651s] DEBUG:colcon.colcon_core.event_reactor:joining thread
[2.658s] INFO:colcon.colcon_core.plugin_system:Skipping extension 'colcon_notification.desktop_notification.terminal_notifier': Not used on non-Darwin systems
[2.658s] INFO:colcon.colcon_core.plugin_system:Skipping extension 'colcon_notification.desktop_notification.win32': Not used on non-Windows systems
[2.658s] INFO:colcon.colcon_notification.desktop_notification:Sending desktop notification using 'notify2'
[2.677s] DEBUG:colcon.colcon_core.event_reactor:joined thread
[2.677s] INFO:colcon.colcon_core.shell:Creating prefix script '/home/luna/2025-vision-training-master (1)/2025-vision-training-master/homework4/ros_ws/install/local_setup.ps1'
[2.678s] INFO:colcon.colcon_core.shell:Creating prefix util module '/home/luna/2025-vision-training-master (1)/2025-vision-training-master/homework4/ros_ws/install/_local_setup_util_ps1.py'
[2.680s] INFO:colcon.colcon_core.shell:Creating prefix chain script '/home/luna/2025-vision-training-master (1)/2025-vision-training-master/homework4/ros_ws/install/setup.ps1'
[2.682s] INFO:colcon.colcon_core.shell:Creating prefix script '/home/luna/2025-vision-training-master (1)/2025-vision-training-master/homework4/ros_ws/install/local_setup.sh'
[2.683s] INFO:colcon.colcon_core.shell:Creating prefix util module '/home/luna/2025-vision-training-master (1)/2025-vision-training-master/homework4/ros_ws/install/_local_setup_util_sh.py'
[2.684s] INFO:colcon.colcon_core.shell:Creating prefix chain script '/home/luna/2025-vision-training-master (1)/2025-vision-training-master/homework4/ros_ws/install/setup.sh'
[2.685s] INFO:colcon.colcon_core.shell:Creating prefix script '/home/luna/2025-vision-training-master (1)/2025-vision-training-master/homework4/ros_ws/install/local_setup.bash'
[2.685s] INFO:colcon.colcon_core.shell:Creating prefix chain script '/home/luna/2025-vision-training-master (1)/2025-vision-training-master/homework4/ros_ws/install/setup.bash'
[2.687s] INFO:colcon.colcon_core.shell:Creating prefix script '/home/luna/2025-vision-training-master (1)/2025-vision-training-master/homework4/ros_ws/install/local_setup.zsh'
[2.687s] INFO:colcon.colcon_core.shell:Creating prefix chain script '/home/luna/2025-vision-training-master (1)/2025-vision-training-master/homework4/ros_ws/install/setup.zsh'
