Error parsing '/home/luna/2025-vision-training-master (1)/2025-vision-training-master/homework4/ros_ws/src/example_service_rclcpp/package.xml':
Traceback (most recent call last):
  File "/opt/ros/humble/share/ament_cmake_core/cmake/core/package_xml_2_cmake.py", line 150, in <module>
    main()
  File "/opt/ros/humble/share/ament_cmake_core/cmake/core/package_xml_2_cmake.py", line 53, in main
    raise e
  File "/opt/ros/humble/share/ament_cmake_core/cmake/core/package_xml_2_cmake.py", line 49, in main
    package = parse_package_string(
  File "/usr/lib/python3/dist-packages/catkin_pkg/package.py", line 786, in parse_package_string
    raise InvalidPackage('Error(s):%s' % (''.join(['\n- %s' % e for e in errors])), filename)
catkin_pkg.package.InvalidPackage: Error(s) in package '/home/luna/2025-vision-training-master (1)/2025-vision-training-master/homework4/ros_ws/src/example_service_rclcpp/package.xml':
Error(s):
- The generic dependency on 'rosidl_default_runtime' is redundant with: build_export_depend, exec_depend
[31mCMake Error at /opt/ros/humble/share/ament_cmake_core/cmake/core/ament_package_xml.cmake:95 (message):
  execute_process(/usr/bin/python3
  /opt/ros/humble/share/ament_cmake_core/cmake/core/package_xml_2_cmake.py
  /home/luna/2025-vision-training-master
  (1)/2025-vision-training-master/homework4/ros_ws/src/example_service_rclcpp/package.xml
  /home/luna/2025-vision-training-master
  (1)/2025-vision-training-master/homework4/ros_ws/build/example_service_rclcpp/ament_cmake_core/package.cmake)
  returned error code 1
Call Stack (most recent call first):
  /opt/ros/humble/share/ament_cmake_core/cmake/core/ament_package_xml.cmake:49 (_ament_package_xml)
  /opt/ros/humble/share/rosidl_cmake/cmake/rosidl_generate_interfaces.cmake:226 (ament_package_xml)
  CMakeLists.txt:19 (rosidl_generate_interfaces)

[0m
gmake: *** [Makefile:308: cmake_check_build_system] Error 1
