[0.019s] Invoking command in '/home/rm-jiaolong/Workspace/homework4/task2/src/build/action_interfaces': CMAKE_PREFIX_PATH=${CMAKE_PREFIX_PATH}:/opt/ros/humble /usr/bin/cmake /home/rm-jiaolong/Workspace/homework4/task2/src/action_interfaces -DCMAKE_INSTALL_PREFIX=/home/rm-jiaolong/Workspace/homework4/task2/src/install/action_interfaces
[0.195s] -- The C compiler identification is GNU 11.4.0
[0.339s] -- The CXX compiler identification is GNU 11.4.0
[0.360s] -- Detecting C compiler ABI info
[0.493s] -- Detecting C compiler ABI info - done
[0.506s] -- Check for working C compiler: /usr/bin/cc - skipped
[0.509s] -- Detecting C compile features
[0.509s] -- Detecting C compile features - done
[0.514s] -- Detecting CXX compiler ABI info
[0.679s] -- Detecting CXX compiler ABI info - done
[0.687s] -- Check for working CXX compiler: /usr/bin/c++ - skipped
[0.688s] -- Detecting CXX compile features
[0.688s] -- Detecting CXX compile features - done
[0.695s] -- Found ament_cmake: 1.3.10 (/opt/ros/humble/share/ament_cmake/cmake)
[0.997s] -- Found Python3: /usr/bin/python3 (found version "3.10.12") found components: Interpreter 
[1.155s] -- Found rosidl_default_generators: 1.2.0 (/opt/ros/humble/share/rosidl_default_generators/cmake)
[1.159s] -- Using all available rosidl_typesupport_c: rosidl_typesupport_fastrtps_c;rosidl_typesupport_introspection_c
[1.167s] -- Found rosidl_adapter: 3.1.5 (/opt/ros/humble/share/rosidl_adapter/cmake)
[1.228s] -- Using all available rosidl_typesupport_cpp: rosidl_typesupport_fastrtps_cpp;rosidl_typesupport_introspection_cpp
[1.892s] -- Found ament_cmake_ros: 0.10.0 (/opt/ros/humble/share/ament_cmake_ros/cmake)
[2.336s] -- Using all available rosidl_typesupport_c: rosidl_typesupport_fastrtps_c;rosidl_typesupport_introspection_c
[2.905s] -- Using all available rosidl_typesupport_cpp: rosidl_typesupport_fastrtps_cpp;rosidl_typesupport_introspection_cpp
[2.954s] -- Found PythonInterp: /usr/bin/python3 (found suitable version "3.10.12", minimum required is "3.6") 
[2.957s] -- Found python_cmake_module: 0.10.0 (/opt/ros/humble/share/python_cmake_module/cmake)
[3.010s] -- Found PythonLibs: /usr/lib/x86_64-linux-gnu/libpython3.10.so (found suitable version "3.10.12", minimum required is "3.5") 
[3.011s] -- Using PYTHON_EXECUTABLE: /usr/bin/python3
[3.011s] -- Using PYTHON_INCLUDE_DIRS: /usr/include/python3.10
[3.011s] -- Using PYTHON_LIBRARIES: /usr/lib/x86_64-linux-gnu/libpython3.10.so
[3.040s] -- Found PythonExtra: .so  
[3.129s] -- Found ament_lint_auto: 0.12.11 (/opt/ros/humble/share/ament_lint_auto/cmake)
[3.154s] -- Added test 'lint_cmake' to check CMake code style
[3.156s] -- Added test 'xmllint' to check XML markup files
[3.158s] -- Configuring done
[3.214s] -- Generating done
[3.223s] -- Build files have been written to: /home/rm-jiaolong/Workspace/homework4/task2/src/build/action_interfaces
[3.236s] Invoked command in '/home/rm-jiaolong/Workspace/homework4/task2/src/build/action_interfaces' returned '0': CMAKE_PREFIX_PATH=${CMAKE_PREFIX_PATH}:/opt/ros/humble /usr/bin/cmake /home/rm-jiaolong/Workspace/homework4/task2/src/action_interfaces -DCMAKE_INSTALL_PREFIX=/home/rm-jiaolong/Workspace/homework4/task2/src/install/action_interfaces
[3.239s] Invoking command in '/home/rm-jiaolong/Workspace/homework4/task2/src/build/action_interfaces': CMAKE_PREFIX_PATH=${CMAKE_PREFIX_PATH}:/opt/ros/humble /usr/bin/cmake --build /home/rm-jiaolong/Workspace/homework4/task2/src/build/action_interfaces -- -j4 -l4
[3.307s] [  3%] [34m[1mGenerating C code for ROS interfaces[0m
[3.326s] [  6%] [34m[1mGenerating C++ code for ROS interfaces[0m
[3.343s] [  6%] Built target ament_cmake_python_copy_action_interfaces
[3.818s] running egg_info
[3.822s] creating action_interfaces.egg-info
[3.822s] writing action_interfaces.egg-info/PKG-INFO
[3.823s] writing dependency_links to action_interfaces.egg-info/dependency_links.txt
[3.823s] writing top-level names to action_interfaces.egg-info/top_level.txt
[3.823s] writing manifest file 'action_interfaces.egg-info/SOURCES.txt'
[3.827s] reading manifest file 'action_interfaces.egg-info/SOURCES.txt'
[3.828s] writing manifest file 'action_interfaces.egg-info/SOURCES.txt'
[3.882s] [  6%] Built target ament_cmake_python_build_action_interfaces_egg
[4.188s] [  6%] Built target action_interfaces__cpp
[4.191s] [  9%] [32mBuilding C object CMakeFiles/action_interfaces__rosidl_generator_c.dir/rosidl_generator_c/action_interfaces/action/detail/move_robot__functions.c.o[0m
[4.209s] [ 16%] [34m[1mGenerating C++ type support dispatch for ROS interfaces[0m
[4.209s] [ 16%] [34m[1mGenerating C++ type support for eProsima Fast-RTPS[0m
[4.211s] [ 19%] [34m[1mGenerating C++ introspection for ROS interfaces[0m
[4.606s] [ 22%] [32m[1mLinking C shared library libaction_interfaces__rosidl_generator_c.so[0m
[4.705s] [ 22%] Built target action_interfaces__rosidl_generator_c
[4.737s] [ 25%] [34m[1mGenerating C type support for eProsima Fast-RTPS[0m
[4.823s] [ 29%] [32mBuilding CXX object CMakeFiles/action_interfaces__rosidl_typesupport_cpp.dir/rosidl_typesupport_cpp/action_interfaces/action/move_robot__type_support.cpp.o[0m
[4.923s] [ 32%] [32mBuilding CXX object CMakeFiles/action_interfaces__rosidl_typesupport_introspection_cpp.dir/rosidl_typesupport_introspection_cpp/action_interfaces/action/detail/move_robot__type_support.cpp.o[0m
[4.976s] [ 35%] [32mBuilding CXX object CMakeFiles/action_interfaces__rosidl_typesupport_fastrtps_cpp.dir/rosidl_typesupport_fastrtps_cpp/action_interfaces/action/detail/dds_fastrtps/move_robot__type_support.cpp.o[0m
[5.624s] [ 38%] [32mBuilding CXX object CMakeFiles/action_interfaces__rosidl_typesupport_fastrtps_c.dir/rosidl_typesupport_fastrtps_c/action_interfaces/action/detail/move_robot__type_support_c.cpp.o[0m
[6.109s] [ 41%] [32m[1mLinking CXX shared library libaction_interfaces__rosidl_typesupport_cpp.so[0m
[6.212s] [ 41%] Built target action_interfaces__rosidl_typesupport_cpp
[6.232s] [ 45%] [34m[1mGenerating C introspection for ROS interfaces[0m
[6.447s] [ 48%] [32m[1mLinking CXX shared library libaction_interfaces__rosidl_typesupport_fastrtps_cpp.so[0m
[6.567s] [ 51%] [32m[1mLinking CXX shared library libaction_interfaces__rosidl_typesupport_introspection_cpp.so[0m
[6.597s] [ 54%] [32m[1mLinking CXX shared library libaction_interfaces__rosidl_typesupport_fastrtps_c.so[0m
[6.627s] [ 54%] Built target action_interfaces__rosidl_typesupport_fastrtps_cpp
[6.639s] [ 58%] [34m[1mGenerating C type support dispatch for ROS interfaces[0m
[6.730s] [ 58%] Built target action_interfaces__rosidl_typesupport_introspection_cpp
[6.790s] [ 58%] Built target action_interfaces__rosidl_typesupport_fastrtps_c
[6.976s] [ 61%] [32mBuilding C object CMakeFiles/action_interfaces__rosidl_typesupport_introspection_c.dir/rosidl_typesupport_introspection_c/action_interfaces/action/detail/move_robot__type_support.c.o[0m
[7.086s] [ 64%] [32m[1mLinking C shared library libaction_interfaces__rosidl_typesupport_introspection_c.so[0m
[7.160s] [ 64%] Built target action_interfaces__rosidl_typesupport_introspection_c
[7.257s] [ 67%] [32mBuilding CXX object CMakeFiles/action_interfaces__rosidl_typesupport_c.dir/rosidl_typesupport_c/action_interfaces/action/move_robot__type_support.cpp.o[0m
[7.330s] [ 70%] [32m[1mLinking CXX shared library libaction_interfaces__rosidl_typesupport_c.so[0m
[7.402s] [ 70%] Built target action_interfaces__rosidl_typesupport_c
[7.444s] [ 70%] Built target action_interfaces
[7.484s] [ 74%] [34m[1mGenerating Python code for ROS interfaces[0m
[8.975s] [ 74%] Built target action_interfaces__py
[9.008s] [ 77%] [32mBuilding C object CMakeFiles/action_interfaces__rosidl_generator_py.dir/rosidl_generator_py/action_interfaces/action/_move_robot_s.c.o[0m
[9.240s] [ 80%] [32m[1mLinking C shared library rosidl_generator_py/action_interfaces/libaction_interfaces__rosidl_generator_py.so[0m
[9.313s] [ 80%] Built target action_interfaces__rosidl_generator_py
[9.355s] [ 83%] [32mBuilding C object CMakeFiles/action_interfaces__rosidl_typesupport_fastrtps_c__pyext.dir/rosidl_generator_py/action_interfaces/_action_interfaces_s.ep.rosidl_typesupport_fastrtps_c.c.o[0m
[9.356s] [ 90%] [32mBuilding C object CMakeFiles/action_interfaces__rosidl_typesupport_introspection_c__pyext.dir/rosidl_generator_py/action_interfaces/_action_interfaces_s.ep.rosidl_typesupport_introspection_c.c.o[0m
[9.357s] [ 90%] [32mBuilding C object CMakeFiles/action_interfaces__rosidl_typesupport_c__pyext.dir/rosidl_generator_py/action_interfaces/_action_interfaces_s.ep.rosidl_typesupport_c.c.o[0m
[9.599s] [ 93%] [32m[1mLinking C shared library rosidl_generator_py/action_interfaces/action_interfaces_s__rosidl_typesupport_c.cpython-310-x86_64-linux-gnu.so[0m
[9.611s] [ 96%] [32m[1mLinking C shared library rosidl_generator_py/action_interfaces/action_interfaces_s__rosidl_typesupport_fastrtps_c.cpython-310-x86_64-linux-gnu.so[0m
[9.611s] [100%] [32m[1mLinking C shared library rosidl_generator_py/action_interfaces/action_interfaces_s__rosidl_typesupport_introspection_c.cpython-310-x86_64-linux-gnu.so[0m
[9.693s] [100%] Built target action_interfaces__rosidl_typesupport_fastrtps_c__pyext
[9.694s] [100%] Built target action_interfaces__rosidl_typesupport_c__pyext
[9.699s] [100%] Built target action_interfaces__rosidl_typesupport_introspection_c__pyext
[9.722s] Invoked command in '/home/rm-jiaolong/Workspace/homework4/task2/src/build/action_interfaces' returned '0': CMAKE_PREFIX_PATH=${CMAKE_PREFIX_PATH}:/opt/ros/humble /usr/bin/cmake --build /home/rm-jiaolong/Workspace/homework4/task2/src/build/action_interfaces -- -j4 -l4
[9.844s] Invoking command in '/home/rm-jiaolong/Workspace/homework4/task2/src/build/action_interfaces': CMAKE_PREFIX_PATH=${CMAKE_PREFIX_PATH}:/opt/ros/humble /usr/bin/cmake --install /home/rm-jiaolong/Workspace/homework4/task2/src/build/action_interfaces
[9.860s] -- Install configuration: ""
[9.860s] -- Installing: /home/rm-jiaolong/Workspace/homework4/task2/src/install/action_interfaces/share/ament_index/resource_index/rosidl_interfaces/action_interfaces
[9.860s] -- Installing: /home/rm-jiaolong/Workspace/homework4/task2/src/install/action_interfaces/include/action_interfaces/action_interfaces
[9.860s] -- Installing: /home/rm-jiaolong/Workspace/homework4/task2/src/install/action_interfaces/include/action_interfaces/action_interfaces/action
[9.861s] -- Installing: /home/rm-jiaolong/Workspace/homework4/task2/src/install/action_interfaces/include/action_interfaces/action_interfaces/action/move_robot.h
[9.861s] -- Installing: /home/rm-jiaolong/Workspace/homework4/task2/src/install/action_interfaces/include/action_interfaces/action_interfaces/action/detail
[9.861s] -- Installing: /home/rm-jiaolong/Workspace/homework4/task2/src/install/action_interfaces/include/action_interfaces/action_interfaces/action/detail/move_robot__functions.c
[9.862s] -- Installing: /home/rm-jiaolong/Workspace/homework4/task2/src/install/action_interfaces/include/action_interfaces/action_interfaces/action/detail/move_robot__struct.h
[9.862s] -- Installing: /home/rm-jiaolong/Workspace/homework4/task2/src/install/action_interfaces/include/action_interfaces/action_interfaces/action/detail/move_robot__type_support.h
[9.862s] -- Installing: /home/rm-jiaolong/Workspace/homework4/task2/src/install/action_interfaces/include/action_interfaces/action_interfaces/action/detail/move_robot__functions.h
[9.862s] -- Installing: /home/rm-jiaolong/Workspace/homework4/task2/src/install/action_interfaces/include/action_interfaces/action_interfaces/msg
[9.863s] -- Installing: /home/rm-jiaolong/Workspace/homework4/task2/src/install/action_interfaces/include/action_interfaces/action_interfaces/msg/rosidl_generator_c__visibility_control.h
[9.863s] -- Installing: /home/rm-jiaolong/Workspace/homework4/task2/src/install/action_interfaces/share/action_interfaces/environment/library_path.sh
[9.863s] -- Installing: /home/rm-jiaolong/Workspace/homework4/task2/src/install/action_interfaces/share/action_interfaces/environment/library_path.dsv
[9.863s] -- Installing: /home/rm-jiaolong/Workspace/homework4/task2/src/install/action_interfaces/lib/libaction_interfaces__rosidl_generator_c.so
[9.864s] -- Set runtime path of "/home/rm-jiaolong/Workspace/homework4/task2/src/install/action_interfaces/lib/libaction_interfaces__rosidl_generator_c.so" to ""
[9.864s] -- Up-to-date: /home/rm-jiaolong/Workspace/homework4/task2/src/install/action_interfaces/include/action_interfaces/action_interfaces
[9.864s] -- Up-to-date: /home/rm-jiaolong/Workspace/homework4/task2/src/install/action_interfaces/include/action_interfaces/action_interfaces/action
[9.865s] -- Up-to-date: /home/rm-jiaolong/Workspace/homework4/task2/src/install/action_interfaces/include/action_interfaces/action_interfaces/action/detail
[9.865s] -- Installing: /home/rm-jiaolong/Workspace/homework4/task2/src/install/action_interfaces/include/action_interfaces/action_interfaces/action/detail/move_robot__rosidl_typesupport_fastrtps_c.h
[9.865s] -- Up-to-date: /home/rm-jiaolong/Workspace/homework4/task2/src/install/action_interfaces/include/action_interfaces/action_interfaces/msg
[9.865s] -- Installing: /home/rm-jiaolong/Workspace/homework4/task2/src/install/action_interfaces/include/action_interfaces/action_interfaces/msg/rosidl_typesupport_fastrtps_c__visibility_control.h
[9.865s] -- Installing: /home/rm-jiaolong/Workspace/homework4/task2/src/install/action_interfaces/lib/libaction_interfaces__rosidl_typesupport_fastrtps_c.so
[9.866s] -- Set runtime path of "/home/rm-jiaolong/Workspace/homework4/task2/src/install/action_interfaces/lib/libaction_interfaces__rosidl_typesupport_fastrtps_c.so" to ""
[9.866s] -- Up-to-date: /home/rm-jiaolong/Workspace/homework4/task2/src/install/action_interfaces/include/action_interfaces/action_interfaces
[9.866s] -- Up-to-date: /home/rm-jiaolong/Workspace/homework4/task2/src/install/action_interfaces/include/action_interfaces/action_interfaces/action
[9.866s] -- Up-to-date: /home/rm-jiaolong/Workspace/homework4/task2/src/install/action_interfaces/include/action_interfaces/action_interfaces/action/detail
[9.866s] -- Installing: /home/rm-jiaolong/Workspace/homework4/task2/src/install/action_interfaces/include/action_interfaces/action_interfaces/action/detail/move_robot__type_support.c
[9.866s] -- Installing: /home/rm-jiaolong/Workspace/homework4/task2/src/install/action_interfaces/include/action_interfaces/action_interfaces/action/detail/move_robot__rosidl_typesupport_introspection_c.h
[9.867s] -- Up-to-date: /home/rm-jiaolong/Workspace/homework4/task2/src/install/action_interfaces/include/action_interfaces/action_interfaces/msg
[9.867s] -- Installing: /home/rm-jiaolong/Workspace/homework4/task2/src/install/action_interfaces/include/action_interfaces/action_interfaces/msg/rosidl_typesupport_introspection_c__visibility_control.h
[9.867s] -- Installing: /home/rm-jiaolong/Workspace/homework4/task2/src/install/action_interfaces/lib/libaction_interfaces__rosidl_typesupport_introspection_c.so
[9.867s] -- Set runtime path of "/home/rm-jiaolong/Workspace/homework4/task2/src/install/action_interfaces/lib/libaction_interfaces__rosidl_typesupport_introspection_c.so" to ""
[9.868s] -- Installing: /home/rm-jiaolong/Workspace/homework4/task2/src/install/action_interfaces/lib/libaction_interfaces__rosidl_typesupport_c.so
[9.868s] -- Set runtime path of "/home/rm-jiaolong/Workspace/homework4/task2/src/install/action_interfaces/lib/libaction_interfaces__rosidl_typesupport_c.so" to ""
[9.868s] -- Up-to-date: /home/rm-jiaolong/Workspace/homework4/task2/src/install/action_interfaces/include/action_interfaces/action_interfaces
[9.868s] -- Up-to-date: /home/rm-jiaolong/Workspace/homework4/task2/src/install/action_interfaces/include/action_interfaces/action_interfaces/action
[9.868s] -- Installing: /home/rm-jiaolong/Workspace/homework4/task2/src/install/action_interfaces/include/action_interfaces/action_interfaces/action/move_robot.hpp
[9.868s] -- Up-to-date: /home/rm-jiaolong/Workspace/homework4/task2/src/install/action_interfaces/include/action_interfaces/action_interfaces/action/detail
[9.868s] -- Installing: /home/rm-jiaolong/Workspace/homework4/task2/src/install/action_interfaces/include/action_interfaces/action_interfaces/action/detail/move_robot__traits.hpp
[9.869s] -- Installing: /home/rm-jiaolong/Workspace/homework4/task2/src/install/action_interfaces/include/action_interfaces/action_interfaces/action/detail/move_robot__struct.hpp
[9.869s] -- Installing: /home/rm-jiaolong/Workspace/homework4/task2/src/install/action_interfaces/include/action_interfaces/action_interfaces/action/detail/move_robot__builder.hpp
[9.869s] -- Up-to-date: /home/rm-jiaolong/Workspace/homework4/task2/src/install/action_interfaces/include/action_interfaces/action_interfaces
[9.869s] -- Up-to-date: /home/rm-jiaolong/Workspace/homework4/task2/src/install/action_interfaces/include/action_interfaces/action_interfaces/action
[9.870s] -- Up-to-date: /home/rm-jiaolong/Workspace/homework4/task2/src/install/action_interfaces/include/action_interfaces/action_interfaces/action/detail
[9.870s] -- Installing: /home/rm-jiaolong/Workspace/homework4/task2/src/install/action_interfaces/include/action_interfaces/action_interfaces/action/detail/move_robot__rosidl_typesupport_fastrtps_cpp.hpp
[9.870s] -- Installing: /home/rm-jiaolong/Workspace/homework4/task2/src/install/action_interfaces/include/action_interfaces/action_interfaces/action/detail/dds_fastrtps
[9.870s] -- Up-to-date: /home/rm-jiaolong/Workspace/homework4/task2/src/install/action_interfaces/include/action_interfaces/action_interfaces/msg
[9.870s] -- Installing: /home/rm-jiaolong/Workspace/homework4/task2/src/install/action_interfaces/include/action_interfaces/action_interfaces/msg/rosidl_typesupport_fastrtps_cpp__visibility_control.h
[9.870s] -- Installing: /home/rm-jiaolong/Workspace/homework4/task2/src/install/action_interfaces/lib/libaction_interfaces__rosidl_typesupport_fastrtps_cpp.so
[9.870s] -- Set runtime path of "/home/rm-jiaolong/Workspace/homework4/task2/src/install/action_interfaces/lib/libaction_interfaces__rosidl_typesupport_fastrtps_cpp.so" to ""
[9.871s] -- Up-to-date: /home/rm-jiaolong/Workspace/homework4/task2/src/install/action_interfaces/include/action_interfaces/action_interfaces
[9.871s] -- Up-to-date: /home/rm-jiaolong/Workspace/homework4/task2/src/install/action_interfaces/include/action_interfaces/action_interfaces/action
[9.871s] -- Up-to-date: /home/rm-jiaolong/Workspace/homework4/task2/src/install/action_interfaces/include/action_interfaces/action_interfaces/action/detail
[9.871s] -- Installing: /home/rm-jiaolong/Workspace/homework4/task2/src/install/action_interfaces/include/action_interfaces/action_interfaces/action/detail/move_robot__rosidl_typesupport_introspection_cpp.hpp
[9.871s] -- Installing: /home/rm-jiaolong/Workspace/homework4/task2/src/install/action_interfaces/include/action_interfaces/action_interfaces/action/detail/move_robot__type_support.cpp
[9.871s] -- Installing: /home/rm-jiaolong/Workspace/homework4/task2/src/install/action_interfaces/lib/libaction_interfaces__rosidl_typesupport_introspection_cpp.so
[9.872s] -- Set runtime path of "/home/rm-jiaolong/Workspace/homework4/task2/src/install/action_interfaces/lib/libaction_interfaces__rosidl_typesupport_introspection_cpp.so" to ""
[9.872s] -- Installing: /home/rm-jiaolong/Workspace/homework4/task2/src/install/action_interfaces/lib/libaction_interfaces__rosidl_typesupport_cpp.so
[9.872s] -- Set runtime path of "/home/rm-jiaolong/Workspace/homework4/task2/src/install/action_interfaces/lib/libaction_interfaces__rosidl_typesupport_cpp.so" to ""
[9.872s] -- Installing: /home/rm-jiaolong/Workspace/homework4/task2/src/install/action_interfaces/share/action_interfaces/environment/pythonpath.sh
[9.873s] -- Installing: /home/rm-jiaolong/Workspace/homework4/task2/src/install/action_interfaces/share/action_interfaces/environment/pythonpath.dsv
[9.873s] -- Installing: /home/rm-jiaolong/Workspace/homework4/task2/src/install/action_interfaces/local/lib/python3.10/dist-packages/action_interfaces-0.0.0-py3.10.egg-info
[9.873s] -- Installing: /home/rm-jiaolong/Workspace/homework4/task2/src/install/action_interfaces/local/lib/python3.10/dist-packages/action_interfaces-0.0.0-py3.10.egg-info/PKG-INFO
[9.873s] -- Installing: /home/rm-jiaolong/Workspace/homework4/task2/src/install/action_interfaces/local/lib/python3.10/dist-packages/action_interfaces-0.0.0-py3.10.egg-info/dependency_links.txt
[9.873s] -- Installing: /home/rm-jiaolong/Workspace/homework4/task2/src/install/action_interfaces/local/lib/python3.10/dist-packages/action_interfaces-0.0.0-py3.10.egg-info/top_level.txt
[9.874s] -- Installing: /home/rm-jiaolong/Workspace/homework4/task2/src/install/action_interfaces/local/lib/python3.10/dist-packages/action_interfaces-0.0.0-py3.10.egg-info/SOURCES.txt
[9.874s] -- Installing: /home/rm-jiaolong/Workspace/homework4/task2/src/install/action_interfaces/local/lib/python3.10/dist-packages/action_interfaces
[9.874s] -- Installing: /home/rm-jiaolong/Workspace/homework4/task2/src/install/action_interfaces/local/lib/python3.10/dist-packages/action_interfaces/action_interfaces_s__rosidl_typesupport_introspection_c.cpython-310-x86_64-linux-gnu.so
[9.874s] -- Installing: /home/rm-jiaolong/Workspace/homework4/task2/src/install/action_interfaces/local/lib/python3.10/dist-packages/action_interfaces/action_interfaces_s__rosidl_typesupport_fastrtps_c.cpython-310-x86_64-linux-gnu.so
[9.874s] -- Installing: /home/rm-jiaolong/Workspace/homework4/task2/src/install/action_interfaces/local/lib/python3.10/dist-packages/action_interfaces/action
[9.875s] -- Installing: /home/rm-jiaolong/Workspace/homework4/task2/src/install/action_interfaces/local/lib/python3.10/dist-packages/action_interfaces/action/_move_robot.py
[9.875s] -- Installing: /home/rm-jiaolong/Workspace/homework4/task2/src/install/action_interfaces/local/lib/python3.10/dist-packages/action_interfaces/action/_move_robot_s.c
[9.875s] -- Installing: /home/rm-jiaolong/Workspace/homework4/task2/src/install/action_interfaces/local/lib/python3.10/dist-packages/action_interfaces/action/__init__.py
[9.875s] -- Installing: /home/rm-jiaolong/Workspace/homework4/task2/src/install/action_interfaces/local/lib/python3.10/dist-packages/action_interfaces/_action_interfaces_s.ep.rosidl_typesupport_introspection_c.c
[9.876s] -- Installing: /home/rm-jiaolong/Workspace/homework4/task2/src/install/action_interfaces/local/lib/python3.10/dist-packages/action_interfaces/libaction_interfaces__rosidl_generator_py.so
[9.876s] -- Installing: /home/rm-jiaolong/Workspace/homework4/task2/src/install/action_interfaces/local/lib/python3.10/dist-packages/action_interfaces/_action_interfaces_s.ep.rosidl_typesupport_fastrtps_c.c
[9.876s] -- Installing: /home/rm-jiaolong/Workspace/homework4/task2/src/install/action_interfaces/local/lib/python3.10/dist-packages/action_interfaces/_action_interfaces_s.ep.rosidl_typesupport_c.c
[9.876s] -- Installing: /home/rm-jiaolong/Workspace/homework4/task2/src/install/action_interfaces/local/lib/python3.10/dist-packages/action_interfaces/__init__.py
[9.877s] -- Installing: /home/rm-jiaolong/Workspace/homework4/task2/src/install/action_interfaces/local/lib/python3.10/dist-packages/action_interfaces/action_interfaces_s__rosidl_typesupport_c.cpython-310-x86_64-linux-gnu.so
[9.975s] Listing '/home/rm-jiaolong/Workspace/homework4/task2/src/install/action_interfaces/local/lib/python3.10/dist-packages/action_interfaces'...
[9.976s] Compiling '/home/rm-jiaolong/Workspace/homework4/task2/src/install/action_interfaces/local/lib/python3.10/dist-packages/action_interfaces/__init__.py'...
[9.976s] Listing '/home/rm-jiaolong/Workspace/homework4/task2/src/install/action_interfaces/local/lib/python3.10/dist-packages/action_interfaces/action'...
[9.976s] Compiling '/home/rm-jiaolong/Workspace/homework4/task2/src/install/action_interfaces/local/lib/python3.10/dist-packages/action_interfaces/action/__init__.py'...
[9.976s] Compiling '/home/rm-jiaolong/Workspace/homework4/task2/src/install/action_interfaces/local/lib/python3.10/dist-packages/action_interfaces/action/_move_robot.py'...
[9.989s] -- Installing: /home/rm-jiaolong/Workspace/homework4/task2/src/install/action_interfaces/local/lib/python3.10/dist-packages/action_interfaces/action_interfaces_s__rosidl_typesupport_fastrtps_c.cpython-310-x86_64-linux-gnu.so
[9.989s] -- Set runtime path of "/home/rm-jiaolong/Workspace/homework4/task2/src/install/action_interfaces/local/lib/python3.10/dist-packages/action_interfaces/action_interfaces_s__rosidl_typesupport_fastrtps_c.cpython-310-x86_64-linux-gnu.so" to ""
[9.989s] -- Installing: /home/rm-jiaolong/Workspace/homework4/task2/src/install/action_interfaces/local/lib/python3.10/dist-packages/action_interfaces/action_interfaces_s__rosidl_typesupport_introspection_c.cpython-310-x86_64-linux-gnu.so
[9.990s] -- Set runtime path of "/home/rm-jiaolong/Workspace/homework4/task2/src/install/action_interfaces/local/lib/python3.10/dist-packages/action_interfaces/action_interfaces_s__rosidl_typesupport_introspection_c.cpython-310-x86_64-linux-gnu.so" to ""
[9.990s] -- Installing: /home/rm-jiaolong/Workspace/homework4/task2/src/install/action_interfaces/local/lib/python3.10/dist-packages/action_interfaces/action_interfaces_s__rosidl_typesupport_c.cpython-310-x86_64-linux-gnu.so
[9.990s] -- Set runtime path of "/home/rm-jiaolong/Workspace/homework4/task2/src/install/action_interfaces/local/lib/python3.10/dist-packages/action_interfaces/action_interfaces_s__rosidl_typesupport_c.cpython-310-x86_64-linux-gnu.so" to ""
[9.991s] -- Installing: /home/rm-jiaolong/Workspace/homework4/task2/src/install/action_interfaces/lib/libaction_interfaces__rosidl_generator_py.so
[9.991s] -- Set runtime path of "/home/rm-jiaolong/Workspace/homework4/task2/src/install/action_interfaces/lib/libaction_interfaces__rosidl_generator_py.so" to ""
[9.991s] -- Installing: /home/rm-jiaolong/Workspace/homework4/task2/src/install/action_interfaces/share/action_interfaces/action/MoveRobot.idl
[9.992s] -- Installing: /home/rm-jiaolong/Workspace/homework4/task2/src/install/action_interfaces/share/action_interfaces/action/MoveRobot.action
[9.992s] -- Installing: /home/rm-jiaolong/Workspace/homework4/task2/src/install/action_interfaces/share/ament_index/resource_index/package_run_dependencies/action_interfaces
[9.992s] -- Installing: /home/rm-jiaolong/Workspace/homework4/task2/src/install/action_interfaces/share/ament_index/resource_index/parent_prefix_path/action_interfaces
[9.992s] -- Installing: /home/rm-jiaolong/Workspace/homework4/task2/src/install/action_interfaces/share/action_interfaces/environment/ament_prefix_path.sh
[9.993s] -- Installing: /home/rm-jiaolong/Workspace/homework4/task2/src/install/action_interfaces/share/action_interfaces/environment/ament_prefix_path.dsv
[9.993s] -- Installing: /home/rm-jiaolong/Workspace/homework4/task2/src/install/action_interfaces/share/action_interfaces/environment/path.sh
[9.993s] -- Installing: /home/rm-jiaolong/Workspace/homework4/task2/src/install/action_interfaces/share/action_interfaces/environment/path.dsv
[9.994s] -- Installing: /home/rm-jiaolong/Workspace/homework4/task2/src/install/action_interfaces/share/action_interfaces/local_setup.bash
[9.994s] -- Installing: /home/rm-jiaolong/Workspace/homework4/task2/src/install/action_interfaces/share/action_interfaces/local_setup.sh
[9.994s] -- Installing: /home/rm-jiaolong/Workspace/homework4/task2/src/install/action_interfaces/share/action_interfaces/local_setup.zsh
[9.994s] -- Installing: /home/rm-jiaolong/Workspace/homework4/task2/src/install/action_interfaces/share/action_interfaces/local_setup.dsv
[9.994s] -- Installing: /home/rm-jiaolong/Workspace/homework4/task2/src/install/action_interfaces/share/action_interfaces/package.dsv
[9.995s] -- Installing: /home/rm-jiaolong/Workspace/homework4/task2/src/install/action_interfaces/share/ament_index/resource_index/packages/action_interfaces
[9.995s] -- Installing: /home/rm-jiaolong/Workspace/homework4/task2/src/install/action_interfaces/share/action_interfaces/cmake/export_action_interfaces__rosidl_generator_cExport.cmake
[9.995s] -- Installing: /home/rm-jiaolong/Workspace/homework4/task2/src/install/action_interfaces/share/action_interfaces/cmake/export_action_interfaces__rosidl_generator_cExport-noconfig.cmake
[9.995s] -- Installing: /home/rm-jiaolong/Workspace/homework4/task2/src/install/action_interfaces/share/action_interfaces/cmake/export_action_interfaces__rosidl_typesupport_fastrtps_cExport.cmake
[9.996s] -- Installing: /home/rm-jiaolong/Workspace/homework4/task2/src/install/action_interfaces/share/action_interfaces/cmake/export_action_interfaces__rosidl_typesupport_fastrtps_cExport-noconfig.cmake
[9.996s] -- Installing: /home/rm-jiaolong/Workspace/homework4/task2/src/install/action_interfaces/share/action_interfaces/cmake/action_interfaces__rosidl_typesupport_introspection_cExport.cmake
[9.997s] -- Installing: /home/rm-jiaolong/Workspace/homework4/task2/src/install/action_interfaces/share/action_interfaces/cmake/action_interfaces__rosidl_typesupport_introspection_cExport-noconfig.cmake
[9.997s] -- Installing: /home/rm-jiaolong/Workspace/homework4/task2/src/install/action_interfaces/share/action_interfaces/cmake/action_interfaces__rosidl_typesupport_cExport.cmake
[9.997s] -- Installing: /home/rm-jiaolong/Workspace/homework4/task2/src/install/action_interfaces/share/action_interfaces/cmake/action_interfaces__rosidl_typesupport_cExport-noconfig.cmake
[9.997s] -- Installing: /home/rm-jiaolong/Workspace/homework4/task2/src/install/action_interfaces/share/action_interfaces/cmake/export_action_interfaces__rosidl_generator_cppExport.cmake
[9.998s] -- Installing: /home/rm-jiaolong/Workspace/homework4/task2/src/install/action_interfaces/share/action_interfaces/cmake/export_action_interfaces__rosidl_typesupport_fastrtps_cppExport.cmake
[9.998s] -- Installing: /home/rm-jiaolong/Workspace/homework4/task2/src/install/action_interfaces/share/action_interfaces/cmake/export_action_interfaces__rosidl_typesupport_fastrtps_cppExport-noconfig.cmake
[9.998s] -- Installing: /home/rm-jiaolong/Workspace/homework4/task2/src/install/action_interfaces/share/action_interfaces/cmake/action_interfaces__rosidl_typesupport_introspection_cppExport.cmake
[9.999s] -- Installing: /home/rm-jiaolong/Workspace/homework4/task2/src/install/action_interfaces/share/action_interfaces/cmake/action_interfaces__rosidl_typesupport_introspection_cppExport-noconfig.cmake
[9.999s] -- Installing: /home/rm-jiaolong/Workspace/homework4/task2/src/install/action_interfaces/share/action_interfaces/cmake/action_interfaces__rosidl_typesupport_cppExport.cmake
[9.999s] -- Installing: /home/rm-jiaolong/Workspace/homework4/task2/src/install/action_interfaces/share/action_interfaces/cmake/action_interfaces__rosidl_typesupport_cppExport-noconfig.cmake
[10.001s] -- Installing: /home/rm-jiaolong/Workspace/homework4/task2/src/install/action_interfaces/share/action_interfaces/cmake/export_action_interfaces__rosidl_generator_pyExport.cmake
[10.001s] -- Installing: /home/rm-jiaolong/Workspace/homework4/task2/src/install/action_interfaces/share/action_interfaces/cmake/export_action_interfaces__rosidl_generator_pyExport-noconfig.cmake
[10.001s] -- Installing: /home/rm-jiaolong/Workspace/homework4/task2/src/install/action_interfaces/share/action_interfaces/cmake/rosidl_cmake-extras.cmake
[10.001s] -- Installing: /home/rm-jiaolong/Workspace/homework4/task2/src/install/action_interfaces/share/action_interfaces/cmake/ament_cmake_export_dependencies-extras.cmake
[10.002s] -- Installing: /home/rm-jiaolong/Workspace/homework4/task2/src/install/action_interfaces/share/action_interfaces/cmake/ament_cmake_export_include_directories-extras.cmake
[10.002s] -- Installing: /home/rm-jiaolong/Workspace/homework4/task2/src/install/action_interfaces/share/action_interfaces/cmake/ament_cmake_export_libraries-extras.cmake
[10.002s] -- Installing: /home/rm-jiaolong/Workspace/homework4/task2/src/install/action_interfaces/share/action_interfaces/cmake/ament_cmake_export_targets-extras.cmake
[10.003s] -- Installing: /home/rm-jiaolong/Workspace/homework4/task2/src/install/action_interfaces/share/action_interfaces/cmake/rosidl_cmake_export_typesupport_targets-extras.cmake
[10.003s] -- Installing: /home/rm-jiaolong/Workspace/homework4/task2/src/install/action_interfaces/share/action_interfaces/cmake/rosidl_cmake_export_typesupport_libraries-extras.cmake
[10.003s] -- Installing: /home/rm-jiaolong/Workspace/homework4/task2/src/install/action_interfaces/share/action_interfaces/cmake/action_interfacesConfig.cmake
[10.004s] -- Installing: /home/rm-jiaolong/Workspace/homework4/task2/src/install/action_interfaces/share/action_interfaces/cmake/action_interfacesConfig-version.cmake
[10.004s] -- Installing: /home/rm-jiaolong/Workspace/homework4/task2/src/install/action_interfaces/share/action_interfaces/package.xml
[10.011s] Invoked command in '/home/rm-jiaolong/Workspace/homework4/task2/src/build/action_interfaces' returned '0': CMAKE_PREFIX_PATH=${CMAKE_PREFIX_PATH}:/opt/ros/humble /usr/bin/cmake --install /home/rm-jiaolong/Workspace/homework4/task2/src/build/action_interfaces
