[0.239s] DEBUG:colcon:Command line arguments: ['/usr/bin/colcon', 'build', '--packages-select', 'service_demo']
[0.239s] DEBUG:colcon:Parsed command line arguments: Namespace(log_base=None, log_level=None, verb_name='build', build_base='build', install_base='install', merge_install=False, symlink_install=False, test_result_base=None, continue_on_error=False, executor='parallel', parallel_workers=4, event_handlers=None, ignore_user_meta=False, metas=['./colcon.meta'], base_paths=['.'], packages_ignore=None, packages_ignore_regex=None, paths=None, packages_up_to=None, packages_up_to_regex=None, packages_above=None, packages_above_and_dependencies=None, packages_above_depth=None, packages_select_by_dep=None, packages_skip_by_dep=None, packages_skip_up_to=None, packages_select_build_failed=False, packages_skip_build_finished=False, packages_select_test_failures=False, packages_skip_test_passed=False, packages_select=['service_demo'], packages_skip=None, packages_select_regex=None, packages_skip_regex=None, packages_start=None, packages_end=None, allow_overriding=[], cmake_args=None, cmake_target=None, cmake_target_skip_unavailable=False, cmake_clean_cache=False, cmake_clean_first=False, cmake_force_configure=False, ament_cmake_args=None, catkin_cmake_args=None, catkin_skip_building_tests=False, verb_parser=<colcon_defaults.argument_parser.defaults.DefaultArgumentsDecorator object at 0x79f07060fe80>, verb_extension=<colcon_core.verb.build.BuildVerb object at 0x79f07060f8e0>, main=<bound method BuildVerb.main of <colcon_core.verb.build.BuildVerb object at 0x79f07060f8e0>>)
[0.587s] Level 1:colcon.colcon_core.package_discovery:discover_packages(colcon_meta) check parameters
[0.587s] Level 1:colcon.colcon_core.package_discovery:discover_packages(recursive) check parameters
[0.587s] Level 1:colcon.colcon_core.package_discovery:discover_packages(ignore) check parameters
[0.587s] Level 1:colcon.colcon_core.package_discovery:discover_packages(path) check parameters
[0.587s] Level 1:colcon.colcon_core.package_discovery:discover_packages(colcon_meta) discover
[0.587s] Level 1:colcon.colcon_core.package_discovery:discover_packages(recursive) discover
[0.588s] INFO:colcon.colcon_core.package_discovery:Crawling recursively for packages in '/home/rm-jiaolong/Workspace/homework4/task1'
[0.588s] Level 1:colcon.colcon_core.package_identification:_identify(.) by extensions ['ignore', 'ignore_ament_install']
[0.588s] Level 1:colcon.colcon_core.package_identification:_identify(.) by extension 'ignore'
[0.588s] Level 1:colcon.colcon_core.package_identification:_identify(.) by extension 'ignore_ament_install'
[0.588s] Level 1:colcon.colcon_core.package_identification:_identify(.) by extensions ['colcon_pkg']
[0.588s] Level 1:colcon.colcon_core.package_identification:_identify(.) by extension 'colcon_pkg'
[0.588s] Level 1:colcon.colcon_core.package_identification:_identify(.) by extensions ['colcon_meta']
[0.588s] Level 1:colcon.colcon_core.package_identification:_identify(.) by extension 'colcon_meta'
[0.588s] Level 1:colcon.colcon_core.package_identification:_identify(.) by extensions ['ros']
[0.588s] Level 1:colcon.colcon_core.package_identification:_identify(.) by extension 'ros'
[0.614s] Level 1:colcon.colcon_core.package_identification:_identify(.) by extensions ['cmake', 'python']
[0.614s] Level 1:colcon.colcon_core.package_identification:_identify(.) by extension 'cmake'
[0.615s] Level 1:colcon.colcon_core.package_identification:_identify(.) by extension 'python'
[0.616s] Level 1:colcon.colcon_core.package_identification:_identify(.) by extensions ['python_setup_py']
[0.616s] Level 1:colcon.colcon_core.package_identification:_identify(.) by extension 'python_setup_py'
[0.616s] Level 1:colcon.colcon_core.package_identification:_identify(build) by extensions ['ignore', 'ignore_ament_install']
[0.617s] Level 1:colcon.colcon_core.package_identification:_identify(build) by extension 'ignore'
[0.617s] Level 1:colcon.colcon_core.package_identification:_identify(build) ignored
[0.617s] Level 1:colcon.colcon_core.package_identification:_identify(install) by extensions ['ignore', 'ignore_ament_install']
[0.618s] Level 1:colcon.colcon_core.package_identification:_identify(install) by extension 'ignore'
[0.618s] Level 1:colcon.colcon_core.package_identification:_identify(install) ignored
[0.618s] Level 1:colcon.colcon_core.package_identification:_identify(log) by extensions ['ignore', 'ignore_ament_install']
[0.618s] Level 1:colcon.colcon_core.package_identification:_identify(log) by extension 'ignore'
[0.618s] Level 1:colcon.colcon_core.package_identification:_identify(log) ignored
[0.618s] Level 1:colcon.colcon_core.package_identification:_identify(src) by extensions ['ignore', 'ignore_ament_install']
[0.619s] Level 1:colcon.colcon_core.package_identification:_identify(src) by extension 'ignore'
[0.619s] Level 1:colcon.colcon_core.package_identification:_identify(src) by extension 'ignore_ament_install'
[0.619s] Level 1:colcon.colcon_core.package_identification:_identify(src) by extensions ['colcon_pkg']
[0.619s] Level 1:colcon.colcon_core.package_identification:_identify(src) by extension 'colcon_pkg'
[0.619s] Level 1:colcon.colcon_core.package_identification:_identify(src) by extensions ['colcon_meta']
[0.619s] Level 1:colcon.colcon_core.package_identification:_identify(src) by extension 'colcon_meta'
[0.619s] Level 1:colcon.colcon_core.package_identification:_identify(src) by extensions ['ros']
[0.619s] Level 1:colcon.colcon_core.package_identification:_identify(src) by extension 'ros'
[0.619s] Level 1:colcon.colcon_core.package_identification:_identify(src) by extensions ['cmake', 'python']
[0.619s] Level 1:colcon.colcon_core.package_identification:_identify(src) by extension 'cmake'
[0.619s] Level 1:colcon.colcon_core.package_identification:_identify(src) by extension 'python'
[0.619s] Level 1:colcon.colcon_core.package_identification:_identify(src) by extensions ['python_setup_py']
[0.620s] Level 1:colcon.colcon_core.package_identification:_identify(src) by extension 'python_setup_py'
[0.620s] Level 1:colcon.colcon_core.package_identification:_identify(src/service_demo) by extensions ['ignore', 'ignore_ament_install']
[0.620s] Level 1:colcon.colcon_core.package_identification:_identify(src/service_demo) by extension 'ignore'
[0.620s] Level 1:colcon.colcon_core.package_identification:_identify(src/service_demo) by extension 'ignore_ament_install'
[0.620s] Level 1:colcon.colcon_core.package_identification:_identify(src/service_demo) by extensions ['colcon_pkg']
[0.620s] Level 1:colcon.colcon_core.package_identification:_identify(src/service_demo) by extension 'colcon_pkg'
[0.620s] Level 1:colcon.colcon_core.package_identification:_identify(src/service_demo) by extensions ['colcon_meta']
[0.620s] Level 1:colcon.colcon_core.package_identification:_identify(src/service_demo) by extension 'colcon_meta'
[0.621s] Level 1:colcon.colcon_core.package_identification:_identify(src/service_demo) by extensions ['ros']
[0.621s] Level 1:colcon.colcon_core.package_identification:_identify(src/service_demo) by extension 'ros'
[0.626s] DEBUG:colcon.colcon_core.package_identification:Package 'src/service_demo' with type 'ros.ament_cmake' and name 'service_demo'
[0.626s] Level 1:colcon.colcon_core.package_discovery:discover_packages(recursive) using defaults
[0.626s] Level 1:colcon.colcon_core.package_discovery:discover_packages(ignore) discover
[0.626s] Level 1:colcon.colcon_core.package_discovery:discover_packages(ignore) using defaults
[0.626s] Level 1:colcon.colcon_core.package_discovery:discover_packages(path) discover
[0.626s] Level 1:colcon.colcon_core.package_discovery:discover_packages(path) using defaults
[0.673s] Level 1:colcon.colcon_core.package_discovery:discover_packages(prefix_path) check parameters
[0.673s] Level 1:colcon.colcon_core.package_discovery:discover_packages(prefix_path) discover
[0.678s] DEBUG:colcon.colcon_installed_package_information.package_discovery:Found 270 installed packages in /opt/ros/humble
[0.681s] Level 1:colcon.colcon_core.package_discovery:discover_packages(prefix_path) using defaults
[0.779s] Level 5:colcon.colcon_core.verb:set package 'service_demo' build argument 'cmake_args' from command line to 'None'
[0.779s] Level 5:colcon.colcon_core.verb:set package 'service_demo' build argument 'cmake_target' from command line to 'None'
[0.779s] Level 5:colcon.colcon_core.verb:set package 'service_demo' build argument 'cmake_target_skip_unavailable' from command line to 'False'
[0.779s] Level 5:colcon.colcon_core.verb:set package 'service_demo' build argument 'cmake_clean_cache' from command line to 'False'
[0.780s] Level 5:colcon.colcon_core.verb:set package 'service_demo' build argument 'cmake_clean_first' from command line to 'False'
[0.780s] Level 5:colcon.colcon_core.verb:set package 'service_demo' build argument 'cmake_force_configure' from command line to 'False'
[0.780s] Level 5:colcon.colcon_core.verb:set package 'service_demo' build argument 'ament_cmake_args' from command line to 'None'
[0.780s] Level 5:colcon.colcon_core.verb:set package 'service_demo' build argument 'catkin_cmake_args' from command line to 'None'
[0.780s] Level 5:colcon.colcon_core.verb:set package 'service_demo' build argument 'catkin_skip_building_tests' from command line to 'False'
[0.780s] DEBUG:colcon.colcon_core.verb:Building package 'service_demo' with the following arguments: {'ament_cmake_args': None, 'build_base': '/home/rm-jiaolong/Workspace/homework4/task1/build/service_demo', 'catkin_cmake_args': None, 'catkin_skip_building_tests': False, 'cmake_args': None, 'cmake_clean_cache': False, 'cmake_clean_first': False, 'cmake_force_configure': False, 'cmake_target': None, 'cmake_target_skip_unavailable': False, 'install_base': '/home/rm-jiaolong/Workspace/homework4/task1/install/service_demo', 'merge_install': False, 'path': '/home/rm-jiaolong/Workspace/homework4/task1/src/service_demo', 'symlink_install': False, 'test_result_base': None}
[0.780s] INFO:colcon.colcon_core.executor:Executing jobs using 'parallel' executor
[0.784s] DEBUG:colcon.colcon_parallel_executor.executor.parallel:run_until_complete
[0.785s] INFO:colcon.colcon_ros.task.ament_cmake.build:Building ROS package in '/home/rm-jiaolong/Workspace/homework4/task1/src/service_demo' with build type 'ament_cmake'
[0.785s] INFO:colcon.colcon_cmake.task.cmake.build:Building CMake package in '/home/rm-jiaolong/Workspace/homework4/task1/src/service_demo'
[0.789s] INFO:colcon.colcon_core.plugin_system:Skipping extension 'colcon_core.shell.bat': Not used on non-Windows systems
[0.790s] INFO:colcon.colcon_core.shell:Skip shell extension 'powershell' for command environment: Not usable outside of PowerShell
[0.790s] DEBUG:colcon.colcon_core.shell:Skip shell extension 'dsv' for command environment
[0.815s] DEBUG:colcon.colcon_core.event_handler.log_command:Invoking command in '/home/rm-jiaolong/Workspace/homework4/task1/build/service_demo': CMAKE_PREFIX_PATH=/opt/ros/humble /usr/bin/cmake --build /home/rm-jiaolong/Workspace/homework4/task1/build/service_demo -- -j4 -l4
[9.970s] DEBUG:colcon.colcon_core.event_handler.log_command:Invoked command in '/home/rm-jiaolong/Workspace/homework4/task1/build/service_demo' returned '0': CMAKE_PREFIX_PATH=/opt/ros/humble /usr/bin/cmake --build /home/rm-jiaolong/Workspace/homework4/task1/build/service_demo -- -j4 -l4
[10.042s] DEBUG:colcon.colcon_core.event_handler.log_command:Invoking command in '/home/rm-jiaolong/Workspace/homework4/task1/build/service_demo': CMAKE_PREFIX_PATH=/opt/ros/humble /usr/bin/cmake --install /home/rm-jiaolong/Workspace/homework4/task1/build/service_demo
[10.062s] Level 1:colcon.colcon_core.environment:create_environment_scripts_only(service_demo)
[10.063s] DEBUG:colcon.colcon_core.event_handler.log_command:Invoked command in '/home/rm-jiaolong/Workspace/homework4/task1/build/service_demo' returned '0': CMAKE_PREFIX_PATH=/opt/ros/humble /usr/bin/cmake --install /home/rm-jiaolong/Workspace/homework4/task1/build/service_demo
[10.070s] Level 1:colcon.colcon_core.environment:checking '/home/rm-jiaolong/Workspace/homework4/task1/install/service_demo' for CMake module files
[10.071s] Level 1:colcon.colcon_core.environment:checking '/home/rm-jiaolong/Workspace/homework4/task1/install/service_demo' for CMake config files
[10.072s] Level 1:colcon.colcon_core.shell:create_environment_hook('service_demo', 'cmake_prefix_path')
[10.072s] INFO:colcon.colcon_core.shell:Creating environment hook '/home/rm-jiaolong/Workspace/homework4/task1/install/service_demo/share/service_demo/hook/cmake_prefix_path.ps1'
[10.076s] INFO:colcon.colcon_core.shell:Creating environment descriptor '/home/rm-jiaolong/Workspace/homework4/task1/install/service_demo/share/service_demo/hook/cmake_prefix_path.dsv'
[10.077s] INFO:colcon.colcon_core.shell:Creating environment hook '/home/rm-jiaolong/Workspace/homework4/task1/install/service_demo/share/service_demo/hook/cmake_prefix_path.sh'
[10.079s] Level 1:colcon.colcon_core.environment:checking '/home/rm-jiaolong/Workspace/homework4/task1/install/service_demo/lib'
[10.079s] Level 1:colcon.colcon_core.environment:checking '/home/rm-jiaolong/Workspace/homework4/task1/install/service_demo/bin'
[10.079s] Level 1:colcon.colcon_core.environment:checking '/home/rm-jiaolong/Workspace/homework4/task1/install/service_demo/lib/pkgconfig/service_demo.pc'
[10.079s] Level 1:colcon.colcon_core.environment:checking '/home/rm-jiaolong/Workspace/homework4/task1/install/service_demo/lib/python3.10/site-packages'
[10.080s] Level 1:colcon.colcon_core.environment:checking '/home/rm-jiaolong/Workspace/homework4/task1/install/service_demo/bin'
[10.080s] INFO:colcon.colcon_core.shell:Creating package script '/home/rm-jiaolong/Workspace/homework4/task1/install/service_demo/share/service_demo/package.ps1'
[10.081s] INFO:colcon.colcon_core.shell:Creating package descriptor '/home/rm-jiaolong/Workspace/homework4/task1/install/service_demo/share/service_demo/package.dsv'
[10.081s] INFO:colcon.colcon_core.shell:Creating package script '/home/rm-jiaolong/Workspace/homework4/task1/install/service_demo/share/service_demo/package.sh'
[10.082s] INFO:colcon.colcon_core.shell:Creating package script '/home/rm-jiaolong/Workspace/homework4/task1/install/service_demo/share/service_demo/package.bash'
[10.083s] INFO:colcon.colcon_core.shell:Creating package script '/home/rm-jiaolong/Workspace/homework4/task1/install/service_demo/share/service_demo/package.zsh'
[10.084s] Level 1:colcon.colcon_core.environment:create_file_with_runtime_dependencies(/home/rm-jiaolong/Workspace/homework4/task1/install/service_demo/share/colcon-core/packages/service_demo)
[10.122s] Level 1:colcon.colcon_core.environment:create_environment_scripts_only(service_demo)
[10.122s] Level 1:colcon.colcon_core.environment:checking '/home/rm-jiaolong/Workspace/homework4/task1/install/service_demo' for CMake module files
[10.123s] Level 1:colcon.colcon_core.environment:checking '/home/rm-jiaolong/Workspace/homework4/task1/install/service_demo' for CMake config files
[10.123s] Level 1:colcon.colcon_core.shell:create_environment_hook('service_demo', 'cmake_prefix_path')
[10.123s] INFO:colcon.colcon_core.shell:Creating environment hook '/home/rm-jiaolong/Workspace/homework4/task1/install/service_demo/share/service_demo/hook/cmake_prefix_path.ps1'
[10.124s] INFO:colcon.colcon_core.shell:Creating environment descriptor '/home/rm-jiaolong/Workspace/homework4/task1/install/service_demo/share/service_demo/hook/cmake_prefix_path.dsv'
[10.125s] INFO:colcon.colcon_core.shell:Creating environment hook '/home/rm-jiaolong/Workspace/homework4/task1/install/service_demo/share/service_demo/hook/cmake_prefix_path.sh'
[10.126s] Level 1:colcon.colcon_core.environment:checking '/home/rm-jiaolong/Workspace/homework4/task1/install/service_demo/lib'
[10.126s] Level 1:colcon.colcon_core.environment:checking '/home/rm-jiaolong/Workspace/homework4/task1/install/service_demo/bin'
[10.126s] Level 1:colcon.colcon_core.environment:checking '/home/rm-jiaolong/Workspace/homework4/task1/install/service_demo/lib/pkgconfig/service_demo.pc'
[10.127s] Level 1:colcon.colcon_core.environment:checking '/home/rm-jiaolong/Workspace/homework4/task1/install/service_demo/lib/python3.10/site-packages'
[10.127s] Level 1:colcon.colcon_core.environment:checking '/home/rm-jiaolong/Workspace/homework4/task1/install/service_demo/bin'
[10.128s] INFO:colcon.colcon_core.shell:Creating package script '/home/rm-jiaolong/Workspace/homework4/task1/install/service_demo/share/service_demo/package.ps1'
[10.129s] INFO:colcon.colcon_core.shell:Creating package descriptor '/home/rm-jiaolong/Workspace/homework4/task1/install/service_demo/share/service_demo/package.dsv'
[10.130s] INFO:colcon.colcon_core.shell:Creating package script '/home/rm-jiaolong/Workspace/homework4/task1/install/service_demo/share/service_demo/package.sh'
[10.131s] INFO:colcon.colcon_core.shell:Creating package script '/home/rm-jiaolong/Workspace/homework4/task1/install/service_demo/share/service_demo/package.bash'
[10.132s] INFO:colcon.colcon_core.shell:Creating package script '/home/rm-jiaolong/Workspace/homework4/task1/install/service_demo/share/service_demo/package.zsh'
[10.133s] Level 1:colcon.colcon_core.environment:create_file_with_runtime_dependencies(/home/rm-jiaolong/Workspace/homework4/task1/install/service_demo/share/colcon-core/packages/service_demo)
[10.134s] DEBUG:colcon.colcon_parallel_executor.executor.parallel:closing loop
[10.134s] DEBUG:colcon.colcon_parallel_executor.executor.parallel:loop closed
[10.134s] DEBUG:colcon.colcon_parallel_executor.executor.parallel:run_until_complete finished with '0'
[10.135s] DEBUG:colcon.colcon_core.event_reactor:joining thread
[10.144s] INFO:colcon.colcon_core.plugin_system:Skipping extension 'colcon_notification.desktop_notification.terminal_notifier': Not used on non-Darwin systems
[10.145s] INFO:colcon.colcon_core.plugin_system:Skipping extension 'colcon_notification.desktop_notification.win32': Not used on non-Windows systems
[10.145s] INFO:colcon.colcon_notification.desktop_notification:Sending desktop notification using 'notify2'
[10.176s] DEBUG:colcon.colcon_core.event_reactor:joined thread
[10.176s] INFO:colcon.colcon_core.shell:Creating prefix script '/home/rm-jiaolong/Workspace/homework4/task1/install/local_setup.ps1'
[10.177s] INFO:colcon.colcon_core.shell:Creating prefix util module '/home/rm-jiaolong/Workspace/homework4/task1/install/_local_setup_util_ps1.py'
[10.179s] INFO:colcon.colcon_core.shell:Creating prefix chain script '/home/rm-jiaolong/Workspace/homework4/task1/install/setup.ps1'
[10.180s] INFO:colcon.colcon_core.shell:Creating prefix script '/home/rm-jiaolong/Workspace/homework4/task1/install/local_setup.sh'
[10.181s] INFO:colcon.colcon_core.shell:Creating prefix util module '/home/rm-jiaolong/Workspace/homework4/task1/install/_local_setup_util_sh.py'
[10.182s] INFO:colcon.colcon_core.shell:Creating prefix chain script '/home/rm-jiaolong/Workspace/homework4/task1/install/setup.sh'
[10.183s] INFO:colcon.colcon_core.shell:Creating prefix script '/home/rm-jiaolong/Workspace/homework4/task1/install/local_setup.bash'
[10.184s] INFO:colcon.colcon_core.shell:Creating prefix chain script '/home/rm-jiaolong/Workspace/homework4/task1/install/setup.bash'
[10.185s] INFO:colcon.colcon_core.shell:Creating prefix script '/home/rm-jiaolong/Workspace/homework4/task1/install/local_setup.zsh'
[10.186s] INFO:colcon.colcon_core.shell:Creating prefix chain script '/home/rm-jiaolong/Workspace/homework4/task1/install/setup.zsh'
