[0.060s] DEBUG:colcon:Command line arguments: ['/usr/bin/colcon', 'build']
[0.060s] DEBUG:colcon:Parsed command line arguments: Namespace(log_base=None, log_level=None, verb_name='build', build_base='build', install_base='install', merge_install=False, symlink_install=False, test_result_base=None, continue_on_error=False, executor='parallel', parallel_workers=32, event_handlers=None, ignore_user_meta=False, metas=['./colcon.meta'], base_paths=['.'], packages_ignore=None, packages_ignore_regex=None, paths=None, packages_up_to=None, packages_up_to_regex=None, packages_above=None, packages_above_and_dependencies=None, packages_above_depth=None, packages_select_by_dep=None, packages_skip_by_dep=None, packages_skip_up_to=None, packages_select_build_failed=False, packages_skip_build_finished=False, packages_select_test_failures=False, packages_skip_test_passed=False, packages_select=None, packages_skip=None, packages_select_regex=None, packages_skip_regex=None, packages_start=None, packages_end=None, allow_overriding=[], cmake_args=None, cmake_target=None, cmake_target_skip_unavailable=False, cmake_clean_cache=False, cmake_clean_first=False, cmake_force_configure=False, ament_cmake_args=None, catkin_cmake_args=None, catkin_skip_building_tests=False, verb_parser=<colcon_defaults.argument_parser.defaults.DefaultArgumentsDecorator object at 0x7c3e295487f0>, verb_extension=<colcon_core.verb.build.BuildVerb object at 0x7c3e29548280>, main=<bound method BuildVerb.main of <colcon_core.verb.build.BuildVerb object at 0x7c3e29548280>>)
[0.150s] Level 1:colcon.colcon_core.package_discovery:discover_packages(colcon_meta) check parameters
[0.150s] Level 1:colcon.colcon_core.package_discovery:discover_packages(recursive) check parameters
[0.150s] Level 1:colcon.colcon_core.package_discovery:discover_packages(ignore) check parameters
[0.150s] Level 1:colcon.colcon_core.package_discovery:discover_packages(path) check parameters
[0.150s] Level 1:colcon.colcon_core.package_discovery:discover_packages(colcon_meta) discover
[0.150s] Level 1:colcon.colcon_core.package_discovery:discover_packages(recursive) discover
[0.150s] INFO:colcon.colcon_core.package_discovery:Crawling recursively for packages in '/home/luna/2025-vision-training-master/2025-vision-training-master/homework4/ros_ws'
[0.150s] Level 1:colcon.colcon_core.package_identification:_identify(.) by extensions ['ignore', 'ignore_ament_install']
[0.150s] Level 1:colcon.colcon_core.package_identification:_identify(.) by extension 'ignore'
[0.150s] Level 1:colcon.colcon_core.package_identification:_identify(.) by extension 'ignore_ament_install'
[0.150s] Level 1:colcon.colcon_core.package_identification:_identify(.) by extensions ['colcon_pkg']
[0.150s] Level 1:colcon.colcon_core.package_identification:_identify(.) by extension 'colcon_pkg'
[0.150s] Level 1:colcon.colcon_core.package_identification:_identify(.) by extensions ['colcon_meta']
[0.150s] Level 1:colcon.colcon_core.package_identification:_identify(.) by extension 'colcon_meta'
[0.150s] Level 1:colcon.colcon_core.package_identification:_identify(.) by extensions ['ros']
[0.150s] Level 1:colcon.colcon_core.package_identification:_identify(.) by extension 'ros'
[0.157s] Level 1:colcon.colcon_core.package_identification:_identify(.) by extensions ['cmake', 'python']
[0.157s] Level 1:colcon.colcon_core.package_identification:_identify(.) by extension 'cmake'
[0.158s] Level 1:colcon.colcon_core.package_identification:_identify(.) by extension 'python'
[0.158s] Level 1:colcon.colcon_core.package_identification:_identify(.) by extensions ['python_setup_py']
[0.158s] Level 1:colcon.colcon_core.package_identification:_identify(.) by extension 'python_setup_py'
[0.158s] Level 1:colcon.colcon_core.package_identification:_identify(build) by extensions ['ignore', 'ignore_ament_install']
[0.158s] Level 1:colcon.colcon_core.package_identification:_identify(build) by extension 'ignore'
[0.158s] Level 1:colcon.colcon_core.package_identification:_identify(build) ignored
[0.158s] Level 1:colcon.colcon_core.package_identification:_identify(install) by extensions ['ignore', 'ignore_ament_install']
[0.158s] Level 1:colcon.colcon_core.package_identification:_identify(install) by extension 'ignore'
[0.158s] Level 1:colcon.colcon_core.package_identification:_identify(install) ignored
[0.158s] Level 1:colcon.colcon_core.package_identification:_identify(log) by extensions ['ignore', 'ignore_ament_install']
[0.158s] Level 1:colcon.colcon_core.package_identification:_identify(log) by extension 'ignore'
[0.158s] Level 1:colcon.colcon_core.package_identification:_identify(log) ignored
[0.158s] Level 1:colcon.colcon_core.package_identification:_identify(src) by extensions ['ignore', 'ignore_ament_install']
[0.158s] Level 1:colcon.colcon_core.package_identification:_identify(src) by extension 'ignore'
[0.158s] Level 1:colcon.colcon_core.package_identification:_identify(src) by extension 'ignore_ament_install'
[0.158s] Level 1:colcon.colcon_core.package_identification:_identify(src) by extensions ['colcon_pkg']
[0.158s] Level 1:colcon.colcon_core.package_identification:_identify(src) by extension 'colcon_pkg'
[0.158s] Level 1:colcon.colcon_core.package_identification:_identify(src) by extensions ['colcon_meta']
[0.158s] Level 1:colcon.colcon_core.package_identification:_identify(src) by extension 'colcon_meta'
[0.158s] Level 1:colcon.colcon_core.package_identification:_identify(src) by extensions ['ros']
[0.158s] Level 1:colcon.colcon_core.package_identification:_identify(src) by extension 'ros'
[0.158s] Level 1:colcon.colcon_core.package_identification:_identify(src) by extensions ['cmake', 'python']
[0.158s] Level 1:colcon.colcon_core.package_identification:_identify(src) by extension 'cmake'
[0.158s] Level 1:colcon.colcon_core.package_identification:_identify(src) by extension 'python'
[0.158s] Level 1:colcon.colcon_core.package_identification:_identify(src) by extensions ['python_setup_py']
[0.158s] Level 1:colcon.colcon_core.package_identification:_identify(src) by extension 'python_setup_py'
[0.158s] Level 1:colcon.colcon_core.package_identification:_identify(src/divide_interface) by extensions ['ignore', 'ignore_ament_install']
[0.158s] Level 1:colcon.colcon_core.package_identification:_identify(src/divide_interface) by extension 'ignore'
[0.158s] Level 1:colcon.colcon_core.package_identification:_identify(src/divide_interface) by extension 'ignore_ament_install'
[0.158s] Level 1:colcon.colcon_core.package_identification:_identify(src/divide_interface) by extensions ['colcon_pkg']
[0.158s] Level 1:colcon.colcon_core.package_identification:_identify(src/divide_interface) by extension 'colcon_pkg'
[0.158s] Level 1:colcon.colcon_core.package_identification:_identify(src/divide_interface) by extensions ['colcon_meta']
[0.159s] Level 1:colcon.colcon_core.package_identification:_identify(src/divide_interface) by extension 'colcon_meta'
[0.159s] Level 1:colcon.colcon_core.package_identification:_identify(src/divide_interface) by extensions ['ros']
[0.159s] Level 1:colcon.colcon_core.package_identification:_identify(src/divide_interface) by extension 'ros'
[0.160s] DEBUG:colcon.colcon_core.package_identification:Package 'src/divide_interface' with type 'ros.ament_cmake' and name 'divide_interface'
[0.160s] Level 1:colcon.colcon_core.package_identification:_identify(src/divide_package) by extensions ['ignore', 'ignore_ament_install']
[0.160s] Level 1:colcon.colcon_core.package_identification:_identify(src/divide_package) by extension 'ignore'
[0.160s] Level 1:colcon.colcon_core.package_identification:_identify(src/divide_package) by extension 'ignore_ament_install'
[0.160s] Level 1:colcon.colcon_core.package_identification:_identify(src/divide_package) by extensions ['colcon_pkg']
[0.160s] Level 1:colcon.colcon_core.package_identification:_identify(src/divide_package) by extension 'colcon_pkg'
[0.160s] Level 1:colcon.colcon_core.package_identification:_identify(src/divide_package) by extensions ['colcon_meta']
[0.160s] Level 1:colcon.colcon_core.package_identification:_identify(src/divide_package) by extension 'colcon_meta'
[0.160s] Level 1:colcon.colcon_core.package_identification:_identify(src/divide_package) by extensions ['ros']
[0.160s] Level 1:colcon.colcon_core.package_identification:_identify(src/divide_package) by extension 'ros'
[0.161s] DEBUG:colcon.colcon_core.package_identification:Package 'src/divide_package' with type 'ros.ament_cmake' and name 'divide_package'
[0.161s] Level 1:colcon.colcon_core.package_discovery:discover_packages(recursive) using defaults
[0.161s] Level 1:colcon.colcon_core.package_discovery:discover_packages(ignore) discover
[0.161s] Level 1:colcon.colcon_core.package_discovery:discover_packages(ignore) using defaults
[0.161s] Level 1:colcon.colcon_core.package_discovery:discover_packages(path) discover
[0.161s] Level 1:colcon.colcon_core.package_discovery:discover_packages(path) using defaults
[0.173s] Level 1:colcon.colcon_core.package_discovery:discover_packages(prefix_path) check parameters
[0.173s] Level 1:colcon.colcon_core.package_discovery:discover_packages(prefix_path) discover
[0.174s] DEBUG:colcon.colcon_installed_package_information.package_discovery:Found 270 installed packages in /opt/ros/humble
[0.180s] Level 1:colcon.colcon_core.package_discovery:discover_packages(prefix_path) using defaults
[0.200s] Level 5:colcon.colcon_core.verb:set package 'divide_interface' build argument 'cmake_args' from command line to 'None'
[0.200s] Level 5:colcon.colcon_core.verb:set package 'divide_interface' build argument 'cmake_target' from command line to 'None'
[0.200s] Level 5:colcon.colcon_core.verb:set package 'divide_interface' build argument 'cmake_target_skip_unavailable' from command line to 'False'
[0.200s] Level 5:colcon.colcon_core.verb:set package 'divide_interface' build argument 'cmake_clean_cache' from command line to 'False'
[0.200s] Level 5:colcon.colcon_core.verb:set package 'divide_interface' build argument 'cmake_clean_first' from command line to 'False'
[0.200s] Level 5:colcon.colcon_core.verb:set package 'divide_interface' build argument 'cmake_force_configure' from command line to 'False'
[0.200s] Level 5:colcon.colcon_core.verb:set package 'divide_interface' build argument 'ament_cmake_args' from command line to 'None'
[0.200s] Level 5:colcon.colcon_core.verb:set package 'divide_interface' build argument 'catkin_cmake_args' from command line to 'None'
[0.200s] Level 5:colcon.colcon_core.verb:set package 'divide_interface' build argument 'catkin_skip_building_tests' from command line to 'False'
[0.200s] DEBUG:colcon.colcon_core.verb:Building package 'divide_interface' with the following arguments: {'ament_cmake_args': None, 'build_base': '/home/luna/2025-vision-training-master/2025-vision-training-master/homework4/ros_ws/build/divide_interface', 'catkin_cmake_args': None, 'catkin_skip_building_tests': False, 'cmake_args': None, 'cmake_clean_cache': False, 'cmake_clean_first': False, 'cmake_force_configure': False, 'cmake_target': None, 'cmake_target_skip_unavailable': False, 'install_base': '/home/luna/2025-vision-training-master/2025-vision-training-master/homework4/ros_ws/install/divide_interface', 'merge_install': False, 'path': '/home/luna/2025-vision-training-master/2025-vision-training-master/homework4/ros_ws/src/divide_interface', 'symlink_install': False, 'test_result_base': None}
[0.200s] Level 5:colcon.colcon_core.verb:set package 'divide_package' build argument 'cmake_args' from command line to 'None'
[0.200s] Level 5:colcon.colcon_core.verb:set package 'divide_package' build argument 'cmake_target' from command line to 'None'
[0.200s] Level 5:colcon.colcon_core.verb:set package 'divide_package' build argument 'cmake_target_skip_unavailable' from command line to 'False'
[0.200s] Level 5:colcon.colcon_core.verb:set package 'divide_package' build argument 'cmake_clean_cache' from command line to 'False'
[0.200s] Level 5:colcon.colcon_core.verb:set package 'divide_package' build argument 'cmake_clean_first' from command line to 'False'
[0.200s] Level 5:colcon.colcon_core.verb:set package 'divide_package' build argument 'cmake_force_configure' from command line to 'False'
[0.200s] Level 5:colcon.colcon_core.verb:set package 'divide_package' build argument 'ament_cmake_args' from command line to 'None'
[0.200s] Level 5:colcon.colcon_core.verb:set package 'divide_package' build argument 'catkin_cmake_args' from command line to 'None'
[0.200s] Level 5:colcon.colcon_core.verb:set package 'divide_package' build argument 'catkin_skip_building_tests' from command line to 'False'
[0.200s] DEBUG:colcon.colcon_core.verb:Building package 'divide_package' with the following arguments: {'ament_cmake_args': None, 'build_base': '/home/luna/2025-vision-training-master/2025-vision-training-master/homework4/ros_ws/build/divide_package', 'catkin_cmake_args': None, 'catkin_skip_building_tests': False, 'cmake_args': None, 'cmake_clean_cache': False, 'cmake_clean_first': False, 'cmake_force_configure': False, 'cmake_target': None, 'cmake_target_skip_unavailable': False, 'install_base': '/home/luna/2025-vision-training-master/2025-vision-training-master/homework4/ros_ws/install/divide_package', 'merge_install': False, 'path': '/home/luna/2025-vision-training-master/2025-vision-training-master/homework4/ros_ws/src/divide_package', 'symlink_install': False, 'test_result_base': None}
[0.200s] INFO:colcon.colcon_core.executor:Executing jobs using 'parallel' executor
[0.201s] DEBUG:colcon.colcon_parallel_executor.executor.parallel:run_until_complete
[0.202s] INFO:colcon.colcon_ros.task.ament_cmake.build:Building ROS package in '/home/luna/2025-vision-training-master/2025-vision-training-master/homework4/ros_ws/src/divide_interface' with build type 'ament_cmake'
[0.202s] INFO:colcon.colcon_cmake.task.cmake.build:Building CMake package in '/home/luna/2025-vision-training-master/2025-vision-training-master/homework4/ros_ws/src/divide_interface'
[0.203s] INFO:colcon.colcon_core.plugin_system:Skipping extension 'colcon_core.shell.bat': Not used on non-Windows systems
[0.203s] INFO:colcon.colcon_core.shell:Skip shell extension 'powershell' for command environment: Not usable outside of PowerShell
[0.203s] DEBUG:colcon.colcon_core.shell:Skip shell extension 'dsv' for command environment
[0.208s] DEBUG:colcon.colcon_core.event_handler.log_command:Invoking command in '/home/luna/2025-vision-training-master/2025-vision-training-master/homework4/ros_ws/build/divide_interface': CMAKE_PREFIX_PATH=/opt/ros/humble /usr/bin/cmake /home/luna/2025-vision-training-master/2025-vision-training-master/homework4/ros_ws/src/divide_interface -DCMAKE_INSTALL_PREFIX=/home/luna/2025-vision-training-master/2025-vision-training-master/homework4/ros_ws/install/divide_interface
[1.951s] DEBUG:colcon.colcon_core.event_handler.log_command:Invoked command in '/home/luna/2025-vision-training-master/2025-vision-training-master/homework4/ros_ws/build/divide_interface' returned '0': CMAKE_PREFIX_PATH=/opt/ros/humble /usr/bin/cmake /home/luna/2025-vision-training-master/2025-vision-training-master/homework4/ros_ws/src/divide_interface -DCMAKE_INSTALL_PREFIX=/home/luna/2025-vision-training-master/2025-vision-training-master/homework4/ros_ws/install/divide_interface
[1.952s] DEBUG:colcon.colcon_core.event_handler.log_command:Invoking command in '/home/luna/2025-vision-training-master/2025-vision-training-master/homework4/ros_ws/build/divide_interface': CMAKE_PREFIX_PATH=/opt/ros/humble /usr/bin/cmake --build /home/luna/2025-vision-training-master/2025-vision-training-master/homework4/ros_ws/build/divide_interface -- -j32 -l32
[3.060s] DEBUG:colcon.colcon_core.event_handler.log_command:Invoked command in '/home/luna/2025-vision-training-master/2025-vision-training-master/homework4/ros_ws/build/divide_interface' returned '0': CMAKE_PREFIX_PATH=/opt/ros/humble /usr/bin/cmake --build /home/luna/2025-vision-training-master/2025-vision-training-master/homework4/ros_ws/build/divide_interface -- -j32 -l32
[3.137s] DEBUG:colcon.colcon_core.event_handler.log_command:Invoking command in '/home/luna/2025-vision-training-master/2025-vision-training-master/homework4/ros_ws/build/divide_interface': CMAKE_PREFIX_PATH=/opt/ros/humble /usr/bin/cmake --install /home/luna/2025-vision-training-master/2025-vision-training-master/homework4/ros_ws/build/divide_interface
[3.187s] Level 1:colcon.colcon_core.environment:create_environment_scripts_only(divide_interface)
[3.188s] DEBUG:colcon.colcon_core.event_handler.log_command:Invoked command in '/home/luna/2025-vision-training-master/2025-vision-training-master/homework4/ros_ws/build/divide_interface' returned '0': CMAKE_PREFIX_PATH=/opt/ros/humble /usr/bin/cmake --install /home/luna/2025-vision-training-master/2025-vision-training-master/homework4/ros_ws/build/divide_interface
[3.189s] Level 1:colcon.colcon_core.environment:checking '/home/luna/2025-vision-training-master/2025-vision-training-master/homework4/ros_ws/install/divide_interface' for CMake module files
[3.190s] Level 1:colcon.colcon_core.environment:checking '/home/luna/2025-vision-training-master/2025-vision-training-master/homework4/ros_ws/install/divide_interface' for CMake config files
[3.190s] Level 1:colcon.colcon_core.shell:create_environment_hook('divide_interface', 'cmake_prefix_path')
[3.190s] INFO:colcon.colcon_core.shell:Creating environment hook '/home/luna/2025-vision-training-master/2025-vision-training-master/homework4/ros_ws/install/divide_interface/share/divide_interface/hook/cmake_prefix_path.ps1'
[3.191s] INFO:colcon.colcon_core.shell:Creating environment descriptor '/home/luna/2025-vision-training-master/2025-vision-training-master/homework4/ros_ws/install/divide_interface/share/divide_interface/hook/cmake_prefix_path.dsv'
[3.191s] INFO:colcon.colcon_core.shell:Creating environment hook '/home/luna/2025-vision-training-master/2025-vision-training-master/homework4/ros_ws/install/divide_interface/share/divide_interface/hook/cmake_prefix_path.sh'
[3.192s] Level 1:colcon.colcon_core.environment:checking '/home/luna/2025-vision-training-master/2025-vision-training-master/homework4/ros_ws/install/divide_interface/lib'
[3.192s] Level 1:colcon.colcon_core.shell:create_environment_hook('divide_interface', 'ld_library_path_lib')
[3.192s] INFO:colcon.colcon_core.shell:Creating environment hook '/home/luna/2025-vision-training-master/2025-vision-training-master/homework4/ros_ws/install/divide_interface/share/divide_interface/hook/ld_library_path_lib.ps1'
[3.193s] INFO:colcon.colcon_core.shell:Creating environment descriptor '/home/luna/2025-vision-training-master/2025-vision-training-master/homework4/ros_ws/install/divide_interface/share/divide_interface/hook/ld_library_path_lib.dsv'
[3.193s] INFO:colcon.colcon_core.shell:Creating environment hook '/home/luna/2025-vision-training-master/2025-vision-training-master/homework4/ros_ws/install/divide_interface/share/divide_interface/hook/ld_library_path_lib.sh'
[3.193s] Level 1:colcon.colcon_core.environment:checking '/home/luna/2025-vision-training-master/2025-vision-training-master/homework4/ros_ws/install/divide_interface/bin'
[3.193s] Level 1:colcon.colcon_core.environment:checking '/home/luna/2025-vision-training-master/2025-vision-training-master/homework4/ros_ws/install/divide_interface/lib/pkgconfig/divide_interface.pc'
[3.194s] Level 1:colcon.colcon_core.environment:checking '/home/luna/2025-vision-training-master/2025-vision-training-master/homework4/ros_ws/install/divide_interface/lib/python3.10/site-packages'
[3.194s] Level 1:colcon.colcon_core.environment:checking '/home/luna/2025-vision-training-master/2025-vision-training-master/homework4/ros_ws/install/divide_interface/bin'
[3.194s] INFO:colcon.colcon_core.shell:Creating package script '/home/luna/2025-vision-training-master/2025-vision-training-master/homework4/ros_ws/install/divide_interface/share/divide_interface/package.ps1'
[3.195s] INFO:colcon.colcon_core.shell:Creating package descriptor '/home/luna/2025-vision-training-master/2025-vision-training-master/homework4/ros_ws/install/divide_interface/share/divide_interface/package.dsv'
[3.195s] INFO:colcon.colcon_core.shell:Creating package script '/home/luna/2025-vision-training-master/2025-vision-training-master/homework4/ros_ws/install/divide_interface/share/divide_interface/package.sh'
[3.196s] INFO:colcon.colcon_core.shell:Creating package script '/home/luna/2025-vision-training-master/2025-vision-training-master/homework4/ros_ws/install/divide_interface/share/divide_interface/package.bash'
[3.196s] INFO:colcon.colcon_core.shell:Creating package script '/home/luna/2025-vision-training-master/2025-vision-training-master/homework4/ros_ws/install/divide_interface/share/divide_interface/package.zsh'
[3.197s] Level 1:colcon.colcon_core.environment:create_file_with_runtime_dependencies(/home/luna/2025-vision-training-master/2025-vision-training-master/homework4/ros_ws/install/divide_interface/share/colcon-core/packages/divide_interface)
[3.267s] Level 1:colcon.colcon_core.environment:create_environment_scripts_only(divide_interface)
[3.267s] Level 1:colcon.colcon_core.environment:checking '/home/luna/2025-vision-training-master/2025-vision-training-master/homework4/ros_ws/install/divide_interface' for CMake module files
[3.268s] Level 1:colcon.colcon_core.environment:checking '/home/luna/2025-vision-training-master/2025-vision-training-master/homework4/ros_ws/install/divide_interface' for CMake config files
[3.268s] Level 1:colcon.colcon_core.shell:create_environment_hook('divide_interface', 'cmake_prefix_path')
[3.268s] INFO:colcon.colcon_core.shell:Creating environment hook '/home/luna/2025-vision-training-master/2025-vision-training-master/homework4/ros_ws/install/divide_interface/share/divide_interface/hook/cmake_prefix_path.ps1'
[3.269s] INFO:colcon.colcon_core.shell:Creating environment descriptor '/home/luna/2025-vision-training-master/2025-vision-training-master/homework4/ros_ws/install/divide_interface/share/divide_interface/hook/cmake_prefix_path.dsv'
[3.269s] INFO:colcon.colcon_core.shell:Creating environment hook '/home/luna/2025-vision-training-master/2025-vision-training-master/homework4/ros_ws/install/divide_interface/share/divide_interface/hook/cmake_prefix_path.sh'
[3.270s] Level 1:colcon.colcon_core.environment:checking '/home/luna/2025-vision-training-master/2025-vision-training-master/homework4/ros_ws/install/divide_interface/lib'
[3.270s] Level 1:colcon.colcon_core.shell:create_environment_hook('divide_interface', 'ld_library_path_lib')
[3.270s] INFO:colcon.colcon_core.shell:Creating environment hook '/home/luna/2025-vision-training-master/2025-vision-training-master/homework4/ros_ws/install/divide_interface/share/divide_interface/hook/ld_library_path_lib.ps1'
[3.270s] INFO:colcon.colcon_core.shell:Creating environment descriptor '/home/luna/2025-vision-training-master/2025-vision-training-master/homework4/ros_ws/install/divide_interface/share/divide_interface/hook/ld_library_path_lib.dsv'
[3.271s] INFO:colcon.colcon_core.shell:Creating environment hook '/home/luna/2025-vision-training-master/2025-vision-training-master/homework4/ros_ws/install/divide_interface/share/divide_interface/hook/ld_library_path_lib.sh'
[3.271s] Level 1:colcon.colcon_core.environment:checking '/home/luna/2025-vision-training-master/2025-vision-training-master/homework4/ros_ws/install/divide_interface/bin'
[3.271s] Level 1:colcon.colcon_core.environment:checking '/home/luna/2025-vision-training-master/2025-vision-training-master/homework4/ros_ws/install/divide_interface/lib/pkgconfig/divide_interface.pc'
[3.271s] Level 1:colcon.colcon_core.environment:checking '/home/luna/2025-vision-training-master/2025-vision-training-master/homework4/ros_ws/install/divide_interface/lib/python3.10/site-packages'
[3.271s] Level 1:colcon.colcon_core.environment:checking '/home/luna/2025-vision-training-master/2025-vision-training-master/homework4/ros_ws/install/divide_interface/bin'
[3.272s] INFO:colcon.colcon_core.shell:Creating package script '/home/luna/2025-vision-training-master/2025-vision-training-master/homework4/ros_ws/install/divide_interface/share/divide_interface/package.ps1'
[3.272s] INFO:colcon.colcon_core.shell:Creating package descriptor '/home/luna/2025-vision-training-master/2025-vision-training-master/homework4/ros_ws/install/divide_interface/share/divide_interface/package.dsv'
[3.273s] INFO:colcon.colcon_core.shell:Creating package script '/home/luna/2025-vision-training-master/2025-vision-training-master/homework4/ros_ws/install/divide_interface/share/divide_interface/package.sh'
[3.273s] INFO:colcon.colcon_core.shell:Creating package script '/home/luna/2025-vision-training-master/2025-vision-training-master/homework4/ros_ws/install/divide_interface/share/divide_interface/package.bash'
[3.273s] INFO:colcon.colcon_core.shell:Creating package script '/home/luna/2025-vision-training-master/2025-vision-training-master/homework4/ros_ws/install/divide_interface/share/divide_interface/package.zsh'
[3.273s] Level 1:colcon.colcon_core.environment:create_file_with_runtime_dependencies(/home/luna/2025-vision-training-master/2025-vision-training-master/homework4/ros_ws/install/divide_interface/share/colcon-core/packages/divide_interface)
[3.274s] INFO:colcon.colcon_ros.task.ament_cmake.build:Building ROS package in '/home/luna/2025-vision-training-master/2025-vision-training-master/homework4/ros_ws/src/divide_package' with build type 'ament_cmake'
[3.274s] INFO:colcon.colcon_cmake.task.cmake.build:Building CMake package in '/home/luna/2025-vision-training-master/2025-vision-training-master/homework4/ros_ws/src/divide_package'
[3.274s] INFO:colcon.colcon_core.shell:Skip shell extension 'powershell' for command environment: Not usable outside of PowerShell
[3.274s] DEBUG:colcon.colcon_core.shell:Skip shell extension 'dsv' for command environment
[3.284s] DEBUG:colcon.colcon_core.event_handler.log_command:Invoking command in '/home/luna/2025-vision-training-master/2025-vision-training-master/homework4/ros_ws/build/divide_package': AMENT_PREFIX_PATH=/home/luna/2025-vision-training-master/2025-vision-training-master/homework4/ros_ws/install/divide_interface:${AMENT_PREFIX_PATH} CMAKE_PREFIX_PATH=/home/luna/2025-vision-training-master/2025-vision-training-master/homework4/ros_ws/install/divide_interface:/opt/ros/humble LD_LIBRARY_PATH=/home/luna/2025-vision-training-master/2025-vision-training-master/homework4/ros_ws/install/divide_interface/lib:/opt/ros/humble/opt/rviz_ogre_vendor/lib:/opt/ros/humble/lib/x86_64-linux-gnu:/opt/ros/humble/lib:/usr/src/tensorrt/lib:/usr/local/cuda-12.2/lib64 PYTHONPATH=/home/luna/2025-vision-training-master/2025-vision-training-master/homework4/ros_ws/install/divide_interface/local/lib/python3.10/dist-packages:${PYTHONPATH} /usr/bin/cmake /home/luna/2025-vision-training-master/2025-vision-training-master/homework4/ros_ws/src/divide_package -DCMAKE_INSTALL_PREFIX=/home/luna/2025-vision-training-master/2025-vision-training-master/homework4/ros_ws/install/divide_package
[4.193s] DEBUG:colcon.colcon_core.event_handler.log_command:Invoked command in '/home/luna/2025-vision-training-master/2025-vision-training-master/homework4/ros_ws/build/divide_package' returned '0': AMENT_PREFIX_PATH=/home/luna/2025-vision-training-master/2025-vision-training-master/homework4/ros_ws/install/divide_interface:${AMENT_PREFIX_PATH} CMAKE_PREFIX_PATH=/home/luna/2025-vision-training-master/2025-vision-training-master/homework4/ros_ws/install/divide_interface:/opt/ros/humble LD_LIBRARY_PATH=/home/luna/2025-vision-training-master/2025-vision-training-master/homework4/ros_ws/install/divide_interface/lib:/opt/ros/humble/opt/rviz_ogre_vendor/lib:/opt/ros/humble/lib/x86_64-linux-gnu:/opt/ros/humble/lib:/usr/src/tensorrt/lib:/usr/local/cuda-12.2/lib64 PYTHONPATH=/home/luna/2025-vision-training-master/2025-vision-training-master/homework4/ros_ws/install/divide_interface/local/lib/python3.10/dist-packages:${PYTHONPATH} /usr/bin/cmake /home/luna/2025-vision-training-master/2025-vision-training-master/homework4/ros_ws/src/divide_package -DCMAKE_INSTALL_PREFIX=/home/luna/2025-vision-training-master/2025-vision-training-master/homework4/ros_ws/install/divide_package
[4.194s] DEBUG:colcon.colcon_core.event_handler.log_command:Invoking command in '/home/luna/2025-vision-training-master/2025-vision-training-master/homework4/ros_ws/build/divide_package': AMENT_PREFIX_PATH=/home/luna/2025-vision-training-master/2025-vision-training-master/homework4/ros_ws/install/divide_interface:${AMENT_PREFIX_PATH} CMAKE_PREFIX_PATH=/home/luna/2025-vision-training-master/2025-vision-training-master/homework4/ros_ws/install/divide_interface:/opt/ros/humble LD_LIBRARY_PATH=/home/luna/2025-vision-training-master/2025-vision-training-master/homework4/ros_ws/install/divide_interface/lib:/opt/ros/humble/opt/rviz_ogre_vendor/lib:/opt/ros/humble/lib/x86_64-linux-gnu:/opt/ros/humble/lib:/usr/src/tensorrt/lib:/usr/local/cuda-12.2/lib64 PYTHONPATH=/home/luna/2025-vision-training-master/2025-vision-training-master/homework4/ros_ws/install/divide_interface/local/lib/python3.10/dist-packages:${PYTHONPATH} /usr/bin/cmake --build /home/luna/2025-vision-training-master/2025-vision-training-master/homework4/ros_ws/build/divide_package -- -j32 -l32
[5.810s] DEBUG:colcon.colcon_core.event_handler.log_command:Invoked command in '/home/luna/2025-vision-training-master/2025-vision-training-master/homework4/ros_ws/build/divide_package' returned '2': AMENT_PREFIX_PATH=/home/luna/2025-vision-training-master/2025-vision-training-master/homework4/ros_ws/install/divide_interface:${AMENT_PREFIX_PATH} CMAKE_PREFIX_PATH=/home/luna/2025-vision-training-master/2025-vision-training-master/homework4/ros_ws/install/divide_interface:/opt/ros/humble LD_LIBRARY_PATH=/home/luna/2025-vision-training-master/2025-vision-training-master/homework4/ros_ws/install/divide_interface/lib:/opt/ros/humble/opt/rviz_ogre_vendor/lib:/opt/ros/humble/lib/x86_64-linux-gnu:/opt/ros/humble/lib:/usr/src/tensorrt/lib:/usr/local/cuda-12.2/lib64 PYTHONPATH=/home/luna/2025-vision-training-master/2025-vision-training-master/homework4/ros_ws/install/divide_interface/local/lib/python3.10/dist-packages:${PYTHONPATH} /usr/bin/cmake --build /home/luna/2025-vision-training-master/2025-vision-training-master/homework4/ros_ws/build/divide_package -- -j32 -l32
[5.838s] Level 1:colcon.colcon_core.environment:create_environment_scripts_only(divide_package)
[5.839s] Level 1:colcon.colcon_core.environment:checking '/home/luna/2025-vision-training-master/2025-vision-training-master/homework4/ros_ws/install/divide_package' for CMake module files
[5.839s] Level 1:colcon.colcon_core.environment:checking '/home/luna/2025-vision-training-master/2025-vision-training-master/homework4/ros_ws/install/divide_package' for CMake config files
[5.839s] Level 1:colcon.colcon_core.environment:checking '/home/luna/2025-vision-training-master/2025-vision-training-master/homework4/ros_ws/install/divide_package/bin'
[5.839s] Level 1:colcon.colcon_core.environment:checking '/home/luna/2025-vision-training-master/2025-vision-training-master/homework4/ros_ws/install/divide_package/lib/pkgconfig/divide_package.pc'
[5.840s] Level 1:colcon.colcon_core.environment:checking '/home/luna/2025-vision-training-master/2025-vision-training-master/homework4/ros_ws/install/divide_package/lib/python3.10/site-packages'
[5.840s] Level 1:colcon.colcon_core.environment:checking '/home/luna/2025-vision-training-master/2025-vision-training-master/homework4/ros_ws/install/divide_package/bin'
[5.840s] INFO:colcon.colcon_core.shell:Creating package script '/home/luna/2025-vision-training-master/2025-vision-training-master/homework4/ros_ws/install/divide_package/share/divide_package/package.ps1'
[5.841s] INFO:colcon.colcon_core.shell:Creating package descriptor '/home/luna/2025-vision-training-master/2025-vision-training-master/homework4/ros_ws/install/divide_package/share/divide_package/package.dsv'
[5.841s] INFO:colcon.colcon_core.shell:Creating package script '/home/luna/2025-vision-training-master/2025-vision-training-master/homework4/ros_ws/install/divide_package/share/divide_package/package.sh'
[5.841s] INFO:colcon.colcon_core.shell:Creating package script '/home/luna/2025-vision-training-master/2025-vision-training-master/homework4/ros_ws/install/divide_package/share/divide_package/package.bash'
[5.842s] INFO:colcon.colcon_core.shell:Creating package script '/home/luna/2025-vision-training-master/2025-vision-training-master/homework4/ros_ws/install/divide_package/share/divide_package/package.zsh'
[5.842s] Level 1:colcon.colcon_core.environment:create_file_with_runtime_dependencies(/home/luna/2025-vision-training-master/2025-vision-training-master/homework4/ros_ws/install/divide_package/share/colcon-core/packages/divide_package)
[5.852s] DEBUG:colcon.colcon_parallel_executor.executor.parallel:closing loop
[5.852s] DEBUG:colcon.colcon_parallel_executor.executor.parallel:loop closed
[5.853s] DEBUG:colcon.colcon_parallel_executor.executor.parallel:run_until_complete finished with '2'
[5.853s] DEBUG:colcon.colcon_core.event_reactor:joining thread
[5.860s] INFO:colcon.colcon_core.plugin_system:Skipping extension 'colcon_notification.desktop_notification.terminal_notifier': Not used on non-Darwin systems
[5.861s] INFO:colcon.colcon_core.plugin_system:Skipping extension 'colcon_notification.desktop_notification.win32': Not used on non-Windows systems
[5.861s] INFO:colcon.colcon_notification.desktop_notification:Sending desktop notification using 'notify2'
[5.880s] DEBUG:colcon.colcon_core.event_reactor:joined thread
[5.881s] INFO:colcon.colcon_core.shell:Creating prefix script '/home/luna/2025-vision-training-master/2025-vision-training-master/homework4/ros_ws/install/local_setup.ps1'
[5.882s] INFO:colcon.colcon_core.shell:Creating prefix util module '/home/luna/2025-vision-training-master/2025-vision-training-master/homework4/ros_ws/install/_local_setup_util_ps1.py'
[5.883s] INFO:colcon.colcon_core.shell:Creating prefix chain script '/home/luna/2025-vision-training-master/2025-vision-training-master/homework4/ros_ws/install/setup.ps1'
[5.884s] INFO:colcon.colcon_core.shell:Creating prefix script '/home/luna/2025-vision-training-master/2025-vision-training-master/homework4/ros_ws/install/local_setup.sh'
[5.884s] INFO:colcon.colcon_core.shell:Creating prefix util module '/home/luna/2025-vision-training-master/2025-vision-training-master/homework4/ros_ws/install/_local_setup_util_sh.py'
[5.885s] INFO:colcon.colcon_core.shell:Creating prefix chain script '/home/luna/2025-vision-training-master/2025-vision-training-master/homework4/ros_ws/install/setup.sh'
[5.886s] INFO:colcon.colcon_core.shell:Creating prefix script '/home/luna/2025-vision-training-master/2025-vision-training-master/homework4/ros_ws/install/local_setup.bash'
[5.886s] INFO:colcon.colcon_core.shell:Creating prefix chain script '/home/luna/2025-vision-training-master/2025-vision-training-master/homework4/ros_ws/install/setup.bash'
[5.887s] INFO:colcon.colcon_core.shell:Creating prefix script '/home/luna/2025-vision-training-master/2025-vision-training-master/homework4/ros_ws/install/local_setup.zsh'
[5.888s] INFO:colcon.colcon_core.shell:Creating prefix chain script '/home/luna/2025-vision-training-master/2025-vision-training-master/homework4/ros_ws/install/setup.zsh'
