[0.254s] DEBUG:colcon:Command line arguments: ['/usr/bin/colcon', 'build', '--packages-above']
[0.254s] DEBUG:colcon:Parsed command line arguments: Namespace(log_base=None, log_level=None, verb_name='build', build_base='build', install_base='install', merge_install=False, symlink_install=False, test_result_base=None, continue_on_error=False, executor='parallel', parallel_workers=4, event_handlers=None, ignore_user_meta=False, metas=['./colcon.meta'], base_paths=['.'], packages_ignore=None, packages_ignore_regex=None, paths=None, packages_up_to=None, packages_up_to_regex=None, packages_above=[], packages_above_and_dependencies=None, packages_above_depth=None, packages_select_by_dep=None, packages_skip_by_dep=None, packages_skip_up_to=None, packages_select_build_failed=False, packages_skip_build_finished=False, packages_select_test_failures=False, packages_skip_test_passed=False, packages_select=None, packages_skip=None, packages_select_regex=None, packages_skip_regex=None, packages_start=None, packages_end=None, allow_overriding=[], cmake_args=None, cmake_target=None, cmake_target_skip_unavailable=False, cmake_clean_cache=False, cmake_clean_first=False, cmake_force_configure=False, ament_cmake_args=None, catkin_cmake_args=None, catkin_skip_building_tests=False, verb_parser=<colcon_defaults.argument_parser.defaults.DefaultArgumentsDecorator object at 0x74d2b644c0d0>, verb_extension=<colcon_core.verb.build.BuildVerb object at 0x74d2b641baf0>, main=<bound method BuildVerb.main of <colcon_core.verb.build.BuildVerb object at 0x74d2b641baf0>>)
[0.620s] Level 1:colcon.colcon_core.package_discovery:discover_packages(colcon_meta) check parameters
[0.620s] Level 1:colcon.colcon_core.package_discovery:discover_packages(recursive) check parameters
[0.621s] Level 1:colcon.colcon_core.package_discovery:discover_packages(ignore) check parameters
[0.621s] Level 1:colcon.colcon_core.package_discovery:discover_packages(path) check parameters
[0.621s] Level 1:colcon.colcon_core.package_discovery:discover_packages(colcon_meta) discover
[0.621s] Level 1:colcon.colcon_core.package_discovery:discover_packages(recursive) discover
[0.621s] INFO:colcon.colcon_core.package_discovery:Crawling recursively for packages in '/home/rm-jiaolong/Workspace/homework4/task2'
[0.621s] Level 1:colcon.colcon_core.package_identification:_identify(.) by extensions ['ignore', 'ignore_ament_install']
[0.621s] Level 1:colcon.colcon_core.package_identification:_identify(.) by extension 'ignore'
[0.621s] Level 1:colcon.colcon_core.package_identification:_identify(.) by extension 'ignore_ament_install'
[0.621s] Level 1:colcon.colcon_core.package_identification:_identify(.) by extensions ['colcon_pkg']
[0.621s] Level 1:colcon.colcon_core.package_identification:_identify(.) by extension 'colcon_pkg'
[0.622s] Level 1:colcon.colcon_core.package_identification:_identify(.) by extensions ['colcon_meta']
[0.622s] Level 1:colcon.colcon_core.package_identification:_identify(.) by extension 'colcon_meta'
[0.622s] Level 1:colcon.colcon_core.package_identification:_identify(.) by extensions ['ros']
[0.622s] Level 1:colcon.colcon_core.package_identification:_identify(.) by extension 'ros'
[0.648s] Level 1:colcon.colcon_core.package_identification:_identify(.) by extensions ['cmake', 'python']
[0.648s] Level 1:colcon.colcon_core.package_identification:_identify(.) by extension 'cmake'
[0.649s] Level 1:colcon.colcon_core.package_identification:_identify(.) by extension 'python'
[0.649s] Level 1:colcon.colcon_core.package_identification:_identify(.) by extensions ['python_setup_py']
[0.649s] Level 1:colcon.colcon_core.package_identification:_identify(.) by extension 'python_setup_py'
[0.650s] Level 1:colcon.colcon_core.package_identification:_identify(build) by extensions ['ignore', 'ignore_ament_install']
[0.650s] Level 1:colcon.colcon_core.package_identification:_identify(build) by extension 'ignore'
[0.650s] Level 1:colcon.colcon_core.package_identification:_identify(build) ignored
[0.650s] Level 1:colcon.colcon_core.package_identification:_identify(install) by extensions ['ignore', 'ignore_ament_install']
[0.651s] Level 1:colcon.colcon_core.package_identification:_identify(install) by extension 'ignore'
[0.651s] Level 1:colcon.colcon_core.package_identification:_identify(install) ignored
[0.651s] Level 1:colcon.colcon_core.package_identification:_identify(log) by extensions ['ignore', 'ignore_ament_install']
[0.651s] Level 1:colcon.colcon_core.package_identification:_identify(log) by extension 'ignore'
[0.651s] Level 1:colcon.colcon_core.package_identification:_identify(log) ignored
[0.651s] Level 1:colcon.colcon_core.package_identification:_identify(src) by extensions ['ignore', 'ignore_ament_install']
[0.651s] Level 1:colcon.colcon_core.package_identification:_identify(src) by extension 'ignore'
[0.651s] Level 1:colcon.colcon_core.package_identification:_identify(src) by extension 'ignore_ament_install'
[0.652s] Level 1:colcon.colcon_core.package_identification:_identify(src) by extensions ['colcon_pkg']
[0.652s] Level 1:colcon.colcon_core.package_identification:_identify(src) by extension 'colcon_pkg'
[0.652s] Level 1:colcon.colcon_core.package_identification:_identify(src) by extensions ['colcon_meta']
[0.652s] Level 1:colcon.colcon_core.package_identification:_identify(src) by extension 'colcon_meta'
[0.652s] Level 1:colcon.colcon_core.package_identification:_identify(src) by extensions ['ros']
[0.652s] Level 1:colcon.colcon_core.package_identification:_identify(src) by extension 'ros'
[0.652s] Level 1:colcon.colcon_core.package_identification:_identify(src) by extensions ['cmake', 'python']
[0.652s] Level 1:colcon.colcon_core.package_identification:_identify(src) by extension 'cmake'
[0.652s] Level 1:colcon.colcon_core.package_identification:_identify(src) by extension 'python'
[0.652s] Level 1:colcon.colcon_core.package_identification:_identify(src) by extensions ['python_setup_py']
[0.652s] Level 1:colcon.colcon_core.package_identification:_identify(src) by extension 'python_setup_py'
[0.652s] Level 1:colcon.colcon_core.package_identification:_identify(src/action_demo) by extensions ['ignore', 'ignore_ament_install']
[0.653s] Level 1:colcon.colcon_core.package_identification:_identify(src/action_demo) by extension 'ignore'
[0.653s] Level 1:colcon.colcon_core.package_identification:_identify(src/action_demo) by extension 'ignore_ament_install'
[0.653s] Level 1:colcon.colcon_core.package_identification:_identify(src/action_demo) by extensions ['colcon_pkg']
[0.653s] Level 1:colcon.colcon_core.package_identification:_identify(src/action_demo) by extension 'colcon_pkg'
[0.653s] Level 1:colcon.colcon_core.package_identification:_identify(src/action_demo) by extensions ['colcon_meta']
[0.653s] Level 1:colcon.colcon_core.package_identification:_identify(src/action_demo) by extension 'colcon_meta'
[0.653s] Level 1:colcon.colcon_core.package_identification:_identify(src/action_demo) by extensions ['ros']
[0.653s] Level 1:colcon.colcon_core.package_identification:_identify(src/action_demo) by extension 'ros'
[0.659s] DEBUG:colcon.colcon_core.package_identification:Package 'src/action_demo' with type 'ros.ament_cmake' and name 'action_demo'
[0.660s] Level 1:colcon.colcon_core.package_identification:_identify(src/action_interfaces) by extensions ['ignore', 'ignore_ament_install']
[0.660s] Level 1:colcon.colcon_core.package_identification:_identify(src/action_interfaces) by extension 'ignore'
[0.660s] Level 1:colcon.colcon_core.package_identification:_identify(src/action_interfaces) by extension 'ignore_ament_install'
[0.660s] Level 1:colcon.colcon_core.package_identification:_identify(src/action_interfaces) by extensions ['colcon_pkg']
[0.660s] Level 1:colcon.colcon_core.package_identification:_identify(src/action_interfaces) by extension 'colcon_pkg'
[0.660s] Level 1:colcon.colcon_core.package_identification:_identify(src/action_interfaces) by extensions ['colcon_meta']
[0.660s] Level 1:colcon.colcon_core.package_identification:_identify(src/action_interfaces) by extension 'colcon_meta'
[0.660s] Level 1:colcon.colcon_core.package_identification:_identify(src/action_interfaces) by extensions ['ros']
[0.660s] Level 1:colcon.colcon_core.package_identification:_identify(src/action_interfaces) by extension 'ros'
[0.662s] DEBUG:colcon.colcon_core.package_identification:Package 'src/action_interfaces' with type 'ros.ament_cmake' and name 'action_interfaces'
[0.662s] Level 1:colcon.colcon_core.package_identification:_identify(src/build) by extensions ['ignore', 'ignore_ament_install']
[0.662s] Level 1:colcon.colcon_core.package_identification:_identify(src/build) by extension 'ignore'
[0.662s] Level 1:colcon.colcon_core.package_identification:_identify(src/build) ignored
[0.662s] Level 1:colcon.colcon_core.package_identification:_identify(src/install) by extensions ['ignore', 'ignore_ament_install']
[0.662s] Level 1:colcon.colcon_core.package_identification:_identify(src/install) by extension 'ignore'
[0.663s] Level 1:colcon.colcon_core.package_identification:_identify(src/install) ignored
[0.663s] Level 1:colcon.colcon_core.package_identification:_identify(src/log) by extensions ['ignore', 'ignore_ament_install']
[0.663s] Level 1:colcon.colcon_core.package_identification:_identify(src/log) by extension 'ignore'
[0.663s] Level 1:colcon.colcon_core.package_identification:_identify(src/log) ignored
[0.663s] Level 1:colcon.colcon_core.package_discovery:discover_packages(recursive) using defaults
[0.663s] Level 1:colcon.colcon_core.package_discovery:discover_packages(ignore) discover
[0.663s] Level 1:colcon.colcon_core.package_discovery:discover_packages(ignore) using defaults
[0.663s] Level 1:colcon.colcon_core.package_discovery:discover_packages(path) discover
[0.663s] Level 1:colcon.colcon_core.package_discovery:discover_packages(path) using defaults
[0.716s] Level 1:colcon.colcon_core.package_discovery:discover_packages(prefix_path) check parameters
[0.716s] Level 1:colcon.colcon_core.package_discovery:discover_packages(prefix_path) discover
[0.719s] DEBUG:colcon.colcon_installed_package_information.package_discovery:Found 2 installed packages in /home/rm-jiaolong/Workspace/homework4/task2/install
[0.722s] DEBUG:colcon.colcon_installed_package_information.package_discovery:Found 270 installed packages in /opt/ros/humble
[0.726s] Level 1:colcon.colcon_core.package_discovery:discover_packages(prefix_path) using defaults
[0.833s] Level 5:colcon.colcon_core.verb:set package 'action_interfaces' build argument 'cmake_args' from command line to 'None'
[0.833s] Level 5:colcon.colcon_core.verb:set package 'action_interfaces' build argument 'cmake_target' from command line to 'None'
[0.833s] Level 5:colcon.colcon_core.verb:set package 'action_interfaces' build argument 'cmake_target_skip_unavailable' from command line to 'False'
[0.833s] Level 5:colcon.colcon_core.verb:set package 'action_interfaces' build argument 'cmake_clean_cache' from command line to 'False'
[0.833s] Level 5:colcon.colcon_core.verb:set package 'action_interfaces' build argument 'cmake_clean_first' from command line to 'False'
[0.833s] Level 5:colcon.colcon_core.verb:set package 'action_interfaces' build argument 'cmake_force_configure' from command line to 'False'
[0.833s] Level 5:colcon.colcon_core.verb:set package 'action_interfaces' build argument 'ament_cmake_args' from command line to 'None'
[0.833s] Level 5:colcon.colcon_core.verb:set package 'action_interfaces' build argument 'catkin_cmake_args' from command line to 'None'
[0.833s] Level 5:colcon.colcon_core.verb:set package 'action_interfaces' build argument 'catkin_skip_building_tests' from command line to 'False'
[0.834s] DEBUG:colcon.colcon_core.verb:Building package 'action_interfaces' with the following arguments: {'ament_cmake_args': None, 'build_base': '/home/rm-jiaolong/Workspace/homework4/task2/build/action_interfaces', 'catkin_cmake_args': None, 'catkin_skip_building_tests': False, 'cmake_args': None, 'cmake_clean_cache': False, 'cmake_clean_first': False, 'cmake_force_configure': False, 'cmake_target': None, 'cmake_target_skip_unavailable': False, 'install_base': '/home/rm-jiaolong/Workspace/homework4/task2/install/action_interfaces', 'merge_install': False, 'path': '/home/rm-jiaolong/Workspace/homework4/task2/src/action_interfaces', 'symlink_install': False, 'test_result_base': None}
[0.834s] Level 5:colcon.colcon_core.verb:set package 'action_demo' build argument 'cmake_args' from command line to 'None'
[0.835s] Level 5:colcon.colcon_core.verb:set package 'action_demo' build argument 'cmake_target' from command line to 'None'
[0.835s] Level 5:colcon.colcon_core.verb:set package 'action_demo' build argument 'cmake_target_skip_unavailable' from command line to 'False'
[0.835s] Level 5:colcon.colcon_core.verb:set package 'action_demo' build argument 'cmake_clean_cache' from command line to 'False'
[0.835s] Level 5:colcon.colcon_core.verb:set package 'action_demo' build argument 'cmake_clean_first' from command line to 'False'
[0.835s] Level 5:colcon.colcon_core.verb:set package 'action_demo' build argument 'cmake_force_configure' from command line to 'False'
[0.835s] Level 5:colcon.colcon_core.verb:set package 'action_demo' build argument 'ament_cmake_args' from command line to 'None'
[0.835s] Level 5:colcon.colcon_core.verb:set package 'action_demo' build argument 'catkin_cmake_args' from command line to 'None'
[0.835s] Level 5:colcon.colcon_core.verb:set package 'action_demo' build argument 'catkin_skip_building_tests' from command line to 'False'
[0.835s] DEBUG:colcon.colcon_core.verb:Building package 'action_demo' with the following arguments: {'ament_cmake_args': None, 'build_base': '/home/rm-jiaolong/Workspace/homework4/task2/build/action_demo', 'catkin_cmake_args': None, 'catkin_skip_building_tests': False, 'cmake_args': None, 'cmake_clean_cache': False, 'cmake_clean_first': False, 'cmake_force_configure': False, 'cmake_target': None, 'cmake_target_skip_unavailable': False, 'install_base': '/home/rm-jiaolong/Workspace/homework4/task2/install/action_demo', 'merge_install': False, 'path': '/home/rm-jiaolong/Workspace/homework4/task2/src/action_demo', 'symlink_install': False, 'test_result_base': None}
[0.835s] INFO:colcon.colcon_core.executor:Executing jobs using 'parallel' executor
[0.840s] DEBUG:colcon.colcon_parallel_executor.executor.parallel:run_until_complete
[0.841s] INFO:colcon.colcon_ros.task.ament_cmake.build:Building ROS package in '/home/rm-jiaolong/Workspace/homework4/task2/src/action_interfaces' with build type 'ament_cmake'
[0.842s] INFO:colcon.colcon_cmake.task.cmake.build:Building CMake package in '/home/rm-jiaolong/Workspace/homework4/task2/src/action_interfaces'
[0.845s] INFO:colcon.colcon_core.plugin_system:Skipping extension 'colcon_core.shell.bat': Not used on non-Windows systems
[0.846s] INFO:colcon.colcon_core.shell:Skip shell extension 'powershell' for command environment: Not usable outside of PowerShell
[0.846s] DEBUG:colcon.colcon_core.shell:Skip shell extension 'dsv' for command environment
[0.864s] DEBUG:colcon.colcon_core.event_handler.log_command:Invoking command in '/home/rm-jiaolong/Workspace/homework4/task2/build/action_interfaces': CMAKE_PREFIX_PATH=${CMAKE_PREFIX_PATH}:/opt/ros/humble /usr/bin/cmake --build /home/rm-jiaolong/Workspace/homework4/task2/build/action_interfaces -- -j4 -l4
[1.654s] DEBUG:colcon.colcon_core.event_handler.log_command:Invoked command in '/home/rm-jiaolong/Workspace/homework4/task2/build/action_interfaces' returned '0': CMAKE_PREFIX_PATH=${CMAKE_PREFIX_PATH}:/opt/ros/humble /usr/bin/cmake --build /home/rm-jiaolong/Workspace/homework4/task2/build/action_interfaces -- -j4 -l4
[1.773s] DEBUG:colcon.colcon_core.event_handler.log_command:Invoking command in '/home/rm-jiaolong/Workspace/homework4/task2/build/action_interfaces': CMAKE_PREFIX_PATH=${CMAKE_PREFIX_PATH}:/opt/ros/humble /usr/bin/cmake --install /home/rm-jiaolong/Workspace/homework4/task2/build/action_interfaces
[1.899s] Level 1:colcon.colcon_core.environment:create_environment_scripts_only(action_interfaces)
[1.906s] Level 1:colcon.colcon_core.environment:checking '/home/rm-jiaolong/Workspace/homework4/task2/install/action_interfaces' for CMake module files
[1.907s] DEBUG:colcon.colcon_core.event_handler.log_command:Invoked command in '/home/rm-jiaolong/Workspace/homework4/task2/build/action_interfaces' returned '0': CMAKE_PREFIX_PATH=${CMAKE_PREFIX_PATH}:/opt/ros/humble /usr/bin/cmake --install /home/rm-jiaolong/Workspace/homework4/task2/build/action_interfaces
[1.908s] Level 1:colcon.colcon_core.environment:checking '/home/rm-jiaolong/Workspace/homework4/task2/install/action_interfaces' for CMake config files
[1.909s] Level 1:colcon.colcon_core.shell:create_environment_hook('action_interfaces', 'cmake_prefix_path')
[1.910s] INFO:colcon.colcon_core.shell:Creating environment hook '/home/rm-jiaolong/Workspace/homework4/task2/install/action_interfaces/share/action_interfaces/hook/cmake_prefix_path.ps1'
[1.911s] INFO:colcon.colcon_core.shell:Creating environment descriptor '/home/rm-jiaolong/Workspace/homework4/task2/install/action_interfaces/share/action_interfaces/hook/cmake_prefix_path.dsv'
[1.912s] INFO:colcon.colcon_core.shell:Creating environment hook '/home/rm-jiaolong/Workspace/homework4/task2/install/action_interfaces/share/action_interfaces/hook/cmake_prefix_path.sh'
[1.914s] Level 1:colcon.colcon_core.environment:checking '/home/rm-jiaolong/Workspace/homework4/task2/install/action_interfaces/lib'
[1.914s] Level 1:colcon.colcon_core.shell:create_environment_hook('action_interfaces', 'ld_library_path_lib')
[1.914s] INFO:colcon.colcon_core.shell:Creating environment hook '/home/rm-jiaolong/Workspace/homework4/task2/install/action_interfaces/share/action_interfaces/hook/ld_library_path_lib.ps1'
[1.915s] INFO:colcon.colcon_core.shell:Creating environment descriptor '/home/rm-jiaolong/Workspace/homework4/task2/install/action_interfaces/share/action_interfaces/hook/ld_library_path_lib.dsv'
[1.916s] INFO:colcon.colcon_core.shell:Creating environment hook '/home/rm-jiaolong/Workspace/homework4/task2/install/action_interfaces/share/action_interfaces/hook/ld_library_path_lib.sh'
[1.917s] Level 1:colcon.colcon_core.environment:checking '/home/rm-jiaolong/Workspace/homework4/task2/install/action_interfaces/bin'
[1.917s] Level 1:colcon.colcon_core.environment:checking '/home/rm-jiaolong/Workspace/homework4/task2/install/action_interfaces/lib/pkgconfig/action_interfaces.pc'
[1.918s] Level 1:colcon.colcon_core.environment:checking '/home/rm-jiaolong/Workspace/homework4/task2/install/action_interfaces/lib/python3.10/site-packages'
[1.918s] Level 1:colcon.colcon_core.environment:checking '/home/rm-jiaolong/Workspace/homework4/task2/install/action_interfaces/bin'
[1.919s] INFO:colcon.colcon_core.shell:Creating package script '/home/rm-jiaolong/Workspace/homework4/task2/install/action_interfaces/share/action_interfaces/package.ps1'
[1.920s] INFO:colcon.colcon_core.shell:Creating package descriptor '/home/rm-jiaolong/Workspace/homework4/task2/install/action_interfaces/share/action_interfaces/package.dsv'
[1.921s] INFO:colcon.colcon_core.shell:Creating package script '/home/rm-jiaolong/Workspace/homework4/task2/install/action_interfaces/share/action_interfaces/package.sh'
[1.923s] INFO:colcon.colcon_core.shell:Creating package script '/home/rm-jiaolong/Workspace/homework4/task2/install/action_interfaces/share/action_interfaces/package.bash'
[1.925s] INFO:colcon.colcon_core.shell:Creating package script '/home/rm-jiaolong/Workspace/homework4/task2/install/action_interfaces/share/action_interfaces/package.zsh'
[1.926s] Level 1:colcon.colcon_core.environment:create_file_with_runtime_dependencies(/home/rm-jiaolong/Workspace/homework4/task2/install/action_interfaces/share/colcon-core/packages/action_interfaces)
[2.021s] Level 1:colcon.colcon_core.environment:create_environment_scripts_only(action_interfaces)
[2.021s] Level 1:colcon.colcon_core.environment:checking '/home/rm-jiaolong/Workspace/homework4/task2/install/action_interfaces' for CMake module files
[2.022s] Level 1:colcon.colcon_core.environment:checking '/home/rm-jiaolong/Workspace/homework4/task2/install/action_interfaces' for CMake config files
[2.022s] Level 1:colcon.colcon_core.shell:create_environment_hook('action_interfaces', 'cmake_prefix_path')
[2.022s] INFO:colcon.colcon_core.shell:Creating environment hook '/home/rm-jiaolong/Workspace/homework4/task2/install/action_interfaces/share/action_interfaces/hook/cmake_prefix_path.ps1'
[2.023s] INFO:colcon.colcon_core.shell:Creating environment descriptor '/home/rm-jiaolong/Workspace/homework4/task2/install/action_interfaces/share/action_interfaces/hook/cmake_prefix_path.dsv'
[2.024s] INFO:colcon.colcon_core.shell:Creating environment hook '/home/rm-jiaolong/Workspace/homework4/task2/install/action_interfaces/share/action_interfaces/hook/cmake_prefix_path.sh'
[2.024s] Level 1:colcon.colcon_core.environment:checking '/home/rm-jiaolong/Workspace/homework4/task2/install/action_interfaces/lib'
[2.025s] Level 1:colcon.colcon_core.shell:create_environment_hook('action_interfaces', 'ld_library_path_lib')
[2.025s] INFO:colcon.colcon_core.shell:Creating environment hook '/home/rm-jiaolong/Workspace/homework4/task2/install/action_interfaces/share/action_interfaces/hook/ld_library_path_lib.ps1'
[2.025s] INFO:colcon.colcon_core.shell:Creating environment descriptor '/home/rm-jiaolong/Workspace/homework4/task2/install/action_interfaces/share/action_interfaces/hook/ld_library_path_lib.dsv'
[2.026s] INFO:colcon.colcon_core.shell:Creating environment hook '/home/rm-jiaolong/Workspace/homework4/task2/install/action_interfaces/share/action_interfaces/hook/ld_library_path_lib.sh'
[2.026s] Level 1:colcon.colcon_core.environment:checking '/home/rm-jiaolong/Workspace/homework4/task2/install/action_interfaces/bin'
[2.026s] Level 1:colcon.colcon_core.environment:checking '/home/rm-jiaolong/Workspace/homework4/task2/install/action_interfaces/lib/pkgconfig/action_interfaces.pc'
[2.027s] Level 1:colcon.colcon_core.environment:checking '/home/rm-jiaolong/Workspace/homework4/task2/install/action_interfaces/lib/python3.10/site-packages'
[2.027s] Level 1:colcon.colcon_core.environment:checking '/home/rm-jiaolong/Workspace/homework4/task2/install/action_interfaces/bin'
[2.027s] INFO:colcon.colcon_core.shell:Creating package script '/home/rm-jiaolong/Workspace/homework4/task2/install/action_interfaces/share/action_interfaces/package.ps1'
[2.028s] INFO:colcon.colcon_core.shell:Creating package descriptor '/home/rm-jiaolong/Workspace/homework4/task2/install/action_interfaces/share/action_interfaces/package.dsv'
[2.028s] INFO:colcon.colcon_core.shell:Creating package script '/home/rm-jiaolong/Workspace/homework4/task2/install/action_interfaces/share/action_interfaces/package.sh'
[2.029s] INFO:colcon.colcon_core.shell:Creating package script '/home/rm-jiaolong/Workspace/homework4/task2/install/action_interfaces/share/action_interfaces/package.bash'
[2.029s] INFO:colcon.colcon_core.shell:Creating package script '/home/rm-jiaolong/Workspace/homework4/task2/install/action_interfaces/share/action_interfaces/package.zsh'
[2.030s] Level 1:colcon.colcon_core.environment:create_file_with_runtime_dependencies(/home/rm-jiaolong/Workspace/homework4/task2/install/action_interfaces/share/colcon-core/packages/action_interfaces)
[2.030s] INFO:colcon.colcon_ros.task.ament_cmake.build:Building ROS package in '/home/rm-jiaolong/Workspace/homework4/task2/src/action_demo' with build type 'ament_cmake'
[2.031s] INFO:colcon.colcon_cmake.task.cmake.build:Building CMake package in '/home/rm-jiaolong/Workspace/homework4/task2/src/action_demo'
[2.031s] INFO:colcon.colcon_core.shell:Skip shell extension 'powershell' for command environment: Not usable outside of PowerShell
[2.031s] DEBUG:colcon.colcon_core.shell:Skip shell extension 'dsv' for command environment
[2.062s] DEBUG:colcon.colcon_core.event_handler.log_command:Invoking command in '/home/rm-jiaolong/Workspace/homework4/task2/build/action_demo': CMAKE_PREFIX_PATH=/home/rm-jiaolong/Workspace/homework4/task2/install/action_interfaces:/home/rm-jiaolong/Workspace/homework4/task2/install/action_demo:/opt/ros/humble LD_LIBRARY_PATH=/home/rm-jiaolong/Workspace/homework4/task2/install/action_interfaces/lib:/opt/ros/humble/opt/rviz_ogre_vendor/lib:/opt/ros/humble/lib/x86_64-linux-gnu:/opt/ros/humble/lib:/opt/MVS/lib/64:/opt/MVS/lib/32:/opt/MVS/lib/64:/opt/MVS/lib/32:/opt/MVS/lib/64:/opt/MVS/lib/32 /usr/bin/cmake --build /home/rm-jiaolong/Workspace/homework4/task2/build/action_demo -- -j4 -l4
[2.189s] DEBUG:colcon.colcon_core.event_handler.log_command:Invoked command in '/home/rm-jiaolong/Workspace/homework4/task2/build/action_demo' returned '0': CMAKE_PREFIX_PATH=/home/rm-jiaolong/Workspace/homework4/task2/install/action_interfaces:/home/rm-jiaolong/Workspace/homework4/task2/install/action_demo:/opt/ros/humble LD_LIBRARY_PATH=/home/rm-jiaolong/Workspace/homework4/task2/install/action_interfaces/lib:/opt/ros/humble/opt/rviz_ogre_vendor/lib:/opt/ros/humble/lib/x86_64-linux-gnu:/opt/ros/humble/lib:/opt/MVS/lib/64:/opt/MVS/lib/32:/opt/MVS/lib/64:/opt/MVS/lib/32:/opt/MVS/lib/64:/opt/MVS/lib/32 /usr/bin/cmake --build /home/rm-jiaolong/Workspace/homework4/task2/build/action_demo -- -j4 -l4
[2.242s] DEBUG:colcon.colcon_core.event_handler.log_command:Invoking command in '/home/rm-jiaolong/Workspace/homework4/task2/build/action_demo': CMAKE_PREFIX_PATH=/home/rm-jiaolong/Workspace/homework4/task2/install/action_interfaces:/home/rm-jiaolong/Workspace/homework4/task2/install/action_demo:/opt/ros/humble LD_LIBRARY_PATH=/home/rm-jiaolong/Workspace/homework4/task2/install/action_interfaces/lib:/opt/ros/humble/opt/rviz_ogre_vendor/lib:/opt/ros/humble/lib/x86_64-linux-gnu:/opt/ros/humble/lib:/opt/MVS/lib/64:/opt/MVS/lib/32:/opt/MVS/lib/64:/opt/MVS/lib/32:/opt/MVS/lib/64:/opt/MVS/lib/32 /usr/bin/cmake --install /home/rm-jiaolong/Workspace/homework4/task2/build/action_demo
[2.260s] Level 1:colcon.colcon_core.environment:create_environment_scripts_only(action_demo)
[2.260s] Level 1:colcon.colcon_core.environment:checking '/home/rm-jiaolong/Workspace/homework4/task2/install/action_demo' for CMake module files
[2.262s] DEBUG:colcon.colcon_core.event_handler.log_command:Invoked command in '/home/rm-jiaolong/Workspace/homework4/task2/build/action_demo' returned '0': CMAKE_PREFIX_PATH=/home/rm-jiaolong/Workspace/homework4/task2/install/action_interfaces:/home/rm-jiaolong/Workspace/homework4/task2/install/action_demo:/opt/ros/humble LD_LIBRARY_PATH=/home/rm-jiaolong/Workspace/homework4/task2/install/action_interfaces/lib:/opt/ros/humble/opt/rviz_ogre_vendor/lib:/opt/ros/humble/lib/x86_64-linux-gnu:/opt/ros/humble/lib:/opt/MVS/lib/64:/opt/MVS/lib/32:/opt/MVS/lib/64:/opt/MVS/lib/32:/opt/MVS/lib/64:/opt/MVS/lib/32 /usr/bin/cmake --install /home/rm-jiaolong/Workspace/homework4/task2/build/action_demo
[2.262s] Level 1:colcon.colcon_core.environment:checking '/home/rm-jiaolong/Workspace/homework4/task2/install/action_demo' for CMake config files
[2.263s] Level 1:colcon.colcon_core.shell:create_environment_hook('action_demo', 'cmake_prefix_path')
[2.263s] INFO:colcon.colcon_core.shell:Creating environment hook '/home/rm-jiaolong/Workspace/homework4/task2/install/action_demo/share/action_demo/hook/cmake_prefix_path.ps1'
[2.265s] INFO:colcon.colcon_core.shell:Creating environment descriptor '/home/rm-jiaolong/Workspace/homework4/task2/install/action_demo/share/action_demo/hook/cmake_prefix_path.dsv'
[2.265s] INFO:colcon.colcon_core.shell:Creating environment hook '/home/rm-jiaolong/Workspace/homework4/task2/install/action_demo/share/action_demo/hook/cmake_prefix_path.sh'
[2.267s] Level 1:colcon.colcon_core.environment:checking '/home/rm-jiaolong/Workspace/homework4/task2/install/action_demo/lib'
[2.267s] Level 1:colcon.colcon_core.environment:checking '/home/rm-jiaolong/Workspace/homework4/task2/install/action_demo/bin'
[2.267s] Level 1:colcon.colcon_core.environment:checking '/home/rm-jiaolong/Workspace/homework4/task2/install/action_demo/lib/pkgconfig/action_demo.pc'
[2.268s] Level 1:colcon.colcon_core.environment:checking '/home/rm-jiaolong/Workspace/homework4/task2/install/action_demo/lib/python3.10/site-packages'
[2.268s] Level 1:colcon.colcon_core.environment:checking '/home/rm-jiaolong/Workspace/homework4/task2/install/action_demo/bin'
[2.269s] INFO:colcon.colcon_core.shell:Creating package script '/home/rm-jiaolong/Workspace/homework4/task2/install/action_demo/share/action_demo/package.ps1'
[2.270s] INFO:colcon.colcon_core.shell:Creating package descriptor '/home/rm-jiaolong/Workspace/homework4/task2/install/action_demo/share/action_demo/package.dsv'
[2.271s] INFO:colcon.colcon_core.shell:Creating package script '/home/rm-jiaolong/Workspace/homework4/task2/install/action_demo/share/action_demo/package.sh'
[2.272s] INFO:colcon.colcon_core.shell:Creating package script '/home/rm-jiaolong/Workspace/homework4/task2/install/action_demo/share/action_demo/package.bash'
[2.272s] INFO:colcon.colcon_core.shell:Creating package script '/home/rm-jiaolong/Workspace/homework4/task2/install/action_demo/share/action_demo/package.zsh'
[2.273s] Level 1:colcon.colcon_core.environment:create_file_with_runtime_dependencies(/home/rm-jiaolong/Workspace/homework4/task2/install/action_demo/share/colcon-core/packages/action_demo)
[2.333s] Level 1:colcon.colcon_core.environment:create_environment_scripts_only(action_demo)
[2.334s] Level 1:colcon.colcon_core.environment:checking '/home/rm-jiaolong/Workspace/homework4/task2/install/action_demo' for CMake module files
[2.334s] Level 1:colcon.colcon_core.environment:checking '/home/rm-jiaolong/Workspace/homework4/task2/install/action_demo' for CMake config files
[2.334s] Level 1:colcon.colcon_core.shell:create_environment_hook('action_demo', 'cmake_prefix_path')
[2.334s] INFO:colcon.colcon_core.shell:Creating environment hook '/home/rm-jiaolong/Workspace/homework4/task2/install/action_demo/share/action_demo/hook/cmake_prefix_path.ps1'
[2.335s] INFO:colcon.colcon_core.shell:Creating environment descriptor '/home/rm-jiaolong/Workspace/homework4/task2/install/action_demo/share/action_demo/hook/cmake_prefix_path.dsv'
[2.336s] INFO:colcon.colcon_core.shell:Creating environment hook '/home/rm-jiaolong/Workspace/homework4/task2/install/action_demo/share/action_demo/hook/cmake_prefix_path.sh'
[2.337s] Level 1:colcon.colcon_core.environment:checking '/home/rm-jiaolong/Workspace/homework4/task2/install/action_demo/lib'
[2.337s] Level 1:colcon.colcon_core.environment:checking '/home/rm-jiaolong/Workspace/homework4/task2/install/action_demo/bin'
[2.337s] Level 1:colcon.colcon_core.environment:checking '/home/rm-jiaolong/Workspace/homework4/task2/install/action_demo/lib/pkgconfig/action_demo.pc'
[2.337s] Level 1:colcon.colcon_core.environment:checking '/home/rm-jiaolong/Workspace/homework4/task2/install/action_demo/lib/python3.10/site-packages'
[2.337s] Level 1:colcon.colcon_core.environment:checking '/home/rm-jiaolong/Workspace/homework4/task2/install/action_demo/bin'
[2.338s] INFO:colcon.colcon_core.shell:Creating package script '/home/rm-jiaolong/Workspace/homework4/task2/install/action_demo/share/action_demo/package.ps1'
[2.338s] INFO:colcon.colcon_core.shell:Creating package descriptor '/home/rm-jiaolong/Workspace/homework4/task2/install/action_demo/share/action_demo/package.dsv'
[2.339s] INFO:colcon.colcon_core.shell:Creating package script '/home/rm-jiaolong/Workspace/homework4/task2/install/action_demo/share/action_demo/package.sh'
[2.340s] INFO:colcon.colcon_core.shell:Creating package script '/home/rm-jiaolong/Workspace/homework4/task2/install/action_demo/share/action_demo/package.bash'
[2.340s] INFO:colcon.colcon_core.shell:Creating package script '/home/rm-jiaolong/Workspace/homework4/task2/install/action_demo/share/action_demo/package.zsh'
[2.341s] Level 1:colcon.colcon_core.environment:create_file_with_runtime_dependencies(/home/rm-jiaolong/Workspace/homework4/task2/install/action_demo/share/colcon-core/packages/action_demo)
[2.341s] DEBUG:colcon.colcon_parallel_executor.executor.parallel:closing loop
[2.342s] DEBUG:colcon.colcon_parallel_executor.executor.parallel:loop closed
[2.342s] DEBUG:colcon.colcon_parallel_executor.executor.parallel:run_until_complete finished with '0'
[2.342s] DEBUG:colcon.colcon_core.event_reactor:joining thread
[2.351s] INFO:colcon.colcon_core.plugin_system:Skipping extension 'colcon_notification.desktop_notification.terminal_notifier': Not used on non-Darwin systems
[2.351s] INFO:colcon.colcon_core.plugin_system:Skipping extension 'colcon_notification.desktop_notification.win32': Not used on non-Windows systems
[2.351s] INFO:colcon.colcon_notification.desktop_notification:Sending desktop notification using 'notify2'
[2.374s] DEBUG:colcon.colcon_core.event_reactor:joined thread
[2.375s] INFO:colcon.colcon_core.shell:Creating prefix script '/home/rm-jiaolong/Workspace/homework4/task2/install/local_setup.ps1'
[2.376s] INFO:colcon.colcon_core.shell:Creating prefix util module '/home/rm-jiaolong/Workspace/homework4/task2/install/_local_setup_util_ps1.py'
[2.377s] INFO:colcon.colcon_core.shell:Creating prefix chain script '/home/rm-jiaolong/Workspace/homework4/task2/install/setup.ps1'
[2.379s] INFO:colcon.colcon_core.shell:Creating prefix script '/home/rm-jiaolong/Workspace/homework4/task2/install/local_setup.sh'
[2.379s] INFO:colcon.colcon_core.shell:Creating prefix util module '/home/rm-jiaolong/Workspace/homework4/task2/install/_local_setup_util_sh.py'
[2.380s] INFO:colcon.colcon_core.shell:Creating prefix chain script '/home/rm-jiaolong/Workspace/homework4/task2/install/setup.sh'
[2.381s] INFO:colcon.colcon_core.shell:Creating prefix script '/home/rm-jiaolong/Workspace/homework4/task2/install/local_setup.bash'
[2.382s] INFO:colcon.colcon_core.shell:Creating prefix chain script '/home/rm-jiaolong/Workspace/homework4/task2/install/setup.bash'
[2.383s] INFO:colcon.colcon_core.shell:Creating prefix script '/home/rm-jiaolong/Workspace/homework4/task2/install/local_setup.zsh'
[2.384s] INFO:colcon.colcon_core.shell:Creating prefix chain script '/home/rm-jiaolong/Workspace/homework4/task2/install/setup.zsh'
