[0.579s] DEBUG:colcon:Command line arguments: ['/usr/bin/colcon', 'build']
[0.579s] DEBUG:colcon:Parsed command line arguments: Namespace(log_base=None, log_level=None, verb_name='build', build_base='build', install_base='install', merge_install=False, symlink_install=False, test_result_base=None, continue_on_error=False, executor='parallel', parallel_workers=32, event_handlers=None, ignore_user_meta=False, metas=['./colcon.meta'], base_paths=['.'], packages_ignore=None, packages_ignore_regex=None, paths=None, packages_up_to=None, packages_up_to_regex=None, packages_above=None, packages_above_and_dependencies=None, packages_above_depth=None, packages_select_by_dep=None, packages_skip_by_dep=None, packages_skip_up_to=None, packages_select_build_failed=False, packages_skip_build_finished=False, packages_select_test_failures=False, packages_skip_test_passed=False, packages_select=None, packages_skip=None, packages_select_regex=None, packages_skip_regex=None, packages_start=None, packages_end=None, allow_overriding=[], cmake_args=None, cmake_target=None, cmake_target_skip_unavailable=False, cmake_clean_cache=False, cmake_clean_first=False, cmake_force_configure=False, ament_cmake_args=None, catkin_cmake_args=None, catkin_skip_building_tests=False, verb_parser=<colcon_defaults.argument_parser.defaults.DefaultArgumentsDecorator object at 0x7fc80cb9be80>, verb_extension=<colcon_core.verb.build.BuildVerb object at 0x7fc80cd5cac0>, main=<bound method BuildVerb.main of <colcon_core.verb.build.BuildVerb object at 0x7fc80cd5cac0>>)
[1.014s] Level 1:colcon.colcon_core.package_discovery:discover_packages(colcon_meta) check parameters
[1.014s] Level 1:colcon.colcon_core.package_discovery:discover_packages(recursive) check parameters
[1.014s] Level 1:colcon.colcon_core.package_discovery:discover_packages(ignore) check parameters
[1.014s] Level 1:colcon.colcon_core.package_discovery:discover_packages(path) check parameters
[1.014s] Level 1:colcon.colcon_core.package_discovery:discover_packages(colcon_meta) discover
[1.014s] Level 1:colcon.colcon_core.package_discovery:discover_packages(recursive) discover
[1.014s] INFO:colcon.colcon_core.package_discovery:Crawling recursively for packages in '/home/luna/robomaster/2025-vision-training/Wenxiang Shi/homework4/ros_ws'
[1.014s] Level 1:colcon.colcon_core.package_identification:_identify(.) by extensions ['ignore', 'ignore_ament_install']
[1.015s] Level 1:colcon.colcon_core.package_identification:_identify(.) by extension 'ignore'
[1.015s] Level 1:colcon.colcon_core.package_identification:_identify(.) by extension 'ignore_ament_install'
[1.015s] Level 1:colcon.colcon_core.package_identification:_identify(.) by extensions ['colcon_pkg']
[1.015s] Level 1:colcon.colcon_core.package_identification:_identify(.) by extension 'colcon_pkg'
[1.015s] Level 1:colcon.colcon_core.package_identification:_identify(.) by extensions ['colcon_meta']
[1.015s] Level 1:colcon.colcon_core.package_identification:_identify(.) by extension 'colcon_meta'
[1.015s] Level 1:colcon.colcon_core.package_identification:_identify(.) by extensions ['ros']
[1.015s] Level 1:colcon.colcon_core.package_identification:_identify(.) by extension 'ros'
[1.041s] Level 1:colcon.colcon_core.package_identification:_identify(.) by extensions ['cmake', 'python']
[1.041s] Level 1:colcon.colcon_core.package_identification:_identify(.) by extension 'cmake'
[1.041s] Level 1:colcon.colcon_core.package_identification:_identify(.) by extension 'python'
[1.041s] Level 1:colcon.colcon_core.package_identification:_identify(.) by extensions ['python_setup_py']
[1.041s] Level 1:colcon.colcon_core.package_identification:_identify(.) by extension 'python_setup_py'
[1.042s] Level 1:colcon.colcon_core.package_identification:_identify(build) by extensions ['ignore', 'ignore_ament_install']
[1.042s] Level 1:colcon.colcon_core.package_identification:_identify(build) by extension 'ignore'
[1.042s] Level 1:colcon.colcon_core.package_identification:_identify(build) ignored
[1.042s] Level 1:colcon.colcon_core.package_identification:_identify(install) by extensions ['ignore', 'ignore_ament_install']
[1.042s] Level 1:colcon.colcon_core.package_identification:_identify(install) by extension 'ignore'
[1.042s] Level 1:colcon.colcon_core.package_identification:_identify(install) ignored
[1.043s] Level 1:colcon.colcon_core.package_identification:_identify(log) by extensions ['ignore', 'ignore_ament_install']
[1.043s] Level 1:colcon.colcon_core.package_identification:_identify(log) by extension 'ignore'
[1.043s] Level 1:colcon.colcon_core.package_identification:_identify(log) ignored
[1.043s] Level 1:colcon.colcon_core.package_identification:_identify(src) by extensions ['ignore', 'ignore_ament_install']
[1.043s] Level 1:colcon.colcon_core.package_identification:_identify(src) by extension 'ignore'
[1.043s] Level 1:colcon.colcon_core.package_identification:_identify(src) by extension 'ignore_ament_install'
[1.043s] Level 1:colcon.colcon_core.package_identification:_identify(src) by extensions ['colcon_pkg']
[1.043s] Level 1:colcon.colcon_core.package_identification:_identify(src) by extension 'colcon_pkg'
[1.043s] Level 1:colcon.colcon_core.package_identification:_identify(src) by extensions ['colcon_meta']
[1.043s] Level 1:colcon.colcon_core.package_identification:_identify(src) by extension 'colcon_meta'
[1.043s] Level 1:colcon.colcon_core.package_identification:_identify(src) by extensions ['ros']
[1.043s] Level 1:colcon.colcon_core.package_identification:_identify(src) by extension 'ros'
[1.044s] Level 1:colcon.colcon_core.package_identification:_identify(src) by extensions ['cmake', 'python']
[1.044s] Level 1:colcon.colcon_core.package_identification:_identify(src) by extension 'cmake'
[1.044s] Level 1:colcon.colcon_core.package_identification:_identify(src) by extension 'python'
[1.044s] Level 1:colcon.colcon_core.package_identification:_identify(src) by extensions ['python_setup_py']
[1.044s] Level 1:colcon.colcon_core.package_identification:_identify(src) by extension 'python_setup_py'
[1.044s] Level 1:colcon.colcon_core.package_identification:_identify(src/action_demo) by extensions ['ignore', 'ignore_ament_install']
[1.044s] Level 1:colcon.colcon_core.package_identification:_identify(src/action_demo) by extension 'ignore'
[1.044s] Level 1:colcon.colcon_core.package_identification:_identify(src/action_demo) by extension 'ignore_ament_install'
[1.044s] Level 1:colcon.colcon_core.package_identification:_identify(src/action_demo) by extensions ['colcon_pkg']
[1.044s] Level 1:colcon.colcon_core.package_identification:_identify(src/action_demo) by extension 'colcon_pkg'
[1.044s] Level 1:colcon.colcon_core.package_identification:_identify(src/action_demo) by extensions ['colcon_meta']
[1.044s] Level 1:colcon.colcon_core.package_identification:_identify(src/action_demo) by extension 'colcon_meta'
[1.044s] Level 1:colcon.colcon_core.package_identification:_identify(src/action_demo) by extensions ['ros']
[1.044s] Level 1:colcon.colcon_core.package_identification:_identify(src/action_demo) by extension 'ros'
[1.051s] DEBUG:colcon.colcon_core.package_identification:Package 'src/action_demo' with type 'ros.ament_cmake' and name 'action_demo'
[1.052s] Level 1:colcon.colcon_core.package_identification:_identify(src/divide_interface) by extensions ['ignore', 'ignore_ament_install']
[1.052s] Level 1:colcon.colcon_core.package_identification:_identify(src/divide_interface) by extension 'ignore'
[1.052s] Level 1:colcon.colcon_core.package_identification:_identify(src/divide_interface) by extension 'ignore_ament_install'
[1.052s] Level 1:colcon.colcon_core.package_identification:_identify(src/divide_interface) by extensions ['colcon_pkg']
[1.052s] Level 1:colcon.colcon_core.package_identification:_identify(src/divide_interface) by extension 'colcon_pkg'
[1.052s] Level 1:colcon.colcon_core.package_identification:_identify(src/divide_interface) by extensions ['colcon_meta']
[1.052s] Level 1:colcon.colcon_core.package_identification:_identify(src/divide_interface) by extension 'colcon_meta'
[1.052s] Level 1:colcon.colcon_core.package_identification:_identify(src/divide_interface) by extensions ['ros']
[1.052s] Level 1:colcon.colcon_core.package_identification:_identify(src/divide_interface) by extension 'ros'
[1.053s] DEBUG:colcon.colcon_core.package_identification:Package 'src/divide_interface' with type 'ros.ament_cmake' and name 'divide_interface'
[1.054s] Level 1:colcon.colcon_core.package_identification:_identify(src/divide_package) by extensions ['ignore', 'ignore_ament_install']
[1.054s] Level 1:colcon.colcon_core.package_identification:_identify(src/divide_package) by extension 'ignore'
[1.054s] Level 1:colcon.colcon_core.package_identification:_identify(src/divide_package) by extension 'ignore_ament_install'
[1.055s] Level 1:colcon.colcon_core.package_identification:_identify(src/divide_package) by extensions ['colcon_pkg']
[1.055s] Level 1:colcon.colcon_core.package_identification:_identify(src/divide_package) by extension 'colcon_pkg'
[1.055s] Level 1:colcon.colcon_core.package_identification:_identify(src/divide_package) by extensions ['colcon_meta']
[1.055s] Level 1:colcon.colcon_core.package_identification:_identify(src/divide_package) by extension 'colcon_meta'
[1.055s] Level 1:colcon.colcon_core.package_identification:_identify(src/divide_package) by extensions ['ros']
[1.055s] Level 1:colcon.colcon_core.package_identification:_identify(src/divide_package) by extension 'ros'
[1.056s] DEBUG:colcon.colcon_core.package_identification:Package 'src/divide_package' with type 'ros.ament_cmake' and name 'divide_package'
[1.056s] Level 1:colcon.colcon_core.package_discovery:discover_packages(recursive) using defaults
[1.056s] Level 1:colcon.colcon_core.package_discovery:discover_packages(ignore) discover
[1.056s] Level 1:colcon.colcon_core.package_discovery:discover_packages(ignore) using defaults
[1.056s] Level 1:colcon.colcon_core.package_discovery:discover_packages(path) discover
[1.056s] Level 1:colcon.colcon_core.package_discovery:discover_packages(path) using defaults
[1.113s] Level 1:colcon.colcon_core.package_discovery:discover_packages(prefix_path) check parameters
[1.113s] Level 1:colcon.colcon_core.package_discovery:discover_packages(prefix_path) discover
[1.125s] DEBUG:colcon.colcon_installed_package_information.package_discovery:Found 3 installed packages in /home/luna/robomaster/2025-vision-training/Wenxiang Shi/homework4/ros_ws/install
[1.130s] DEBUG:colcon.colcon_installed_package_information.package_discovery:Found 270 installed packages in /opt/ros/humble
[1.133s] Level 1:colcon.colcon_core.package_discovery:discover_packages(prefix_path) using defaults
[1.299s] Level 5:colcon.colcon_core.verb:set package 'action_demo' build argument 'cmake_args' from command line to 'None'
[1.300s] Level 5:colcon.colcon_core.verb:set package 'action_demo' build argument 'cmake_target' from command line to 'None'
[1.300s] Level 5:colcon.colcon_core.verb:set package 'action_demo' build argument 'cmake_target_skip_unavailable' from command line to 'False'
[1.300s] Level 5:colcon.colcon_core.verb:set package 'action_demo' build argument 'cmake_clean_cache' from command line to 'False'
[1.300s] Level 5:colcon.colcon_core.verb:set package 'action_demo' build argument 'cmake_clean_first' from command line to 'False'
[1.300s] Level 5:colcon.colcon_core.verb:set package 'action_demo' build argument 'cmake_force_configure' from command line to 'False'
[1.300s] Level 5:colcon.colcon_core.verb:set package 'action_demo' build argument 'ament_cmake_args' from command line to 'None'
[1.300s] Level 5:colcon.colcon_core.verb:set package 'action_demo' build argument 'catkin_cmake_args' from command line to 'None'
[1.300s] Level 5:colcon.colcon_core.verb:set package 'action_demo' build argument 'catkin_skip_building_tests' from command line to 'False'
[1.300s] DEBUG:colcon.colcon_core.verb:Building package 'action_demo' with the following arguments: {'ament_cmake_args': None, 'build_base': '/home/luna/robomaster/2025-vision-training/Wenxiang Shi/homework4/ros_ws/build/action_demo', 'catkin_cmake_args': None, 'catkin_skip_building_tests': False, 'cmake_args': None, 'cmake_clean_cache': False, 'cmake_clean_first': False, 'cmake_force_configure': False, 'cmake_target': None, 'cmake_target_skip_unavailable': False, 'install_base': '/home/luna/robomaster/2025-vision-training/Wenxiang Shi/homework4/ros_ws/install/action_demo', 'merge_install': False, 'path': '/home/luna/robomaster/2025-vision-training/Wenxiang Shi/homework4/ros_ws/src/action_demo', 'symlink_install': False, 'test_result_base': None}
[1.301s] Level 5:colcon.colcon_core.verb:set package 'divide_interface' build argument 'cmake_args' from command line to 'None'
[1.301s] Level 5:colcon.colcon_core.verb:set package 'divide_interface' build argument 'cmake_target' from command line to 'None'
[1.301s] Level 5:colcon.colcon_core.verb:set package 'divide_interface' build argument 'cmake_target_skip_unavailable' from command line to 'False'
[1.301s] Level 5:colcon.colcon_core.verb:set package 'divide_interface' build argument 'cmake_clean_cache' from command line to 'False'
[1.301s] Level 5:colcon.colcon_core.verb:set package 'divide_interface' build argument 'cmake_clean_first' from command line to 'False'
[1.301s] Level 5:colcon.colcon_core.verb:set package 'divide_interface' build argument 'cmake_force_configure' from command line to 'False'
[1.301s] Level 5:colcon.colcon_core.verb:set package 'divide_interface' build argument 'ament_cmake_args' from command line to 'None'
[1.301s] Level 5:colcon.colcon_core.verb:set package 'divide_interface' build argument 'catkin_cmake_args' from command line to 'None'
[1.301s] Level 5:colcon.colcon_core.verb:set package 'divide_interface' build argument 'catkin_skip_building_tests' from command line to 'False'
[1.301s] DEBUG:colcon.colcon_core.verb:Building package 'divide_interface' with the following arguments: {'ament_cmake_args': None, 'build_base': '/home/luna/robomaster/2025-vision-training/Wenxiang Shi/homework4/ros_ws/build/divide_interface', 'catkin_cmake_args': None, 'catkin_skip_building_tests': False, 'cmake_args': None, 'cmake_clean_cache': False, 'cmake_clean_first': False, 'cmake_force_configure': False, 'cmake_target': None, 'cmake_target_skip_unavailable': False, 'install_base': '/home/luna/robomaster/2025-vision-training/Wenxiang Shi/homework4/ros_ws/install/divide_interface', 'merge_install': False, 'path': '/home/luna/robomaster/2025-vision-training/Wenxiang Shi/homework4/ros_ws/src/divide_interface', 'symlink_install': False, 'test_result_base': None}
[1.302s] Level 5:colcon.colcon_core.verb:set package 'divide_package' build argument 'cmake_args' from command line to 'None'
[1.302s] Level 5:colcon.colcon_core.verb:set package 'divide_package' build argument 'cmake_target' from command line to 'None'
[1.302s] Level 5:colcon.colcon_core.verb:set package 'divide_package' build argument 'cmake_target_skip_unavailable' from command line to 'False'
[1.302s] Level 5:colcon.colcon_core.verb:set package 'divide_package' build argument 'cmake_clean_cache' from command line to 'False'
[1.302s] Level 5:colcon.colcon_core.verb:set package 'divide_package' build argument 'cmake_clean_first' from command line to 'False'
[1.302s] Level 5:colcon.colcon_core.verb:set package 'divide_package' build argument 'cmake_force_configure' from command line to 'False'
[1.302s] Level 5:colcon.colcon_core.verb:set package 'divide_package' build argument 'ament_cmake_args' from command line to 'None'
[1.302s] Level 5:colcon.colcon_core.verb:set package 'divide_package' build argument 'catkin_cmake_args' from command line to 'None'
[1.302s] Level 5:colcon.colcon_core.verb:set package 'divide_package' build argument 'catkin_skip_building_tests' from command line to 'False'
[1.302s] DEBUG:colcon.colcon_core.verb:Building package 'divide_package' with the following arguments: {'ament_cmake_args': None, 'build_base': '/home/luna/robomaster/2025-vision-training/Wenxiang Shi/homework4/ros_ws/build/divide_package', 'catkin_cmake_args': None, 'catkin_skip_building_tests': False, 'cmake_args': None, 'cmake_clean_cache': False, 'cmake_clean_first': False, 'cmake_force_configure': False, 'cmake_target': None, 'cmake_target_skip_unavailable': False, 'install_base': '/home/luna/robomaster/2025-vision-training/Wenxiang Shi/homework4/ros_ws/install/divide_package', 'merge_install': False, 'path': '/home/luna/robomaster/2025-vision-training/Wenxiang Shi/homework4/ros_ws/src/divide_package', 'symlink_install': False, 'test_result_base': None}
[1.302s] INFO:colcon.colcon_core.executor:Executing jobs using 'parallel' executor
[1.304s] DEBUG:colcon.colcon_parallel_executor.executor.parallel:run_until_complete
[1.304s] INFO:colcon.colcon_ros.task.ament_cmake.build:Building ROS package in '/home/luna/robomaster/2025-vision-training/Wenxiang Shi/homework4/ros_ws/src/divide_interface' with build type 'ament_cmake'
[1.305s] INFO:colcon.colcon_cmake.task.cmake.build:Building CMake package in '/home/luna/robomaster/2025-vision-training/Wenxiang Shi/homework4/ros_ws/src/divide_interface'
[1.314s] INFO:colcon.colcon_core.plugin_system:Skipping extension 'colcon_core.shell.bat': Not used on non-Windows systems
[1.315s] INFO:colcon.colcon_core.shell:Skip shell extension 'powershell' for command environment: Not usable outside of PowerShell
[1.315s] DEBUG:colcon.colcon_core.shell:Skip shell extension 'dsv' for command environment
[1.321s] INFO:colcon.colcon_ros.task.ament_cmake.build:Building ROS package in '/home/luna/robomaster/2025-vision-training/Wenxiang Shi/homework4/ros_ws/src/action_demo' with build type 'ament_cmake'
[1.321s] INFO:colcon.colcon_cmake.task.cmake.build:Building CMake package in '/home/luna/robomaster/2025-vision-training/Wenxiang Shi/homework4/ros_ws/src/action_demo'
[1.322s] INFO:colcon.colcon_core.shell:Skip shell extension 'powershell' for command environment: Not usable outside of PowerShell
[1.322s] DEBUG:colcon.colcon_core.shell:Skip shell extension 'dsv' for command environment
[1.335s] DEBUG:colcon.colcon_core.event_handler.log_command:Invoking command in '/home/luna/robomaster/2025-vision-training/Wenxiang Shi/homework4/ros_ws/build/divide_interface': CMAKE_PREFIX_PATH=${CMAKE_PREFIX_PATH}:/opt/ros/humble /usr/bin/cmake --build /home/luna/robomaster/2025-vision-training/Wenxiang Shi/homework4/ros_ws/build/divide_interface -- -j32 -l32
[1.347s] DEBUG:colcon.colcon_core.event_handler.log_command:Invoking command in '/home/luna/robomaster/2025-vision-training/Wenxiang Shi/homework4/ros_ws/build/action_demo': CMAKE_PREFIX_PATH=${CMAKE_PREFIX_PATH}:/opt/ros/humble /usr/bin/cmake --build /home/luna/robomaster/2025-vision-training/Wenxiang Shi/homework4/ros_ws/build/action_demo -- -j32 -l32
[1.863s] DEBUG:colcon.colcon_core.event_handler.log_command:Invoked command in '/home/luna/robomaster/2025-vision-training/Wenxiang Shi/homework4/ros_ws/build/divide_interface' returned '0': CMAKE_PREFIX_PATH=${CMAKE_PREFIX_PATH}:/opt/ros/humble /usr/bin/cmake --build /home/luna/robomaster/2025-vision-training/Wenxiang Shi/homework4/ros_ws/build/divide_interface -- -j32 -l32
[1.940s] DEBUG:colcon.colcon_core.event_handler.log_command:Invoking command in '/home/luna/robomaster/2025-vision-training/Wenxiang Shi/homework4/ros_ws/build/divide_interface': CMAKE_PREFIX_PATH=${CMAKE_PREFIX_PATH}:/opt/ros/humble /usr/bin/cmake --install /home/luna/robomaster/2025-vision-training/Wenxiang Shi/homework4/ros_ws/build/divide_interface
[2.041s] Level 1:colcon.colcon_core.environment:create_environment_scripts_only(divide_interface)
[2.041s] DEBUG:colcon.colcon_core.event_handler.log_command:Invoked command in '/home/luna/robomaster/2025-vision-training/Wenxiang Shi/homework4/ros_ws/build/divide_interface' returned '0': CMAKE_PREFIX_PATH=${CMAKE_PREFIX_PATH}:/opt/ros/humble /usr/bin/cmake --install /home/luna/robomaster/2025-vision-training/Wenxiang Shi/homework4/ros_ws/build/divide_interface
[2.052s] Level 1:colcon.colcon_core.environment:checking '/home/luna/robomaster/2025-vision-training/Wenxiang Shi/homework4/ros_ws/install/divide_interface' for CMake module files
[2.053s] Level 1:colcon.colcon_core.environment:checking '/home/luna/robomaster/2025-vision-training/Wenxiang Shi/homework4/ros_ws/install/divide_interface' for CMake config files
[2.053s] Level 1:colcon.colcon_core.shell:create_environment_hook('divide_interface', 'cmake_prefix_path')
[2.054s] INFO:colcon.colcon_core.shell:Creating environment hook '/home/luna/robomaster/2025-vision-training/Wenxiang Shi/homework4/ros_ws/install/divide_interface/share/divide_interface/hook/cmake_prefix_path.ps1'
[2.056s] INFO:colcon.colcon_core.shell:Creating environment descriptor '/home/luna/robomaster/2025-vision-training/Wenxiang Shi/homework4/ros_ws/install/divide_interface/share/divide_interface/hook/cmake_prefix_path.dsv'
[2.057s] INFO:colcon.colcon_core.shell:Creating environment hook '/home/luna/robomaster/2025-vision-training/Wenxiang Shi/homework4/ros_ws/install/divide_interface/share/divide_interface/hook/cmake_prefix_path.sh'
[2.059s] Level 1:colcon.colcon_core.environment:checking '/home/luna/robomaster/2025-vision-training/Wenxiang Shi/homework4/ros_ws/install/divide_interface/lib'
[2.059s] Level 1:colcon.colcon_core.shell:create_environment_hook('divide_interface', 'ld_library_path_lib')
[2.059s] INFO:colcon.colcon_core.shell:Creating environment hook '/home/luna/robomaster/2025-vision-training/Wenxiang Shi/homework4/ros_ws/install/divide_interface/share/divide_interface/hook/ld_library_path_lib.ps1'
[2.060s] INFO:colcon.colcon_core.shell:Creating environment descriptor '/home/luna/robomaster/2025-vision-training/Wenxiang Shi/homework4/ros_ws/install/divide_interface/share/divide_interface/hook/ld_library_path_lib.dsv'
[2.060s] INFO:colcon.colcon_core.shell:Creating environment hook '/home/luna/robomaster/2025-vision-training/Wenxiang Shi/homework4/ros_ws/install/divide_interface/share/divide_interface/hook/ld_library_path_lib.sh'
[2.061s] Level 1:colcon.colcon_core.environment:checking '/home/luna/robomaster/2025-vision-training/Wenxiang Shi/homework4/ros_ws/install/divide_interface/bin'
[2.061s] Level 1:colcon.colcon_core.environment:checking '/home/luna/robomaster/2025-vision-training/Wenxiang Shi/homework4/ros_ws/install/divide_interface/lib/pkgconfig/divide_interface.pc'
[2.061s] Level 1:colcon.colcon_core.environment:checking '/home/luna/robomaster/2025-vision-training/Wenxiang Shi/homework4/ros_ws/install/divide_interface/lib/python3.10/site-packages'
[2.062s] Level 1:colcon.colcon_core.environment:checking '/home/luna/robomaster/2025-vision-training/Wenxiang Shi/homework4/ros_ws/install/divide_interface/bin'
[2.062s] INFO:colcon.colcon_core.shell:Creating package script '/home/luna/robomaster/2025-vision-training/Wenxiang Shi/homework4/ros_ws/install/divide_interface/share/divide_interface/package.ps1'
[2.064s] INFO:colcon.colcon_core.shell:Creating package descriptor '/home/luna/robomaster/2025-vision-training/Wenxiang Shi/homework4/ros_ws/install/divide_interface/share/divide_interface/package.dsv'
[2.065s] INFO:colcon.colcon_core.shell:Creating package script '/home/luna/robomaster/2025-vision-training/Wenxiang Shi/homework4/ros_ws/install/divide_interface/share/divide_interface/package.sh'
[2.067s] INFO:colcon.colcon_core.shell:Creating package script '/home/luna/robomaster/2025-vision-training/Wenxiang Shi/homework4/ros_ws/install/divide_interface/share/divide_interface/package.bash'
[2.069s] INFO:colcon.colcon_core.shell:Creating package script '/home/luna/robomaster/2025-vision-training/Wenxiang Shi/homework4/ros_ws/install/divide_interface/share/divide_interface/package.zsh'
[2.072s] Level 1:colcon.colcon_core.environment:create_file_with_runtime_dependencies(/home/luna/robomaster/2025-vision-training/Wenxiang Shi/homework4/ros_ws/install/divide_interface/share/colcon-core/packages/divide_interface)
[2.138s] Level 1:colcon.colcon_core.environment:create_environment_scripts_only(divide_interface)
[2.139s] Level 1:colcon.colcon_core.environment:checking '/home/luna/robomaster/2025-vision-training/Wenxiang Shi/homework4/ros_ws/install/divide_interface' for CMake module files
[2.140s] Level 1:colcon.colcon_core.environment:checking '/home/luna/robomaster/2025-vision-training/Wenxiang Shi/homework4/ros_ws/install/divide_interface' for CMake config files
[2.140s] Level 1:colcon.colcon_core.shell:create_environment_hook('divide_interface', 'cmake_prefix_path')
[2.141s] INFO:colcon.colcon_core.shell:Creating environment hook '/home/luna/robomaster/2025-vision-training/Wenxiang Shi/homework4/ros_ws/install/divide_interface/share/divide_interface/hook/cmake_prefix_path.ps1'
[2.141s] INFO:colcon.colcon_core.shell:Creating environment descriptor '/home/luna/robomaster/2025-vision-training/Wenxiang Shi/homework4/ros_ws/install/divide_interface/share/divide_interface/hook/cmake_prefix_path.dsv'
[2.142s] INFO:colcon.colcon_core.shell:Creating environment hook '/home/luna/robomaster/2025-vision-training/Wenxiang Shi/homework4/ros_ws/install/divide_interface/share/divide_interface/hook/cmake_prefix_path.sh'
[2.143s] Level 1:colcon.colcon_core.environment:checking '/home/luna/robomaster/2025-vision-training/Wenxiang Shi/homework4/ros_ws/install/divide_interface/lib'
[2.143s] Level 1:colcon.colcon_core.shell:create_environment_hook('divide_interface', 'ld_library_path_lib')
[2.144s] INFO:colcon.colcon_core.shell:Creating environment hook '/home/luna/robomaster/2025-vision-training/Wenxiang Shi/homework4/ros_ws/install/divide_interface/share/divide_interface/hook/ld_library_path_lib.ps1'
[2.144s] INFO:colcon.colcon_core.shell:Creating environment descriptor '/home/luna/robomaster/2025-vision-training/Wenxiang Shi/homework4/ros_ws/install/divide_interface/share/divide_interface/hook/ld_library_path_lib.dsv'
[2.144s] INFO:colcon.colcon_core.shell:Creating environment hook '/home/luna/robomaster/2025-vision-training/Wenxiang Shi/homework4/ros_ws/install/divide_interface/share/divide_interface/hook/ld_library_path_lib.sh'
[2.145s] Level 1:colcon.colcon_core.environment:checking '/home/luna/robomaster/2025-vision-training/Wenxiang Shi/homework4/ros_ws/install/divide_interface/bin'
[2.145s] Level 1:colcon.colcon_core.environment:checking '/home/luna/robomaster/2025-vision-training/Wenxiang Shi/homework4/ros_ws/install/divide_interface/lib/pkgconfig/divide_interface.pc'
[2.145s] Level 1:colcon.colcon_core.environment:checking '/home/luna/robomaster/2025-vision-training/Wenxiang Shi/homework4/ros_ws/install/divide_interface/lib/python3.10/site-packages'
[2.146s] Level 1:colcon.colcon_core.environment:checking '/home/luna/robomaster/2025-vision-training/Wenxiang Shi/homework4/ros_ws/install/divide_interface/bin'
[2.146s] INFO:colcon.colcon_core.shell:Creating package script '/home/luna/robomaster/2025-vision-training/Wenxiang Shi/homework4/ros_ws/install/divide_interface/share/divide_interface/package.ps1'
[2.147s] INFO:colcon.colcon_core.shell:Creating package descriptor '/home/luna/robomaster/2025-vision-training/Wenxiang Shi/homework4/ros_ws/install/divide_interface/share/divide_interface/package.dsv'
[2.148s] INFO:colcon.colcon_core.shell:Creating package script '/home/luna/robomaster/2025-vision-training/Wenxiang Shi/homework4/ros_ws/install/divide_interface/share/divide_interface/package.sh'
[2.148s] INFO:colcon.colcon_core.shell:Creating package script '/home/luna/robomaster/2025-vision-training/Wenxiang Shi/homework4/ros_ws/install/divide_interface/share/divide_interface/package.bash'
[2.149s] INFO:colcon.colcon_core.shell:Creating package script '/home/luna/robomaster/2025-vision-training/Wenxiang Shi/homework4/ros_ws/install/divide_interface/share/divide_interface/package.zsh'
[2.149s] Level 1:colcon.colcon_core.environment:create_file_with_runtime_dependencies(/home/luna/robomaster/2025-vision-training/Wenxiang Shi/homework4/ros_ws/install/divide_interface/share/colcon-core/packages/divide_interface)
[2.150s] INFO:colcon.colcon_ros.task.ament_cmake.build:Building ROS package in '/home/luna/robomaster/2025-vision-training/Wenxiang Shi/homework4/ros_ws/src/divide_package' with build type 'ament_cmake'
[2.151s] INFO:colcon.colcon_cmake.task.cmake.build:Building CMake package in '/home/luna/robomaster/2025-vision-training/Wenxiang Shi/homework4/ros_ws/src/divide_package'
[2.151s] INFO:colcon.colcon_core.shell:Skip shell extension 'powershell' for command environment: Not usable outside of PowerShell
[2.151s] DEBUG:colcon.colcon_core.shell:Skip shell extension 'dsv' for command environment
[2.220s] DEBUG:colcon.colcon_core.event_handler.log_command:Invoking command in '/home/luna/robomaster/2025-vision-training/Wenxiang Shi/homework4/ros_ws/build/divide_package': CMAKE_PREFIX_PATH=/home/luna/robomaster/2025-vision-training/Wenxiang Shi/homework4/ros_ws/install/divide_interface:/home/luna/robomaster/2025-vision-training/Wenxiang Shi/homework4/ros_ws/install/divide_package:/opt/ros/humble /usr/bin/cmake --build /home/luna/robomaster/2025-vision-training/Wenxiang Shi/homework4/ros_ws/build/divide_package -- -j32 -l32
[2.323s] DEBUG:colcon.colcon_core.event_handler.log_command:Invoked command in '/home/luna/robomaster/2025-vision-training/Wenxiang Shi/homework4/ros_ws/build/divide_package' returned '0': CMAKE_PREFIX_PATH=/home/luna/robomaster/2025-vision-training/Wenxiang Shi/homework4/ros_ws/install/divide_interface:/home/luna/robomaster/2025-vision-training/Wenxiang Shi/homework4/ros_ws/install/divide_package:/opt/ros/humble /usr/bin/cmake --build /home/luna/robomaster/2025-vision-training/Wenxiang Shi/homework4/ros_ws/build/divide_package -- -j32 -l32
[2.355s] DEBUG:colcon.colcon_core.event_handler.log_command:Invoking command in '/home/luna/robomaster/2025-vision-training/Wenxiang Shi/homework4/ros_ws/build/divide_package': CMAKE_PREFIX_PATH=/home/luna/robomaster/2025-vision-training/Wenxiang Shi/homework4/ros_ws/install/divide_interface:/home/luna/robomaster/2025-vision-training/Wenxiang Shi/homework4/ros_ws/install/divide_package:/opt/ros/humble /usr/bin/cmake --install /home/luna/robomaster/2025-vision-training/Wenxiang Shi/homework4/ros_ws/build/divide_package
[2.370s] Level 1:colcon.colcon_core.environment:create_environment_scripts_only(divide_package)
[2.370s] Level 1:colcon.colcon_core.environment:checking '/home/luna/robomaster/2025-vision-training/Wenxiang Shi/homework4/ros_ws/install/divide_package' for CMake module files
[2.371s] DEBUG:colcon.colcon_core.event_handler.log_command:Invoked command in '/home/luna/robomaster/2025-vision-training/Wenxiang Shi/homework4/ros_ws/build/divide_package' returned '0': CMAKE_PREFIX_PATH=/home/luna/robomaster/2025-vision-training/Wenxiang Shi/homework4/ros_ws/install/divide_interface:/home/luna/robomaster/2025-vision-training/Wenxiang Shi/homework4/ros_ws/install/divide_package:/opt/ros/humble /usr/bin/cmake --install /home/luna/robomaster/2025-vision-training/Wenxiang Shi/homework4/ros_ws/build/divide_package
[2.372s] Level 1:colcon.colcon_core.environment:checking '/home/luna/robomaster/2025-vision-training/Wenxiang Shi/homework4/ros_ws/install/divide_package' for CMake config files
[2.372s] Level 1:colcon.colcon_core.shell:create_environment_hook('divide_package', 'cmake_prefix_path')
[2.372s] INFO:colcon.colcon_core.shell:Creating environment hook '/home/luna/robomaster/2025-vision-training/Wenxiang Shi/homework4/ros_ws/install/divide_package/share/divide_package/hook/cmake_prefix_path.ps1'
[2.373s] INFO:colcon.colcon_core.shell:Creating environment descriptor '/home/luna/robomaster/2025-vision-training/Wenxiang Shi/homework4/ros_ws/install/divide_package/share/divide_package/hook/cmake_prefix_path.dsv'
[2.374s] INFO:colcon.colcon_core.shell:Creating environment hook '/home/luna/robomaster/2025-vision-training/Wenxiang Shi/homework4/ros_ws/install/divide_package/share/divide_package/hook/cmake_prefix_path.sh'
[2.375s] Level 1:colcon.colcon_core.environment:checking '/home/luna/robomaster/2025-vision-training/Wenxiang Shi/homework4/ros_ws/install/divide_package/lib'
[2.375s] Level 1:colcon.colcon_core.environment:checking '/home/luna/robomaster/2025-vision-training/Wenxiang Shi/homework4/ros_ws/install/divide_package/bin'
[2.375s] Level 1:colcon.colcon_core.environment:checking '/home/luna/robomaster/2025-vision-training/Wenxiang Shi/homework4/ros_ws/install/divide_package/lib/pkgconfig/divide_package.pc'
[2.375s] Level 1:colcon.colcon_core.environment:checking '/home/luna/robomaster/2025-vision-training/Wenxiang Shi/homework4/ros_ws/install/divide_package/lib/python3.10/site-packages'
[2.376s] Level 1:colcon.colcon_core.environment:checking '/home/luna/robomaster/2025-vision-training/Wenxiang Shi/homework4/ros_ws/install/divide_package/bin'
[2.376s] INFO:colcon.colcon_core.shell:Creating package script '/home/luna/robomaster/2025-vision-training/Wenxiang Shi/homework4/ros_ws/install/divide_package/share/divide_package/package.ps1'
[2.377s] INFO:colcon.colcon_core.shell:Creating package descriptor '/home/luna/robomaster/2025-vision-training/Wenxiang Shi/homework4/ros_ws/install/divide_package/share/divide_package/package.dsv'
[2.377s] INFO:colcon.colcon_core.shell:Creating package script '/home/luna/robomaster/2025-vision-training/Wenxiang Shi/homework4/ros_ws/install/divide_package/share/divide_package/package.sh'
[2.378s] INFO:colcon.colcon_core.shell:Creating package script '/home/luna/robomaster/2025-vision-training/Wenxiang Shi/homework4/ros_ws/install/divide_package/share/divide_package/package.bash'
[2.378s] INFO:colcon.colcon_core.shell:Creating package script '/home/luna/robomaster/2025-vision-training/Wenxiang Shi/homework4/ros_ws/install/divide_package/share/divide_package/package.zsh'
[2.379s] Level 1:colcon.colcon_core.environment:create_file_with_runtime_dependencies(/home/luna/robomaster/2025-vision-training/Wenxiang Shi/homework4/ros_ws/install/divide_package/share/colcon-core/packages/divide_package)
[2.409s] Level 1:colcon.colcon_core.environment:create_environment_scripts_only(divide_package)
[2.409s] Level 1:colcon.colcon_core.environment:checking '/home/luna/robomaster/2025-vision-training/Wenxiang Shi/homework4/ros_ws/install/divide_package' for CMake module files
[2.410s] Level 1:colcon.colcon_core.environment:checking '/home/luna/robomaster/2025-vision-training/Wenxiang Shi/homework4/ros_ws/install/divide_package' for CMake config files
[2.410s] Level 1:colcon.colcon_core.shell:create_environment_hook('divide_package', 'cmake_prefix_path')
[2.411s] INFO:colcon.colcon_core.shell:Creating environment hook '/home/luna/robomaster/2025-vision-training/Wenxiang Shi/homework4/ros_ws/install/divide_package/share/divide_package/hook/cmake_prefix_path.ps1'
[2.411s] INFO:colcon.colcon_core.shell:Creating environment descriptor '/home/luna/robomaster/2025-vision-training/Wenxiang Shi/homework4/ros_ws/install/divide_package/share/divide_package/hook/cmake_prefix_path.dsv'
[2.412s] INFO:colcon.colcon_core.shell:Creating environment hook '/home/luna/robomaster/2025-vision-training/Wenxiang Shi/homework4/ros_ws/install/divide_package/share/divide_package/hook/cmake_prefix_path.sh'
[2.413s] Level 1:colcon.colcon_core.environment:checking '/home/luna/robomaster/2025-vision-training/Wenxiang Shi/homework4/ros_ws/install/divide_package/lib'
[2.413s] Level 1:colcon.colcon_core.environment:checking '/home/luna/robomaster/2025-vision-training/Wenxiang Shi/homework4/ros_ws/install/divide_package/bin'
[2.413s] Level 1:colcon.colcon_core.environment:checking '/home/luna/robomaster/2025-vision-training/Wenxiang Shi/homework4/ros_ws/install/divide_package/lib/pkgconfig/divide_package.pc'
[2.413s] Level 1:colcon.colcon_core.environment:checking '/home/luna/robomaster/2025-vision-training/Wenxiang Shi/homework4/ros_ws/install/divide_package/lib/python3.10/site-packages'
[2.414s] Level 1:colcon.colcon_core.environment:checking '/home/luna/robomaster/2025-vision-training/Wenxiang Shi/homework4/ros_ws/install/divide_package/bin'
[2.414s] INFO:colcon.colcon_core.shell:Creating package script '/home/luna/robomaster/2025-vision-training/Wenxiang Shi/homework4/ros_ws/install/divide_package/share/divide_package/package.ps1'
[2.415s] INFO:colcon.colcon_core.shell:Creating package descriptor '/home/luna/robomaster/2025-vision-training/Wenxiang Shi/homework4/ros_ws/install/divide_package/share/divide_package/package.dsv'
[2.415s] INFO:colcon.colcon_core.shell:Creating package script '/home/luna/robomaster/2025-vision-training/Wenxiang Shi/homework4/ros_ws/install/divide_package/share/divide_package/package.sh'
[2.416s] INFO:colcon.colcon_core.shell:Creating package script '/home/luna/robomaster/2025-vision-training/Wenxiang Shi/homework4/ros_ws/install/divide_package/share/divide_package/package.bash'
[2.416s] INFO:colcon.colcon_core.shell:Creating package script '/home/luna/robomaster/2025-vision-training/Wenxiang Shi/homework4/ros_ws/install/divide_package/share/divide_package/package.zsh'
[2.417s] Level 1:colcon.colcon_core.environment:create_file_with_runtime_dependencies(/home/luna/robomaster/2025-vision-training/Wenxiang Shi/homework4/ros_ws/install/divide_package/share/colcon-core/packages/divide_package)
[9.827s] DEBUG:colcon.colcon_core.event_handler.log_command:Invoked command in '/home/luna/robomaster/2025-vision-training/Wenxiang Shi/homework4/ros_ws/build/action_demo' returned '2': CMAKE_PREFIX_PATH=${CMAKE_PREFIX_PATH}:/opt/ros/humble /usr/bin/cmake --build /home/luna/robomaster/2025-vision-training/Wenxiang Shi/homework4/ros_ws/build/action_demo -- -j32 -l32
[9.901s] Level 1:colcon.colcon_core.environment:create_environment_scripts_only(action_demo)
[9.901s] Level 1:colcon.colcon_core.environment:checking '/home/luna/robomaster/2025-vision-training/Wenxiang Shi/homework4/ros_ws/install/action_demo' for CMake module files
[9.902s] Level 1:colcon.colcon_core.environment:checking '/home/luna/robomaster/2025-vision-training/Wenxiang Shi/homework4/ros_ws/install/action_demo' for CMake config files
[9.903s] Level 1:colcon.colcon_core.environment:checking '/home/luna/robomaster/2025-vision-training/Wenxiang Shi/homework4/ros_ws/install/action_demo/bin'
[9.903s] Level 1:colcon.colcon_core.environment:checking '/home/luna/robomaster/2025-vision-training/Wenxiang Shi/homework4/ros_ws/install/action_demo/lib/pkgconfig/action_demo.pc'
[9.903s] Level 1:colcon.colcon_core.environment:checking '/home/luna/robomaster/2025-vision-training/Wenxiang Shi/homework4/ros_ws/install/action_demo/lib/python3.10/site-packages'
[9.904s] Level 1:colcon.colcon_core.environment:checking '/home/luna/robomaster/2025-vision-training/Wenxiang Shi/homework4/ros_ws/install/action_demo/bin'
[9.904s] INFO:colcon.colcon_core.shell:Creating package script '/home/luna/robomaster/2025-vision-training/Wenxiang Shi/homework4/ros_ws/install/action_demo/share/action_demo/package.ps1'
[9.905s] INFO:colcon.colcon_core.shell:Creating package descriptor '/home/luna/robomaster/2025-vision-training/Wenxiang Shi/homework4/ros_ws/install/action_demo/share/action_demo/package.dsv'
[9.906s] INFO:colcon.colcon_core.shell:Creating package script '/home/luna/robomaster/2025-vision-training/Wenxiang Shi/homework4/ros_ws/install/action_demo/share/action_demo/package.sh'
[9.906s] INFO:colcon.colcon_core.shell:Creating package script '/home/luna/robomaster/2025-vision-training/Wenxiang Shi/homework4/ros_ws/install/action_demo/share/action_demo/package.bash'
[9.907s] INFO:colcon.colcon_core.shell:Creating package script '/home/luna/robomaster/2025-vision-training/Wenxiang Shi/homework4/ros_ws/install/action_demo/share/action_demo/package.zsh'
[9.907s] Level 1:colcon.colcon_core.environment:create_file_with_runtime_dependencies(/home/luna/robomaster/2025-vision-training/Wenxiang Shi/homework4/ros_ws/install/action_demo/share/colcon-core/packages/action_demo)
[9.919s] DEBUG:colcon.colcon_parallel_executor.executor.parallel:closing loop
[9.919s] DEBUG:colcon.colcon_parallel_executor.executor.parallel:loop closed
[9.919s] DEBUG:colcon.colcon_parallel_executor.executor.parallel:run_until_complete finished with '2'
[9.919s] DEBUG:colcon.colcon_core.event_reactor:joining thread
[9.985s] INFO:colcon.colcon_core.plugin_system:Skipping extension 'colcon_notification.desktop_notification.notify_send': Could not find 'notify-send'
[9.985s] INFO:colcon.colcon_core.plugin_system:Skipping extension 'colcon_notification.desktop_notification.terminal_notifier': Not used on non-Darwin systems
[9.985s] INFO:colcon.colcon_core.plugin_system:Skipping extension 'colcon_notification.desktop_notification.win32': Not used on non-Windows systems
[9.986s] INFO:colcon.colcon_notification.desktop_notification:Sending desktop notification using 'notify2'
[9.986s] DEBUG:colcon.colcon_notification.desktop_notification.notify2:Failed to initialize notify2: org.freedesktop.DBus.Error.FileNotFound: Failed to connect to socket /run/user/1000/bus: No such file or directory
[9.986s] DEBUG:colcon.colcon_core.event_reactor:joined thread
[9.987s] INFO:colcon.colcon_core.shell:Creating prefix script '/home/luna/robomaster/2025-vision-training/Wenxiang Shi/homework4/ros_ws/install/local_setup.ps1'
[9.990s] INFO:colcon.colcon_core.shell:Creating prefix util module '/home/luna/robomaster/2025-vision-training/Wenxiang Shi/homework4/ros_ws/install/_local_setup_util_ps1.py'
[9.993s] INFO:colcon.colcon_core.shell:Creating prefix chain script '/home/luna/robomaster/2025-vision-training/Wenxiang Shi/homework4/ros_ws/install/setup.ps1'
[9.996s] INFO:colcon.colcon_core.shell:Creating prefix script '/home/luna/robomaster/2025-vision-training/Wenxiang Shi/homework4/ros_ws/install/local_setup.sh'
[9.997s] INFO:colcon.colcon_core.shell:Creating prefix util module '/home/luna/robomaster/2025-vision-training/Wenxiang Shi/homework4/ros_ws/install/_local_setup_util_sh.py'
[9.998s] INFO:colcon.colcon_core.shell:Creating prefix chain script '/home/luna/robomaster/2025-vision-training/Wenxiang Shi/homework4/ros_ws/install/setup.sh'
[10.000s] INFO:colcon.colcon_core.shell:Creating prefix script '/home/luna/robomaster/2025-vision-training/Wenxiang Shi/homework4/ros_ws/install/local_setup.bash'
[10.001s] INFO:colcon.colcon_core.shell:Creating prefix chain script '/home/luna/robomaster/2025-vision-training/Wenxiang Shi/homework4/ros_ws/install/setup.bash'
[10.004s] INFO:colcon.colcon_core.shell:Creating prefix script '/home/luna/robomaster/2025-vision-training/Wenxiang Shi/homework4/ros_ws/install/local_setup.zsh'
[10.005s] INFO:colcon.colcon_core.shell:Creating prefix chain script '/home/luna/robomaster/2025-vision-training/Wenxiang Shi/homework4/ros_ws/install/setup.zsh'
