[0.054s] Invoking command in '/home/luna/robomaster/2025-vision-training/Wenxiang Shi/homework4/ros_ws/build/divide_package': AMENT_PREFIX_PATH=/home/luna/robomaster/2025-vision-training/Wenxiang Shi/homework4/ros_ws/install/divide_interface:${AMENT_PREFIX_PATH} CMAKE_PREFIX_PATH=/home/luna/robomaster/2025-vision-training/Wenxiang Shi/homework4/ros_ws/install/divide_interface:/opt/ros/humble LD_LIBRARY_PATH=/home/luna/robomaster/2025-vision-training/Wenxiang Shi/homework4/ros_ws/install/divide_interface/lib:${LD_LIBRARY_PATH} PYTHONPATH=/home/luna/robomaster/2025-vision-training/Wenxiang Shi/homework4/ros_ws/install/divide_interface/local/lib/python3.10/dist-packages:${PYTHONPATH} /usr/bin/cmake --build /home/luna/robomaster/2025-vision-training/Wenxiang Shi/homework4/ros_ws/build/divide_package -- -j32 -l32
[0.093s] [35m[1mConsolidate compiler generated dependencies of target server[0m
[0.093s] [35m[1mConsolidate compiler generated dependencies of target client[0m
[0.108s] [ 50%] [32mBuilding CXX object CMakeFiles/server.dir/src/server.cpp.o[0m
[0.109s] [ 50%] [32mBuilding CXX object CMakeFiles/client.dir/src/client.cpp.o[0m
[3.181s] [ 75%] [32m[1mLinking CXX executable server[0m
[3.197s] [100%] [32m[1mLinking CXX executable client[0m
[3.402s] [100%] Built target server
[3.419s] [100%] Built target client
[3.428s] Invoked command in '/home/luna/robomaster/2025-vision-training/Wenxiang Shi/homework4/ros_ws/build/divide_package' returned '0': AMENT_PREFIX_PATH=/home/luna/robomaster/2025-vision-training/Wenxiang Shi/homework4/ros_ws/install/divide_interface:${AMENT_PREFIX_PATH} CMAKE_PREFIX_PATH=/home/luna/robomaster/2025-vision-training/Wenxiang Shi/homework4/ros_ws/install/divide_interface:/opt/ros/humble LD_LIBRARY_PATH=/home/luna/robomaster/2025-vision-training/Wenxiang Shi/homework4/ros_ws/install/divide_interface/lib:${LD_LIBRARY_PATH} PYTHONPATH=/home/luna/robomaster/2025-vision-training/Wenxiang Shi/homework4/ros_ws/install/divide_interface/local/lib/python3.10/dist-packages:${PYTHONPATH} /usr/bin/cmake --build /home/luna/robomaster/2025-vision-training/Wenxiang Shi/homework4/ros_ws/build/divide_package -- -j32 -l32
[3.452s] Invoking command in '/home/luna/robomaster/2025-vision-training/Wenxiang Shi/homework4/ros_ws/build/divide_package': AMENT_PREFIX_PATH=/home/luna/robomaster/2025-vision-training/Wenxiang Shi/homework4/ros_ws/install/divide_interface:${AMENT_PREFIX_PATH} CMAKE_PREFIX_PATH=/home/luna/robomaster/2025-vision-training/Wenxiang Shi/homework4/ros_ws/install/divide_interface:/opt/ros/humble LD_LIBRARY_PATH=/home/luna/robomaster/2025-vision-training/Wenxiang Shi/homework4/ros_ws/install/divide_interface/lib:${LD_LIBRARY_PATH} PYTHONPATH=/home/luna/robomaster/2025-vision-training/Wenxiang Shi/homework4/ros_ws/install/divide_interface/local/lib/python3.10/dist-packages:${PYTHONPATH} /usr/bin/cmake --install /home/luna/robomaster/2025-vision-training/Wenxiang Shi/homework4/ros_ws/build/divide_package
[3.457s] -- Install configuration: ""
[3.457s] -- Installing: /home/luna/robomaster/2025-vision-training/Wenxiang Shi/homework4/ros_ws/install/divide_package/lib/divide_package/server
[3.458s] -- Set runtime path of "/home/luna/robomaster/2025-vision-training/Wenxiang Shi/homework4/ros_ws/install/divide_package/lib/divide_package/server" to ""
[3.458s] -- Installing: /home/luna/robomaster/2025-vision-training/Wenxiang Shi/homework4/ros_ws/install/divide_package/lib/divide_package/client
[3.459s] -- Set runtime path of "/home/luna/robomaster/2025-vision-training/Wenxiang Shi/homework4/ros_ws/install/divide_package/lib/divide_package/client" to ""
[3.459s] -- Up-to-date: /home/luna/robomaster/2025-vision-training/Wenxiang Shi/homework4/ros_ws/install/divide_package/share/ament_index/resource_index/package_run_dependencies/divide_package
[3.460s] -- Up-to-date: /home/luna/robomaster/2025-vision-training/Wenxiang Shi/homework4/ros_ws/install/divide_package/share/ament_index/resource_index/parent_prefix_path/divide_package
[3.460s] -- Up-to-date: /home/luna/robomaster/2025-vision-training/Wenxiang Shi/homework4/ros_ws/install/divide_package/share/divide_package/environment/ament_prefix_path.sh
[3.460s] -- Up-to-date: /home/luna/robomaster/2025-vision-training/Wenxiang Shi/homework4/ros_ws/install/divide_package/share/divide_package/environment/ament_prefix_path.dsv
[3.460s] -- Up-to-date: /home/luna/robomaster/2025-vision-training/Wenxiang Shi/homework4/ros_ws/install/divide_package/share/divide_package/environment/path.sh
[3.460s] -- Up-to-date: /home/luna/robomaster/2025-vision-training/Wenxiang Shi/homework4/ros_ws/install/divide_package/share/divide_package/environment/path.dsv
[3.460s] -- Up-to-date: /home/luna/robomaster/2025-vision-training/Wenxiang Shi/homework4/ros_ws/install/divide_package/share/divide_package/local_setup.bash
[3.460s] -- Up-to-date: /home/luna/robomaster/2025-vision-training/Wenxiang Shi/homework4/ros_ws/install/divide_package/share/divide_package/local_setup.sh
[3.460s] -- Up-to-date: /home/luna/robomaster/2025-vision-training/Wenxiang Shi/homework4/ros_ws/install/divide_package/share/divide_package/local_setup.zsh
[3.460s] -- Up-to-date: /home/luna/robomaster/2025-vision-training/Wenxiang Shi/homework4/ros_ws/install/divide_package/share/divide_package/local_setup.dsv
[3.460s] -- Installing: /home/luna/robomaster/2025-vision-training/Wenxiang Shi/homework4/ros_ws/install/divide_package/share/divide_package/package.dsv
[3.460s] -- Up-to-date: /home/luna/robomaster/2025-vision-training/Wenxiang Shi/homework4/ros_ws/install/divide_package/share/ament_index/resource_index/packages/divide_package
[3.460s] -- Up-to-date: /home/luna/robomaster/2025-vision-training/Wenxiang Shi/homework4/ros_ws/install/divide_package/share/divide_package/cmake/divide_packageConfig.cmake
[3.460s] -- Up-to-date: /home/luna/robomaster/2025-vision-training/Wenxiang Shi/homework4/ros_ws/install/divide_package/share/divide_package/cmake/divide_packageConfig-version.cmake
[3.461s] -- Up-to-date: /home/luna/robomaster/2025-vision-training/Wenxiang Shi/homework4/ros_ws/install/divide_package/share/divide_package/package.xml
[3.462s] Invoked command in '/home/luna/robomaster/2025-vision-training/Wenxiang Shi/homework4/ros_ws/build/divide_package' returned '0': AMENT_PREFIX_PATH=/home/luna/robomaster/2025-vision-training/Wenxiang Shi/homework4/ros_ws/install/divide_interface:${AMENT_PREFIX_PATH} CMAKE_PREFIX_PATH=/home/luna/robomaster/2025-vision-training/Wenxiang Shi/homework4/ros_ws/install/divide_interface:/opt/ros/humble LD_LIBRARY_PATH=/home/luna/robomaster/2025-vision-training/Wenxiang Shi/homework4/ros_ws/install/divide_interface/lib:${LD_LIBRARY_PATH} PYTHONPATH=/home/luna/robomaster/2025-vision-training/Wenxiang Shi/homework4/ros_ws/install/divide_interface/local/lib/python3.10/dist-packages:${PYTHONPATH} /usr/bin/cmake --install /home/luna/robomaster/2025-vision-training/Wenxiang Shi/homework4/ros_ws/build/divide_package
