[0.010s] Invoking command in '/home/rm-jiaolong/Workspace/homework4/task2/build/action_interfaces': CMAKE_PREFIX_PATH=${CMAKE_PREFIX_PATH}:/opt/ros/humble /usr/bin/cmake /home/rm-jiaolong/Workspace/homework4/task2/src/action_interfaces -DCMAKE_INSTALL_PREFIX=/home/rm-jiaolong/Workspace/homework4/task2/install/action_interfaces
[0.145s] -- The C compiler identification is GNU 11.4.0
[0.246s] -- The CXX compiler identification is GNU 11.4.0
[0.265s] -- Detecting C compiler ABI info
[0.382s] -- Detecting C compiler ABI info - done
[0.396s] -- Check for working C compiler: /usr/bin/cc - skipped
[0.397s] -- Detecting C compile features
[0.398s] -- Detecting C compile features - done
[0.405s] -- Detecting CXX compiler ABI info
[0.565s] -- Detecting CXX compiler ABI info - done
[0.573s] -- Check for working CXX compiler: /usr/bin/c++ - skipped
[0.573s] -- Detecting CXX compile features
[0.574s] -- Detecting CXX compile features - done
[0.594s] -- Found ament_cmake: 1.3.10 (/opt/ros/humble/share/ament_cmake/cmake)
[0.850s] -- Found Python3: /usr/bin/python3 (found version "3.10.12") found components: Interpreter 
[1.042s] -- Found rosidl_default_generators: 1.2.0 (/opt/ros/humble/share/rosidl_default_generators/cmake)
[1.047s] -- Using all available rosidl_typesupport_c: rosidl_typesupport_fastrtps_c;rosidl_typesupport_introspection_c
[1.056s] -- Found rosidl_adapter: 3.1.5 (/opt/ros/humble/share/rosidl_adapter/cmake)
[1.121s] -- Using all available rosidl_typesupport_cpp: rosidl_typesupport_fastrtps_cpp;rosidl_typesupport_introspection_cpp
[1.778s] -- Found ament_cmake_ros: 0.10.0 (/opt/ros/humble/share/ament_cmake_ros/cmake)
[2.140s] -- Using all available rosidl_typesupport_c: rosidl_typesupport_fastrtps_c;rosidl_typesupport_introspection_c
[2.678s] -- Using all available rosidl_typesupport_cpp: rosidl_typesupport_fastrtps_cpp;rosidl_typesupport_introspection_cpp
[2.707s] -- Found PythonInterp: /usr/bin/python3 (found suitable version "3.10.12", minimum required is "3.6") 
[2.712s] -- Found python_cmake_module: 0.10.0 (/opt/ros/humble/share/python_cmake_module/cmake)
[2.756s] -- Found PythonLibs: /usr/lib/x86_64-linux-gnu/libpython3.10.so (found suitable version "3.10.12", minimum required is "3.5") 
[2.756s] -- Using PYTHON_EXECUTABLE: /usr/bin/python3
[2.757s] -- Using PYTHON_INCLUDE_DIRS: /usr/include/python3.10
[2.757s] -- Using PYTHON_LIBRARIES: /usr/lib/x86_64-linux-gnu/libpython3.10.so
[2.802s] -- Found PythonExtra: .so  
[2.881s] -- Found ament_lint_auto: 0.12.11 (/opt/ros/humble/share/ament_lint_auto/cmake)
[2.921s] -- Added test 'lint_cmake' to check CMake code style
[2.925s] -- Added test 'xmllint' to check XML markup files
[2.929s] -- Configuring done
[2.978s] -- Generating done
[2.985s] -- Build files have been written to: /home/rm-jiaolong/Workspace/homework4/task2/build/action_interfaces
[3.006s] Invoked command in '/home/rm-jiaolong/Workspace/homework4/task2/build/action_interfaces' returned '0': CMAKE_PREFIX_PATH=${CMAKE_PREFIX_PATH}:/opt/ros/humble /usr/bin/cmake /home/rm-jiaolong/Workspace/homework4/task2/src/action_interfaces -DCMAKE_INSTALL_PREFIX=/home/rm-jiaolong/Workspace/homework4/task2/install/action_interfaces
[3.007s] Invoking command in '/home/rm-jiaolong/Workspace/homework4/task2/build/action_interfaces': CMAKE_PREFIX_PATH=${CMAKE_PREFIX_PATH}:/opt/ros/humble /usr/bin/cmake --build /home/rm-jiaolong/Workspace/homework4/task2/build/action_interfaces -- -j4 -l4
[3.086s] [  3%] [34m[1mGenerating C code for ROS interfaces[0m
[3.107s] [  6%] [34m[1mGenerating C++ code for ROS interfaces[0m
[3.132s] [  6%] Built target ament_cmake_python_copy_action_interfaces
[3.616s] running egg_info
[3.618s] creating action_interfaces.egg-info
[3.618s] writing action_interfaces.egg-info/PKG-INFO
[3.618s] writing dependency_links to action_interfaces.egg-info/dependency_links.txt
[3.618s] writing top-level names to action_interfaces.egg-info/top_level.txt
[3.618s] writing manifest file 'action_interfaces.egg-info/SOURCES.txt'
[3.626s] reading manifest file 'action_interfaces.egg-info/SOURCES.txt'
[3.627s] writing manifest file 'action_interfaces.egg-info/SOURCES.txt'
[3.680s] [  6%] Built target ament_cmake_python_build_action_interfaces_egg
[3.962s] [  6%] Built target action_interfaces__cpp
[3.968s] [  9%] [32mBuilding C object CMakeFiles/action_interfaces__rosidl_generator_c.dir/rosidl_generator_c/action_interfaces/action/detail/move_robot__functions.c.o[0m
[3.987s] [ 12%] [34m[1mGenerating C++ type support dispatch for ROS interfaces[0m
[3.988s] [ 16%] [34m[1mGenerating C++ introspection for ROS interfaces[0m
[3.992s] [ 19%] [34m[1mGenerating C++ type support for eProsima Fast-RTPS[0m
[4.298s] [ 22%] [32m[1mLinking C shared library libaction_interfaces__rosidl_generator_c.so[0m
[4.407s] [ 22%] Built target action_interfaces__rosidl_generator_c
[4.441s] [ 25%] [34m[1mGenerating C type support for eProsima Fast-RTPS[0m
[4.605s] [ 29%] [32mBuilding CXX object CMakeFiles/action_interfaces__rosidl_typesupport_cpp.dir/rosidl_typesupport_cpp/action_interfaces/action/move_robot__type_support.cpp.o[0m
[4.673s] [ 32%] [32mBuilding CXX object CMakeFiles/action_interfaces__rosidl_typesupport_introspection_cpp.dir/rosidl_typesupport_introspection_cpp/action_interfaces/action/detail/move_robot__type_support.cpp.o[0m
[4.802s] [ 35%] [32mBuilding CXX object CMakeFiles/action_interfaces__rosidl_typesupport_fastrtps_cpp.dir/rosidl_typesupport_fastrtps_cpp/action_interfaces/action/detail/dds_fastrtps/move_robot__type_support.cpp.o[0m
[5.189s] [ 38%] [32mBuilding CXX object CMakeFiles/action_interfaces__rosidl_typesupport_fastrtps_c.dir/rosidl_typesupport_fastrtps_c/action_interfaces/action/detail/move_robot__type_support_c.cpp.o[0m
[5.724s] [ 41%] [32m[1mLinking CXX shared library libaction_interfaces__rosidl_typesupport_cpp.so[0m
[5.828s] [ 41%] Built target action_interfaces__rosidl_typesupport_cpp
[5.852s] [ 45%] [34m[1mGenerating C introspection for ROS interfaces[0m
[6.100s] [ 48%] [32m[1mLinking CXX shared library libaction_interfaces__rosidl_typesupport_fastrtps_c.so[0m
[6.139s] [ 51%] [32m[1mLinking CXX shared library libaction_interfaces__rosidl_typesupport_introspection_cpp.so[0m
[6.249s] [ 54%] [32m[1mLinking CXX shared library libaction_interfaces__rosidl_typesupport_fastrtps_cpp.so[0m
[6.264s] [ 54%] Built target action_interfaces__rosidl_typesupport_fastrtps_c
[6.287s] [ 58%] [34m[1mGenerating C type support dispatch for ROS interfaces[0m
[6.316s] [ 58%] Built target action_interfaces__rosidl_typesupport_introspection_cpp
[6.421s] [ 58%] Built target action_interfaces__rosidl_typesupport_fastrtps_cpp
[6.595s] [ 61%] [32mBuilding C object CMakeFiles/action_interfaces__rosidl_typesupport_introspection_c.dir/rosidl_typesupport_introspection_c/action_interfaces/action/detail/move_robot__type_support.c.o[0m
[6.686s] [ 64%] [32m[1mLinking C shared library libaction_interfaces__rosidl_typesupport_introspection_c.so[0m
[6.762s] [ 64%] Built target action_interfaces__rosidl_typesupport_introspection_c
[6.858s] [ 67%] [32mBuilding CXX object CMakeFiles/action_interfaces__rosidl_typesupport_c.dir/rosidl_typesupport_c/action_interfaces/action/move_robot__type_support.cpp.o[0m
[6.948s] [ 70%] [32m[1mLinking CXX shared library libaction_interfaces__rosidl_typesupport_c.so[0m
[6.992s] [ 70%] Built target action_interfaces__rosidl_typesupport_c
[7.028s] [ 70%] Built target action_interfaces
[7.062s] [ 74%] [34m[1mGenerating Python code for ROS interfaces[0m
[8.556s] [ 74%] Built target action_interfaces__py
[8.589s] [ 77%] [32mBuilding C object CMakeFiles/action_interfaces__rosidl_generator_py.dir/rosidl_generator_py/action_interfaces/action/_move_robot_s.c.o[0m
[8.906s] [ 80%] [32m[1mLinking C shared library rosidl_generator_py/action_interfaces/libaction_interfaces__rosidl_generator_py.so[0m
[8.975s] [ 80%] Built target action_interfaces__rosidl_generator_py
[9.016s] [ 83%] [32mBuilding C object CMakeFiles/action_interfaces__rosidl_typesupport_c__pyext.dir/rosidl_generator_py/action_interfaces/_action_interfaces_s.ep.rosidl_typesupport_c.c.o[0m
[9.023s] [ 90%] [32mBuilding C object CMakeFiles/action_interfaces__rosidl_typesupport_fastrtps_c__pyext.dir/rosidl_generator_py/action_interfaces/_action_interfaces_s.ep.rosidl_typesupport_fastrtps_c.c.o[0m
[9.023s] [ 90%] [32mBuilding C object CMakeFiles/action_interfaces__rosidl_typesupport_introspection_c__pyext.dir/rosidl_generator_py/action_interfaces/_action_interfaces_s.ep.rosidl_typesupport_introspection_c.c.o[0m
[9.257s] [ 93%] [32m[1mLinking C shared library rosidl_generator_py/action_interfaces/action_interfaces_s__rosidl_typesupport_c.cpython-310-x86_64-linux-gnu.so[0m
[9.269s] [ 96%] [32m[1mLinking C shared library rosidl_generator_py/action_interfaces/action_interfaces_s__rosidl_typesupport_fastrtps_c.cpython-310-x86_64-linux-gnu.so[0m
[9.275s] [100%] [32m[1mLinking C shared library rosidl_generator_py/action_interfaces/action_interfaces_s__rosidl_typesupport_introspection_c.cpython-310-x86_64-linux-gnu.so[0m
[9.340s] [100%] Built target action_interfaces__rosidl_typesupport_c__pyext
[9.359s] [100%] Built target action_interfaces__rosidl_typesupport_fastrtps_c__pyext
[9.365s] [100%] Built target action_interfaces__rosidl_typesupport_introspection_c__pyext
[9.386s] Invoked command in '/home/rm-jiaolong/Workspace/homework4/task2/build/action_interfaces' returned '0': CMAKE_PREFIX_PATH=${CMAKE_PREFIX_PATH}:/opt/ros/humble /usr/bin/cmake --build /home/rm-jiaolong/Workspace/homework4/task2/build/action_interfaces -- -j4 -l4
[9.519s] Invoking command in '/home/rm-jiaolong/Workspace/homework4/task2/build/action_interfaces': CMAKE_PREFIX_PATH=${CMAKE_PREFIX_PATH}:/opt/ros/humble /usr/bin/cmake --install /home/rm-jiaolong/Workspace/homework4/task2/build/action_interfaces
[9.534s] -- Install configuration: ""
[9.535s] -- Installing: /home/rm-jiaolong/Workspace/homework4/task2/install/action_interfaces/share/ament_index/resource_index/rosidl_interfaces/action_interfaces
[9.535s] -- Installing: /home/rm-jiaolong/Workspace/homework4/task2/install/action_interfaces/include/action_interfaces/action_interfaces
[9.536s] -- Installing: /home/rm-jiaolong/Workspace/homework4/task2/install/action_interfaces/include/action_interfaces/action_interfaces/action
[9.536s] -- Installing: /home/rm-jiaolong/Workspace/homework4/task2/install/action_interfaces/include/action_interfaces/action_interfaces/action/move_robot.h
[9.536s] -- Installing: /home/rm-jiaolong/Workspace/homework4/task2/install/action_interfaces/include/action_interfaces/action_interfaces/action/detail
[9.537s] -- Installing: /home/rm-jiaolong/Workspace/homework4/task2/install/action_interfaces/include/action_interfaces/action_interfaces/action/detail/move_robot__functions.c
[9.537s] -- Installing: /home/rm-jiaolong/Workspace/homework4/task2/install/action_interfaces/include/action_interfaces/action_interfaces/action/detail/move_robot__struct.h
[9.537s] -- Installing: /home/rm-jiaolong/Workspace/homework4/task2/install/action_interfaces/include/action_interfaces/action_interfaces/action/detail/move_robot__type_support.h
[9.537s] -- Installing: /home/rm-jiaolong/Workspace/homework4/task2/install/action_interfaces/include/action_interfaces/action_interfaces/action/detail/move_robot__functions.h
[9.537s] -- Installing: /home/rm-jiaolong/Workspace/homework4/task2/install/action_interfaces/include/action_interfaces/action_interfaces/msg
[9.538s] -- Installing: /home/rm-jiaolong/Workspace/homework4/task2/install/action_interfaces/include/action_interfaces/action_interfaces/msg/rosidl_generator_c__visibility_control.h
[9.538s] -- Installing: /home/rm-jiaolong/Workspace/homework4/task2/install/action_interfaces/share/action_interfaces/environment/library_path.sh
[9.538s] -- Installing: /home/rm-jiaolong/Workspace/homework4/task2/install/action_interfaces/share/action_interfaces/environment/library_path.dsv
[9.538s] -- Installing: /home/rm-jiaolong/Workspace/homework4/task2/install/action_interfaces/lib/libaction_interfaces__rosidl_generator_c.so
[9.539s] -- Set runtime path of "/home/rm-jiaolong/Workspace/homework4/task2/install/action_interfaces/lib/libaction_interfaces__rosidl_generator_c.so" to ""
[9.539s] -- Up-to-date: /home/rm-jiaolong/Workspace/homework4/task2/install/action_interfaces/include/action_interfaces/action_interfaces
[9.539s] -- Up-to-date: /home/rm-jiaolong/Workspace/homework4/task2/install/action_interfaces/include/action_interfaces/action_interfaces/action
[9.539s] -- Up-to-date: /home/rm-jiaolong/Workspace/homework4/task2/install/action_interfaces/include/action_interfaces/action_interfaces/action/detail
[9.540s] -- Installing: /home/rm-jiaolong/Workspace/homework4/task2/install/action_interfaces/include/action_interfaces/action_interfaces/action/detail/move_robot__rosidl_typesupport_fastrtps_c.h
[9.540s] -- Up-to-date: /home/rm-jiaolong/Workspace/homework4/task2/install/action_interfaces/include/action_interfaces/action_interfaces/msg
[9.540s] -- Installing: /home/rm-jiaolong/Workspace/homework4/task2/install/action_interfaces/include/action_interfaces/action_interfaces/msg/rosidl_typesupport_fastrtps_c__visibility_control.h
[9.540s] -- Installing: /home/rm-jiaolong/Workspace/homework4/task2/install/action_interfaces/lib/libaction_interfaces__rosidl_typesupport_fastrtps_c.so
[9.540s] -- Set runtime path of "/home/rm-jiaolong/Workspace/homework4/task2/install/action_interfaces/lib/libaction_interfaces__rosidl_typesupport_fastrtps_c.so" to ""
[9.540s] -- Up-to-date: /home/rm-jiaolong/Workspace/homework4/task2/install/action_interfaces/include/action_interfaces/action_interfaces
[9.541s] -- Up-to-date: /home/rm-jiaolong/Workspace/homework4/task2/install/action_interfaces/include/action_interfaces/action_interfaces/action
[9.541s] -- Up-to-date: /home/rm-jiaolong/Workspace/homework4/task2/install/action_interfaces/include/action_interfaces/action_interfaces/action/detail
[9.541s] -- Installing: /home/rm-jiaolong/Workspace/homework4/task2/install/action_interfaces/include/action_interfaces/action_interfaces/action/detail/move_robot__type_support.c
[9.541s] -- Installing: /home/rm-jiaolong/Workspace/homework4/task2/install/action_interfaces/include/action_interfaces/action_interfaces/action/detail/move_robot__rosidl_typesupport_introspection_c.h
[9.541s] -- Up-to-date: /home/rm-jiaolong/Workspace/homework4/task2/install/action_interfaces/include/action_interfaces/action_interfaces/msg
[9.542s] -- Installing: /home/rm-jiaolong/Workspace/homework4/task2/install/action_interfaces/include/action_interfaces/action_interfaces/msg/rosidl_typesupport_introspection_c__visibility_control.h
[9.542s] -- Installing: /home/rm-jiaolong/Workspace/homework4/task2/install/action_interfaces/lib/libaction_interfaces__rosidl_typesupport_introspection_c.so
[9.542s] -- Set runtime path of "/home/rm-jiaolong/Workspace/homework4/task2/install/action_interfaces/lib/libaction_interfaces__rosidl_typesupport_introspection_c.so" to ""
[9.543s] -- Installing: /home/rm-jiaolong/Workspace/homework4/task2/install/action_interfaces/lib/libaction_interfaces__rosidl_typesupport_c.so
[9.543s] -- Set runtime path of "/home/rm-jiaolong/Workspace/homework4/task2/install/action_interfaces/lib/libaction_interfaces__rosidl_typesupport_c.so" to ""
[9.543s] -- Up-to-date: /home/rm-jiaolong/Workspace/homework4/task2/install/action_interfaces/include/action_interfaces/action_interfaces
[9.543s] -- Up-to-date: /home/rm-jiaolong/Workspace/homework4/task2/install/action_interfaces/include/action_interfaces/action_interfaces/action
[9.543s] -- Installing: /home/rm-jiaolong/Workspace/homework4/task2/install/action_interfaces/include/action_interfaces/action_interfaces/action/move_robot.hpp
[9.544s] -- Up-to-date: /home/rm-jiaolong/Workspace/homework4/task2/install/action_interfaces/include/action_interfaces/action_interfaces/action/detail
[9.544s] -- Installing: /home/rm-jiaolong/Workspace/homework4/task2/install/action_interfaces/include/action_interfaces/action_interfaces/action/detail/move_robot__traits.hpp
[9.544s] -- Installing: /home/rm-jiaolong/Workspace/homework4/task2/install/action_interfaces/include/action_interfaces/action_interfaces/action/detail/move_robot__struct.hpp
[9.544s] -- Installing: /home/rm-jiaolong/Workspace/homework4/task2/install/action_interfaces/include/action_interfaces/action_interfaces/action/detail/move_robot__builder.hpp
[9.544s] -- Up-to-date: /home/rm-jiaolong/Workspace/homework4/task2/install/action_interfaces/include/action_interfaces/action_interfaces
[9.545s] -- Up-to-date: /home/rm-jiaolong/Workspace/homework4/task2/install/action_interfaces/include/action_interfaces/action_interfaces/action
[9.545s] -- Up-to-date: /home/rm-jiaolong/Workspace/homework4/task2/install/action_interfaces/include/action_interfaces/action_interfaces/action/detail
[9.545s] -- Installing: /home/rm-jiaolong/Workspace/homework4/task2/install/action_interfaces/include/action_interfaces/action_interfaces/action/detail/move_robot__rosidl_typesupport_fastrtps_cpp.hpp
[9.545s] -- Installing: /home/rm-jiaolong/Workspace/homework4/task2/install/action_interfaces/include/action_interfaces/action_interfaces/action/detail/dds_fastrtps
[9.545s] -- Up-to-date: /home/rm-jiaolong/Workspace/homework4/task2/install/action_interfaces/include/action_interfaces/action_interfaces/msg
[9.545s] -- Installing: /home/rm-jiaolong/Workspace/homework4/task2/install/action_interfaces/include/action_interfaces/action_interfaces/msg/rosidl_typesupport_fastrtps_cpp__visibility_control.h
[9.546s] -- Installing: /home/rm-jiaolong/Workspace/homework4/task2/install/action_interfaces/lib/libaction_interfaces__rosidl_typesupport_fastrtps_cpp.so
[9.546s] -- Set runtime path of "/home/rm-jiaolong/Workspace/homework4/task2/install/action_interfaces/lib/libaction_interfaces__rosidl_typesupport_fastrtps_cpp.so" to ""
[9.546s] -- Up-to-date: /home/rm-jiaolong/Workspace/homework4/task2/install/action_interfaces/include/action_interfaces/action_interfaces
[9.546s] -- Up-to-date: /home/rm-jiaolong/Workspace/homework4/task2/install/action_interfaces/include/action_interfaces/action_interfaces/action
[9.546s] -- Up-to-date: /home/rm-jiaolong/Workspace/homework4/task2/install/action_interfaces/include/action_interfaces/action_interfaces/action/detail
[9.547s] -- Installing: /home/rm-jiaolong/Workspace/homework4/task2/install/action_interfaces/include/action_interfaces/action_interfaces/action/detail/move_robot__rosidl_typesupport_introspection_cpp.hpp
[9.547s] -- Installing: /home/rm-jiaolong/Workspace/homework4/task2/install/action_interfaces/include/action_interfaces/action_interfaces/action/detail/move_robot__type_support.cpp
[9.547s] -- Installing: /home/rm-jiaolong/Workspace/homework4/task2/install/action_interfaces/lib/libaction_interfaces__rosidl_typesupport_introspection_cpp.so
[9.547s] -- Set runtime path of "/home/rm-jiaolong/Workspace/homework4/task2/install/action_interfaces/lib/libaction_interfaces__rosidl_typesupport_introspection_cpp.so" to ""
[9.547s] -- Installing: /home/rm-jiaolong/Workspace/homework4/task2/install/action_interfaces/lib/libaction_interfaces__rosidl_typesupport_cpp.so
[9.548s] -- Set runtime path of "/home/rm-jiaolong/Workspace/homework4/task2/install/action_interfaces/lib/libaction_interfaces__rosidl_typesupport_cpp.so" to ""
[9.548s] -- Installing: /home/rm-jiaolong/Workspace/homework4/task2/install/action_interfaces/share/action_interfaces/environment/pythonpath.sh
[9.548s] -- Installing: /home/rm-jiaolong/Workspace/homework4/task2/install/action_interfaces/share/action_interfaces/environment/pythonpath.dsv
[9.549s] -- Installing: /home/rm-jiaolong/Workspace/homework4/task2/install/action_interfaces/local/lib/python3.10/dist-packages/action_interfaces-0.0.0-py3.10.egg-info
[9.549s] -- Installing: /home/rm-jiaolong/Workspace/homework4/task2/install/action_interfaces/local/lib/python3.10/dist-packages/action_interfaces-0.0.0-py3.10.egg-info/PKG-INFO
[9.549s] -- Installing: /home/rm-jiaolong/Workspace/homework4/task2/install/action_interfaces/local/lib/python3.10/dist-packages/action_interfaces-0.0.0-py3.10.egg-info/dependency_links.txt
[9.549s] -- Installing: /home/rm-jiaolong/Workspace/homework4/task2/install/action_interfaces/local/lib/python3.10/dist-packages/action_interfaces-0.0.0-py3.10.egg-info/top_level.txt
[9.549s] -- Installing: /home/rm-jiaolong/Workspace/homework4/task2/install/action_interfaces/local/lib/python3.10/dist-packages/action_interfaces-0.0.0-py3.10.egg-info/SOURCES.txt
[9.550s] -- Installing: /home/rm-jiaolong/Workspace/homework4/task2/install/action_interfaces/local/lib/python3.10/dist-packages/action_interfaces
[9.550s] -- Installing: /home/rm-jiaolong/Workspace/homework4/task2/install/action_interfaces/local/lib/python3.10/dist-packages/action_interfaces/action_interfaces_s__rosidl_typesupport_introspection_c.cpython-310-x86_64-linux-gnu.so
[9.550s] -- Installing: /home/rm-jiaolong/Workspace/homework4/task2/install/action_interfaces/local/lib/python3.10/dist-packages/action_interfaces/action_interfaces_s__rosidl_typesupport_fastrtps_c.cpython-310-x86_64-linux-gnu.so
[9.550s] -- Installing: /home/rm-jiaolong/Workspace/homework4/task2/install/action_interfaces/local/lib/python3.10/dist-packages/action_interfaces/action
[9.550s] -- Installing: /home/rm-jiaolong/Workspace/homework4/task2/install/action_interfaces/local/lib/python3.10/dist-packages/action_interfaces/action/_move_robot.py
[9.550s] -- Installing: /home/rm-jiaolong/Workspace/homework4/task2/install/action_interfaces/local/lib/python3.10/dist-packages/action_interfaces/action/_move_robot_s.c
[9.551s] -- Installing: /home/rm-jiaolong/Workspace/homework4/task2/install/action_interfaces/local/lib/python3.10/dist-packages/action_interfaces/action/__init__.py
[9.551s] -- Installing: /home/rm-jiaolong/Workspace/homework4/task2/install/action_interfaces/local/lib/python3.10/dist-packages/action_interfaces/_action_interfaces_s.ep.rosidl_typesupport_introspection_c.c
[9.551s] -- Installing: /home/rm-jiaolong/Workspace/homework4/task2/install/action_interfaces/local/lib/python3.10/dist-packages/action_interfaces/libaction_interfaces__rosidl_generator_py.so
[9.552s] -- Installing: /home/rm-jiaolong/Workspace/homework4/task2/install/action_interfaces/local/lib/python3.10/dist-packages/action_interfaces/_action_interfaces_s.ep.rosidl_typesupport_fastrtps_c.c
[9.552s] -- Installing: /home/rm-jiaolong/Workspace/homework4/task2/install/action_interfaces/local/lib/python3.10/dist-packages/action_interfaces/_action_interfaces_s.ep.rosidl_typesupport_c.c
[9.552s] -- Installing: /home/rm-jiaolong/Workspace/homework4/task2/install/action_interfaces/local/lib/python3.10/dist-packages/action_interfaces/__init__.py
[9.552s] -- Installing: /home/rm-jiaolong/Workspace/homework4/task2/install/action_interfaces/local/lib/python3.10/dist-packages/action_interfaces/action_interfaces_s__rosidl_typesupport_c.cpython-310-x86_64-linux-gnu.so
[9.644s] Listing '/home/rm-jiaolong/Workspace/homework4/task2/install/action_interfaces/local/lib/python3.10/dist-packages/action_interfaces'...
[9.644s] Compiling '/home/rm-jiaolong/Workspace/homework4/task2/install/action_interfaces/local/lib/python3.10/dist-packages/action_interfaces/__init__.py'...
[9.644s] Listing '/home/rm-jiaolong/Workspace/homework4/task2/install/action_interfaces/local/lib/python3.10/dist-packages/action_interfaces/action'...
[9.644s] Compiling '/home/rm-jiaolong/Workspace/homework4/task2/install/action_interfaces/local/lib/python3.10/dist-packages/action_interfaces/action/__init__.py'...
[9.644s] Compiling '/home/rm-jiaolong/Workspace/homework4/task2/install/action_interfaces/local/lib/python3.10/dist-packages/action_interfaces/action/_move_robot.py'...
[9.651s] -- Installing: /home/rm-jiaolong/Workspace/homework4/task2/install/action_interfaces/local/lib/python3.10/dist-packages/action_interfaces/action_interfaces_s__rosidl_typesupport_fastrtps_c.cpython-310-x86_64-linux-gnu.so
[9.652s] -- Set runtime path of "/home/rm-jiaolong/Workspace/homework4/task2/install/action_interfaces/local/lib/python3.10/dist-packages/action_interfaces/action_interfaces_s__rosidl_typesupport_fastrtps_c.cpython-310-x86_64-linux-gnu.so" to ""
[9.652s] -- Installing: /home/rm-jiaolong/Workspace/homework4/task2/install/action_interfaces/local/lib/python3.10/dist-packages/action_interfaces/action_interfaces_s__rosidl_typesupport_introspection_c.cpython-310-x86_64-linux-gnu.so
[9.652s] -- Set runtime path of "/home/rm-jiaolong/Workspace/homework4/task2/install/action_interfaces/local/lib/python3.10/dist-packages/action_interfaces/action_interfaces_s__rosidl_typesupport_introspection_c.cpython-310-x86_64-linux-gnu.so" to ""
[9.652s] -- Installing: /home/rm-jiaolong/Workspace/homework4/task2/install/action_interfaces/local/lib/python3.10/dist-packages/action_interfaces/action_interfaces_s__rosidl_typesupport_c.cpython-310-x86_64-linux-gnu.so
[9.653s] -- Set runtime path of "/home/rm-jiaolong/Workspace/homework4/task2/install/action_interfaces/local/lib/python3.10/dist-packages/action_interfaces/action_interfaces_s__rosidl_typesupport_c.cpython-310-x86_64-linux-gnu.so" to ""
[9.653s] -- Installing: /home/rm-jiaolong/Workspace/homework4/task2/install/action_interfaces/lib/libaction_interfaces__rosidl_generator_py.so
[9.654s] -- Set runtime path of "/home/rm-jiaolong/Workspace/homework4/task2/install/action_interfaces/lib/libaction_interfaces__rosidl_generator_py.so" to ""
[9.654s] -- Installing: /home/rm-jiaolong/Workspace/homework4/task2/install/action_interfaces/share/action_interfaces/action/MoveRobot.idl
[9.654s] -- Installing: /home/rm-jiaolong/Workspace/homework4/task2/install/action_interfaces/share/action_interfaces/action/MoveRobot.action
[9.654s] -- Installing: /home/rm-jiaolong/Workspace/homework4/task2/install/action_interfaces/share/ament_index/resource_index/package_run_dependencies/action_interfaces
[9.654s] -- Installing: /home/rm-jiaolong/Workspace/homework4/task2/install/action_interfaces/share/ament_index/resource_index/parent_prefix_path/action_interfaces
[9.655s] -- Installing: /home/rm-jiaolong/Workspace/homework4/task2/install/action_interfaces/share/action_interfaces/environment/ament_prefix_path.sh
[9.655s] -- Installing: /home/rm-jiaolong/Workspace/homework4/task2/install/action_interfaces/share/action_interfaces/environment/ament_prefix_path.dsv
[9.655s] -- Installing: /home/rm-jiaolong/Workspace/homework4/task2/install/action_interfaces/share/action_interfaces/environment/path.sh
[9.655s] -- Installing: /home/rm-jiaolong/Workspace/homework4/task2/install/action_interfaces/share/action_interfaces/environment/path.dsv
[9.655s] -- Installing: /home/rm-jiaolong/Workspace/homework4/task2/install/action_interfaces/share/action_interfaces/local_setup.bash
[9.656s] -- Installing: /home/rm-jiaolong/Workspace/homework4/task2/install/action_interfaces/share/action_interfaces/local_setup.sh
[9.656s] -- Installing: /home/rm-jiaolong/Workspace/homework4/task2/install/action_interfaces/share/action_interfaces/local_setup.zsh
[9.656s] -- Installing: /home/rm-jiaolong/Workspace/homework4/task2/install/action_interfaces/share/action_interfaces/local_setup.dsv
[9.656s] -- Installing: /home/rm-jiaolong/Workspace/homework4/task2/install/action_interfaces/share/action_interfaces/package.dsv
[9.657s] -- Installing: /home/rm-jiaolong/Workspace/homework4/task2/install/action_interfaces/share/ament_index/resource_index/packages/action_interfaces
[9.657s] -- Installing: /home/rm-jiaolong/Workspace/homework4/task2/install/action_interfaces/share/action_interfaces/cmake/export_action_interfaces__rosidl_generator_cExport.cmake
[9.657s] -- Installing: /home/rm-jiaolong/Workspace/homework4/task2/install/action_interfaces/share/action_interfaces/cmake/export_action_interfaces__rosidl_generator_cExport-noconfig.cmake
[9.657s] -- Installing: /home/rm-jiaolong/Workspace/homework4/task2/install/action_interfaces/share/action_interfaces/cmake/export_action_interfaces__rosidl_typesupport_fastrtps_cExport.cmake
[9.657s] -- Installing: /home/rm-jiaolong/Workspace/homework4/task2/install/action_interfaces/share/action_interfaces/cmake/export_action_interfaces__rosidl_typesupport_fastrtps_cExport-noconfig.cmake
[9.658s] -- Installing: /home/rm-jiaolong/Workspace/homework4/task2/install/action_interfaces/share/action_interfaces/cmake/action_interfaces__rosidl_typesupport_introspection_cExport.cmake
[9.658s] -- Installing: /home/rm-jiaolong/Workspace/homework4/task2/install/action_interfaces/share/action_interfaces/cmake/action_interfaces__rosidl_typesupport_introspection_cExport-noconfig.cmake
[9.658s] -- Installing: /home/rm-jiaolong/Workspace/homework4/task2/install/action_interfaces/share/action_interfaces/cmake/action_interfaces__rosidl_typesupport_cExport.cmake
[9.658s] -- Installing: /home/rm-jiaolong/Workspace/homework4/task2/install/action_interfaces/share/action_interfaces/cmake/action_interfaces__rosidl_typesupport_cExport-noconfig.cmake
[9.659s] -- Installing: /home/rm-jiaolong/Workspace/homework4/task2/install/action_interfaces/share/action_interfaces/cmake/export_action_interfaces__rosidl_generator_cppExport.cmake
[9.659s] -- Installing: /home/rm-jiaolong/Workspace/homework4/task2/install/action_interfaces/share/action_interfaces/cmake/export_action_interfaces__rosidl_typesupport_fastrtps_cppExport.cmake
[9.659s] -- Installing: /home/rm-jiaolong/Workspace/homework4/task2/install/action_interfaces/share/action_interfaces/cmake/export_action_interfaces__rosidl_typesupport_fastrtps_cppExport-noconfig.cmake
[9.659s] -- Installing: /home/rm-jiaolong/Workspace/homework4/task2/install/action_interfaces/share/action_interfaces/cmake/action_interfaces__rosidl_typesupport_introspection_cppExport.cmake
[9.659s] -- Installing: /home/rm-jiaolong/Workspace/homework4/task2/install/action_interfaces/share/action_interfaces/cmake/action_interfaces__rosidl_typesupport_introspection_cppExport-noconfig.cmake
[9.659s] -- Installing: /home/rm-jiaolong/Workspace/homework4/task2/install/action_interfaces/share/action_interfaces/cmake/action_interfaces__rosidl_typesupport_cppExport.cmake
[9.659s] -- Installing: /home/rm-jiaolong/Workspace/homework4/task2/install/action_interfaces/share/action_interfaces/cmake/action_interfaces__rosidl_typesupport_cppExport-noconfig.cmake
[9.659s] -- Installing: /home/rm-jiaolong/Workspace/homework4/task2/install/action_interfaces/share/action_interfaces/cmake/export_action_interfaces__rosidl_generator_pyExport.cmake
[9.660s] -- Installing: /home/rm-jiaolong/Workspace/homework4/task2/install/action_interfaces/share/action_interfaces/cmake/export_action_interfaces__rosidl_generator_pyExport-noconfig.cmake
[9.660s] -- Installing: /home/rm-jiaolong/Workspace/homework4/task2/install/action_interfaces/share/action_interfaces/cmake/rosidl_cmake-extras.cmake
[9.660s] -- Installing: /home/rm-jiaolong/Workspace/homework4/task2/install/action_interfaces/share/action_interfaces/cmake/ament_cmake_export_dependencies-extras.cmake
[9.660s] -- Installing: /home/rm-jiaolong/Workspace/homework4/task2/install/action_interfaces/share/action_interfaces/cmake/ament_cmake_export_include_directories-extras.cmake
[9.661s] -- Installing: /home/rm-jiaolong/Workspace/homework4/task2/install/action_interfaces/share/action_interfaces/cmake/ament_cmake_export_libraries-extras.cmake
[9.661s] -- Installing: /home/rm-jiaolong/Workspace/homework4/task2/install/action_interfaces/share/action_interfaces/cmake/ament_cmake_export_targets-extras.cmake
[9.661s] -- Installing: /home/rm-jiaolong/Workspace/homework4/task2/install/action_interfaces/share/action_interfaces/cmake/rosidl_cmake_export_typesupport_targets-extras.cmake
[9.662s] -- Installing: /home/rm-jiaolong/Workspace/homework4/task2/install/action_interfaces/share/action_interfaces/cmake/rosidl_cmake_export_typesupport_libraries-extras.cmake
[9.662s] -- Installing: /home/rm-jiaolong/Workspace/homework4/task2/install/action_interfaces/share/action_interfaces/cmake/action_interfacesConfig.cmake
[9.662s] -- Installing: /home/rm-jiaolong/Workspace/homework4/task2/install/action_interfaces/share/action_interfaces/cmake/action_interfacesConfig-version.cmake
[9.662s] -- Installing: /home/rm-jiaolong/Workspace/homework4/task2/install/action_interfaces/share/action_interfaces/package.xml
[9.667s] Invoked command in '/home/rm-jiaolong/Workspace/homework4/task2/build/action_interfaces' returned '0': CMAKE_PREFIX_PATH=${CMAKE_PREFIX_PATH}:/opt/ros/humble /usr/bin/cmake --install /home/rm-jiaolong/Workspace/homework4/task2/build/action_interfaces
